Test Case: L40S_aten_gelu
|   M   |   N   |  B  |    input_shape     | dtype | duration_min(us) | duration_mean(us) | duration_max(us) | theory_latency(us) |  flops   |    io    | flops_efficiency | io_efficiency |
|   1   |  32   | N/A |     [[1, 32]]      | bf16  |       1.79       |       1.92        |       2.06       |        2.0         | 4.16e+02 | 6.40e+01 |       0.0%       |     0.01%     |
|   2   |  32   | N/A |     [[2, 32]]      | bf16  |       1.76       |        1.8        |       1.85       |        2.0         | 8.32e+02 | 1.28e+02 |       0.0%       |     0.02%     |
|   4   |  32   | N/A |     [[4, 32]]      | bf16  |       1.9        |       1.92        |       1.95       |        2.0         | 1.66e+03 | 2.56e+02 |       0.0%       |     0.03%     |
|   8   |  32   | N/A |     [[8, 32]]      | bf16  |       1.94       |       1.97        |       2.0        |        2.0         | 3.33e+03 | 5.12e+02 |       0.0%       |     0.06%     |
|  16   |  32   | N/A |     [[16, 32]]     | bf16  |       1.84       |       1.88        |       1.92       |        2.0         | 6.66e+03 | 1.02e+03 |      0.01%       |     0.13%     |
|  32   |  32   | N/A |     [[32, 32]]     | bf16  |       1.92       |       2.01        |       2.14       |        2.01        | 1.33e+04 | 2.05e+03 |      0.02%       |     0.25%     |
|  64   |  32   | N/A |     [[64, 32]]     | bf16  |       1.94       |       1.99        |       2.06       |        2.01        | 2.66e+04 | 4.10e+03 |      0.03%       |     0.49%     |
|  128  |  32   | N/A |    [[128, 32]]     | bf16  |       1.93       |       1.98        |       2.05       |        2.02        | 5.32e+04 | 8.19e+03 |      0.06%       |     0.98%     |
|  256  |  32   | N/A |    [[256, 32]]     | bf16  |       1.93       |       1.96        |       1.99       |        2.05        | 1.06e+05 | 1.64e+04 |      0.12%       |     1.97%     |
|  512  |  32   | N/A |    [[512, 32]]     | bf16  |       1.92       |       1.95        |       1.99       |        2.09        | 2.13e+05 | 3.28e+04 |      0.24%       |     3.95%     |
| 1024  |  32   | N/A |    [[1024, 32]]    | bf16  |       1.97       |       1.99        |       2.01       |        2.19        | 4.26e+05 | 6.55e+04 |      0.47%       |     7.7%      |
| 2048  |  32   | N/A |    [[2048, 32]]    | bf16  |       2.08       |       2.12        |       2.17       |        2.38        | 8.52e+05 | 1.31e+05 |      0.89%       |    14.59%     |
| 4096  |  32   | N/A |    [[4096, 32]]    | bf16  |       2.26       |       2.29        |       2.32       |        2.76        | 1.70e+06 | 2.62e+05 |      1.65%       |    26.85%     |
| 8192  |  32   | N/A |    [[8192, 32]]    | bf16  |       2.48       |       2.51        |       2.54       |        3.52        | 3.41e+06 | 5.24e+05 |       3.0%       |    48.94%     |
| 16384 |  32   | N/A |   [[16384, 32]]    | bf16  |       2.83       |       2.89        |       2.96       |        5.03        | 6.82e+06 | 1.05e+06 |      5.26%       |    85.77%     |
| 32768 |  32   | N/A |   [[32768, 32]]    | bf16  |       3.4        |       3.45        |       3.5        |        8.07        | 1.36e+07 | 2.10e+06 |      8.75%       |    142.78%    |
|   1   |  64   | N/A |     [[1, 64]]      | bf16  |       1.86       |        1.9        |       1.94       |        2.0         | 8.32e+02 | 1.28e+02 |       0.0%       |     0.02%     |
|   2   |  64   | N/A |     [[2, 64]]      | bf16  |       1.88       |        1.9        |       1.93       |        2.0         | 1.66e+03 | 2.56e+02 |       0.0%       |     0.03%     |
|   4   |  64   | N/A |     [[4, 64]]      | bf16  |       1.93       |       1.96        |       1.98       |        2.0         | 3.33e+03 | 5.12e+02 |       0.0%       |     0.06%     |
|   8   |  64   | N/A |     [[8, 64]]      | bf16  |       1.83       |       1.87        |       1.91       |        2.0         | 6.66e+03 | 1.02e+03 |      0.01%       |     0.13%     |
|  16   |  64   | N/A |     [[16, 64]]     | bf16  |       1.87       |       1.94        |       2.01       |        2.01        | 1.33e+04 | 2.05e+03 |      0.02%       |     0.25%     |
|  32   |  64   | N/A |     [[32, 64]]     | bf16  |       1.91       |       1.96        |       2.01       |        2.01        | 2.66e+04 | 4.10e+03 |      0.03%       |     0.5%      |
|  64   |  64   | N/A |     [[64, 64]]     | bf16  |       1.9        |       1.93        |       1.97       |        2.02        | 5.32e+04 | 8.19e+03 |      0.06%       |     1.0%      |
|  128  |  64   | N/A |    [[128, 64]]     | bf16  |       1.9        |       1.94        |       1.99       |        2.05        | 1.06e+05 | 1.64e+04 |      0.12%       |     2.0%      |
|  256  |  64   | N/A |    [[256, 64]]     | bf16  |       1.92       |       1.96        |       2.01       |        2.09        | 2.13e+05 | 3.28e+04 |      0.24%       |     3.95%     |
|  512  |  64   | N/A |    [[512, 64]]     | bf16  |       1.96       |       1.99        |       2.03       |        2.19        | 4.26e+05 | 6.55e+04 |      0.47%       |     7.74%     |
| 1024  |  64   | N/A |    [[1024, 64]]    | bf16  |       2.07       |       2.12        |       2.18       |        2.38        | 8.52e+05 | 1.31e+05 |       0.9%       |    14.66%     |
| 2048  |  64   | N/A |    [[2048, 64]]    | bf16  |       2.27       |       2.28        |       2.3        |        2.76        | 1.70e+06 | 2.62e+05 |      1.64%       |    26.73%     |
| 4096  |  64   | N/A |    [[4096, 64]]    | bf16  |       2.46       |       2.49        |       2.52       |        3.52        | 3.41e+06 | 5.24e+05 |      3.02%       |    49.33%     |
| 8192  |  64   | N/A |    [[8192, 64]]    | bf16  |       2.83       |       2.87        |       2.92       |        5.03        | 6.82e+06 | 1.05e+06 |      5.26%       |    85.77%     |
| 16384 |  64   | N/A |   [[16384, 64]]    | bf16  |       3.42       |       3.43        |       3.45       |        8.07        | 1.36e+07 | 2.10e+06 |       8.7%       |    141.94%    |
| 32768 |  64   | N/A |   [[32768, 64]]    | bf16  |       4.68       |       4.73        |       4.78       |       14.14        | 2.73e+07 | 4.19e+06 |      12.72%      |    207.46%    |
|   1   |  128  | N/A |     [[1, 128]]     | bf16  |       1.88       |       1.92        |       1.97       |        2.0         | 1.66e+03 | 2.56e+02 |       0.0%       |     0.03%     |
|   2   |  128  | N/A |     [[2, 128]]     | bf16  |       1.96       |       1.99        |       2.02       |        2.0         | 3.33e+03 | 5.12e+02 |       0.0%       |     0.06%     |
|   4   |  128  | N/A |     [[4, 128]]     | bf16  |       1.86       |       1.88        |       1.89       |        2.0         | 6.66e+03 | 1.02e+03 |      0.01%       |     0.13%     |
|   8   |  128  | N/A |     [[8, 128]]     | bf16  |       1.9        |       1.92        |       1.94       |        2.01        | 1.33e+04 | 2.05e+03 |      0.02%       |     0.25%     |
|  16   |  128  | N/A |    [[16, 128]]     | bf16  |       1.88       |        1.9        |       1.93       |        2.01        | 2.66e+04 | 4.10e+03 |      0.03%       |     0.5%      |
|  32   |  128  | N/A |    [[32, 128]]     | bf16  |       1.92       |       1.94        |       1.96       |        2.02        | 5.32e+04 | 8.19e+03 |      0.06%       |     0.99%     |
|  64   |  128  | N/A |    [[64, 128]]     | bf16  |       1.92       |       1.96        |       2.0        |        2.05        | 1.06e+05 | 1.64e+04 |      0.12%       |     1.98%     |
|  128  |  128  | N/A |    [[128, 128]]    | bf16  |       1.93       |       1.95        |       1.97       |        2.09        | 2.13e+05 | 3.28e+04 |      0.24%       |     3.93%     |
|  256  |  128  | N/A |    [[256, 128]]    | bf16  |       1.99       |       2.08        |       2.2        |        2.19        | 4.26e+05 | 6.55e+04 |      0.47%       |     7.62%     |
|  512  |  128  | N/A |    [[512, 128]]    | bf16  |       2.1        |       2.11        |       2.13       |        2.38        | 8.52e+05 | 1.31e+05 |      0.89%       |    14.45%     |
| 1024  |  128  | N/A |   [[1024, 128]]    | bf16  |       2.26       |        2.3        |       2.36       |        2.76        | 1.70e+06 | 2.62e+05 |      1.65%       |    26.85%     |
| 2048  |  128  | N/A |   [[2048, 128]]    | bf16  |       2.47       |       2.52        |       2.56       |        3.52        | 3.41e+06 | 5.24e+05 |      3.01%       |    49.13%     |
| 4096  |  128  | N/A |   [[4096, 128]]    | bf16  |       2.82       |       2.85        |       2.87       |        5.03        | 6.82e+06 | 1.05e+06 |      5.28%       |    86.07%     |
| 8192  |  128  | N/A |   [[8192, 128]]    | bf16  |       3.4        |       3.43        |       3.46       |        8.07        | 1.36e+07 | 2.10e+06 |      8.75%       |    142.78%    |
| 16384 |  128  | N/A |   [[16384, 128]]   | bf16  |       4.72       |       4.76        |       4.81       |       14.14        | 2.73e+07 | 4.19e+06 |      12.61%      |    205.7%     |
| 32768 |  128  | N/A |   [[32768, 128]]   | bf16  |       7.31       |       7.35        |       7.39       |       26.27        | 5.45e+07 | 8.39e+06 |      16.29%      |    265.64%    |
|   1   |  512  | N/A |     [[1, 512]]     | bf16  |       1.83       |       1.87        |       1.9        |        2.0         | 6.66e+03 | 1.02e+03 |      0.01%       |     0.13%     |
|   2   |  512  | N/A |     [[2, 512]]     | bf16  |       1.86       |       1.94        |       2.03       |        2.01        | 1.33e+04 | 2.05e+03 |      0.02%       |     0.25%     |
|   4   |  512  | N/A |     [[4, 512]]     | bf16  |       1.88       |       1.94        |       2.01       |        2.01        | 2.66e+04 | 4.10e+03 |      0.03%       |     0.5%      |
|   8   |  512  | N/A |     [[8, 512]]     | bf16  |       1.9        |       1.93        |       1.96       |        2.02        | 5.32e+04 | 8.19e+03 |      0.06%       |     1.0%      |
|  16   |  512  | N/A |    [[16, 512]]     | bf16  |       1.91       |       1.96        |       2.01       |        2.05        | 1.06e+05 | 1.64e+04 |      0.12%       |     1.99%     |
|  32   |  512  | N/A |    [[32, 512]]     | bf16  |       1.93       |       1.98        |       2.03       |        2.09        | 2.13e+05 | 3.28e+04 |      0.24%       |     3.93%     |
|  64   |  512  | N/A |    [[64, 512]]     | bf16  |       2.02       |       2.05        |       2.08       |        2.19        | 4.26e+05 | 6.55e+04 |      0.46%       |     7.51%     |
|  128  |  512  | N/A |    [[128, 512]]    | bf16  |       2.07       |        2.1        |       2.12       |        2.38        | 8.52e+05 | 1.31e+05 |       0.9%       |    14.66%     |
|  256  |  512  | N/A |    [[256, 512]]    | bf16  |       2.22       |       2.26        |       2.3        |        2.76        | 1.70e+06 | 2.62e+05 |      1.68%       |    27.33%     |
|  512  |  512  | N/A |    [[512, 512]]    | bf16  |       2.44       |       2.48        |       2.52       |        3.52        | 3.41e+06 | 5.24e+05 |      3.05%       |    49.74%     |
| 1024  |  512  | N/A |   [[1024, 512]]    | bf16  |       2.82       |       2.86        |       2.9        |        5.03        | 6.82e+06 | 1.05e+06 |      5.28%       |    86.07%     |
| 2048  |  512  | N/A |   [[2048, 512]]    | bf16  |       3.87       |       3.92        |       3.98       |        8.07        | 1.36e+07 | 2.10e+06 |      7.69%       |    125.44%    |
| 4096  |  512  | N/A |   [[4096, 512]]    | bf16  |       5.11       |       5.15        |       5.2        |       14.14        | 2.73e+07 | 4.19e+06 |      11.65%      |    190.0%     |
| 8192  |  512  | N/A |   [[8192, 512]]    | bf16  |       7.29       |       7.35        |       7.41       |       26.27        | 5.45e+07 | 8.39e+06 |      16.33%      |    266.37%    |
| 16384 |  512  | N/A |   [[16384, 512]]   | bf16  |      12.11       |       12.13       |      12.15       |       50.55        | 1.09e+08 | 1.68e+07 |      19.66%      |    320.69%    |
| 32768 |  512  | N/A |   [[32768, 512]]   | bf16  |      41.42       |       41.65       |       41.9       |       99.09        | 2.18e+08 | 3.36e+07 |      11.5%       |    187.52%    |
|   1   |  768  | N/A |     [[1, 768]]     | bf16  |       1.95       |       1.99        |       2.04       |        2.0         | 9.98e+03 | 1.54e+03 |      0.01%       |     0.18%     |
|   2   |  768  | N/A |     [[2, 768]]     | bf16  |       1.9        |       1.92        |       1.94       |        2.01        | 2.00e+04 | 3.07e+03 |      0.02%       |     0.37%     |
|   4   |  768  | N/A |     [[4, 768]]     | bf16  |       1.9        |       1.93        |       1.95       |        2.02        | 3.99e+04 | 6.14e+03 |      0.05%       |     0.75%     |
|   8   |  768  | N/A |     [[8, 768]]     | bf16  |       1.92       |       1.96        |       2.0        |        2.04        | 7.99e+04 | 1.23e+04 |      0.09%       |     1.48%     |
|  16   |  768  | N/A |    [[16, 768]]     | bf16  |       1.93       |       1.95        |       1.96       |        2.07        | 1.60e+05 | 2.46e+04 |      0.18%       |     2.95%     |
|  32   |  768  | N/A |    [[32, 768]]     | bf16  |       1.98       |        2.0        |       2.02       |        2.14        | 3.19e+05 | 4.92e+04 |      0.35%       |     5.75%     |
|  64   |  768  | N/A |    [[64, 768]]     | bf16  |       2.03       |       2.04        |       2.05       |        2.28        | 6.39e+05 | 9.83e+04 |      0.69%       |    11.21%     |
|  128  |  768  | N/A |    [[128, 768]]    | bf16  |       2.16       |        2.2        |       2.24       |        2.57        | 1.28e+06 | 1.97e+05 |      1.29%       |    21.07%     |
|  256  |  768  | N/A |    [[256, 768]]    | bf16  |       2.42       |       2.45        |       2.48       |        3.14        | 2.56e+06 | 3.93e+05 |      2.31%       |    37.61%     |
|  512  |  768  | N/A |    [[512, 768]]    | bf16  |       2.57       |       2.62        |       2.67       |        4.28        | 5.11e+06 | 7.86e+05 |      4.34%       |    70.83%     |
| 1024  |  768  | N/A |   [[1024, 768]]    | bf16  |       3.12       |       3.14        |       3.16       |        6.55        | 1.02e+07 | 1.57e+06 |      7.15%       |    116.7%     |
| 2048  |  768  | N/A |   [[2048, 768]]    | bf16  |       4.05       |        4.1        |       4.15       |        11.1        | 2.04e+07 | 3.15e+06 |      11.02%      |    179.8%     |
| 4096  |  768  | N/A |   [[4096, 768]]    | bf16  |       5.9        |       5.99        |       6.07       |        20.2        | 4.09e+07 | 6.29e+06 |      15.13%      |    246.84%    |
| 8192  |  768  | N/A |   [[8192, 768]]    | bf16  |       9.81       |       9.82        |       9.83       |       38.41        | 8.18e+07 | 1.26e+07 |      18.2%       |    296.91%    |
| 16384 |  768  | N/A |   [[16384, 768]]   | bf16  |      17.42       |       17.48       |      17.53       |       74.82        | 1.64e+08 | 2.52e+07 |      20.5%       |    334.41%    |
| 32768 |  768  | N/A |   [[32768, 768]]   | bf16  |      150.3       |      152.57       |      154.14      |       147.64       | 3.27e+08 | 5.03e+07 |      4.75%       |    77.52%     |
|   1   | 2048  | N/A |    [[1, 2048]]     | bf16  |       1.89       |        1.9        |       1.92       |        2.01        | 2.66e+04 | 4.10e+03 |      0.03%       |     0.5%      |
|   2   | 2048  | N/A |    [[2, 2048]]     | bf16  |       1.93       |       1.97        |       2.01       |        2.02        | 5.32e+04 | 8.19e+03 |      0.06%       |     0.98%     |
|   4   | 2048  | N/A |    [[4, 2048]]     | bf16  |       1.96       |       1.98        |       2.0        |        2.05        | 1.06e+05 | 1.64e+04 |      0.12%       |     1.93%     |
|   8   | 2048  | N/A |    [[8, 2048]]     | bf16  |       1.9        |       1.94        |       1.98       |        2.09        | 2.13e+05 | 3.28e+04 |      0.24%       |     3.99%     |
|  16   | 2048  | N/A |    [[16, 2048]]    | bf16  |       1.97       |       1.99        |       2.02       |        2.19        | 4.26e+05 | 6.55e+04 |      0.47%       |     7.7%      |
|  32   | 2048  | N/A |    [[32, 2048]]    | bf16  |       2.04       |       2.09        |       2.15       |        2.38        | 8.52e+05 | 1.31e+05 |      0.91%       |    14.87%     |
|  64   | 2048  | N/A |    [[64, 2048]]    | bf16  |       2.27       |        2.3        |       2.33       |        2.76        | 1.70e+06 | 2.62e+05 |      1.64%       |    26.73%     |
|  128  | 2048  | N/A |   [[128, 2048]]    | bf16  |       2.47       |       2.49        |       2.51       |        3.52        | 3.41e+06 | 5.24e+05 |      3.01%       |    49.13%     |
|  256  | 2048  | N/A |   [[256, 2048]]    | bf16  |       2.83       |       2.86        |       2.89       |        5.03        | 6.82e+06 | 1.05e+06 |      5.26%       |    85.77%     |
|  512  | 2048  | N/A |   [[512, 2048]]    | bf16  |       3.39       |       3.45        |       3.52       |        8.07        | 1.36e+07 | 2.10e+06 |      8.78%       |    143.2%     |
| 1024  | 2048  | N/A |   [[1024, 2048]]   | bf16  |       4.62       |       5.34        |       6.39       |       14.14        | 2.73e+07 | 4.19e+06 |      12.88%      |    210.15%    |
| 2048  | 2048  | N/A |   [[2048, 2048]]   | bf16  |       7.32       |       7.38        |       7.43       |       26.27        | 5.45e+07 | 8.39e+06 |      16.26%      |    265.27%    |
| 4096  | 2048  | N/A |   [[4096, 2048]]   | bf16  |      12.07       |       12.12       |      12.17       |       50.55        | 1.09e+08 | 1.68e+07 |      19.73%      |    321.76%    |
| 8192  | 2048  | N/A |   [[8192, 2048]]   | bf16  |      41.03       |       41.82       |       42.6       |       99.09        | 2.18e+08 | 3.36e+07 |      11.61%      |    189.31%    |
| 16384 | 2048  | N/A |  [[16384, 2048]]   | bf16  |      202.2       |      204.28       |      205.62      |       196.18       | 4.36e+08 | 6.71e+07 |      4.71%       |    76.83%     |
| 32768 | 2048  | N/A |  [[32768, 2048]]   | bf16  |      405.03      |      405.63       |      406.32      |       390.36       | 8.72e+08 | 1.34e+08 |       4.7%       |    76.71%     |
|   1   | 3072  | N/A |    [[1, 3072]]     | bf16  |       1.88       |       1.94        |       2.01       |        2.02        | 3.99e+04 | 6.14e+03 |      0.05%       |     0.76%     |
|   2   | 3072  | N/A |    [[2, 3072]]     | bf16  |       1.94       |       1.96        |       1.99       |        2.04        | 7.99e+04 | 1.23e+04 |      0.09%       |     1.47%     |
|   4   | 3072  | N/A |    [[4, 3072]]     | bf16  |       1.9        |       1.95        |       2.01       |        2.07        | 1.60e+05 | 2.46e+04 |      0.18%       |     2.99%     |
|   8   | 3072  | N/A |    [[8, 3072]]     | bf16  |       1.97       |        2.0        |       2.04       |        2.14        | 3.19e+05 | 4.92e+04 |      0.35%       |     5.78%     |
|  16   | 3072  | N/A |    [[16, 3072]]    | bf16  |       2.05       |       2.09        |       2.14       |        2.28        | 6.39e+05 | 9.83e+04 |      0.68%       |     11.1%     |
|  32   | 3072  | N/A |    [[32, 3072]]    | bf16  |       2.17       |       2.19        |       2.22       |        2.57        | 1.28e+06 | 1.97e+05 |      1.29%       |    20.97%     |
|  64   | 3072  | N/A |    [[64, 3072]]    | bf16  |       2.41       |       2.45        |       2.49       |        3.14        | 2.56e+06 | 3.93e+05 |      2.32%       |    37.77%     |
|  128  | 3072  | N/A |   [[128, 3072]]    | bf16  |       2.61       |       2.65        |       2.71       |        4.28        | 5.11e+06 | 7.86e+05 |      4.28%       |    69.75%     |
|  256  | 3072  | N/A |   [[256, 3072]]    | bf16  |       3.13       |       3.14        |       3.16       |        6.55        | 1.02e+07 | 1.57e+06 |      7.13%       |    116.32%    |
|  512  | 3072  | N/A |   [[512, 3072]]    | bf16  |       4.45       |       4.51        |       4.56       |        11.1        | 2.04e+07 | 3.15e+06 |      10.03%      |    163.64%    |
| 1024  | 3072  | N/A |   [[1024, 3072]]   | bf16  |       6.04       |       6.08        |       6.13       |        20.2        | 4.09e+07 | 6.29e+06 |      14.78%      |    241.12%    |
| 2048  | 3072  | N/A |   [[2048, 3072]]   | bf16  |       9.78       |       9.82        |       9.85       |       38.41        | 8.18e+07 | 1.26e+07 |      18.26%      |    297.82%    |
| 4096  | 3072  | N/A |   [[4096, 3072]]   | bf16  |      17.31       |       17.4        |      17.51       |       74.82        | 1.64e+08 | 2.52e+07 |      20.63%      |    336.54%    |
| 8192  | 3072  | N/A |   [[8192, 3072]]   | bf16  |      150.2       |      152.41       |      153.84      |       147.64       | 3.27e+08 | 5.03e+07 |      4.76%       |    77.57%     |
| 16384 | 3072  | N/A |  [[16384, 3072]]   | bf16  |      303.14      |      304.17       |      305.14      |       293.27       | 6.54e+08 | 1.01e+08 |      4.71%       |    76.87%     |
| 32768 | 3072  | N/A |  [[32768, 3072]]   | bf16  |      603.99      |      605.58       |      606.93      |       584.54       | 1.31e+09 | 2.01e+08 |      4.73%       |    77.16%     |
|   1   | 4096  | N/A |    [[1, 4096]]     | bf16  |       1.89       |       1.96        |       2.03       |        2.02        | 5.32e+04 | 8.19e+03 |      0.06%       |     1.0%      |
|   2   | 4096  | N/A |    [[2, 4096]]     | bf16  |       1.92       |       1.96        |       2.01       |        2.05        | 1.06e+05 | 1.64e+04 |      0.12%       |     1.98%     |
|   4   | 4096  | N/A |    [[4, 4096]]     | bf16  |       1.9        |       1.93        |       1.96       |        2.09        | 2.13e+05 | 3.28e+04 |      0.24%       |     3.99%     |
|   8   | 4096  | N/A |    [[8, 4096]]     | bf16  |       1.97       |        2.0        |       2.03       |        2.19        | 4.26e+05 | 6.55e+04 |      0.47%       |     7.7%      |
|  16   | 4096  | N/A |    [[16, 4096]]    | bf16  |       2.06       |        2.1        |       2.15       |        2.38        | 8.52e+05 | 1.31e+05 |       0.9%       |    14.73%     |
|  32   | 4096  | N/A |    [[32, 4096]]    | bf16  |       2.26       |       2.29        |       2.32       |        2.76        | 1.70e+06 | 2.62e+05 |      1.65%       |    26.85%     |
|  64   | 4096  | N/A |    [[64, 4096]]    | bf16  |       2.45       |       2.48        |       2.51       |        3.52        | 3.41e+06 | 5.24e+05 |      3.04%       |    49.54%     |
|  128  | 4096  | N/A |   [[128, 4096]]    | bf16  |       2.82       |       2.84        |       2.87       |        5.03        | 6.82e+06 | 1.05e+06 |      5.28%       |    86.07%     |
|  256  | 4096  | N/A |   [[256, 4096]]    | bf16  |       3.41       |       3.45        |       3.48       |        8.07        | 1.36e+07 | 2.10e+06 |      8.73%       |    142.36%    |
|  512  | 4096  | N/A |   [[512, 4096]]    | bf16  |       4.68       |       4.71        |       4.75       |       14.14        | 2.73e+07 | 4.19e+06 |      12.72%      |    207.46%    |
| 1024  | 4096  | N/A |   [[1024, 4096]]   | bf16  |       7.32       |       7.35        |       7.37       |       26.27        | 5.45e+07 | 8.39e+06 |      16.26%      |    265.27%    |
| 2048  | 4096  | N/A |   [[2048, 4096]]   | bf16  |      12.08       |       12.13       |      12.17       |       50.55        | 1.09e+08 | 1.68e+07 |      19.71%      |    321.49%    |
| 4096  | 4096  | N/A |   [[4096, 4096]]   | bf16  |      40.87       |       42.17       |      43.73       |       99.09        | 2.18e+08 | 3.36e+07 |      11.65%      |    190.05%    |
| 8192  | 4096  | N/A |   [[8192, 4096]]   | bf16  |      201.56      |      204.05       |      205.74      |       196.18       | 4.36e+08 | 6.71e+07 |      4.73%       |    77.07%     |
| 16384 | 4096  | N/A |  [[16384, 4096]]   | bf16  |      403.86      |       404.9       |      405.77      |       390.36       | 8.72e+08 | 1.34e+08 |      4.72%       |    76.93%     |
| 32768 | 4096  | N/A |  [[32768, 4096]]   | bf16  |      795.58      |      798.26       |      800.13      |       778.72       | 1.74e+09 | 2.68e+08 |      4.79%       |     78.1%     |
|   1   | 5120  | N/A |    [[1, 5120]]     | bf16  |       1.93       |       1.97        |       2.02       |        2.03        | 6.66e+04 | 1.02e+04 |      0.08%       |     1.23%     |
|   2   | 5120  | N/A |    [[2, 5120]]     | bf16  |       1.91       |       1.94        |       1.96       |        2.06        | 1.33e+05 | 2.05e+04 |      0.15%       |     2.48%     |
|   4   | 5120  | N/A |    [[4, 5120]]     | bf16  |       1.96       |       1.99        |       2.03       |        2.12        | 2.66e+05 | 4.10e+04 |       0.3%       |     4.84%     |
|   8   | 5120  | N/A |    [[8, 5120]]     | bf16  |       2.0        |       2.04        |       2.07       |        2.24        | 5.32e+05 | 8.19e+04 |      0.58%       |     9.48%     |
|  16   | 5120  | N/A |    [[16, 5120]]    | bf16  |       2.11       |       2.15        |       2.19       |        2.47        | 1.06e+06 | 1.64e+05 |       1.1%       |    17.97%     |
|  32   | 5120  | N/A |    [[32, 5120]]    | bf16  |       2.32       |       2.35        |       2.39       |        2.95        | 2.13e+06 | 3.28e+05 |       2.0%       |    32.69%     |
|  64   | 5120  | N/A |    [[64, 5120]]    | bf16  |       2.52       |       2.56        |       2.59       |        3.9         | 4.26e+06 | 6.55e+05 |      3.69%       |     60.2%     |
|  128  | 5120  | N/A |   [[128, 5120]]    | bf16  |       2.98       |       3.03        |       3.09       |        5.79        | 8.52e+06 | 1.31e+06 |      6.24%       |    101.81%    |
|  256  | 5120  | N/A |   [[256, 5120]]    | bf16  |       3.73       |       3.76        |       3.8        |        9.59        | 1.70e+07 | 2.62e+06 |      9.97%       |    162.68%    |
|  512  | 5120  | N/A |   [[512, 5120]]    | bf16  |       5.34       |       5.36        |       5.39       |       17.17        | 3.41e+07 | 5.24e+06 |      13.93%      |    227.27%    |
| 1024  | 5120  | N/A |   [[1024, 5120]]   | bf16  |       8.52       |        8.6        |       8.66       |       32.34        | 6.82e+07 | 1.05e+07 |      17.47%      |    284.89%    |
| 2048  | 5120  | N/A |   [[2048, 5120]]   | bf16  |      14.41       |       14.45       |       14.5       |       62.68        | 1.36e+08 | 2.10e+07 |      20.65%      |    336.89%    |
| 4096  | 5120  | N/A |   [[4096, 5120]]   | bf16  |      122.38      |      126.34       |      129.19      |       123.36       | 2.73e+08 | 4.19e+07 |      4.86%       |    79.34%     |
| 8192  | 5120  | N/A |   [[8192, 5120]]   | bf16  |      252.63      |      254.21       |      255.4       |       244.73       | 5.45e+08 | 8.39e+07 |      4.71%       |    76.86%     |
| 16384 | 5120  | N/A |  [[16384, 5120]]   | bf16  |      502.44      |      503.25       |      504.0       |       487.45       | 1.09e+09 | 1.68e+08 |      4.74%       |     77.3%     |
| 32768 | 5120  | N/A |  [[32768, 5120]]   | bf16  |      998.64      |      999.42       |     1000.13      |       972.9        | 2.18e+09 | 3.36e+08 |      4.77%       |    77.78%     |
|   1   | 6144  | N/A |    [[1, 6144]]     | bf16  |       1.92       |       1.96        |       2.01       |        2.04        | 7.99e+04 | 1.23e+04 |      0.09%       |     1.48%     |
|   2   | 6144  | N/A |    [[2, 6144]]     | bf16  |       1.9        |       1.94        |       1.99       |        2.07        | 1.60e+05 | 2.46e+04 |      0.18%       |     2.99%     |
|   4   | 6144  | N/A |    [[4, 6144]]     | bf16  |       2.0        |       2.06        |       2.16       |        2.14        | 3.19e+05 | 4.92e+04 |      0.35%       |     5.69%     |
|   8   | 6144  | N/A |    [[8, 6144]]     | bf16  |       2.02       |       2.03        |       2.04       |        2.28        | 6.39e+05 | 9.83e+04 |      0.69%       |    11.27%     |
|  16   | 6144  | N/A |    [[16, 6144]]    | bf16  |       2.18       |        2.2        |       2.23       |        2.57        | 1.28e+06 | 1.97e+05 |      1.28%       |    20.88%     |
|  32   | 6144  | N/A |    [[32, 6144]]    | bf16  |       2.41       |       2.46        |       2.51       |        3.14        | 2.56e+06 | 3.93e+05 |      2.32%       |    37.77%     |
|  64   | 6144  | N/A |    [[64, 6144]]    | bf16  |       2.64       |       2.67        |       2.7        |        4.28        | 5.11e+06 | 7.86e+05 |      4.23%       |    68.96%     |
|  128  | 6144  | N/A |   [[128, 6144]]    | bf16  |       3.12       |       3.15        |       3.19       |        6.55        | 1.02e+07 | 1.57e+06 |      7.15%       |    116.7%     |
|  256  | 6144  | N/A |   [[256, 6144]]    | bf16  |       4.06       |       4.09        |       4.12       |        11.1        | 2.04e+07 | 3.15e+06 |      11.0%       |    179.35%    |
|  512  | 6144  | N/A |   [[512, 6144]]    | bf16  |       6.02       |       6.09        |       6.16       |        20.2        | 4.09e+07 | 6.29e+06 |      14.83%      |    241.92%    |
| 1024  | 6144  | N/A |   [[1024, 6144]]   | bf16  |       9.76       |       9.79        |       9.82       |       38.41        | 8.18e+07 | 1.26e+07 |      18.3%       |    298.43%    |
| 2048  | 6144  | N/A |   [[2048, 6144]]   | bf16  |      17.41       |       17.48       |      17.57       |       74.82        | 1.64e+08 | 2.52e+07 |      20.51%      |    334.6%     |
| 4096  | 6144  | N/A |   [[4096, 6144]]   | bf16  |      149.86      |      152.49       |      154.28      |       147.64       | 3.27e+08 | 5.03e+07 |      4.77%       |    77.74%     |
| 8192  | 6144  | N/A |   [[8192, 6144]]   | bf16  |      302.64      |      303.89       |      304.91      |       293.27       | 6.54e+08 | 1.01e+08 |      4.72%       |    76.99%     |
| 16384 | 6144  | N/A |  [[16384, 6144]]   | bf16  |      603.96      |      605.33       |      606.43      |       584.54       | 1.31e+09 | 2.01e+08 |      4.73%       |    77.16%     |
| 32768 | 6144  | N/A |  [[32768, 6144]]   | bf16  |     1194.38      |      1196.22      |     1198.01      |      1167.08       | 2.62e+09 | 4.03e+08 |      4.78%       |    78.04%     |
|   1   | 7168  | N/A |    [[1, 7168]]     | bf16  |       1.82       |       1.89        |       1.96       |        2.04        | 9.32e+04 | 1.43e+04 |      0.11%       |     1.82%     |
|   2   | 7168  | N/A |    [[2, 7168]]     | bf16  |       1.8        |       1.82        |       1.85       |        2.08        | 1.86e+05 | 2.87e+04 |      0.23%       |     3.69%     |
|   4   | 7168  | N/A |    [[4, 7168]]     | bf16  |       1.85       |       1.88        |       1.91       |        2.17        | 3.73e+05 | 5.73e+04 |      0.44%       |     7.18%     |
|   8   | 7168  | N/A |    [[8, 7168]]     | bf16  |       1.96       |        2.0        |       2.07       |        2.33        | 7.45e+05 | 1.15e+05 |      0.83%       |    13.54%     |
|  16   | 7168  | N/A |    [[16, 7168]]    | bf16  |       2.1        |       2.14        |       2.18       |        2.66        | 1.49e+06 | 2.29e+05 |      1.55%       |    25.28%     |
|  32   | 7168  | N/A |    [[32, 7168]]    | bf16  |       2.32       |       2.38        |       2.45       |        3.33        | 2.98e+06 | 4.59e+05 |      2.81%       |    45.77%     |
|  64   | 7168  | N/A |    [[64, 7168]]    | bf16  |       2.62       |       2.64        |       2.65       |        4.65        | 5.96e+06 | 9.18e+05 |      4.97%       |    81.06%     |
|  128  | 7168  | N/A |   [[128, 7168]]    | bf16  |       3.15       |       3.19        |       3.23       |        7.31        | 1.19e+07 | 1.84e+06 |      8.27%       |    134.85%    |
|  256  | 7168  | N/A |   [[256, 7168]]    | bf16  |       4.26       |       4.29        |       4.31       |       12.62        | 2.39e+07 | 3.67e+06 |      12.23%      |    199.42%    |
|  512  | 7168  | N/A |   [[512, 7168]]    | bf16  |       6.62       |       6.66        |       6.71       |       23.24        | 4.77e+07 | 7.34e+06 |      15.74%      |    256.66%    |
| 1024  | 7168  | N/A |   [[1024, 7168]]   | bf16  |      10.85       |       10.89       |      10.92       |       44.48        | 9.54e+07 | 1.47e+07 |      19.2%       |    313.19%    |
| 2048  | 7168  | N/A |   [[2048, 7168]]   | bf16  |       22.4       |       22.55       |      22.72       |       86.95        | 1.91e+08 | 2.94e+07 |      18.6%       |    303.41%    |
| 4096  | 7168  | N/A |   [[4096, 7168]]   | bf16  |      177.54      |      179.12       |      180.28      |       171.91       | 3.82e+08 | 5.87e+07 |      4.69%       |    76.56%     |
| 8192  | 7168  | N/A |   [[8192, 7168]]   | bf16  |      355.09      |      356.15       |      357.31      |       341.82       | 7.63e+08 | 1.17e+08 |      4.69%       |    76.56%     |
| 16384 | 7168  | N/A |  [[16384, 7168]]   | bf16  |      700.17      |      701.15       |      702.14      |       681.63       | 1.53e+09 | 2.35e+08 |      4.76%       |    77.65%     |
| 32768 | 7168  | N/A |  [[32768, 7168]]   | bf16  |     1399.72      |      1401.36      |     1403.08      |      1361.27       | 3.05e+09 | 4.70e+08 |      4.76%       |    77.69%     |
|   1   | 8192  | N/A |    [[1, 8192]]     | bf16  |       1.93       |       1.99        |       2.05       |        2.05        | 1.06e+05 | 1.64e+04 |      0.12%       |     1.97%     |
|   2   | 8192  | N/A |    [[2, 8192]]     | bf16  |       1.91       |       1.94        |       1.97       |        2.09        | 2.13e+05 | 3.28e+04 |      0.24%       |     3.97%     |
|   4   | 8192  | N/A |    [[4, 8192]]     | bf16  |       2.0        |       2.14        |       2.35       |        2.19        | 4.26e+05 | 6.55e+04 |      0.47%       |     7.59%     |
|   8   | 8192  | N/A |    [[8, 8192]]     | bf16  |       2.09       |        2.1        |       2.11       |        2.38        | 8.52e+05 | 1.31e+05 |      0.89%       |    14.52%     |
|  16   | 8192  | N/A |    [[16, 8192]]    | bf16  |       2.25       |       2.27        |       2.3        |        2.76        | 1.70e+06 | 2.62e+05 |      1.65%       |    26.97%     |
|  32   | 8192  | N/A |    [[32, 8192]]    | bf16  |       2.44       |        2.5        |       2.57       |        3.52        | 3.41e+06 | 5.24e+05 |      3.05%       |    49.74%     |
|  64   | 8192  | N/A |    [[64, 8192]]    | bf16  |       2.84       |       2.88        |       2.92       |        5.03        | 6.82e+06 | 1.05e+06 |      5.24%       |    85.47%     |
|  128  | 8192  | N/A |   [[128, 8192]]    | bf16  |       3.38       |       3.42        |       3.46       |        8.07        | 1.36e+07 | 2.10e+06 |      8.81%       |    143.62%    |
|  256  | 8192  | N/A |   [[256, 8192]]    | bf16  |       4.66       |        4.7        |       4.75       |       14.14        | 2.73e+07 | 4.19e+06 |      12.77%      |    208.35%    |
|  512  | 8192  | N/A |   [[512, 8192]]    | bf16  |       7.32       |       7.37        |       7.41       |       26.27        | 5.45e+07 | 8.39e+06 |      16.26%      |    265.27%    |
| 1024  | 8192  | N/A |   [[1024, 8192]]   | bf16  |      12.05       |       12.13       |      12.19       |       50.55        | 1.09e+08 | 1.68e+07 |      19.76%      |    322.29%    |
| 2048  | 8192  | N/A |   [[2048, 8192]]   | bf16  |      41.43       |       42.4        |      43.51       |       99.09        | 2.18e+08 | 3.36e+07 |      11.49%      |    187.48%    |
| 4096  | 8192  | N/A |   [[4096, 8192]]   | bf16  |      202.28      |       204.6       |      206.18      |       196.18       | 4.36e+08 | 6.71e+07 |      4.71%       |     76.8%     |
| 8192  | 8192  | N/A |   [[8192, 8192]]   | bf16  |      403.57      |      404.82       |      405.9       |       390.36       | 8.72e+08 | 1.34e+08 |      4.72%       |    76.99%     |
| 16384 | 8192  | N/A |  [[16384, 8192]]   | bf16  |      794.61      |      796.06       |      797.16      |       778.72       | 1.74e+09 | 2.68e+08 |      4.79%       |     78.2%     |
| 32768 | 8192  | N/A |  [[32768, 8192]]   | bf16  |     1552.72      |      1553.17      |     1553.79      |      1555.45       | 3.49e+09 | 5.37e+08 |      4.91%       |    80.04%     |
|   1   | 13824 | N/A |    [[1, 13824]]    | bf16  |       1.91       |       1.96        |       2.02       |        2.08        | 1.80e+05 | 2.76e+04 |      0.21%       |     3.35%     |
|   2   | 13824 | N/A |    [[2, 13824]]    | bf16  |       1.96       |        2.0        |       2.05       |        2.16        | 3.59e+05 | 5.53e+04 |       0.4%       |     6.53%     |
|   4   | 13824 | N/A |    [[4, 13824]]    | bf16  |       2.05       |       2.08        |       2.11       |        2.32        | 7.19e+05 | 1.11e+05 |      0.77%       |    12.49%     |
|   8   | 13824 | N/A |    [[8, 13824]]    | bf16  |       2.16       |        2.2        |       2.25       |        2.64        | 1.44e+06 | 2.21e+05 |      1.45%       |     23.7%     |
|  16   | 13824 | N/A |   [[16, 13824]]    | bf16  |       2.42       |       2.49        |       2.57       |        3.28        | 2.88e+06 | 4.42e+05 |      2.59%       |    42.31%     |
|  32   | 13824 | N/A |   [[32, 13824]]    | bf16  |       2.67       |       2.72        |       2.77       |        4.56        | 5.75e+06 | 8.85e+05 |       4.7%       |     76.7%     |
|  64   | 13824 | N/A |   [[64, 13824]]    | bf16  |       3.17       |       3.23        |       3.28       |        7.12        | 1.15e+07 | 1.77e+06 |      7.92%       |    129.21%    |
|  128  | 13824 | N/A |   [[128, 13824]]   | bf16  |       4.3        |       4.33        |       4.37       |       12.24        | 2.30e+07 | 3.54e+06 |      11.68%      |    190.51%    |
|  256  | 13824 | N/A |   [[256, 13824]]   | bf16  |       6.5        |       6.56        |       6.62       |       22.48        | 4.60e+07 | 7.08e+06 |      15.45%      |    252.06%    |
|  512  | 13824 | N/A |   [[512, 13824]]   | bf16  |      10.64       |       10.67       |       10.7       |       42.96        | 9.20e+07 | 1.42e+07 |      18.88%      |    307.97%    |
| 1024  | 13824 | N/A |  [[1024, 13824]]   | bf16  |       21.4       |       21.54       |      21.67       |       83.92        | 1.84e+08 | 2.83e+07 |      18.78%      |    306.24%    |
| 2048  | 13824 | N/A |  [[2048, 13824]]   | bf16  |      169.83      |      171.84       |      173.21      |       165.84       | 3.68e+08 | 5.66e+07 |      4.73%       |    77.18%     |
| 4096  | 13824 | N/A |  [[4096, 13824]]   | bf16  |      340.49      |      341.99       |      343.05      |       329.68       | 7.36e+08 | 1.13e+08 |      4.72%       |    76.99%     |
| 8192  | 13824 | N/A |  [[8192, 13824]]   | bf16  |      677.9       |      678.89       |      679.75      |       657.36       | 1.47e+09 | 2.26e+08 |      4.74%       |    77.34%     |
| 16384 | 13824 | N/A |  [[16384, 13824]]  | bf16  |     1354.17      |      1355.78      |     1357.32      |      1312.72       | 2.94e+09 | 4.53e+08 |      4.75%       |    77.43%     |
| 32768 | 13824 | N/A |  [[32768, 13824]]  | bf16  |      2649.9      |      2650.77      |     2651.49      |      2623.44       | 5.89e+09 | 9.06e+08 |      4.85%       |    79.14%     |
|   1   | 16384 | N/A |    [[1, 16384]]    | bf16  |       1.94       |       1.99        |       2.06       |        2.09        | 2.13e+05 | 3.28e+04 |      0.24%       |     3.91%     |
|   2   | 16384 | N/A |    [[2, 16384]]    | bf16  |       1.94       |       2.01        |       2.07       |        2.19        | 4.26e+05 | 6.55e+04 |      0.48%       |     7.82%     |
|   4   | 16384 | N/A |    [[4, 16384]]    | bf16  |       2.08       |       2.11        |       2.15       |        2.38        | 8.52e+05 | 1.31e+05 |      0.89%       |    14.59%     |
|   8   | 16384 | N/A |    [[8, 16384]]    | bf16  |       2.23       |       2.25        |       2.28       |        2.76        | 1.70e+06 | 2.62e+05 |      1.67%       |    27.21%     |
|  16   | 16384 | N/A |   [[16, 16384]]    | bf16  |       2.42       |       2.48        |       2.53       |        3.52        | 3.41e+06 | 5.24e+05 |      3.07%       |    50.15%     |
|  32   | 16384 | N/A |   [[32, 16384]]    | bf16  |       2.84       |       2.86        |       2.87       |        5.03        | 6.82e+06 | 1.05e+06 |      5.24%       |    85.47%     |
|  64   | 16384 | N/A |   [[64, 16384]]    | bf16  |       3.43       |       3.45        |       3.48       |        8.07        | 1.36e+07 | 2.10e+06 |      8.68%       |    141.53%    |
|  128  | 16384 | N/A |   [[128, 16384]]   | bf16  |       4.64       |       4.68        |       4.71       |       14.14        | 2.73e+07 | 4.19e+06 |      12.83%      |    209.25%    |
|  256  | 16384 | N/A |   [[256, 16384]]   | bf16  |       7.33       |       7.37        |       7.41       |       26.27        | 5.45e+07 | 8.39e+06 |      16.24%      |    264.91%    |
|  512  | 16384 | N/A |   [[512, 16384]]   | bf16  |      12.09       |       12.13       |      12.17       |       50.55        | 1.09e+08 | 1.68e+07 |      19.69%      |    321.23%    |
| 1024  | 16384 | N/A |  [[1024, 16384]]   | bf16  |      41.12       |       41.41       |      41.76       |       99.09        | 2.18e+08 | 3.36e+07 |      11.58%      |    188.89%    |
| 2048  | 16384 | N/A |  [[2048, 16384]]   | bf16  |      202.38      |      204.62       |      206.15      |       196.18       | 4.36e+08 | 6.71e+07 |      4.71%       |    76.76%     |
| 4096  | 16384 | N/A |  [[4096, 16384]]   | bf16  |      402.76      |      404.71       |      406.47      |       390.36       | 8.72e+08 | 1.34e+08 |      4.73%       |    77.14%     |
| 8192  | 16384 | N/A |  [[8192, 16384]]   | bf16  |      798.43      |      799.87       |      801.02      |       778.72       | 1.74e+09 | 2.68e+08 |      4.77%       |    77.83%     |
| 16384 | 16384 | N/A |  [[16384, 16384]]  | bf16  |     1590.19      |      1590.76      |     1591.38      |      1555.45       | 3.49e+09 | 5.37e+08 |      4.79%       |    78.15%     |
| 32768 | 16384 | N/A |  [[32768, 16384]]  | bf16  |     3101.57      |      3103.4       |     3104.92      |      3108.89       | 6.98e+09 | 1.07e+09 |      4.91%       |    80.14%     |
|  128  |  768  |  1  |  [[1, 128, 768]]   | bf16  |       1.69       |        2.0        |       2.2        |        2.57        | 1.28e+06 | 1.97e+05 |      1.65%       |    26.93%     |
|  128  |  768  |  2  |  [[2, 128, 768]]   | bf16  |       2.43       |       2.46        |       2.48       |        3.14        | 2.56e+06 | 3.93e+05 |       2.3%       |    37.46%     |
|  128  |  768  |  4  |  [[4, 128, 768]]   | bf16  |       2.61       |       2.64        |       2.68       |        4.28        | 5.11e+06 | 7.86e+05 |      4.28%       |    69.75%     |
|  128  |  768  |  8  |  [[8, 128, 768]]   | bf16  |       3.1        |       3.15        |       3.22       |        6.55        | 1.02e+07 | 1.57e+06 |       7.2%       |    117.45%    |
|  128  |  768  | 16  |  [[16, 128, 768]]  | bf16  |       4.04       |       4.07        |       4.1        |        11.1        | 2.04e+07 | 3.15e+06 |      11.05%      |    180.24%    |
|  128  |  768  | 32  |  [[32, 128, 768]]  | bf16  |       6.02       |       6.08        |       6.13       |        20.2        | 4.09e+07 | 6.29e+06 |      14.83%      |    241.92%    |
| 1024  |  768  |  1  |  [[1, 1024, 768]]  | bf16  |       3.11       |       3.17        |       3.23       |        6.55        | 1.02e+07 | 1.57e+06 |      7.18%       |    117.07%    |
| 1024  |  768  |  2  |  [[2, 1024, 768]]  | bf16  |       4.06       |        4.1        |       4.14       |        11.1        | 2.04e+07 | 3.15e+06 |      11.0%       |    179.35%    |
| 1024  |  768  |  4  |  [[4, 1024, 768]]  | bf16  |       5.94       |       6.03        |       6.11       |        20.2        | 4.09e+07 | 6.29e+06 |      15.03%      |    245.18%    |
| 1024  |  768  |  8  |  [[8, 1024, 768]]  | bf16  |       9.79       |       9.82        |       9.86       |       38.41        | 8.18e+07 | 1.26e+07 |      18.24%      |    297.52%    |
| 1024  |  768  | 16  | [[16, 1024, 768]]  | bf16  |      17.72       |       17.79       |      17.89       |       74.82        | 1.64e+08 | 2.52e+07 |      20.16%      |    328.75%    |
| 1024  |  768  | 32  | [[32, 1024, 768]]  | bf16  |      149.63      |      152.29       |      154.0       |       147.64       | 3.27e+08 | 5.03e+07 |      4.77%       |    77.86%     |
| 4096  |  768  |  1  |  [[1, 4096, 768]]  | bf16  |       5.99       |       6.06        |       6.12       |        20.2        | 4.09e+07 | 6.29e+06 |      14.91%      |    243.13%    |
| 4096  |  768  |  2  |  [[2, 4096, 768]]  | bf16  |       9.77       |        9.8        |       9.82       |       38.41        | 8.18e+07 | 1.26e+07 |      18.28%      |    298.13%    |
| 4096  |  768  |  4  |  [[4, 4096, 768]]  | bf16  |       18.8       |       18.98       |      19.16       |       74.82        | 1.64e+08 | 2.52e+07 |      19.0%       |    309.86%    |
| 4096  |  768  |  8  |  [[8, 4096, 768]]  | bf16  |      150.7       |      153.49       |      155.28      |       147.64       | 3.27e+08 | 5.03e+07 |      4.74%       |    77.31%     |
| 4096  |  768  | 16  | [[16, 4096, 768]]  | bf16  |      303.0       |      305.51       |      307.32      |       293.27       | 6.54e+08 | 1.01e+08 |      4.71%       |     76.9%     |
| 4096  |  768  | 32  | [[32, 4096, 768]]  | bf16  |      602.79      |      604.31       |      605.42      |       584.54       | 1.31e+09 | 2.01e+08 |      4.74%       |    77.31%     |
|  128  | 4096  |  1  |  [[1, 128, 4096]]  | bf16  |       2.83       |       2.86        |       2.89       |        5.03        | 6.82e+06 | 1.05e+06 |      5.26%       |    85.77%     |
|  128  | 4096  |  2  |  [[2, 128, 4096]]  | bf16  |       3.4        |       3.42        |       3.44       |        8.07        | 1.36e+07 | 2.10e+06 |      8.75%       |    142.78%    |
|  128  | 4096  |  4  |  [[4, 128, 4096]]  | bf16  |       4.67       |        4.7        |       4.73       |       14.14        | 2.73e+07 | 4.19e+06 |      12.75%      |    207.9%     |
|  128  | 4096  |  8  |  [[8, 128, 4096]]  | bf16  |       7.31       |       7.36        |       7.4        |       26.27        | 5.45e+07 | 8.39e+06 |      16.29%      |    265.64%    |
|  128  | 4096  | 16  | [[16, 128, 4096]]  | bf16  |      12.12       |       12.14       |      12.17       |       50.55        | 1.09e+08 | 1.68e+07 |      19.65%      |    320.43%    |
|  128  | 4096  | 32  | [[32, 128, 4096]]  | bf16  |      41.61       |       42.62       |      43.62       |       99.09        | 2.18e+08 | 3.36e+07 |      11.44%      |    186.67%    |
| 1024  | 4096  |  1  | [[1, 1024, 4096]]  | bf16  |       7.2        |       7.31        |       7.39       |       26.27        | 5.45e+07 | 8.39e+06 |      16.54%      |    269.7%     |
| 1024  | 4096  |  2  | [[2, 1024, 4096]]  | bf16  |       12.1       |       12.14       |      12.19       |       50.55        | 1.09e+08 | 1.68e+07 |      19.68%      |    320.96%    |
| 1024  | 4096  |  4  | [[4, 1024, 4096]]  | bf16  |      40.27       |       42.02       |      43.26       |       99.09        | 2.18e+08 | 3.36e+07 |      11.83%      |    192.88%    |
| 1024  | 4096  |  8  | [[8, 1024, 4096]]  | bf16  |      201.12      |      204.75       |      207.16      |       196.18       | 4.36e+08 | 6.71e+07 |      4.74%       |    77.24%     |
| 1024  | 4096  | 16  | [[16, 1024, 4096]] | bf16  |      403.73      |      405.04       |      406.25      |       390.36       | 8.72e+08 | 1.34e+08 |      4.72%       |    76.95%     |
| 1024  | 4096  | 32  | [[32, 1024, 4096]] | bf16  |      798.31      |      798.85       |      799.4       |       778.72       | 1.74e+09 | 2.68e+08 |      4.77%       |    77.84%     |
| 4096  | 4096  |  1  | [[1, 4096, 4096]]  | bf16  |      42.74       |       43.53       |      44.25       |       99.09        | 2.18e+08 | 3.36e+07 |      11.14%      |    181.73%    |
| 4096  | 4096  |  2  | [[2, 4096, 4096]]  | bf16  |      204.23      |      205.04       |      205.69      |       196.18       | 4.36e+08 | 6.71e+07 |      4.66%       |    76.06%     |
| 4096  | 4096  |  4  | [[4, 4096, 4096]]  | bf16  |      401.07      |       403.4       |      405.15      |       390.36       | 8.72e+08 | 1.34e+08 |      4.75%       |    77.47%     |
| 4096  | 4096  |  8  | [[8, 4096, 4096]]  | bf16  |      797.63      |      798.63       |      799.57      |       778.72       | 1.74e+09 | 2.68e+08 |      4.78%       |     77.9%     |
| 4096  | 4096  | 16  | [[16, 4096, 4096]] | bf16  |     1591.07      |      1592.07      |     1593.15      |      1555.45       | 3.49e+09 | 5.37e+08 |      4.79%       |    78.11%     |
| 4096  | 4096  | 32  | [[32, 4096, 4096]] | bf16  |      3099.8      |      3101.7       |     3103.32      |      3108.89       | 6.98e+09 | 1.07e+09 |      4.92%       |    80.18%     |
|  128  | 8192  |  1  |  [[1, 128, 8192]]  | bf16  |       3.17       |       3.34        |       3.45       |        8.07        | 1.36e+07 | 2.10e+06 |      9.39%       |    153.14%    |
|  128  | 8192  |  2  |  [[2, 128, 8192]]  | bf16  |       4.7        |       4.75        |       4.8        |       14.14        | 2.73e+07 | 4.19e+06 |      12.67%      |    206.58%    |
|  128  | 8192  |  4  |  [[4, 128, 8192]]  | bf16  |       7.29       |       7.35        |       7.4        |       26.27        | 5.45e+07 | 8.39e+06 |      16.33%      |    266.37%    |
|  128  | 8192  |  8  |  [[8, 128, 8192]]  | bf16  |      12.12       |       12.15       |      12.18       |       50.55        | 1.09e+08 | 1.68e+07 |      19.65%      |    320.43%    |
|  128  | 8192  | 16  | [[16, 128, 8192]]  | bf16  |      40.76       |       42.3        |      43.95       |       99.09        | 2.18e+08 | 3.36e+07 |      11.68%      |    190.56%    |
|  128  | 8192  | 32  | [[32, 128, 8192]]  | bf16  |      202.07      |      204.33       |      205.79      |       196.18       | 4.36e+08 | 6.71e+07 |      4.71%       |    76.88%     |
| 1024  | 8192  |  1  | [[1, 1024, 8192]]  | bf16  |      12.13       |       12.16       |      12.18       |       50.55        | 1.09e+08 | 1.68e+07 |      19.63%      |    320.17%    |
| 1024  | 8192  |  2  | [[2, 1024, 8192]]  | bf16  |      37.08       |       38.93       |       40.1       |       99.09        | 2.18e+08 | 3.36e+07 |      12.84%      |    209.47%    |
| 1024  | 8192  |  4  | [[4, 1024, 8192]]  | bf16  |      202.43      |      204.23       |      205.5       |       196.18       | 4.36e+08 | 6.71e+07 |       4.7%       |    76.74%     |
| 1024  | 8192  |  8  | [[8, 1024, 8192]]  | bf16  |      404.11      |      405.03       |      406.17      |       390.36       | 8.72e+08 | 1.34e+08 |      4.71%       |    76.88%     |
| 1024  | 8192  | 16  | [[16, 1024, 8192]] | bf16  |      791.98      |      794.38       |      796.17      |       778.72       | 1.74e+09 | 2.68e+08 |      4.81%       |    78.46%     |
| 1024  | 8192  | 32  | [[32, 1024, 8192]] | bf16  |     1590.46      |      1591.7       |     1592.76      |      1555.45       | 3.49e+09 | 5.37e+08 |      4.79%       |    78.14%     |
| 4096  | 8192  |  1  | [[1, 4096, 8192]]  | bf16  |      201.77      |      204.09       |      205.72      |       196.18       | 4.36e+08 | 6.71e+07 |      4.72%       |    76.99%     |
| 4096  | 8192  |  2  | [[2, 4096, 8192]]  | bf16  |      400.59      |      402.64       |      404.02      |       390.36       | 8.72e+08 | 1.34e+08 |      4.76%       |    77.56%     |
| 4096  | 8192  |  4  | [[4, 4096, 8192]]  | bf16  |      797.2       |      798.67       |      799.73      |       778.72       | 1.74e+09 | 2.68e+08 |      4.78%       |    77.95%     |
| 4096  | 8192  |  8  | [[8, 4096, 8192]]  | bf16  |     1589.51      |      1590.65      |     1591.83      |      1555.45       | 3.49e+09 | 5.37e+08 |      4.79%       |    78.18%     |
| 4096  | 8192  | 16  | [[16, 4096, 8192]] | bf16  |     3172.25      |      3173.76      |     3174.96      |      3108.89       | 6.98e+09 | 1.07e+09 |       4.8%       |    78.35%     |
| 4096  | 8192  | 32  | [[32, 4096, 8192]] | bf16  |     6199.98      |      6203.49      |     6207.98      |      6215.78       | 1.40e+10 | 2.15e+09 |      4.92%       |    80.18%     |
