Test Case: L40S_apex_fused_layer_norm_cuda.forward
|   M   |   N   |  _val   | _val(1) |   input_shape    | dtype | duration_min(us) | duration_mean(us) | duration_max(us) | theory_latency(us) | flops_1D | flops_SFU |    io    | flops_efficiency_1D | flops_efficiency_SFU | io_efficiency |
|   1   |  32   |  [32]   | 0.0001  |    [[1, 32]]     | bf16  |       2.34       |       2.43        |       2.55       |        2.0         | 2.56e+02 | 3.20e+01  | 6.40e+01 |        0.0%         |         0.0%         |     0.01%     |
|   2   |  32   |  [32]   | 0.0001  |    [[2, 32]]     | bf16  |       2.39       |       2.53        |       2.62       |        2.0         | 5.12e+02 | 6.40e+01  | 1.28e+02 |        0.0%         |         0.0%         |     0.01%     |
|   4   |  32   |  [32]   | 0.0001  |    [[4, 32]]     | bf16  |       2.6        |       2.61        |       2.62       |        2.0         | 1.02e+03 | 1.28e+02  | 2.56e+02 |        0.0%         |         0.0%         |     0.02%     |
|   8   |  32   |  [32]   | 0.0001  |    [[8, 32]]     | bf16  |       2.46       |       2.61        |       2.65       |        2.0         | 2.05e+03 | 2.56e+02  | 5.12e+02 |        0.0%         |         0.0%         |     0.05%     |
|  16   |  32   |  [32]   | 0.0001  |    [[16, 32]]    | bf16  |       2.88       |       2.91        |       2.94       |        2.0         | 4.10e+03 | 5.12e+02  | 1.02e+03 |        0.0%         |         0.0%         |     0.08%     |
|  32   |  32   |  [32]   | 0.0001  |    [[32, 32]]    | bf16  |       2.9        |       2.94        |       3.08       |        2.01        | 8.19e+03 | 1.02e+03  | 2.05e+03 |        0.01%        |        0.01%         |     0.16%     |
|  64   |  32   |  [32]   | 0.0001  |    [[64, 32]]    | bf16  |       3.3        |       3.33        |       3.37       |        2.01        | 1.64e+04 | 2.05e+03  | 4.10e+03 |        0.01%        |        0.01%         |     0.29%     |
|  128  |  32   |  [32]   | 0.0001  |   [[128, 32]]    | bf16  |       3.25       |       3.36        |       3.51       |        2.02        | 3.28e+04 | 4.10e+03  | 8.19e+03 |        0.02%        |        0.02%         |     0.58%     |
|  256  |  32   |  [32]   | 0.0001  |   [[256, 32]]    | bf16  |       3.28       |       3.32        |       3.36       |        2.05        | 6.55e+04 | 8.19e+03  | 1.64e+04 |        0.04%        |        0.04%         |     1.16%     |
|  512  |  32   |  [32]   | 0.0001  |   [[512, 32]]    | bf16  |       3.57       |        3.6        |       3.62       |        2.09        | 1.31e+05 | 1.64e+04  | 3.28e+04 |        0.08%        |        0.08%         |     2.12%     |
| 1024  |  32   |  [32]   | 0.0001  |   [[1024, 32]]   | bf16  |       4.13       |       4.27        |       4.36       |        2.19        | 2.62e+05 | 3.28e+04  | 6.55e+04 |        0.14%        |        0.14%         |     3.67%     |
| 2048  |  32   |  [32]   | 0.0001  |   [[2048, 32]]   | bf16  |       4.55       |       4.57        |       4.63       |        2.38        | 5.24e+05 | 6.55e+04  | 1.31e+05 |        0.25%        |        0.25%         |     6.67%     |
| 4096  |  32   |  [32]   | 0.0001  |   [[4096, 32]]   | bf16  |       6.5        |       6.53        |       6.56       |        2.76        | 1.05e+06 | 1.31e+05  | 2.62e+05 |        0.35%        |        0.35%         |     9.34%     |
| 8192  |  32   |  [32]   | 0.0001  |   [[8192, 32]]   | bf16  |       10.3       |       10.36       |      10.42       |        3.52        | 2.10e+06 | 2.62e+05  | 5.24e+05 |        0.44%        |        0.44%         |    11.78%     |
| 16384 |  32   |  [32]   | 0.0001  |  [[16384, 32]]   | bf16  |      17.61       |       17.65       |      17.75       |        5.03        | 4.19e+06 | 5.24e+05  | 1.05e+06 |        0.52%        |        0.52%         |    13.78%     |
| 32768 |  32   |  [32]   | 0.0001  |  [[32768, 32]]   | bf16  |      31.96       |       32.01       |      32.03       |        8.07        | 8.39e+06 | 1.05e+06  | 2.10e+06 |        0.57%        |        0.57%         |    15.19%     |
| 65536 |  32   |  [32]   | 0.0001  |  [[65536, 32]]   | bf16  |      60.49       |       60.55       |      60.61       |       14.14        | 1.68e+07 | 2.10e+06  | 4.19e+06 |        0.61%        |        0.61%         |    16.05%     |
|   1   |  64   |  [64]   | 0.0001  |    [[1, 64]]     | bf16  |       2.36       |       2.42        |       2.48       |        2.0         | 5.12e+02 | 6.40e+01  | 1.28e+02 |        0.0%         |         0.0%         |     0.01%     |
|   2   |  64   |  [64]   | 0.0001  |    [[2, 64]]     | bf16  |       2.53       |       2.87        |       4.18       |        2.0         | 1.02e+03 | 1.28e+02  | 2.56e+02 |        0.0%         |         0.0%         |     0.02%     |
|   4   |  64   |  [64]   | 0.0001  |    [[4, 64]]     | bf16  |       2.61       |       2.63        |       2.66       |        2.0         | 2.05e+03 | 2.56e+02  | 5.12e+02 |        0.0%         |         0.0%         |     0.05%     |
|   8   |  64   |  [64]   | 0.0001  |    [[8, 64]]     | bf16  |       2.4        |       2.43        |       2.51       |        2.0         | 4.10e+03 | 5.12e+02  | 1.02e+03 |        0.0%         |         0.0%         |     0.1%      |
|  16   |  64   |  [64]   | 0.0001  |    [[16, 64]]    | bf16  |       2.92       |       2.95        |       2.98       |        2.01        | 8.19e+03 | 1.02e+03  | 2.05e+03 |        0.01%        |        0.01%         |     0.16%     |
|  32   |  64   |  [64]   | 0.0001  |    [[32, 64]]    | bf16  |       2.92       |       2.94        |       2.98       |        2.01        | 1.64e+04 | 2.05e+03  | 4.10e+03 |        0.01%        |        0.01%         |     0.32%     |
|  64   |  64   |  [64]   | 0.0001  |    [[64, 64]]    | bf16  |       3.32       |       3.34        |       3.37       |        2.02        | 3.28e+04 | 4.10e+03  | 8.19e+03 |        0.02%        |        0.02%         |     0.57%     |
|  128  |  64   |  [64]   | 0.0001  |   [[128, 64]]    | bf16  |       3.08       |       3.11        |       3.19       |        2.05        | 6.55e+04 | 8.19e+03  | 1.64e+04 |        0.05%        |        0.05%         |     1.23%     |
|  256  |  64   |  [64]   | 0.0001  |   [[256, 64]]    | bf16  |       3.15       |       3.18        |       3.21       |        2.09        | 1.31e+05 | 1.64e+04  | 3.28e+04 |        0.09%        |        0.09%         |     2.41%     |
|  512  |  64   |  [64]   | 0.0001  |   [[512, 64]]    | bf16  |       3.4        |       3.42        |       3.44       |        2.19        | 2.62e+05 | 3.28e+04  | 6.55e+04 |        0.17%        |        0.17%         |     4.46%     |
| 1024  |  64   |  [64]   | 0.0001  |   [[1024, 64]]   | bf16  |       3.76       |       3.81        |       3.92       |        2.38        | 5.24e+05 | 6.55e+04  | 1.31e+05 |        0.3%         |         0.3%         |     8.07%     |
| 2048  |  64   |  [64]   | 0.0001  |   [[2048, 64]]   | bf16  |       4.36       |       4.38        |       4.39       |        2.76        | 1.05e+06 | 1.31e+05  | 2.62e+05 |        0.53%        |        0.53%         |    13.92%     |
| 4096  |  64   |  [64]   | 0.0001  |   [[4096, 64]]   | bf16  |       6.33       |       6.38        |       6.42       |        3.52        | 2.10e+06 | 2.62e+05  | 5.24e+05 |        0.72%        |        0.72%         |    19.17%     |
| 8192  |  64   |  [64]   | 0.0001  |   [[8192, 64]]   | bf16  |      10.22       |       10.25       |       10.3       |        5.03        | 4.19e+06 | 5.24e+05  | 1.05e+06 |        0.9%         |         0.9%         |    23.75%     |
| 16384 |  64   |  [64]   | 0.0001  |  [[16384, 64]]   | bf16  |      17.64       |       17.66       |       17.7       |        8.07        | 8.39e+06 | 1.05e+06  | 2.10e+06 |        1.04%        |        1.04%         |    27.52%     |
| 32768 |  64   |  [64]   | 0.0001  |  [[32768, 64]]   | bf16  |      32.24       |       32.25       |      32.28       |       14.14        | 1.68e+07 | 2.10e+06  | 4.19e+06 |        1.14%        |        1.14%         |    30.11%     |
| 65536 |  64   |  [64]   | 0.0001  |  [[65536, 64]]   | bf16  |      61.39       |       61.43       |      61.48       |       26.27        | 3.36e+07 | 4.19e+06  | 8.39e+06 |        1.19%        |        1.19%         |    31.63%     |
|   1   |  128  |  [128]  | 0.0001  |    [[1, 128]]    | bf16  |       2.32       |       2.35        |       2.4        |        2.0         | 1.02e+03 | 1.28e+02  | 2.56e+02 |        0.0%         |         0.0%         |     0.03%     |
|   2   |  128  |  [128]  | 0.0001  |    [[2, 128]]    | bf16  |       2.35       |       2.36        |       2.42       |        2.0         | 2.05e+03 | 2.56e+02  | 5.12e+02 |        0.0%         |         0.0%         |     0.05%     |
|   4   |  128  |  [128]  | 0.0001  |    [[4, 128]]    | bf16  |       2.38       |       2.41        |       2.43       |        2.0         | 4.10e+03 | 5.12e+02  | 1.02e+03 |        0.0%         |         0.0%         |     0.1%      |
|   8   |  128  |  [128]  | 0.0001  |    [[8, 128]]    | bf16  |       2.41       |       2.42        |       2.44       |        2.01        | 8.19e+03 | 1.02e+03  | 2.05e+03 |        0.01%        |        0.01%         |     0.2%      |
|  16   |  128  |  [128]  | 0.0001  |   [[16, 128]]    | bf16  |       2.87       |       2.91        |       2.95       |        2.01        | 1.64e+04 | 2.05e+03  | 4.10e+03 |        0.01%        |        0.01%         |     0.33%     |
|  32   |  128  |  [128]  | 0.0001  |   [[32, 128]]    | bf16  |       2.87       |       2.91        |       2.97       |        2.02        | 3.28e+04 | 4.10e+03  | 8.19e+03 |        0.02%        |        0.02%         |     0.66%     |
|  64   |  128  |  [128]  | 0.0001  |   [[64, 128]]    | bf16  |       2.9        |       2.93        |       2.96       |        2.05        | 6.55e+04 | 8.19e+03  | 1.64e+04 |        0.05%        |        0.05%         |     1.31%     |
|  128  |  128  |  [128]  | 0.0001  |   [[128, 128]]   | bf16  |       3.01       |       3.03        |       3.05       |        2.09        | 1.31e+05 | 1.64e+04  | 3.28e+04 |        0.1%         |         0.1%         |     2.52%     |
|  256  |  128  |  [128]  | 0.0001  |   [[256, 128]]   | bf16  |       3.05       |       3.07        |       3.15       |        2.19        | 2.62e+05 | 3.28e+04  | 6.55e+04 |        0.19%        |        0.19%         |     4.97%     |
|  512  |  128  |  [128]  | 0.0001  |   [[512, 128]]   | bf16  |       3.34       |       3.37        |       3.43       |        2.38        | 5.24e+05 | 6.55e+04  | 1.31e+05 |        0.34%        |        0.34%         |     9.08%     |
| 1024  |  128  |  [128]  | 0.0001  |  [[1024, 128]]   | bf16  |       3.72       |       3.75        |       3.82       |        2.76        | 1.05e+06 | 1.31e+05  | 2.62e+05 |        0.62%        |        0.62%         |    16.31%     |
| 2048  |  128  |  [128]  | 0.0001  |  [[2048, 128]]   | bf16  |       4.33       |       4.34        |       4.37       |        3.52        | 2.10e+06 | 2.62e+05  | 5.24e+05 |        1.06%        |        1.06%         |    28.03%     |
| 4096  |  128  |  [128]  | 0.0001  |  [[4096, 128]]   | bf16  |       6.32       |       6.35        |       6.38       |        5.03        | 4.19e+06 | 5.24e+05  | 1.05e+06 |        1.45%        |        1.45%         |    38.41%     |
| 8192  |  128  |  [128]  | 0.0001  |  [[8192, 128]]   | bf16  |      10.25       |       10.28       |      10.31       |        8.07        | 8.39e+06 | 1.05e+06  | 2.10e+06 |        1.79%        |        1.79%         |    47.36%     |
| 16384 |  128  |  [128]  | 0.0001  |  [[16384, 128]]  | bf16  |      17.66       |       17.69       |      17.75       |       14.14        | 1.68e+07 | 2.10e+06  | 4.19e+06 |        2.07%        |        2.07%         |    54.98%     |
| 32768 |  128  |  [128]  | 0.0001  |  [[32768, 128]]  | bf16  |      32.33       |       32.36       |      32.43       |       26.27        | 3.36e+07 | 4.19e+06  | 8.39e+06 |        2.27%        |        2.27%         |    60.06%     |
| 65536 |  128  |  [128]  | 0.0001  |  [[65536, 128]]  | bf16  |      61.44       |       61.49       |      61.53       |       50.55        | 6.71e+07 | 8.39e+06  | 1.68e+07 |        2.38%        |        2.38%         |    63.21%     |
|   1   |  192  |  [192]  | 0.0001  |    [[1, 192]]    | bf16  |       2.39       |       2.41        |       2.47       |        2.0         | 1.54e+03 | 1.92e+02  | 3.84e+02 |        0.0%         |         0.0%         |     0.04%     |
|   2   |  192  |  [192]  | 0.0001  |    [[2, 192]]    | bf16  |       2.42       |       2.44        |       2.47       |        2.0         | 3.07e+03 | 3.84e+02  | 7.68e+02 |        0.0%         |         0.0%         |     0.07%     |
|   4   |  192  |  [192]  | 0.0001  |    [[4, 192]]    | bf16  |       2.38       |       2.48        |       2.59       |        2.0         | 6.14e+03 | 7.68e+02  | 1.54e+03 |        0.01%        |        0.01%         |     0.15%     |
|   8   |  192  |  [192]  | 0.0001  |    [[8, 192]]    | bf16  |       2.44       |       2.47        |       2.51       |        2.01        | 1.23e+04 | 1.54e+03  | 3.07e+03 |        0.01%        |        0.01%         |     0.29%     |
|  16   |  192  |  [192]  | 0.0001  |   [[16, 192]]    | bf16  |       2.96       |       2.97        |       3.0        |        2.02        | 2.46e+04 | 3.07e+03  | 6.14e+03 |        0.02%        |        0.02%         |     0.48%     |
|  32   |  192  |  [192]  | 0.0001  |   [[32, 192]]    | bf16  |       2.92       |       2.95        |       2.98       |        2.04        | 4.92e+04 | 6.14e+03  | 1.23e+04 |        0.04%        |        0.04%         |     0.97%     |
|  64   |  192  |  [192]  | 0.0001  |   [[64, 192]]    | bf16  |       3.0        |       3.03        |       3.1        |        2.07        | 9.83e+04 | 1.23e+04  | 2.46e+04 |        0.07%        |        0.07%         |     1.9%      |
|  128  |  192  |  [192]  | 0.0001  |   [[128, 192]]   | bf16  |       3.1        |       3.13        |       3.18       |        2.14        | 1.97e+05 | 2.46e+04  | 4.92e+04 |        0.14%        |        0.14%         |     3.67%     |
|  256  |  192  |  [192]  | 0.0001  |   [[256, 192]]   | bf16  |       3.17       |       3.18        |       3.2        |        2.28        | 3.93e+05 | 4.92e+04  | 9.83e+04 |        0.27%        |        0.27%         |     7.18%     |
|  512  |  192  |  [192]  | 0.0001  |   [[512, 192]]   | bf16  |       3.44       |       3.48        |       3.51       |        2.57        | 7.86e+05 | 9.83e+04  | 1.97e+05 |        0.5%         |         0.5%         |    13.23%     |
| 1024  |  192  |  [192]  | 0.0001  |  [[1024, 192]]   | bf16  |       3.88       |       3.97        |       4.04       |        3.14        | 1.57e+06 | 1.97e+05  | 3.93e+05 |        0.89%        |        0.89%         |    23.46%     |
| 2048  |  192  |  [192]  | 0.0001  |  [[2048, 192]]   | bf16  |       4.55       |       4.58        |       4.61       |        4.28        | 3.15e+06 | 3.93e+05  | 7.86e+05 |        1.51%        |        1.51%         |    40.01%     |
| 4096  |  192  |  [192]  | 0.0001  |  [[4096, 192]]   | bf16  |       6.78       |       6.81        |       6.82       |        6.55        | 6.29e+06 | 7.86e+05  | 1.57e+06 |        2.03%        |        2.03%         |     53.7%     |
| 8192  |  192  |  [192]  | 0.0001  |  [[8192, 192]]   | bf16  |      11.17       |       11.26       |      11.51       |        11.1        | 1.26e+07 | 1.57e+06  | 3.15e+06 |        2.46%        |        2.46%         |    65.19%     |
| 16384 |  192  |  [192]  | 0.0001  |  [[16384, 192]]  | bf16  |      19.25       |       19.27       |      19.32       |        20.2        | 2.52e+07 | 3.15e+06  | 6.29e+06 |        2.85%        |        2.85%         |    75.65%     |
| 32768 |  192  |  [192]  | 0.0001  |  [[32768, 192]]  | bf16  |      35.41       |       35.46       |       35.5       |       38.41        | 5.03e+07 | 6.29e+06  | 1.26e+07 |        3.1%         |         3.1%         |    82.26%     |
| 65536 |  192  |  [192]  | 0.0001  |  [[65536, 192]]  | bf16  |      69.72       |       69.8        |      69.85       |       74.82        | 1.01e+08 | 1.26e+07  | 2.52e+07 |        3.15%        |        3.15%         |    83.55%     |
|   1   | 3072  | [3072]  | 0.0001  |   [[1, 3072]]    | bf16  |       3.87       |        3.9        |       3.95       |        2.02        | 2.46e+04 | 3.07e+03  | 6.14e+03 |        0.01%        |        0.01%         |     0.37%     |
|   2   | 3072  | [3072]  | 0.0001  |   [[2, 3072]]    | bf16  |       3.93       |       3.96        |       4.0        |        2.04        | 4.92e+04 | 6.14e+03  | 1.23e+04 |        0.03%        |        0.03%         |     0.72%     |
|   4   | 3072  | [3072]  | 0.0001  |   [[4, 3072]]    | bf16  |       3.95       |       3.96        |       4.0        |        2.07        | 9.83e+04 | 1.23e+04  | 2.46e+04 |        0.05%        |        0.05%         |     1.44%     |
|   8   | 3072  | [3072]  | 0.0001  |   [[8, 3072]]    | bf16  |       3.99       |       4.01        |       4.06       |        2.14        | 1.97e+05 | 2.46e+04  | 4.92e+04 |        0.11%        |        0.11%         |     2.85%     |
|  16   | 3072  | [3072]  | 0.0001  |   [[16, 3072]]   | bf16  |       5.08       |       5.11        |       5.15       |        2.28        | 3.93e+05 | 4.92e+04  | 9.83e+04 |        0.17%        |        0.17%         |     4.48%     |
|  32   | 3072  | [3072]  | 0.0001  |   [[32, 3072]]   | bf16  |       5.06       |       5.09        |       5.13       |        2.57        | 7.86e+05 | 9.83e+04  | 1.97e+05 |        0.34%        |        0.34%         |     8.99%     |
|  64   | 3072  | [3072]  | 0.0001  |   [[64, 3072]]   | bf16  |       5.15       |       5.17        |       5.2        |        3.14        | 1.57e+06 | 1.97e+05  | 3.93e+05 |        0.67%        |        0.67%         |    17.67%     |
|  128  | 3072  | [3072]  | 0.0001  |  [[128, 3072]]   | bf16  |       5.2        |       5.23        |       5.3        |        4.28        | 3.15e+06 | 3.93e+05  | 7.86e+05 |        1.32%        |        1.32%         |    35.01%     |
|  256  | 3072  | [3072]  | 0.0001  |  [[256, 3072]]   | bf16  |       5.39       |       5.41        |       5.45       |        6.55        | 6.29e+06 | 7.86e+05  | 1.57e+06 |        2.55%        |        2.55%         |    67.55%     |
|  512  | 3072  | [3072]  | 0.0001  |  [[512, 3072]]   | bf16  |       6.54       |       6.58        |       6.63       |        11.1        | 1.26e+07 | 1.57e+06  | 3.15e+06 |        4.2%         |         4.2%         |    111.34%    |
| 1024  | 3072  | [3072]  | 0.0001  |  [[1024, 3072]]  | bf16  |       10.0       |       10.14       |      10.28       |        20.2        | 2.52e+07 | 3.15e+06  | 6.29e+06 |        5.49%        |        5.49%         |    145.64%    |
| 2048  | 3072  | [3072]  | 0.0001  |  [[2048, 3072]]  | bf16  |       13.8       |       13.86       |      13.97       |       38.41        | 5.03e+07 | 6.29e+06  | 1.26e+07 |        7.96%        |        7.96%         |    211.07%    |
| 4096  | 3072  | [3072]  | 0.0001  |  [[4096, 3072]]  | bf16  |      23.62       |       23.86       |      23.99       |       74.82        | 1.01e+08 | 1.26e+07  | 2.52e+07 |        9.31%        |        9.31%         |    246.63%    |
| 8192  | 3072  | [3072]  | 0.0001  |  [[8192, 3072]]  | bf16  |      141.78      |      142.09       |      142.34      |       147.64       | 2.01e+08 | 2.52e+07  | 5.03e+07 |        3.1%         |         3.1%         |    82.18%     |
| 16384 | 3072  | [3072]  | 0.0001  | [[16384, 3072]]  | bf16  |      305.19      |      307.49       |      308.39      |       293.27       | 4.03e+08 | 5.03e+07  | 1.01e+08 |        2.88%        |        2.88%         |    76.35%     |
| 32768 | 3072  | [3072]  | 0.0001  | [[32768, 3072]]  | bf16  |      613.35      |      614.95       |      615.53      |       584.54       | 8.05e+08 | 1.01e+08  | 2.01e+08 |        2.87%        |        2.87%         |    75.98%     |
| 65536 | 3072  | [3072]  | 0.0001  | [[65536, 3072]]  | bf16  |     1227.43      |      1231.2       |     1233.38      |      1167.08       | 1.61e+09 | 2.01e+08  | 4.03e+08 |        2.87%        |        2.87%         |    75.94%     |
|   1   | 6144  | [6144]  | 0.0001  |   [[1, 6144]]    | bf16  |       5.6        |       5.63        |       5.66       |        2.04        | 4.92e+04 | 6.14e+03  | 1.23e+04 |        0.02%        |        0.02%         |     0.51%     |
|   2   | 6144  | [6144]  | 0.0001  |   [[2, 6144]]    | bf16  |       5.72       |       5.74        |       5.79       |        2.07        | 9.83e+04 | 1.23e+04  | 2.46e+04 |        0.04%        |        0.04%         |     0.99%     |
|   4   | 6144  | [6144]  | 0.0001  |   [[4, 6144]]    | bf16  |       5.76       |       5.78        |       5.79       |        2.14        | 1.97e+05 | 2.46e+04  | 4.92e+04 |        0.07%        |        0.07%         |     1.98%     |
|   8   | 6144  | [6144]  | 0.0001  |   [[8, 6144]]    | bf16  |       5.75       |       5.77        |       5.79       |        2.28        | 3.93e+05 | 4.92e+04  | 9.83e+04 |        0.15%        |        0.15%         |     3.96%     |
|  16   | 6144  | [6144]  | 0.0001  |   [[16, 6144]]   | bf16  |       7.55       |       7.56        |       7.57       |        2.57        | 7.86e+05 | 9.83e+04  | 1.97e+05 |        0.23%        |        0.23%         |     6.03%     |
|  32   | 6144  | [6144]  | 0.0001  |   [[32, 6144]]   | bf16  |       7.55       |       7.57        |       7.58       |        3.14        | 1.57e+06 | 1.97e+05  | 3.93e+05 |        0.45%        |        0.45%         |    12.06%     |
|  64   | 6144  | [6144]  | 0.0001  |   [[64, 6144]]   | bf16  |       7.6        |       7.61        |       7.63       |        4.28        | 3.15e+06 | 3.93e+05  | 7.86e+05 |        0.9%         |         0.9%         |    23.95%     |
|  128  | 6144  | [6144]  | 0.0001  |  [[128, 6144]]   | bf16  |       7.64       |       7.68        |       7.7        |        6.55        | 6.29e+06 | 7.86e+05  | 1.57e+06 |        1.8%         |         1.8%         |    47.66%     |
|  256  | 6144  | [6144]  | 0.0001  |  [[256, 6144]]   | bf16  |       7.91       |       7.93        |       7.95       |        11.1        | 1.26e+07 | 1.57e+06  | 3.15e+06 |        3.47%        |        3.47%         |    92.06%     |
|  512  | 6144  | [6144]  | 0.0001  |  [[512, 6144]]   | bf16  |      10.14       |       10.19       |      10.23       |        20.2        | 2.52e+07 | 3.15e+06  | 6.29e+06 |        5.42%        |        5.42%         |    143.62%    |
| 1024  | 6144  | [6144]  | 0.0001  |  [[1024, 6144]]  | bf16  |      17.19       |       17.25       |      17.31       |       38.41        | 5.03e+07 | 6.29e+06  | 1.26e+07 |        6.39%        |        6.39%         |    169.44%    |
| 2048  | 6144  | [6144]  | 0.0001  |  [[2048, 6144]]  | bf16  |      26.04       |       26.07       |       26.1       |       74.82        | 1.01e+08 | 1.26e+07  | 2.52e+07 |        8.44%        |        8.44%         |    223.71%    |
| 4096  | 6144  | [6144]  | 0.0001  |  [[4096, 6144]]  | bf16  |      134.42      |       136.1       |      136.63      |       147.64       | 2.01e+08 | 2.52e+07  | 5.03e+07 |        3.27%        |        3.27%         |    86.67%     |
| 8192  | 6144  | [6144]  | 0.0001  |  [[8192, 6144]]  | bf16  |      305.3       |      305.98       |      306.38      |       293.27       | 4.03e+08 | 5.03e+07  | 1.01e+08 |        2.88%        |        2.88%         |    76.32%     |
| 16384 | 6144  | [6144]  | 0.0001  | [[16384, 6144]]  | bf16  |      610.77      |       611.1       |      611.56      |       584.54       | 8.05e+08 | 1.01e+08  | 2.01e+08 |        2.88%        |        2.88%         |     76.3%     |
| 32768 | 6144  | [6144]  | 0.0001  | [[32768, 6144]]  | bf16  |      1219.7      |      1220.35      |     1220.76      |      1167.08       | 1.61e+09 | 2.01e+08  | 4.03e+08 |        2.88%        |        2.88%         |    76.42%     |
| 65536 | 6144  | [6144]  | 0.0001  | [[65536, 6144]]  | bf16  |     2427.99      |      2429.8       |     2430.53      |      2332.17       | 3.22e+09 | 4.03e+08  | 8.05e+08 |        2.9%         |         2.9%         |    76.78%     |
|   1   | 8192  | [8192]  | 0.0001  |   [[1, 8192]]    | bf16  |       6.75       |       6.77        |       6.81       |        2.05        | 6.55e+04 | 8.19e+03  | 1.64e+04 |        0.02%        |        0.02%         |     0.56%     |
|   2   | 8192  | [8192]  | 0.0001  |   [[2, 8192]]    | bf16  |       6.88       |       6.91        |       6.97       |        2.09        | 1.31e+05 | 1.64e+04  | 3.28e+04 |        0.04%        |        0.04%         |     1.1%      |
|   4   | 8192  | [8192]  | 0.0001  |   [[4, 8192]]    | bf16  |       6.95       |       6.98        |       7.01       |        2.19        | 2.62e+05 | 3.28e+04  | 6.55e+04 |        0.08%        |        0.08%         |     2.18%     |
|   8   | 8192  | [8192]  | 0.0001  |   [[8, 8192]]    | bf16  |       6.95       |       6.97        |       6.99       |        2.38        | 5.24e+05 | 6.55e+04  | 1.31e+05 |        0.16%        |        0.16%         |     4.37%     |
|  16   | 8192  | [8192]  | 0.0001  |   [[16, 8192]]   | bf16  |       9.3        |       9.34        |       9.4        |        2.76        | 1.05e+06 | 1.31e+05  | 2.62e+05 |        0.25%        |        0.25%         |     6.52%     |
|  32   | 8192  | [8192]  | 0.0001  |   [[32, 8192]]   | bf16  |       9.3        |       9.34        |       9.38       |        3.52        | 2.10e+06 | 2.62e+05  | 5.24e+05 |        0.49%        |        0.49%         |    13.05%     |
|  64   | 8192  | [8192]  | 0.0001  |   [[64, 8192]]   | bf16  |       9.35       |       9.38        |       9.44       |        5.03        | 4.19e+06 | 5.24e+05  | 1.05e+06 |        0.98%        |        0.98%         |    25.96%     |
|  128  | 8192  | [8192]  | 0.0001  |  [[128, 8192]]   | bf16  |       9.4        |       9.43        |       9.52       |        8.07        | 8.39e+06 | 1.05e+06  | 2.10e+06 |        1.95%        |        1.95%         |    51.64%     |
|  256  | 8192  | [8192]  | 0.0001  |  [[256, 8192]]   | bf16  |       9.77       |       9.82        |       9.89       |       14.14        | 1.68e+07 | 2.10e+06  | 4.19e+06 |        3.75%        |        3.75%         |    99.38%     |
|  512  | 8192  | [8192]  | 0.0001  |  [[512, 8192]]   | bf16  |      15.48       |       15.56       |      15.64       |       26.27        | 3.36e+07 | 4.19e+06  | 8.39e+06 |        4.73%        |        4.73%         |    125.44%    |
| 1024  | 8192  | [8192]  | 0.0001  |  [[1024, 8192]]  | bf16  |      21.42       |       21.5        |      21.55       |       50.55        | 6.71e+07 | 8.39e+06  | 1.68e+07 |        6.84%        |        6.84%         |    181.31%    |
| 2048  | 8192  | [8192]  | 0.0001  |  [[2048, 8192]]  | bf16  |      43.78       |       44.31       |      44.59       |       99.09        | 1.34e+08 | 1.68e+07  | 3.36e+07 |        6.69%        |        6.69%         |    177.42%    |
| 4096  | 8192  | [8192]  | 0.0001  |  [[4096, 8192]]  | bf16  |      201.73      |       202.6       |      202.96      |       196.18       | 2.68e+08 | 3.36e+07  | 6.71e+07 |        2.91%        |        2.91%         |    77.01%     |
| 8192  | 8192  | [8192]  | 0.0001  |  [[8192, 8192]]  | bf16  |      409.07      |      409.29       |      409.56      |       390.36       | 5.37e+08 | 6.71e+07  | 1.34e+08 |        2.87%        |        2.87%         |    75.95%     |
| 16384 | 8192  | [8192]  | 0.0001  | [[16384, 8192]]  | bf16  |      818.04      |       818.5       |      818.93      |       778.72       | 1.07e+09 | 1.34e+08  | 2.68e+08 |        2.87%        |        2.87%         |    75.96%     |
| 32768 | 8192  | [8192]  | 0.0001  | [[32768, 8192]]  | bf16  |     1637.11      |      1637.74      |     1638.12      |      1555.45       | 2.15e+09 | 2.68e+08  | 5.37e+08 |        2.86%        |        2.86%         |    75.91%     |
| 65536 | 8192  | [8192]  | 0.0001  | [[65536, 8192]]  | bf16  |     3274.86      |      3276.09      |     3277.29      |      3108.89       | 4.29e+09 | 5.37e+08  | 1.07e+09 |        2.86%        |        2.86%         |     75.9%     |
|   1   | 13824 | [13824] | 0.0001  |   [[1, 13824]]   | bf16  |      10.01       |       10.11       |      10.19       |        2.08        | 1.11e+05 | 1.38e+04  | 2.76e+04 |        0.02%        |        0.02%         |     0.64%     |
|   2   | 13824 | [13824] | 0.0001  |   [[2, 13824]]   | bf16  |      10.07       |       10.11       |      10.15       |        2.16        | 2.21e+05 | 2.76e+04  | 5.53e+04 |        0.05%        |        0.05%         |     1.27%     |
|   4   | 13824 | [13824] | 0.0001  |   [[4, 13824]]   | bf16  |      10.21       |       10.28       |      10.42       |        2.32        | 4.42e+05 | 5.53e+04  | 1.11e+05 |        0.09%        |        0.09%         |     2.51%     |
|   8   | 13824 | [13824] | 0.0001  |   [[8, 13824]]   | bf16  |       10.2       |       10.24       |      10.28       |        2.64        | 8.85e+05 | 1.11e+05  | 2.21e+05 |        0.19%        |        0.19%         |     5.02%     |
|  16   | 13824 | [13824] | 0.0001  |  [[16, 13824]]   | bf16  |      13.67       |       13.7        |      13.71       |        3.28        | 1.77e+06 | 2.21e+05  | 4.42e+05 |        0.28%        |        0.28%         |     7.49%     |
|  32   | 13824 | [13824] | 0.0001  |  [[32, 13824]]   | bf16  |      13.63       |       13.66       |      13.72       |        4.56        | 3.54e+06 | 4.42e+05  | 8.85e+05 |        0.57%        |        0.57%         |    15.03%     |
|  64   | 13824 | [13824] | 0.0001  |  [[64, 13824]]   | bf16  |      13.71       |       13.74       |      13.77       |        7.12        | 7.08e+06 | 8.85e+05  | 1.77e+06 |        1.13%        |        1.13%         |    29.88%     |
|  128  | 13824 | [13824] | 0.0001  |  [[128, 13824]]  | bf16  |      13.76       |       13.78       |      13.82       |       12.24        | 1.42e+07 | 1.77e+06  | 3.54e+06 |        2.25%        |        2.25%         |    59.53%     |
|  256  | 13824 | [13824] | 0.0001  |  [[256, 13824]]  | bf16  |      17.01       |       17.21       |      17.38       |       22.48        | 2.83e+07 | 3.54e+06  | 7.08e+06 |        3.63%        |        3.63%         |    96.32%     |
|  512  | 13824 | [13824] | 0.0001  |  [[512, 13824]]  | bf16  |      28.32       |       28.43       |      28.49       |       42.96        | 5.66e+07 | 7.08e+06  | 1.42e+07 |        4.37%        |        4.37%         |    115.71%    |
| 1024  | 13824 | [13824] | 0.0001  | [[1024, 13824]]  | bf16  |      33.68       |       33.75       |      33.84       |       83.92        | 1.13e+08 | 1.42e+07  | 2.83e+07 |        7.34%        |        7.34%         |    194.58%    |
| 2048  | 13824 | [13824] | 0.0001  | [[2048, 13824]]  | bf16  |      164.1       |       165.1       |      165.54      |       165.84       | 2.26e+08 | 2.83e+07  | 5.66e+07 |        3.01%        |        3.01%         |    79.87%     |
| 4096  | 13824 | [13824] | 0.0001  | [[4096, 13824]]  | bf16  |      374.89      |      375.69       |      376.41      |       329.68       | 4.53e+08 | 5.66e+07  | 1.13e+08 |        2.64%        |        2.64%         |    69.93%     |
| 8192  | 13824 | [13824] | 0.0001  | [[8192, 13824]]  | bf16  |      767.46      |      768.38       |      769.46      |       657.36       | 9.06e+08 | 1.13e+08  | 2.26e+08 |        2.58%        |        2.58%         |    68.31%     |
| 16384 | 13824 | [13824] | 0.0001  | [[16384, 13824]] | bf16  |     1569.02      |      1570.29      |     1571.43      |      1312.72       | 1.81e+09 | 2.26e+08  | 4.53e+08 |        2.52%        |        2.52%         |    66.83%     |
| 32768 | 13824 | [13824] | 0.0001  | [[32768, 13824]] | bf16  |     3157.56      |      3158.84      |     3159.83      |      2623.44       | 3.62e+09 | 4.53e+08  | 9.06e+08 |        2.51%        |        2.51%         |    66.42%     |
| 65536 | 13824 | [13824] | 0.0001  | [[65536, 13824]] | bf16  |     6335.47      |      6338.52      |     6342.38      |      5244.88       | 7.25e+09 | 9.06e+08  | 1.81e+09 |        2.5%         |         2.5%         |     66.2%     |
|   1   | 16384 | [16384] | 0.0001  |   [[1, 16384]]   | bf16  |      11.31       |       11.36       |       11.4       |        2.09        | 1.31e+05 | 1.64e+04  | 3.28e+04 |        0.03%        |        0.03%         |     0.67%     |
|   2   | 16384 | [16384] | 0.0001  |   [[2, 16384]]   | bf16  |      11.48       |       11.52       |      11.55       |        2.19        | 2.62e+05 | 3.28e+04  | 6.55e+04 |        0.05%        |        0.05%         |     1.32%     |
|   4   | 16384 | [16384] | 0.0001  |   [[4, 16384]]   | bf16  |      11.68       |       11.7        |      11.76       |        2.38        | 5.24e+05 | 6.55e+04  | 1.31e+05 |        0.1%         |         0.1%         |     2.6%      |
|   8   | 16384 | [16384] | 0.0001  |   [[8, 16384]]   | bf16  |      11.68       |       11.7        |      11.73       |        2.76        | 1.05e+06 | 1.31e+05  | 2.62e+05 |        0.2%         |         0.2%         |     5.2%      |
|  16   | 16384 | [16384] | 0.0001  |  [[16, 16384]]   | bf16  |      15.83       |       15.88       |      15.97       |        3.52        | 2.10e+06 | 2.62e+05  | 5.24e+05 |        0.29%        |        0.29%         |     7.67%     |
|  32   | 16384 | [16384] | 0.0001  |  [[32, 16384]]   | bf16  |      15.86       |       15.91       |      15.94       |        5.03        | 4.19e+06 | 5.24e+05  | 1.05e+06 |        0.58%        |        0.58%         |     15.3%     |
|  64   | 16384 | [16384] | 0.0001  |  [[64, 16384]]   | bf16  |      15.79       |       15.82       |      15.87       |        8.07        | 8.39e+06 | 1.05e+06  | 2.10e+06 |        1.16%        |        1.16%         |    30.74%     |
|  128  | 16384 | [16384] | 0.0001  |  [[128, 16384]]  | bf16  |      15.81       |       15.83       |      15.88       |       14.14        | 1.68e+07 | 2.10e+06  | 4.19e+06 |        2.32%        |        2.32%         |    61.41%     |
|  256  | 16384 | [16384] | 0.0001  |  [[256, 16384]]  | bf16  |      22.84       |       22.94       |       23.1       |       26.27        | 3.36e+07 | 4.19e+06  | 8.39e+06 |        3.21%        |        3.21%         |    85.02%     |
|  512  | 16384 | [16384] | 0.0001  |  [[512, 16384]]  | bf16  |      33.19       |       33.27       |      33.35       |       50.55        | 6.71e+07 | 8.39e+06  | 1.68e+07 |        4.41%        |        4.41%         |    117.01%    |
| 1024  | 16384 | [16384] | 0.0001  | [[1024, 16384]]  | bf16  |      58.87       |       59.47       |      59.88       |       99.09        | 1.34e+08 | 1.68e+07  | 3.36e+07 |        4.98%        |        4.98%         |    131.94%    |
| 2048  | 16384 | [16384] | 0.0001  | [[2048, 16384]]  | bf16  |      214.41      |      215.36       |      216.11      |       196.18       | 2.68e+08 | 3.36e+07  | 6.71e+07 |        2.73%        |        2.73%         |    72.45%     |
| 4096  | 16384 | [16384] | 0.0001  | [[4096, 16384]]  | bf16  |      473.37      |      474.26       |      474.76      |       390.36       | 5.37e+08 | 6.71e+07  | 1.34e+08 |        2.48%        |        2.48%         |    65.63%     |
| 8192  | 16384 | [16384] | 0.0001  | [[8192, 16384]]  | bf16  |      976.75      |      978.22       |      979.86      |       778.72       | 1.07e+09 | 1.34e+08  | 2.68e+08 |        2.4%         |         2.4%         |    63.62%     |
| 16384 | 16384 | [16384] | 0.0001  | [[16384, 16384]] | bf16  |     1984.79      |      1987.91      |     1989.61      |      1555.45       | 2.15e+09 | 2.68e+08  | 5.37e+08 |        2.36%        |        2.36%         |    62.61%     |
| 32768 | 16384 | [16384] | 0.0001  | [[32768, 16384]] | bf16  |     3997.88      |      3999.59      |     4001.94      |      3108.89       | 4.29e+09 | 5.37e+08  | 1.07e+09 |        2.35%        |        2.35%         |    62.17%     |
| 65536 | 16384 | [16384] | 0.0001  | [[65536, 16384]] | bf16  |     8007.34      |      8008.8       |     8010.58      |      6215.78       | 8.59e+09 | 1.07e+09  | 2.15e+09 |        2.34%        |        2.34%         |    62.08%     |
|   1   | 18432 | [18432] | 0.0001  |   [[1, 18432]]   | bf16  |      12.82       |       12.85       |      12.89       |        2.11        | 1.47e+05 | 1.84e+04  | 3.69e+04 |        0.03%        |        0.03%         |     0.67%     |
|   2   | 18432 | [18432] | 0.0001  |   [[2, 18432]]   | bf16  |      12.69       |       12.72       |      12.76       |        2.21        | 2.95e+05 | 3.69e+04  | 7.37e+04 |        0.05%        |        0.05%         |     1.34%     |
|   4   | 18432 | [18432] | 0.0001  |   [[4, 18432]]   | bf16  |      12.88       |       12.91       |      12.94       |        2.43        | 5.90e+05 | 7.37e+04  | 1.47e+05 |        0.1%         |         0.1%         |     2.65%     |
|   8   | 18432 | [18432] | 0.0001  |   [[8, 18432]]   | bf16  |      12.89       |       12.91       |      12.93       |        2.85        | 1.18e+06 | 1.47e+05  | 2.95e+05 |        0.2%         |         0.2%         |     5.3%      |
|  16   | 18432 | [18432] | 0.0001  |  [[16, 18432]]   | bf16  |      17.37       |       17.4        |      17.42       |        3.71        | 2.36e+06 | 2.95e+05  | 5.90e+05 |        0.3%         |         0.3%         |     7.86%     |
|  32   | 18432 | [18432] | 0.0001  |  [[32, 18432]]   | bf16  |      17.36       |       17.38       |      17.41       |        5.41        | 4.72e+06 | 5.90e+05  | 1.18e+06 |        0.59%        |        0.59%         |    15.73%     |
|  64   | 18432 | [18432] | 0.0001  |  [[64, 18432]]   | bf16  |      17.39       |       17.42       |      17.44       |        8.83        | 9.44e+06 | 1.18e+06  | 2.36e+06 |        1.18%        |        1.18%         |    31.41%     |
|  128  | 18432 | [18432] | 0.0001  |  [[128, 18432]]  | bf16  |      17.45       |       17.49       |      17.54       |       15.65        | 1.89e+07 | 2.36e+06  | 4.72e+06 |        2.36%        |        2.36%         |    62.59%     |
|  256  | 18432 | [18432] | 0.0001  |  [[256, 18432]]  | bf16  |      29.21       |       29.3        |      29.42       |       29.31        | 3.77e+07 | 4.72e+06  | 9.44e+06 |        2.82%        |        2.82%         |    74.79%     |
|  512  | 18432 | [18432] | 0.0001  |  [[512, 18432]]  | bf16  |      37.41       |       37.44       |      37.47       |       56.61        | 7.55e+07 | 9.44e+06  | 1.89e+07 |        4.41%        |        4.41%         |    116.79%    |
| 1024  | 18432 | [18432] | 0.0001  | [[1024, 18432]]  | bf16  |      86.64       |       87.1        |      87.41       |       111.23       | 1.51e+08 | 1.89e+07  | 3.77e+07 |        3.81%        |        3.81%         |    100.86%    |
| 2048  | 18432 | [18432] | 0.0001  | [[2048, 18432]]  | bf16  |      260.1       |      261.49       |      262.3       |       220.45       | 3.02e+08 | 3.77e+07  | 7.55e+07 |        2.54%        |        2.54%         |    67.19%     |
| 4096  | 18432 | [18432] | 0.0001  | [[4096, 18432]]  | bf16  |      563.13      |      564.75       |      565.73      |       438.91       | 6.04e+08 | 7.55e+07  | 1.51e+08 |        2.34%        |        2.34%         |    62.07%     |
| 8192  | 18432 | [18432] | 0.0001  | [[8192, 18432]]  | bf16  |     1158.59      |      1161.64      |     1163.23      |       875.81       | 1.21e+09 | 1.51e+08  | 3.02e+08 |        2.28%        |        2.28%         |    60.34%     |
| 16384 | 18432 | [18432] | 0.0001  | [[16384, 18432]] | bf16  |     2352.08      |      2355.44      |     2357.58      |      1749.63       | 2.42e+09 | 3.02e+08  | 6.04e+08 |        2.24%        |        2.24%         |    59.44%     |
| 32768 | 18432 | [18432] | 0.0001  | [[32768, 18432]] | bf16  |      4698.7      |      4703.44      |     4705.32      |      3497.25       | 4.83e+09 | 6.04e+08  | 1.21e+09 |        2.25%        |        2.25%         |    59.51%     |
| 65536 | 18432 | [18432] | 0.0001  | [[65536, 18432]] | bf16  |      9469.4      |      9479.29      |     9483.12      |      6992.51       | 9.66e+09 | 1.21e+09  | 2.42e+09 |        2.23%        |        2.23%         |    59.06%     |
|   1   | 27648 | [27648] | 0.0001  |   [[1, 27648]]   | bf16  |      20.04       |       20.17       |      20.27       |        2.16        | 2.21e+05 | 2.76e+04  | 5.53e+04 |        0.02%        |        0.02%         |     0.64%     |
|   2   | 27648 | [27648] | 0.0001  |   [[2, 27648]]   | bf16  |      20.85       |       20.91       |      20.97       |        2.32        | 4.42e+05 | 5.53e+04  | 1.11e+05 |        0.05%        |        0.05%         |     1.23%     |
|   4   | 27648 | [27648] | 0.0001  |   [[4, 27648]]   | bf16  |      21.44       |       21.53       |      21.62       |        2.64        | 8.85e+05 | 1.11e+05  | 2.21e+05 |        0.09%        |        0.09%         |     2.39%     |
|   8   | 27648 | [27648] | 0.0001  |   [[8, 27648]]   | bf16  |      21.46       |       21.53       |      21.58       |        3.28        | 1.77e+06 | 2.21e+05  | 4.42e+05 |        0.18%        |        0.18%         |     4.77%     |
|  16   | 27648 | [27648] | 0.0001  |  [[16, 27648]]   | bf16  |      28.08       |       28.21       |      28.32       |        4.56        | 3.54e+06 | 4.42e+05  | 8.85e+05 |        0.28%        |        0.28%         |     7.29%     |
|  32   | 27648 | [27648] | 0.0001  |  [[32, 27648]]   | bf16  |      28.03       |       28.11       |      28.17       |        7.12        | 7.08e+06 | 8.85e+05  | 1.77e+06 |        0.55%        |        0.55%         |    14.61%     |
|  64   | 27648 | [27648] | 0.0001  |  [[64, 27648]]   | bf16  |      28.43       |       28.5        |      28.56       |       12.24        | 1.42e+07 | 1.77e+06  | 3.54e+06 |        1.09%        |        1.09%         |    28.81%     |
|  128  | 27648 | [27648] | 0.0001  |  [[128, 27648]]  | bf16  |      28.32       |       28.45       |      28.53       |       22.48        | 2.83e+07 | 3.54e+06  | 7.08e+06 |        2.18%        |        2.18%         |    57.85%     |
|  256  | 27648 | [27648] | 0.0001  |  [[256, 27648]]  | bf16  |       52.1       |       52.13       |      52.17       |       42.96        | 5.66e+07 | 7.08e+06  | 1.42e+07 |        2.37%        |        2.37%         |    62.89%     |
|  512  | 27648 | [27648] | 0.0001  |  [[512, 27648]]  | bf16  |       54.6       |       54.64       |       54.7       |       83.92        | 1.13e+08 | 1.42e+07  | 2.83e+07 |        4.53%        |        4.53%         |    120.03%    |
| 1024  | 27648 | [27648] | 0.0001  | [[1024, 27648]]  | bf16  |      215.66      |       218.4       |      219.24      |       165.84       | 2.26e+08 | 2.83e+07  | 5.66e+07 |        2.29%        |        2.29%         |    60.78%     |
| 2048  | 27648 | [27648] | 0.0001  | [[2048, 27648]]  | bf16  |      485.72      |      486.27       |      487.05      |       329.68       | 4.53e+08 | 5.66e+07  | 1.13e+08 |        2.04%        |        2.04%         |    53.97%     |
| 4096  | 27648 | [27648] | 0.0001  | [[4096, 27648]]  | bf16  |      1048.4      |      1050.5       |     1052.11      |       657.36       | 9.06e+08 | 1.13e+08  | 2.26e+08 |        1.89%        |        1.89%         |    50.01%     |
| 8192  | 27648 | [27648] | 0.0001  | [[8192, 27648]]  | bf16  |     2081.85      |      2084.86      |     2086.31      |      1312.72       | 1.81e+09 | 2.26e+08  | 4.53e+08 |        1.9%         |         1.9%         |    50.37%     |
| 16384 | 27648 | [27648] | 0.0001  | [[16384, 27648]] | bf16  |     4163.48      |      4165.37      |     4166.62      |      2623.44       | 3.62e+09 | 4.53e+08  | 9.06e+08 |        1.9%         |         1.9%         |    50.37%     |
| 32768 | 27648 | [27648] | 0.0001  | [[32768, 27648]] | bf16  |     8300.69      |      8305.34      |     8308.04      |      5244.88       | 7.25e+09 | 9.06e+08  | 1.81e+09 |        1.91%        |        1.91%         |    50.53%     |
| 65536 | 27648 | [27648] | 0.0001  | [[65536, 27648]] | bf16  |     16576.45     |     16582.51      |     16586.48     |      10487.76      | 1.45e+10 | 1.81e+09  | 3.62e+09 |        1.91%        |        1.91%         |    50.61%     |
|   1   | 53248 | [53248] | 0.0001  |   [[1, 53248]]   | bf16  |       71.0       |       71.1        |      71.24       |        2.31        | 4.26e+05 | 5.32e+04  | 1.06e+05 |        0.01%        |        0.01%         |     0.35%     |
|   2   | 53248 | [53248] | 0.0001  |   [[2, 53248]]   | bf16  |      73.71       |       73.75       |      73.81       |        2.62        | 8.52e+05 | 1.06e+05  | 2.13e+05 |        0.03%        |        0.03%         |     0.67%     |
|   4   | 53248 | [53248] | 0.0001  |   [[4, 53248]]   | bf16  |      76.07       |       76.15       |       76.2       |        3.23        | 1.70e+06 | 2.13e+05  | 4.26e+05 |        0.05%        |        0.05%         |     1.3%      |
|   8   | 53248 | [53248] | 0.0001  |   [[8, 53248]]   | bf16  |      76.17       |       76.27       |      76.38       |        4.47        | 3.41e+06 | 4.26e+05  | 8.52e+05 |        0.1%         |         0.1%         |     2.59%     |
|  16   | 53248 | [53248] | 0.0001  |  [[16, 53248]]   | bf16  |      95.79       |       96.08       |      96.21       |        6.93        | 6.82e+06 | 8.52e+05  | 1.70e+06 |        0.16%        |        0.16%         |     4.12%     |
|  32   | 53248 | [53248] | 0.0001  |  [[32, 53248]]   | bf16  |      95.28       |       95.72       |      95.99       |       11.86        | 1.36e+07 | 1.70e+06  | 3.41e+06 |        0.31%        |        0.31%         |     8.28%     |
|  64   | 53248 | [53248] | 0.0001  |  [[64, 53248]]   | bf16  |      95.83       |       95.91       |      95.96       |       21.72        | 2.73e+07 | 3.41e+06  | 6.82e+06 |        0.62%        |        0.62%         |    16.46%     |
|  128  | 53248 | [53248] | 0.0001  |  [[128, 53248]]  | bf16  |      96.23       |       96.33       |      96.41       |       41.44        | 5.45e+07 | 6.82e+06  | 1.36e+07 |        1.24%        |        1.24%         |    32.79%     |
|  256  | 53248 | [53248] | 0.0001  |  [[256, 53248]]  | bf16  |      97.99       |       98.08       |      98.18       |       80.89        | 1.09e+08 | 1.36e+07  | 2.73e+07 |        2.43%        |        2.43%         |     64.4%     |
|  512  | 53248 | [53248] | 0.0001  |  [[512, 53248]]  | bf16  |      193.21      |       194.0       |      194.8       |       159.77       | 2.18e+08 | 2.73e+07  | 5.45e+07 |        2.46%        |        2.46%         |    65.33%     |
| 1024  | 53248 | [53248] | 0.0001  | [[1024, 53248]]  | bf16  |      496.34      |      496.93       |      497.51      |       317.54       | 4.36e+08 | 5.45e+07  | 1.09e+08 |        1.92%        |        1.92%         |    50.86%     |
| 2048  | 53248 | [53248] | 0.0001  | [[2048, 53248]]  | bf16  |     1035.23      |      1037.38      |     1038.66      |       633.09       | 8.72e+08 | 1.09e+08  | 2.18e+08 |        1.84%        |        1.84%         |    48.77%     |
| 4096  | 53248 | [53248] | 0.0001  | [[4096, 53248]]  | bf16  |     2074.57      |      2078.22      |     2081.77      |      1264.17       | 1.74e+09 | 2.18e+08  | 4.36e+08 |        1.84%        |        1.84%         |    48.67%     |
| 8192  | 53248 | [53248] | 0.0001  | [[8192, 53248]]  | bf16  |     4195.06      |      4198.26      |     4202.91      |      2526.35       | 3.49e+09 | 4.36e+08  | 8.72e+08 |        1.82%        |        1.82%         |    48.14%     |
| 16384 | 53248 | [53248] | 0.0001  | [[16384, 53248]] | bf16  |     8452.24      |      8454.86      |     8456.83      |       5050.7       | 6.98e+09 | 8.72e+08  | 1.74e+09 |        1.8%         |         1.8%         |    47.79%     |
| 32768 | 53248 | [53248] | 0.0001  | [[32768, 53248]] | bf16  |     17057.9      |     17062.34      |     17066.13     |      10099.4       | 1.40e+10 | 1.74e+09  | 3.49e+09 |        1.79%        |        1.79%         |    47.36%     |
