Test Case: L40S_apex_fused_layer_norm_cuda.rms_forward
|   M   |   N   |  _val   | _val(1) |   input_shape    | dtype | duration_min(us) | duration_mean(us) | duration_max(us) | theory_latency(us) | flops_1D | flops_SFU |    io    | flops_efficiency_1D | flops_efficiency_SFU | io_efficiency |
|   1   |  32   |  [32]   | 0.0001  |    [[1, 32]]     | bf16  |       2.1        |       2.13        |       2.19       |        2.0         | 2.56e+02 | 3.20e+01  | 6.40e+01 |        0.0%         |         0.0%         |     0.01%     |
|   2   |  32   |  [32]   | 0.0001  |    [[2, 32]]     | bf16  |       2.11       |       2.13        |       2.16       |        2.0         | 5.12e+02 | 6.40e+01  | 1.28e+02 |        0.0%         |         0.0%         |     0.01%     |
|   4   |  32   |  [32]   | 0.0001  |    [[4, 32]]     | bf16  |       2.16       |       2.17        |       2.2        |        2.0         | 1.02e+03 | 1.28e+02  | 2.56e+02 |        0.0%         |         0.0%         |     0.03%     |
|   8   |  32   |  [32]   | 0.0001  |    [[8, 32]]     | bf16  |       2.13       |       2.16        |       2.2        |        2.0         | 2.05e+03 | 2.56e+02  | 5.12e+02 |        0.0%         |         0.0%         |     0.06%     |
|  16   |  32   |  [32]   | 0.0001  |    [[16, 32]]    | bf16  |       2.44       |        2.5        |       2.53       |        2.0         | 4.10e+03 | 5.12e+02  | 1.02e+03 |        0.0%         |         0.0%         |     0.1%      |
|  32   |  32   |  [32]   | 0.0001  |    [[32, 32]]    | bf16  |       2.49       |       2.52        |       2.56       |        2.01        | 8.19e+03 | 1.02e+03  | 2.05e+03 |        0.01%        |        0.01%         |     0.19%     |
|  64   |  32   |  [32]   | 0.0001  |    [[64, 32]]    | bf16  |       2.56       |       2.58        |       2.65       |        2.01        | 1.64e+04 | 2.05e+03  | 4.10e+03 |        0.01%        |        0.01%         |     0.37%     |
|  128  |  32   |  [32]   | 0.0001  |   [[128, 32]]    | bf16  |       2.68       |       2.69        |       2.7        |        2.02        | 3.28e+04 | 4.10e+03  | 8.19e+03 |        0.03%        |        0.03%         |     0.71%     |
|  256  |  32   |  [32]   | 0.0001  |   [[256, 32]]    | bf16  |       2.65       |       2.69        |       2.72       |        2.05        | 6.55e+04 | 8.19e+03  | 1.64e+04 |        0.05%        |        0.05%         |     1.43%     |
|  512  |  32   |  [32]   | 0.0001  |   [[512, 32]]    | bf16  |       2.89       |       2.93        |       3.01       |        2.09        | 1.31e+05 | 1.64e+04  | 3.28e+04 |        0.1%         |         0.1%         |     2.62%     |
| 1024  |  32   |  [32]   | 0.0001  |   [[1024, 32]]   | bf16  |       3.13       |       3.15        |       3.18       |        2.19        | 2.62e+05 | 3.28e+04  | 6.55e+04 |        0.18%        |        0.18%         |     4.85%     |
| 2048  |  32   |  [32]   | 0.0001  |   [[2048, 32]]   | bf16  |       3.48       |       3.51        |       3.53       |        2.38        | 5.24e+05 | 6.55e+04  | 1.31e+05 |        0.33%        |        0.33%         |     8.72%     |
| 4096  |  32   |  [32]   | 0.0001  |   [[4096, 32]]   | bf16  |       4.75       |       4.79        |       4.83       |        2.76        | 1.05e+06 | 1.31e+05  | 2.62e+05 |        0.48%        |        0.48%         |    12.78%     |
| 8192  |  32   |  [32]   | 0.0001  |   [[8192, 32]]   | bf16  |       7.26       |       7.31        |       7.4        |        3.52        | 2.10e+06 | 2.62e+05  | 5.24e+05 |        0.63%        |        0.63%         |    16.72%     |
| 16384 |  32   |  [32]   | 0.0001  |  [[16384, 32]]   | bf16  |      12.17       |       12.2        |      12.24       |        5.03        | 4.19e+06 | 5.24e+05  | 1.05e+06 |        0.75%        |        0.75%         |    19.94%     |
| 32768 |  32   |  [32]   | 0.0001  |  [[32768, 32]]   | bf16  |      21.96       |       22.01       |      22.03       |        8.07        | 8.39e+06 | 1.05e+06  | 2.10e+06 |        0.83%        |        0.83%         |    22.11%     |
| 65536 |  32   |  [32]   | 0.0001  |  [[65536, 32]]   | bf16  |      41.46       |       41.51       |      41.59       |       14.14        | 1.68e+07 | 2.10e+06  | 4.19e+06 |        0.88%        |        0.88%         |    23.42%     |
|   1   |  64   |  [64]   | 0.0001  |    [[1, 64]]     | bf16  |       2.1        |       2.13        |       2.17       |        2.0         | 5.12e+02 | 6.40e+01  | 1.28e+02 |        0.0%         |         0.0%         |     0.01%     |
|   2   |  64   |  [64]   | 0.0001  |    [[2, 64]]     | bf16  |       2.06       |        2.1        |       2.13       |        2.0         | 1.02e+03 | 1.28e+02  | 2.56e+02 |        0.0%         |         0.0%         |     0.03%     |
|   4   |  64   |  [64]   | 0.0001  |    [[4, 64]]     | bf16  |       2.09       |       2.14        |       2.18       |        2.0         | 2.05e+03 | 2.56e+02  | 5.12e+02 |        0.0%         |         0.0%         |     0.06%     |
|   8   |  64   |  [64]   | 0.0001  |    [[8, 64]]     | bf16  |       2.14       |       2.16        |       2.18       |        2.0         | 4.10e+03 | 5.12e+02  | 1.02e+03 |        0.0%         |         0.0%         |     0.11%     |
|  16   |  64   |  [64]   | 0.0001  |    [[16, 64]]    | bf16  |       2.49       |       2.51        |       2.53       |        2.01        | 8.19e+03 | 1.02e+03  | 2.05e+03 |        0.01%        |        0.01%         |     0.19%     |
|  32   |  64   |  [64]   | 0.0001  |    [[32, 64]]    | bf16  |       2.47       |       2.49        |       2.52       |        2.01        | 1.64e+04 | 2.05e+03  | 4.10e+03 |        0.01%        |        0.01%         |     0.38%     |
|  64   |  64   |  [64]   | 0.0001  |    [[64, 64]]    | bf16  |       2.63       |        2.7        |       2.8        |        2.02        | 3.28e+04 | 4.10e+03  | 8.19e+03 |        0.03%        |        0.03%         |     0.72%     |
|  128  |  64   |  [64]   | 0.0001  |   [[128, 64]]    | bf16  |       2.64       |       2.66        |       2.67       |        2.05        | 6.55e+04 | 8.19e+03  | 1.64e+04 |        0.05%        |        0.05%         |     1.44%     |
|  256  |  64   |  [64]   | 0.0001  |   [[256, 64]]    | bf16  |       2.64       |       2.68        |       2.75       |        2.09        | 1.31e+05 | 1.64e+04  | 3.28e+04 |        0.11%        |        0.11%         |     2.87%     |
|  512  |  64   |  [64]   | 0.0001  |   [[512, 64]]    | bf16  |       2.89       |       2.92        |       2.94       |        2.19        | 2.62e+05 | 3.28e+04  | 6.55e+04 |        0.2%         |         0.2%         |     5.25%     |
| 1024  |  64   |  [64]   | 0.0001  |   [[1024, 64]]   | bf16  |       3.11       |       3.14        |       3.17       |        2.38        | 5.24e+05 | 6.55e+04  | 1.31e+05 |        0.37%        |        0.37%         |     9.76%     |
| 2048  |  64   |  [64]   | 0.0001  |   [[2048, 64]]   | bf16  |       3.5        |       3.54        |       3.6        |        2.76        | 1.05e+06 | 1.31e+05  | 2.62e+05 |        0.65%        |        0.65%         |    17.34%     |
| 4096  |  64   |  [64]   | 0.0001  |   [[4096, 64]]   | bf16  |       4.76       |        4.8        |       4.85       |        3.52        | 2.10e+06 | 2.62e+05  | 5.24e+05 |        0.96%        |        0.96%         |     25.5%     |
| 8192  |  64   |  [64]   | 0.0001  |   [[8192, 64]]   | bf16  |       7.29       |       7.32        |       7.34       |        5.03        | 4.19e+06 | 5.24e+05  | 1.05e+06 |        1.26%        |        1.26%         |     33.3%     |
| 16384 |  64   |  [64]   | 0.0001  |  [[16384, 64]]   | bf16  |      12.21       |       12.26       |      12.31       |        8.07        | 8.39e+06 | 1.05e+06  | 2.10e+06 |        1.5%         |         1.5%         |    39.76%     |
| 32768 |  64   |  [64]   | 0.0001  |  [[32768, 64]]   | bf16  |      22.03       |       22.09       |      22.17       |       14.14        | 1.68e+07 | 2.10e+06  | 4.19e+06 |        1.66%        |        1.66%         |    44.07%     |
| 65536 |  64   |  [64]   | 0.0001  |  [[65536, 64]]   | bf16  |      41.51       |       41.56       |       41.6       |       26.27        | 3.36e+07 | 4.19e+06  | 8.39e+06 |        1.76%        |        1.76%         |    46.78%     |
|   1   |  128  |  [128]  | 0.0001  |    [[1, 128]]    | bf16  |       2.05       |       2.07        |       2.08       |        2.0         | 1.02e+03 | 1.28e+02  | 2.56e+02 |        0.0%         |         0.0%         |     0.03%     |
|   2   |  128  |  [128]  | 0.0001  |    [[2, 128]]    | bf16  |       2.09       |        2.1        |       2.12       |        2.0         | 2.05e+03 | 2.56e+02  | 5.12e+02 |        0.0%         |         0.0%         |     0.06%     |
|   4   |  128  |  [128]  | 0.0001  |    [[4, 128]]    | bf16  |       2.12       |       2.14        |       2.19       |        2.0         | 4.10e+03 | 5.12e+02  | 1.02e+03 |        0.0%         |         0.0%         |     0.11%     |
|   8   |  128  |  [128]  | 0.0001  |    [[8, 128]]    | bf16  |       2.45       |       2.51        |       2.55       |        2.01        | 8.19e+03 | 1.02e+03  | 2.05e+03 |        0.01%        |        0.01%         |     0.19%     |
|  16   |  128  |  [128]  | 0.0001  |   [[16, 128]]    | bf16  |       2.46       |        2.5        |       2.54       |        2.01        | 1.64e+04 | 2.05e+03  | 4.10e+03 |        0.01%        |        0.01%         |     0.39%     |
|  32   |  128  |  [128]  | 0.0001  |   [[32, 128]]    | bf16  |       2.45       |       2.48        |       2.51       |        2.02        | 3.28e+04 | 4.10e+03  | 8.19e+03 |        0.03%        |        0.03%         |     0.77%     |
|  64   |  128  |  [128]  | 0.0001  |   [[64, 128]]    | bf16  |       2.51       |       2.54        |       2.56       |        2.05        | 6.55e+04 | 8.19e+03  | 1.64e+04 |        0.06%        |        0.06%         |     1.51%     |
|  128  |  128  |  [128]  | 0.0001  |   [[128, 128]]   | bf16  |       2.64       |       2.65        |       2.68       |        2.09        | 1.31e+05 | 1.64e+04  | 3.28e+04 |        0.11%        |        0.11%         |     2.87%     |
|  256  |  128  |  [128]  | 0.0001  |   [[256, 128]]   | bf16  |       2.66       |       2.68        |       2.72       |        2.19        | 2.62e+05 | 3.28e+04  | 6.55e+04 |        0.22%        |        0.22%         |     5.7%      |
|  512  |  128  |  [128]  | 0.0001  |   [[512, 128]]   | bf16  |       2.86       |        2.9        |       2.94       |        2.38        | 5.24e+05 | 6.55e+04  | 1.31e+05 |        0.4%         |         0.4%         |    10.61%     |
| 1024  |  128  |  [128]  | 0.0001  |  [[1024, 128]]   | bf16  |       3.13       |       3.16        |       3.18       |        2.76        | 1.05e+06 | 1.31e+05  | 2.62e+05 |        0.73%        |        0.73%         |    19.39%     |
| 2048  |  128  |  [128]  | 0.0001  |  [[2048, 128]]   | bf16  |       3.49       |       3.52        |       3.55       |        3.52        | 2.10e+06 | 2.62e+05  | 5.24e+05 |        1.31%        |        1.31%         |    34.77%     |
| 4096  |  128  |  [128]  | 0.0001  |  [[4096, 128]]   | bf16  |       4.78       |       4.82        |       4.86       |        5.03        | 4.19e+06 | 5.24e+05  | 1.05e+06 |        1.92%        |        1.92%         |    50.78%     |
| 8192  |  128  |  [128]  | 0.0001  |  [[8192, 128]]   | bf16  |       7.52       |       7.64        |       7.76       |        8.07        | 8.39e+06 | 1.05e+06  | 2.10e+06 |        2.44%        |        2.44%         |    64.55%     |
| 16384 |  128  |  [128]  | 0.0001  |  [[16384, 128]]  | bf16  |      12.35       |       12.37       |       12.4       |       14.14        | 1.68e+07 | 2.10e+06  | 4.19e+06 |        2.97%        |        2.97%         |    78.62%     |
| 32768 |  128  |  [128]  | 0.0001  |  [[32768, 128]]  | bf16  |      22.13       |       22.18       |      22.26       |       26.27        | 3.36e+07 | 4.19e+06  | 8.39e+06 |        3.31%        |        3.31%         |    87.75%     |
| 65536 |  128  |  [128]  | 0.0001  |  [[65536, 128]]  | bf16  |      41.65       |       41.7        |      41.72       |       50.55        | 6.71e+07 | 8.39e+06  | 1.68e+07 |        3.52%        |        3.52%         |    93.24%     |
|   1   |  192  |  [192]  | 0.0001  |    [[1, 192]]    | bf16  |       2.12       |       2.15        |       2.17       |        2.0         | 1.54e+03 | 1.92e+02  | 3.84e+02 |        0.0%         |         0.0%         |     0.04%     |
|   2   |  192  |  [192]  | 0.0001  |    [[2, 192]]    | bf16  |       2.12       |       2.16        |       2.18       |        2.0         | 3.07e+03 | 3.84e+02  | 7.68e+02 |        0.0%         |         0.0%         |     0.08%     |
|   4   |  192  |  [192]  | 0.0001  |    [[4, 192]]    | bf16  |       2.46       |       2.51        |       2.54       |        2.0         | 6.14e+03 | 7.68e+02  | 1.54e+03 |        0.01%        |        0.01%         |     0.14%     |
|   8   |  192  |  [192]  | 0.0001  |    [[8, 192]]    | bf16  |       2.17       |        2.2        |       2.27       |        2.01        | 1.23e+04 | 1.54e+03  | 3.07e+03 |        0.01%        |        0.01%         |     0.33%     |
|  16   |  192  |  [192]  | 0.0001  |   [[16, 192]]    | bf16  |       2.55       |       2.57        |       2.6        |        2.02        | 2.46e+04 | 3.07e+03  | 6.14e+03 |        0.02%        |        0.02%         |     0.56%     |
|  32   |  192  |  [192]  | 0.0001  |   [[32, 192]]    | bf16  |       2.53       |       2.54        |       2.55       |        2.04        | 4.92e+04 | 6.14e+03  | 1.23e+04 |        0.04%        |        0.04%         |     1.12%     |
|  64   |  192  |  [192]  | 0.0001  |   [[64, 192]]    | bf16  |       2.59       |       2.62        |       2.66       |        2.07        | 9.83e+04 | 1.23e+04  | 2.46e+04 |        0.08%        |        0.08%         |     2.2%      |
|  128  |  192  |  [192]  | 0.0001  |   [[128, 192]]   | bf16  |       2.69       |       2.71        |       2.72       |        2.14        | 1.97e+05 | 2.46e+04  | 4.92e+04 |        0.16%        |        0.16%         |     4.23%     |
|  256  |  192  |  [192]  | 0.0001  |   [[256, 192]]   | bf16  |       2.7        |       2.72        |       2.74       |        2.28        | 3.93e+05 | 4.92e+04  | 9.83e+04 |        0.32%        |        0.32%         |     8.43%     |
|  512  |  192  |  [192]  | 0.0001  |   [[512, 192]]   | bf16  |       2.98       |       3.12        |       3.32       |        2.57        | 7.86e+05 | 9.83e+04  | 1.97e+05 |        0.58%        |        0.58%         |    15.27%     |
| 1024  |  192  |  [192]  | 0.0001  |  [[1024, 192]]   | bf16  |       3.3        |       3.32        |       3.36       |        3.14        | 1.57e+06 | 1.97e+05  | 3.93e+05 |        1.04%        |        1.04%         |    27.58%     |
| 2048  |  192  |  [192]  | 0.0001  |  [[2048, 192]]   | bf16  |       3.65       |       3.67        |       3.69       |        4.28        | 3.15e+06 | 3.93e+05  | 7.86e+05 |        1.88%        |        1.88%         |    49.88%     |
| 4096  |  192  |  [192]  | 0.0001  |  [[4096, 192]]   | bf16  |       4.95       |       4.97        |       5.01       |        6.55        | 6.29e+06 | 7.86e+05  | 1.57e+06 |        2.78%        |        2.78%         |    73.55%     |
| 8192  |  192  |  [192]  | 0.0001  |  [[8192, 192]]   | bf16  |       7.62       |       7.67        |       7.69       |        11.1        | 1.26e+07 | 1.57e+06  | 3.15e+06 |        3.61%        |        3.61%         |    95.56%     |
| 16384 |  192  |  [192]  | 0.0001  |  [[16384, 192]]  | bf16  |      12.58       |       12.63       |      12.69       |        20.2        | 2.52e+07 | 3.15e+06  | 6.29e+06 |        4.37%        |        4.37%         |    115.77%    |
| 32768 |  192  |  [192]  | 0.0001  |  [[32768, 192]]  | bf16  |      22.48       |       22.51       |      22.55       |       38.41        | 5.03e+07 | 6.29e+06  | 1.26e+07 |        4.89%        |        4.89%         |    129.57%    |
| 65536 |  192  |  [192]  | 0.0001  |  [[65536, 192]]  | bf16  |      45.12       |       45.24       |      45.31       |       74.82        | 1.01e+08 | 1.26e+07  | 2.52e+07 |        4.87%        |        4.87%         |    129.11%    |
|   1   | 3072  | [3072]  | 0.0001  |   [[1, 3072]]    | bf16  |       3.55       |       3.57        |       3.6        |        2.02        | 2.46e+04 | 3.07e+03  | 6.14e+03 |        0.02%        |        0.02%         |     0.4%      |
|   2   | 3072  | [3072]  | 0.0001  |   [[2, 3072]]    | bf16  |       3.63       |       3.65        |       3.72       |        2.04        | 4.92e+04 | 6.14e+03  | 1.23e+04 |        0.03%        |        0.03%         |     0.78%     |
|   4   | 3072  | [3072]  | 0.0001  |   [[4, 3072]]    | bf16  |       3.62       |       3.65        |       3.69       |        2.07        | 9.83e+04 | 1.23e+04  | 2.46e+04 |        0.06%        |        0.06%         |     1.57%     |
|   8   | 3072  | [3072]  | 0.0001  |   [[8, 3072]]    | bf16  |       3.66       |       3.69        |       3.74       |        2.14        | 1.97e+05 | 2.46e+04  | 4.92e+04 |        0.12%        |        0.12%         |     3.11%     |
|  16   | 3072  | [3072]  | 0.0001  |   [[16, 3072]]   | bf16  |       4.59       |       4.62        |       4.67       |        2.28        | 3.93e+05 | 4.92e+04  | 9.83e+04 |        0.19%        |        0.19%         |     4.96%     |
|  32   | 3072  | [3072]  | 0.0001  |   [[32, 3072]]   | bf16  |       4.6        |       4.63        |       4.64       |        2.57        | 7.86e+05 | 9.83e+04  | 1.97e+05 |        0.37%        |        0.37%         |     9.89%     |
|  64   | 3072  | [3072]  | 0.0001  |   [[64, 3072]]   | bf16  |       4.68       |        4.7        |       4.72       |        3.14        | 1.57e+06 | 1.97e+05  | 3.93e+05 |        0.73%        |        0.73%         |    19.45%     |
|  128  | 3072  | [3072]  | 0.0001  |  [[128, 3072]]   | bf16  |       5.05       |       5.16        |       5.22       |        4.28        | 3.15e+06 | 3.93e+05  | 7.86e+05 |        1.36%        |        1.36%         |    36.05%     |
|  256  | 3072  | [3072]  | 0.0001  |  [[256, 3072]]   | bf16  |       4.83       |       4.85        |       4.9        |        6.55        | 6.29e+06 | 7.86e+05  | 1.57e+06 |        2.84%        |        2.84%         |    75.38%     |
|  512  | 3072  | [3072]  | 0.0001  |  [[512, 3072]]   | bf16  |       5.42       |       5.45        |       5.46       |        11.1        | 1.26e+07 | 1.57e+06  | 3.15e+06 |        5.07%        |        5.07%         |    134.35%    |
| 1024  | 3072  | [3072]  | 0.0001  |  [[1024, 3072]]  | bf16  |       8.52       |       8.61        |       8.67       |        20.2        | 2.52e+07 | 3.15e+06  | 6.29e+06 |        6.45%        |        6.45%         |    170.93%    |
| 2048  | 3072  | [3072]  | 0.0001  |  [[2048, 3072]]  | bf16  |      11.82       |       11.86       |      11.95       |       38.41        | 5.03e+07 | 6.29e+06  | 1.26e+07 |        9.3%         |         9.3%         |    246.42%    |
| 4096  | 3072  | [3072]  | 0.0001  |  [[4096, 3072]]  | bf16  |      20.89       |       20.92       |      20.96       |       74.82        | 1.01e+08 | 1.26e+07  | 2.52e+07 |       10.52%        |        10.52%        |    278.86%    |
| 8192  | 3072  | [3072]  | 0.0001  |  [[8192, 3072]]  | bf16  |      141.74      |      142.39       |      142.63      |       147.64       | 2.01e+08 | 2.52e+07  | 5.03e+07 |        3.1%         |         3.1%         |     82.2%     |
| 16384 | 3072  | [3072]  | 0.0001  | [[16384, 3072]]  | bf16  |      310.35      |      311.88       |      312.69      |       293.27       | 4.03e+08 | 5.03e+07  | 1.01e+08 |        2.83%        |        2.83%         |    75.08%     |
| 32768 | 3072  | [3072]  | 0.0001  | [[32768, 3072]]  | bf16  |      623.05      |      625.76       |      626.76      |       584.54       | 8.05e+08 | 1.01e+08  | 2.01e+08 |        2.82%        |        2.82%         |     74.8%     |
| 65536 | 3072  | [3072]  | 0.0001  | [[65536, 3072]]  | bf16  |     1244.25      |      1246.45      |      1247.4      |      1167.08       | 1.61e+09 | 2.01e+08  | 4.03e+08 |        2.83%        |        2.83%         |    74.91%     |
|   1   | 6144  | [6144]  | 0.0001  |   [[1, 6144]]    | bf16  |       5.17       |       5.22        |       5.26       |        2.04        | 4.92e+04 | 6.14e+03  | 1.23e+04 |        0.02%        |        0.02%         |     0.55%     |
|   2   | 6144  | [6144]  | 0.0001  |   [[2, 6144]]    | bf16  |       5.26       |        5.3        |       5.33       |        2.07        | 9.83e+04 | 1.23e+04  | 2.46e+04 |        0.04%        |        0.04%         |     1.08%     |
|   4   | 6144  | [6144]  | 0.0001  |   [[4, 6144]]    | bf16  |       5.33       |       5.35        |       5.37       |        2.14        | 1.97e+05 | 2.46e+04  | 4.92e+04 |        0.08%        |        0.08%         |     2.13%     |
|   8   | 6144  | [6144]  | 0.0001  |   [[8, 6144]]    | bf16  |       5.34       |       5.37        |       5.38       |        2.28        | 3.93e+05 | 4.92e+04  | 9.83e+04 |        0.16%        |        0.16%         |     4.26%     |
|  16   | 6144  | [6144]  | 0.0001  |   [[16, 6144]]   | bf16  |       6.9        |       6.93        |       6.95       |        2.57        | 7.86e+05 | 9.83e+04  | 1.97e+05 |        0.25%        |        0.25%         |     6.6%      |
|  32   | 6144  | [6144]  | 0.0001  |   [[32, 6144]]   | bf16  |       6.9        |       6.94        |       6.97       |        3.14        | 1.57e+06 | 1.97e+05  | 3.93e+05 |        0.5%         |         0.5%         |    13.19%     |
|  64   | 6144  | [6144]  | 0.0001  |   [[64, 6144]]   | bf16  |       6.97       |        7.0        |       7.04       |        4.28        | 3.15e+06 | 3.93e+05  | 7.86e+05 |        0.99%        |        0.99%         |    26.12%     |
|  128  | 6144  | [6144]  | 0.0001  |  [[128, 6144]]   | bf16  |       7.04       |       7.08        |       7.15       |        6.55        | 6.29e+06 | 7.86e+05  | 1.57e+06 |        1.95%        |        1.95%         |    51.72%     |
|  256  | 6144  | [6144]  | 0.0001  |  [[256, 6144]]   | bf16  |       7.63       |       7.67        |       7.72       |        11.1        | 1.26e+07 | 1.57e+06  | 3.15e+06 |        3.6%         |         3.6%         |    95.44%     |
|  512  | 6144  | [6144]  | 0.0001  |  [[512, 6144]]   | bf16  |       9.71       |       9.73        |       9.75       |        20.2        | 2.52e+07 | 3.15e+06  | 6.29e+06 |        5.66%        |        5.66%         |    149.99%    |
| 1024  | 6144  | [6144]  | 0.0001  |  [[1024, 6144]]  | bf16  |      15.17       |       15.26       |      15.31       |       38.41        | 5.03e+07 | 6.29e+06  | 1.26e+07 |        7.24%        |        7.24%         |    192.0%     |
| 2048  | 6144  | [6144]  | 0.0001  |  [[2048, 6144]]  | bf16  |      25.01       |       25.07       |      25.12       |       74.82        | 1.01e+08 | 1.26e+07  | 2.52e+07 |        8.79%        |        8.79%         |    232.92%    |
| 4096  | 6144  | [6144]  | 0.0001  |  [[4096, 6144]]  | bf16  |      132.72      |      134.81       |      135.35      |       147.64       | 2.01e+08 | 2.52e+07  | 5.03e+07 |        3.31%        |        3.31%         |    87.79%     |
| 8192  | 6144  | [6144]  | 0.0001  |  [[8192, 6144]]  | bf16  |      308.67      |      309.03       |      309.36      |       293.27       | 4.03e+08 | 5.03e+07  | 1.01e+08 |        2.85%        |        2.85%         |    75.49%     |
| 16384 | 6144  | [6144]  | 0.0001  | [[16384, 6144]]  | bf16  |      615.86      |      616.37       |      616.77      |       584.54       | 8.05e+08 | 1.01e+08  | 2.01e+08 |        2.86%        |        2.86%         |    75.67%     |
| 32768 | 6144  | [6144]  | 0.0001  | [[32768, 6144]]  | bf16  |     1236.62      |      1237.2       |     1237.83      |      1167.08       | 1.61e+09 | 2.01e+08  | 4.03e+08 |        2.84%        |        2.84%         |    75.37%     |
| 65536 | 6144  | [6144]  | 0.0001  | [[65536, 6144]]  | bf16  |     2456.19      |      2457.27      |     2458.29      |      2332.17       | 3.22e+09 | 4.03e+08  | 8.05e+08 |        2.86%        |        2.86%         |     75.9%     |
|   1   | 8192  | [8192]  | 0.0001  |   [[1, 8192]]    | bf16  |       6.23       |       6.27        |       6.32       |        2.05        | 6.55e+04 | 8.19e+03  | 1.64e+04 |        0.02%        |        0.02%         |     0.61%     |
|   2   | 8192  | [8192]  | 0.0001  |   [[2, 8192]]    | bf16  |       6.39       |       6.41        |       6.44       |        2.09        | 1.31e+05 | 1.64e+04  | 3.28e+04 |        0.04%        |        0.04%         |     1.19%     |
|   4   | 8192  | [8192]  | 0.0001  |   [[4, 8192]]    | bf16  |       6.46       |       6.51        |       6.56       |        2.19        | 2.62e+05 | 3.28e+04  | 6.55e+04 |        0.09%        |        0.09%         |     2.35%     |
|   8   | 8192  | [8192]  | 0.0001  |   [[8, 8192]]    | bf16  |       6.48       |        6.5        |       6.52       |        2.38        | 5.24e+05 | 6.55e+04  | 1.31e+05 |        0.18%        |        0.18%         |     4.68%     |
|  16   | 8192  | [8192]  | 0.0001  |   [[16, 8192]]   | bf16  |       8.46       |        8.5        |       8.54       |        2.76        | 1.05e+06 | 1.31e+05  | 2.62e+05 |        0.27%        |        0.27%         |     7.17%     |
|  32   | 8192  | [8192]  | 0.0001  |   [[32, 8192]]   | bf16  |       8.45       |       8.48        |       8.5        |        3.52        | 2.10e+06 | 2.62e+05  | 5.24e+05 |        0.54%        |        0.54%         |    14.36%     |
|  64   | 8192  | [8192]  | 0.0001  |   [[64, 8192]]   | bf16  |       8.53       |       8.57        |       8.59       |        5.03        | 4.19e+06 | 5.24e+05  | 1.05e+06 |        1.07%        |        1.07%         |    28.46%     |
|  128  | 8192  | [8192]  | 0.0001  |  [[128, 8192]]   | bf16  |       8.56       |       8.57        |       8.59       |        8.07        | 8.39e+06 | 1.05e+06  | 2.10e+06 |        2.14%        |        2.14%         |    56.71%     |
|  256  | 8192  | [8192]  | 0.0001  |  [[256, 8192]]   | bf16  |       8.81       |       8.87        |       8.94       |       14.14        | 1.68e+07 | 2.10e+06  | 4.19e+06 |        4.16%        |        4.16%         |    110.2%     |
|  512  | 8192  | [8192]  | 0.0001  |  [[512, 8192]]   | bf16  |      13.97       |       14.07       |      14.12       |       26.27        | 3.36e+07 | 4.19e+06  | 8.39e+06 |        5.24%        |        5.24%         |    139.0%     |
| 1024  | 8192  | [8192]  | 0.0001  |  [[1024, 8192]]  | bf16  |      19.15       |       19.23       |      19.31       |       50.55        | 6.71e+07 | 8.39e+06  | 1.68e+07 |        7.65%        |        7.65%         |    202.8%     |
| 2048  | 8192  | [8192]  | 0.0001  |  [[2048, 8192]]  | bf16  |      44.97       |       45.22       |      45.38       |       99.09        | 1.34e+08 | 1.68e+07  | 3.36e+07 |        6.52%        |        6.52%         |    172.72%    |
| 4096  | 8192  | [8192]  | 0.0001  |  [[4096, 8192]]  | bf16  |      203.92      |       205.0       |      205.55      |       196.18       | 2.68e+08 | 3.36e+07  | 6.71e+07 |        2.87%        |        2.87%         |    76.18%     |
| 8192  | 8192  | [8192]  | 0.0001  |  [[8192, 8192]]  | bf16  |      417.63      |      419.44       |      420.56      |       390.36       | 5.37e+08 | 6.71e+07  | 1.34e+08 |        2.81%        |        2.81%         |    74.39%     |
| 16384 | 8192  | [8192]  | 0.0001  | [[16384, 8192]]  | bf16  |      839.38      |      840.31       |      841.15      |       778.72       | 1.07e+09 | 1.34e+08  | 2.68e+08 |        2.79%        |        2.79%         |    74.03%     |
| 32768 | 8192  | [8192]  | 0.0001  | [[32768, 8192]]  | bf16  |     1683.57      |      1684.28      |     1684.92      |      1555.45       | 2.15e+09 | 2.68e+08  | 5.37e+08 |        2.79%        |        2.79%         |    73.82%     |
| 65536 | 8192  | [8192]  | 0.0001  | [[65536, 8192]]  | bf16  |     3372.46      |      3373.88      |     3375.09      |      3108.89       | 4.29e+09 | 5.37e+08  | 1.07e+09 |        2.78%        |        2.78%         |     73.7%     |
|   1   | 13824 | [13824] | 0.0001  |   [[1, 13824]]   | bf16  |       9.24       |       9.27        |       9.29       |        2.08        | 1.11e+05 | 1.38e+04  | 2.76e+04 |        0.03%        |        0.03%         |     0.69%     |
|   2   | 13824 | [13824] | 0.0001  |   [[2, 13824]]   | bf16  |       9.42       |       9.46        |       9.5        |        2.16        | 2.21e+05 | 2.76e+04  | 5.53e+04 |        0.05%        |        0.05%         |     1.36%     |
|   4   | 13824 | [13824] | 0.0001  |   [[4, 13824]]   | bf16  |       9.56       |       9.59        |       9.63       |        2.32        | 4.42e+05 | 5.53e+04  | 1.11e+05 |        0.1%         |         0.1%         |     2.68%     |
|   8   | 13824 | [13824] | 0.0001  |   [[8, 13824]]   | bf16  |       9.54       |       9.56        |       9.59       |        2.64        | 8.85e+05 | 1.11e+05  | 2.21e+05 |        0.2%         |         0.2%         |     5.37%     |
|  16   | 13824 | [13824] | 0.0001  |  [[16, 13824]]   | bf16  |      12.74       |       12.82       |      12.99       |        3.28        | 1.77e+06 | 2.21e+05  | 4.42e+05 |        0.3%         |         0.3%         |     8.04%     |
|  32   | 13824 | [13824] | 0.0001  |  [[32, 13824]]   | bf16  |      12.67       |       12.7        |      12.77       |        4.56        | 3.54e+06 | 4.42e+05  | 8.85e+05 |        0.61%        |        0.61%         |    16.16%     |
|  64   | 13824 | [13824] | 0.0001  |  [[64, 13824]]   | bf16  |      12.73       |       12.77       |       12.8       |        7.12        | 7.08e+06 | 8.85e+05  | 1.77e+06 |        1.21%        |        1.21%         |    32.18%     |
|  128  | 13824 | [13824] | 0.0001  |  [[128, 13824]]  | bf16  |      12.76       |       12.8        |      12.83       |       12.24        | 1.42e+07 | 1.77e+06  | 3.54e+06 |        2.42%        |        2.42%         |     64.2%     |
|  256  | 13824 | [13824] | 0.0001  |  [[256, 13824]]  | bf16  |      15.82       |       15.88       |      15.95       |       22.48        | 2.83e+07 | 3.54e+06  | 7.08e+06 |        3.91%        |        3.91%         |    103.57%    |
|  512  | 13824 | [13824] | 0.0001  |  [[512, 13824]]  | bf16  |      26.88       |       26.93       |      26.98       |       42.96        | 5.66e+07 | 7.08e+06  | 1.42e+07 |        4.6%         |         4.6%         |    121.9%     |
| 1024  | 13824 | [13824] | 0.0001  | [[1024, 13824]]  | bf16  |      31.37       |       31.4        |      31.47       |       83.92        | 1.13e+08 | 1.42e+07  | 2.83e+07 |        7.88%        |        7.88%         |    208.91%    |
| 2048  | 13824 | [13824] | 0.0001  | [[2048, 13824]]  | bf16  |      177.86      |      178.84       |      180.04      |       165.84       | 2.26e+08 | 2.83e+07  | 5.66e+07 |        2.78%        |        2.78%         |    73.69%     |
| 4096  | 13824 | [13824] | 0.0001  | [[4096, 13824]]  | bf16  |      404.43      |      406.27       |      407.71      |       329.68       | 4.53e+08 | 5.66e+07  | 1.13e+08 |        2.45%        |        2.45%         |    64.82%     |
| 8192  | 13824 | [13824] | 0.0001  | [[8192, 13824]]  | bf16  |      837.53      |      838.74       |      839.65      |       657.36       | 9.06e+08 | 1.13e+08  | 2.26e+08 |        2.36%        |        2.36%         |     62.6%     |
| 16384 | 13824 | [13824] | 0.0001  | [[16384, 13824]] | bf16  |     1703.62      |      1708.46      |      1710.9      |      1312.72       | 1.81e+09 | 2.26e+08  | 4.53e+08 |        2.32%        |        2.32%         |    61.55%     |
| 32768 | 13824 | [13824] | 0.0001  | [[32768, 13824]] | bf16  |     3431.24      |      3434.48      |     3436.78      |      2623.44       | 3.62e+09 | 4.53e+08  | 9.06e+08 |        2.31%        |        2.31%         |    61.12%     |
| 65536 | 13824 | [13824] | 0.0001  | [[65536, 13824]] | bf16  |     6888.25      |      6893.08      |     6896.28      |      5244.88       | 7.25e+09 | 9.06e+08  | 1.81e+09 |        2.3%         |         2.3%         |    60.89%     |
|   1   | 16384 | [16384] | 0.0001  |   [[1, 16384]]   | bf16  |      10.59       |       10.62       |      10.66       |        2.09        | 1.31e+05 | 1.64e+04  | 3.28e+04 |        0.03%        |        0.03%         |     0.72%     |
|   2   | 16384 | [16384] | 0.0001  |   [[2, 16384]]   | bf16  |      10.75       |       10.78       |      10.81       |        2.19        | 2.62e+05 | 3.28e+04  | 6.55e+04 |        0.05%        |        0.05%         |     1.41%     |
|   4   | 16384 | [16384] | 0.0001  |   [[4, 16384]]   | bf16  |      10.95       |       10.99       |      11.04       |        2.38        | 5.24e+05 | 6.55e+04  | 1.31e+05 |        0.1%         |         0.1%         |     2.77%     |
|   8   | 16384 | [16384] | 0.0001  |   [[8, 16384]]   | bf16  |      10.96       |       10.98       |      11.03       |        2.76        | 1.05e+06 | 1.31e+05  | 2.62e+05 |        0.21%        |        0.21%         |     5.54%     |
|  16   | 16384 | [16384] | 0.0001  |  [[16, 16384]]   | bf16  |      14.63       |       14.66       |      14.72       |        3.52        | 2.10e+06 | 2.62e+05  | 5.24e+05 |        0.31%        |        0.31%         |     8.3%      |
|  32   | 16384 | [16384] | 0.0001  |  [[32, 16384]]   | bf16  |      14.66       |       14.68       |      14.73       |        5.03        | 4.19e+06 | 5.24e+05  | 1.05e+06 |        0.62%        |        0.62%         |    16.56%     |
|  64   | 16384 | [16384] | 0.0001  |  [[64, 16384]]   | bf16  |      14.69       |       14.73       |      14.78       |        8.07        | 8.39e+06 | 1.05e+06  | 2.10e+06 |        1.25%        |        1.25%         |    33.05%     |
|  128  | 16384 | [16384] | 0.0001  |  [[128, 16384]]  | bf16  |      14.71       |       14.74       |      14.79       |       14.14        | 1.68e+07 | 2.10e+06  | 4.19e+06 |        2.49%        |        2.49%         |     66.0%     |
|  256  | 16384 | [16384] | 0.0001  |  [[256, 16384]]  | bf16  |      21.65       |       21.74       |      21.82       |       26.27        | 3.36e+07 | 4.19e+06  | 8.39e+06 |        3.38%        |        3.38%         |    89.69%     |
|  512  | 16384 | [16384] | 0.0001  |  [[512, 16384]]  | bf16  |      31.56       |       31.6        |      31.64       |       50.55        | 6.71e+07 | 8.39e+06  | 1.68e+07 |        4.64%        |        4.64%         |    123.05%    |
| 1024  | 16384 | [16384] | 0.0001  | [[1024, 16384]]  | bf16  |      57.66       |       57.96       |      58.64       |       99.09        | 1.34e+08 | 1.68e+07  | 3.36e+07 |        5.08%        |        5.08%         |    134.71%    |
| 2048  | 16384 | [16384] | 0.0001  | [[2048, 16384]]  | bf16  |      240.6       |      241.48       |      242.52      |       196.18       | 2.68e+08 | 3.36e+07  | 6.71e+07 |        2.44%        |        2.44%         |    64.57%     |
| 4096  | 16384 | [16384] | 0.0001  | [[4096, 16384]]  | bf16  |      523.23      |      526.12       |      527.51      |       390.36       | 5.37e+08 | 6.71e+07  | 1.34e+08 |        2.24%        |        2.24%         |    59.38%     |
| 8192  | 16384 | [16384] | 0.0001  | [[8192, 16384]]  | bf16  |     1067.41      |      1071.58      |     1073.28      |       778.72       | 1.07e+09 | 1.34e+08  | 2.68e+08 |        2.2%         |         2.2%         |    58.21%     |
| 16384 | 16384 | [16384] | 0.0001  | [[16384, 16384]] | bf16  |     2161.16      |      2163.8       |      2165.4      |      1555.45       | 2.15e+09 | 2.68e+08  | 5.37e+08 |        2.17%        |        2.17%         |     57.5%     |
| 32768 | 16384 | [16384] | 0.0001  | [[32768, 16384]] | bf16  |     4338.66      |      4340.49      |     4343.02      |      3108.89       | 4.29e+09 | 5.37e+08  | 1.07e+09 |        2.16%        |        2.16%         |    57.29%     |
| 65536 | 16384 | [16384] | 0.0001  | [[65536, 16384]] | bf16  |     8680.33      |      8683.08      |     8686.78      |      6215.78       | 8.59e+09 | 1.07e+09  | 2.15e+09 |        2.16%        |        2.16%         |    57.27%     |
|   1   | 18432 | [18432] | 0.0001  |   [[1, 18432]]   | bf16  |      11.68       |       11.72       |      11.77       |        2.11        | 1.47e+05 | 1.84e+04  | 3.69e+04 |        0.03%        |        0.03%         |     0.73%     |
|   2   | 18432 | [18432] | 0.0001  |   [[2, 18432]]   | bf16  |      11.92       |       11.95       |      11.98       |        2.21        | 2.95e+05 | 3.69e+04  | 7.37e+04 |        0.05%        |        0.05%         |     1.43%     |
|   4   | 18432 | [18432] | 0.0001  |   [[4, 18432]]   | bf16  |      12.13       |       12.14       |      12.19       |        2.43        | 5.90e+05 | 7.37e+04  | 1.47e+05 |        0.11%        |        0.11%         |     2.81%     |
|   8   | 18432 | [18432] | 0.0001  |   [[8, 18432]]   | bf16  |      12.12       |       12.14       |      12.15       |        2.85        | 1.18e+06 | 1.47e+05  | 2.95e+05 |        0.21%        |        0.21%         |     5.63%     |
|  16   | 18432 | [18432] | 0.0001  |  [[16, 18432]]   | bf16  |      16.17       |       16.19       |      16.22       |        3.71        | 2.36e+06 | 2.95e+05  | 5.90e+05 |        0.32%        |        0.32%         |     8.44%     |
|  32   | 18432 | [18432] | 0.0001  |  [[32, 18432]]   | bf16  |      16.13       |       16.17       |      16.24       |        5.41        | 4.72e+06 | 5.90e+05  | 1.18e+06 |        0.64%        |        0.64%         |    16.93%     |
|  64   | 18432 | [18432] | 0.0001  |  [[64, 18432]]   | bf16  |      16.23       |       16.25       |       16.3       |        8.83        | 9.44e+06 | 1.18e+06  | 2.36e+06 |        1.27%        |        1.27%         |    33.65%     |
|  128  | 18432 | [18432] | 0.0001  |  [[128, 18432]]  | bf16  |      16.28       |       16.3        |      16.33       |       15.65        | 1.89e+07 | 2.36e+06  | 4.72e+06 |        2.53%        |        2.53%         |    67.09%     |
|  256  | 18432 | [18432] | 0.0001  |  [[256, 18432]]  | bf16  |      27.43       |       27.52       |      27.62       |       29.31        | 3.77e+07 | 4.72e+06  | 9.44e+06 |        3.0%         |         3.0%         |    79.64%     |
|  512  | 18432 | [18432] | 0.0001  |  [[512, 18432]]  | bf16  |      35.44       |       35.52       |      35.56       |       56.61        | 7.55e+07 | 9.44e+06  | 1.89e+07 |        4.65%        |        4.65%         |    123.28%    |
| 1024  | 18432 | [18432] | 0.0001  | [[1024, 18432]]  | bf16  |      86.59       |       87.28       |       87.9       |       111.23       | 1.51e+08 | 1.89e+07  | 3.77e+07 |        3.81%        |        3.81%         |    100.91%    |
| 2048  | 18432 | [18432] | 0.0001  | [[2048, 18432]]  | bf16  |      295.78      |      297.17       |      297.95      |       220.45       | 3.02e+08 | 3.77e+07  | 7.55e+07 |        2.23%        |        2.23%         |    59.09%     |
| 4096  | 18432 | [18432] | 0.0001  | [[4096, 18432]]  | bf16  |      621.56      |      625.34       |      626.77      |       438.91       | 6.04e+08 | 7.55e+07  | 1.51e+08 |        2.12%        |        2.12%         |    56.23%     |
| 8192  | 18432 | [18432] | 0.0001  | [[8192, 18432]]  | bf16  |      1270.3      |      1271.21      |     1272.32      |       875.81       | 1.21e+09 | 1.51e+08  | 3.02e+08 |        2.08%        |        2.08%         |    55.03%     |
| 16384 | 18432 | [18432] | 0.0001  | [[16384, 18432]] | bf16  |     2556.41      |      2558.82      |     2560.85      |      1749.63       | 2.42e+09 | 3.02e+08  | 6.04e+08 |        2.06%        |        2.06%         |    54.69%     |
| 32768 | 18432 | [18432] | 0.0001  | [[32768, 18432]] | bf16  |     5097.59      |      5100.83      |     5103.34      |      3497.25       | 4.83e+09 | 6.04e+08  | 1.21e+09 |        2.07%        |        2.07%         |    54.85%     |
| 65536 | 18432 | [18432] | 0.0001  | [[65536, 18432]] | bf16  |     10247.31     |     10249.49      |     10251.66     |      6992.51       | 9.66e+09 | 1.21e+09  | 2.42e+09 |        2.06%        |        2.06%         |    54.57%     |
|   1   | 27648 | [27648] | 0.0001  |   [[1, 27648]]   | bf16  |      19.31       |       19.44       |      19.51       |        2.16        | 2.21e+05 | 2.76e+04  | 5.53e+04 |        0.03%        |        0.03%         |     0.66%     |
|   2   | 27648 | [27648] | 0.0001  |   [[2, 27648]]   | bf16  |      19.93       |       19.99       |      20.04       |        2.32        | 4.42e+05 | 5.53e+04  | 1.11e+05 |        0.05%        |        0.05%         |     1.28%     |
|   4   | 27648 | [27648] | 0.0001  |   [[4, 27648]]   | bf16  |      20.43       |       20.51       |      20.59       |        2.64        | 8.85e+05 | 1.11e+05  | 2.21e+05 |        0.09%        |        0.09%         |     2.51%     |
|   8   | 27648 | [27648] | 0.0001  |   [[8, 27648]]   | bf16  |      20.48       |       20.57       |      20.71       |        3.28        | 1.77e+06 | 2.21e+05  | 4.42e+05 |        0.19%        |        0.19%         |     5.0%      |
|  16   | 27648 | [27648] | 0.0001  |  [[16, 27648]]   | bf16  |      26.73       |       26.84       |      26.92       |        4.56        | 3.54e+06 | 4.42e+05  | 8.85e+05 |        0.29%        |        0.29%         |     7.66%     |
|  32   | 27648 | [27648] | 0.0001  |  [[32, 27648]]   | bf16  |      26.62       |       26.66       |      26.73       |        7.12        | 7.08e+06 | 8.85e+05  | 1.77e+06 |        0.58%        |        0.58%         |    15.39%     |
|  64   | 27648 | [27648] | 0.0001  |  [[64, 27648]]   | bf16  |      27.03       |       27.08       |      27.12       |       12.24        | 1.42e+07 | 1.77e+06  | 3.54e+06 |        1.14%        |        1.14%         |    30.31%     |
|  128  | 27648 | [27648] | 0.0001  |  [[128, 27648]]  | bf16  |      26.94       |       27.05       |       27.1       |       22.48        | 2.83e+07 | 3.54e+06  | 7.08e+06 |        2.29%        |        2.29%         |    60.82%     |
|  256  | 27648 | [27648] | 0.0001  |  [[256, 27648]]  | bf16  |      50.23       |       50.31       |      50.39       |       42.96        | 5.66e+07 | 7.08e+06  | 1.42e+07 |        2.46%        |        2.46%         |    65.24%     |
|  512  | 27648 | [27648] | 0.0001  |  [[512, 27648]]  | bf16  |      52.04       |       52.12       |      52.21       |       83.92        | 1.13e+08 | 1.42e+07  | 2.83e+07 |        4.75%        |        4.75%         |    125.93%    |
| 1024  | 27648 | [27648] | 0.0001  | [[1024, 27648]]  | bf16  |      218.99      |      221.16       |      222.52      |       165.84       | 2.26e+08 | 2.83e+07  | 5.66e+07 |        2.26%        |        2.26%         |    59.85%     |
| 2048  | 27648 | [27648] | 0.0001  | [[2048, 27648]]  | bf16  |      495.39      |      496.23       |      496.69      |       329.68       | 4.53e+08 | 5.66e+07  | 1.13e+08 |        2.0%         |         2.0%         |    52.92%     |
| 4096  | 27648 | [27648] | 0.0001  | [[4096, 27648]]  | bf16  |     1044.07      |      1045.21      |      1047.0      |       657.36       | 9.06e+08 | 1.13e+08  | 2.26e+08 |        1.89%        |        1.89%         |    50.22%     |
| 8192  | 27648 | [27648] | 0.0001  | [[8192, 27648]]  | bf16  |     2190.14      |      2192.63      |     2193.46      |      1312.72       | 1.81e+09 | 2.26e+08  | 4.53e+08 |        1.81%        |        1.81%         |    47.88%     |
| 16384 | 27648 | [27648] | 0.0001  | [[16384, 27648]] | bf16  |     4372.19      |      4375.81      |     4378.53      |      2623.44       | 3.62e+09 | 4.53e+08  | 9.06e+08 |        1.81%        |        1.81%         |    47.97%     |
| 32768 | 27648 | [27648] | 0.0001  | [[32768, 27648]] | bf16  |      8736.6      |      8740.54      |     8742.97      |      5244.88       | 7.25e+09 | 9.06e+08  | 1.81e+09 |        1.81%        |        1.81%         |    48.01%     |
| 65536 | 27648 | [27648] | 0.0001  | [[65536, 27648]] | bf16  |     17448.75     |     17456.78      |     17461.7      |      10487.76      | 1.45e+10 | 1.81e+09  | 3.62e+09 |        1.81%        |        1.81%         |    48.08%     |
|   1   | 53248 | [53248] | 0.0001  |   [[1, 53248]]   | bf16  |      68.97       |       69.05       |       69.1       |        2.31        | 4.26e+05 | 5.32e+04  | 1.06e+05 |        0.01%        |        0.01%         |     0.36%     |
|   2   | 53248 | [53248] | 0.0001  |   [[2, 53248]]   | bf16  |      71.99       |       72.07       |      72.14       |        2.62        | 8.52e+05 | 1.06e+05  | 2.13e+05 |        0.03%        |        0.03%         |     0.68%     |
|   4   | 53248 | [53248] | 0.0001  |   [[4, 53248]]   | bf16  |      74.29       |       74.39       |      74.43       |        3.23        | 1.70e+06 | 2.13e+05  | 4.26e+05 |        0.05%        |        0.05%         |     1.33%     |
|   8   | 53248 | [53248] | 0.0001  |   [[8, 53248]]   | bf16  |       74.6       |       74.64       |      74.68       |        4.47        | 3.41e+06 | 4.26e+05  | 8.52e+05 |        0.1%         |         0.1%         |     2.64%     |
|  16   | 53248 | [53248] | 0.0001  |  [[16, 53248]]   | bf16  |      92.93       |       93.1        |      93.27       |        6.93        | 6.82e+06 | 8.52e+05  | 1.70e+06 |        0.16%        |        0.16%         |     4.24%     |
|  32   | 53248 | [53248] | 0.0001  |  [[32, 53248]]   | bf16  |      92.85       |       92.95       |      93.04       |       11.86        | 1.36e+07 | 1.70e+06  | 3.41e+06 |        0.32%        |        0.32%         |     8.5%      |
|  64   | 53248 | [53248] | 0.0001  |  [[64, 53248]]   | bf16  |      92.84       |       92.93       |      92.98       |       21.72        | 2.73e+07 | 3.41e+06  | 6.82e+06 |        0.64%        |        0.64%         |    16.99%     |
|  128  | 53248 | [53248] | 0.0001  |  [[128, 53248]]  | bf16  |      93.21       |       93.26       |      93.32       |       41.44        | 5.45e+07 | 6.82e+06  | 1.36e+07 |        1.28%        |        1.28%         |    33.85%     |
|  256  | 53248 | [53248] | 0.0001  |  [[256, 53248]]  | bf16  |      94.88       |       94.93       |      94.97       |       80.89        | 1.09e+08 | 1.36e+07  | 2.73e+07 |        2.51%        |        2.51%         |    66.51%     |
|  512  | 53248 | [53248] | 0.0001  |  [[512, 53248]]  | bf16  |      189.2       |      190.85       |      192.34      |       159.77       | 2.18e+08 | 2.73e+07  | 5.45e+07 |        2.52%        |        2.52%         |    66.71%     |
| 1024  | 53248 | [53248] | 0.0001  | [[1024, 53248]]  | bf16  |      493.88      |      494.17       |      494.58      |       317.54       | 4.36e+08 | 5.45e+07  | 1.09e+08 |        1.93%        |        1.93%         |    51.11%     |
| 2048  | 53248 | [53248] | 0.0001  | [[2048, 53248]]  | bf16  |     1001.37      |      1003.3       |      1004.7      |       633.09       | 8.72e+08 | 1.09e+08  | 2.18e+08 |        1.9%         |         1.9%         |    50.42%     |
| 4096  | 53248 | [53248] | 0.0001  | [[4096, 53248]]  | bf16  |     2098.69      |      2101.6       |     2104.37      |      1264.17       | 1.74e+09 | 2.18e+08  | 4.36e+08 |        1.82%        |        1.82%         |    48.11%     |
| 8192  | 53248 | [53248] | 0.0001  | [[8192, 53248]]  | bf16  |     4224.58      |      4230.41      |     4236.49      |      2526.35       | 3.49e+09 | 4.36e+08  | 8.72e+08 |        1.8%         |         1.8%         |     47.8%     |
| 16384 | 53248 | [53248] | 0.0001  | [[16384, 53248]] | bf16  |     8500.79      |      8506.31      |     8510.31      |       5050.7       | 6.98e+09 | 8.72e+08  | 1.74e+09 |        1.79%        |        1.79%         |    47.51%     |
| 32768 | 53248 | [53248] | 0.0001  | [[32768, 53248]] | bf16  |     17193.71     |     17204.62      |     17209.86     |      10099.4       | 1.40e+10 | 1.74e+09  | 3.49e+09 |        1.77%        |        1.77%         |    46.98%     |
