Test Case: H100PCIE_apex_fused_layer_norm_cuda.forward
|   M   |   N   |  _val   | _val(1) |   input_shape    | dtype | duration_min(us) | duration_mean(us) | duration_max(us) | theory_latency(us) | flops_1D | flops_SFU |    io    | flops_efficiency_1D | flops_efficiency_SFU | io_efficiency |
|   1   |  32   |  [32]   | 0.0001  |    [[1, 32]]     | bf16  |       3.33       |       3.36        |       3.41       |        2.0         | 2.56e+02 | 3.20e+01  | 6.40e+01 |        0.0%         |         0.0%         |     0.0%      |
|   2   |  32   |  [32]   | 0.0001  |    [[2, 32]]     | bf16  |       3.37       |       3.39        |       3.4        |        2.0         | 5.12e+02 | 6.40e+01  | 1.28e+02 |        0.0%         |         0.0%         |     0.0%      |
|   4   |  32   |  [32]   | 0.0001  |    [[4, 32]]     | bf16  |       3.37       |       3.38        |       3.4        |        2.0         | 1.02e+03 | 1.28e+02  | 2.56e+02 |        0.0%         |         0.0%         |     0.01%     |
|   8   |  32   |  [32]   | 0.0001  |    [[8, 32]]     | bf16  |       3.59       |        3.6        |       3.62       |        2.0         | 2.05e+03 | 2.56e+02  | 5.12e+02 |        0.0%         |         0.0%         |     0.01%     |
|  16   |  32   |  [32]   | 0.0001  |    [[16, 32]]    | bf16  |       3.6        |       3.66        |       3.81       |        2.0         | 4.10e+03 | 5.12e+02  | 1.02e+03 |        0.0%         |         0.0%         |     0.03%     |
|  32   |  32   |  [32]   | 0.0001  |    [[32, 32]]    | bf16  |       3.62       |       3.64        |       3.67       |        2.0         | 8.19e+03 | 1.02e+03  | 2.05e+03 |        0.0%         |         0.0%         |     0.06%     |
|  64   |  32   |  [32]   | 0.0001  |    [[64, 32]]    | bf16  |       3.64       |       3.66        |       3.7        |        2.01        | 1.64e+04 | 2.05e+03  | 4.10e+03 |        0.01%        |        0.01%         |     0.11%     |
|  128  |  32   |  [32]   | 0.0001  |   [[128, 32]]    | bf16  |       3.73       |       3.74        |       3.76       |        2.01        | 3.28e+04 | 4.10e+03  | 8.19e+03 |        0.02%        |        0.02%         |     0.22%     |
|  256  |  32   |  [32]   | 0.0001  |   [[256, 32]]    | bf16  |       3.8        |       3.82        |       3.83       |        2.02        | 6.55e+04 | 8.19e+03  | 1.64e+04 |        0.03%        |        0.03%         |     0.43%     |
|  512  |  32   |  [32]   | 0.0001  |   [[512, 32]]    | bf16  |       4.96       |       5.08        |       5.17       |        2.04        | 1.31e+05 | 1.64e+04  | 3.28e+04 |        0.05%        |        0.05%         |     0.66%     |
| 1024  |  32   |  [32]   | 0.0001  |   [[1024, 32]]   | bf16  |       4.49       |       4.51        |       4.53       |        2.08        | 2.62e+05 | 3.28e+04  | 6.55e+04 |        0.11%        |        0.11%         |     1.46%     |
| 2048  |  32   |  [32]   | 0.0001  |   [[2048, 32]]   | bf16  |       6.25       |       6.27        |       6.29       |        2.16        | 5.24e+05 | 6.55e+04  | 1.31e+05 |        0.16%        |        0.16%         |     2.1%      |
| 4096  |  32   |  [32]   | 0.0001  |   [[4096, 32]]   | bf16  |       9.48       |       9.51        |       9.54       |        2.33        | 1.05e+06 | 1.31e+05  | 2.62e+05 |        0.22%        |        0.22%         |     2.77%     |
| 8192  |  32   |  [32]   | 0.0001  |   [[8192, 32]]   | bf16  |      15.82       |       15.84       |      15.87       |        2.66        | 2.10e+06 | 2.62e+05  | 5.24e+05 |        0.26%        |        0.26%         |     3.31%     |
| 16384 |  32   |  [32]   | 0.0001  |  [[16384, 32]]   | bf16  |      28.23       |       28.25       |      28.27       |        3.31        | 4.19e+06 | 5.24e+05  | 1.05e+06 |        0.29%        |        0.29%         |     3.71%     |
| 32768 |  32   |  [32]   | 0.0001  |  [[32768, 32]]   | bf16  |      53.07       |       53.09       |      53.14       |        4.62        | 8.39e+06 | 1.05e+06  | 2.10e+06 |        0.31%        |        0.31%         |     3.95%     |
| 65536 |  32   |  [32]   | 0.0001  |  [[65536, 32]]   | bf16  |      102.93      |      102.97       |      103.09      |        7.24        | 1.68e+07 | 2.10e+06  | 4.19e+06 |        0.32%        |        0.32%         |     4.07%     |
|   1   |  64   |  [64]   | 0.0001  |    [[1, 64]]     | bf16  |       3.54       |       3.56        |       3.59       |        2.0         | 5.12e+02 | 6.40e+01  | 1.28e+02 |        0.0%         |         0.0%         |     0.0%      |
|   2   |  64   |  [64]   | 0.0001  |    [[2, 64]]     | bf16  |       3.57       |       3.59        |       3.6        |        2.0         | 1.02e+03 | 1.28e+02  | 2.56e+02 |        0.0%         |         0.0%         |     0.01%     |
|   4   |  64   |  [64]   | 0.0001  |    [[4, 64]]     | bf16  |       3.57       |       3.59        |       3.6        |        2.0         | 2.05e+03 | 2.56e+02  | 5.12e+02 |        0.0%         |         0.0%         |     0.01%     |
|   8   |  64   |  [64]   | 0.0001  |    [[8, 64]]     | bf16  |       3.59       |        3.6        |       3.61       |        2.0         | 4.10e+03 | 5.12e+02  | 1.02e+03 |        0.0%         |         0.0%         |     0.03%     |
|  16   |  64   |  [64]   | 0.0001  |    [[16, 64]]    | bf16  |       3.6        |       3.62        |       3.63       |        2.0         | 8.19e+03 | 1.02e+03  | 2.05e+03 |        0.0%         |         0.0%         |     0.06%     |
|  32   |  64   |  [64]   | 0.0001  |    [[32, 64]]    | bf16  |       3.62       |       3.64        |       3.65       |        2.01        | 1.64e+04 | 2.05e+03  | 4.10e+03 |        0.01%        |        0.01%         |     0.11%     |
|  64   |  64   |  [64]   | 0.0001  |    [[64, 64]]    | bf16  |       3.65       |       3.67        |       3.69       |        2.01        | 3.28e+04 | 4.10e+03  | 8.19e+03 |        0.02%        |        0.02%         |     0.22%     |
|  128  |  64   |  [64]   | 0.0001  |   [[128, 64]]    | bf16  |       3.73       |       3.75        |       3.77       |        2.02        | 6.55e+04 | 8.19e+03  | 1.64e+04 |        0.03%        |        0.03%         |     0.44%     |
|  256  |  64   |  [64]   | 0.0001  |   [[256, 64]]    | bf16  |       3.8        |       3.81        |       3.82       |        2.04        | 1.31e+05 | 1.64e+04  | 3.28e+04 |        0.07%        |        0.07%         |     0.86%     |
|  512  |  64   |  [64]   | 0.0001  |   [[512, 64]]    | bf16  |       4.01       |       4.02        |       4.04       |        2.08        | 2.62e+05 | 3.28e+04  | 6.55e+04 |        0.13%        |        0.13%         |     1.63%     |
| 1024  |  64   |  [64]   | 0.0001  |   [[1024, 64]]   | bf16  |       4.48       |       4.49        |       4.5        |        2.16        | 5.24e+05 | 6.55e+04  | 1.31e+05 |        0.23%        |        0.23%         |     2.93%     |
| 2048  |  64   |  [64]   | 0.0001  |   [[2048, 64]]   | bf16  |       6.29       |       6.31        |       6.33       |        2.33        | 1.05e+06 | 1.31e+05  | 2.62e+05 |        0.33%        |        0.33%         |     4.17%     |
| 4096  |  64   |  [64]   | 0.0001  |   [[4096, 64]]   | bf16  |       9.6        |       9.62        |       9.65       |        2.66        | 2.10e+06 | 2.62e+05  | 5.24e+05 |        0.43%        |        0.43%         |     5.46%     |
| 8192  |  64   |  [64]   | 0.0001  |   [[8192, 64]]   | bf16  |      15.99       |       16.04       |      16.07       |        3.31        | 4.19e+06 | 5.24e+05  | 1.05e+06 |        0.51%        |        0.51%         |     6.56%     |
| 16384 |  64   |  [64]   | 0.0001  |  [[16384, 64]]   | bf16  |      28.55       |       28.57       |       28.6       |        4.62        | 8.39e+06 | 1.05e+06  | 2.10e+06 |        0.58%        |        0.58%         |     7.35%     |
| 32768 |  64   |  [64]   | 0.0001  |  [[32768, 64]]   | bf16  |      53.74       |       53.77       |       53.8       |        7.24        | 1.68e+07 | 2.10e+06  | 4.19e+06 |        0.61%        |        0.61%         |     7.8%      |
| 65536 |  64   |  [64]   | 0.0001  |  [[65536, 64]]   | bf16  |      104.7       |      104.74       |      104.77      |       12.49        | 3.36e+07 | 4.19e+06  | 8.39e+06 |        0.63%        |        0.63%         |     8.01%     |
|   1   |  128  |  [128]  | 0.0001  |    [[1, 128]]    | bf16  |       3.47       |        3.5        |       3.54       |        2.0         | 1.02e+03 | 1.28e+02  | 2.56e+02 |        0.0%         |         0.0%         |     0.01%     |
|   2   |  128  |  [128]  | 0.0001  |    [[2, 128]]    | bf16  |       3.48       |        3.5        |       3.52       |        2.0         | 2.05e+03 | 2.56e+02  | 5.12e+02 |        0.0%         |         0.0%         |     0.01%     |
|   4   |  128  |  [128]  | 0.0001  |    [[4, 128]]    | bf16  |       3.5        |       3.53        |       3.55       |        2.0         | 4.10e+03 | 5.12e+02  | 1.02e+03 |        0.0%         |         0.0%         |     0.03%     |
|   8   |  128  |  [128]  | 0.0001  |    [[8, 128]]    | bf16  |       3.55       |       3.56        |       3.57       |        2.0         | 8.19e+03 | 1.02e+03  | 2.05e+03 |        0.0%         |         0.0%         |     0.06%     |
|  16   |  128  |  [128]  | 0.0001  |   [[16, 128]]    | bf16  |       3.56       |       3.57        |       3.58       |        2.01        | 1.64e+04 | 2.05e+03  | 4.10e+03 |        0.01%        |        0.01%         |     0.12%     |
|  32   |  128  |  [128]  | 0.0001  |   [[32, 128]]    | bf16  |       3.57       |       3.58        |       3.59       |        2.01        | 3.28e+04 | 4.10e+03  | 8.19e+03 |        0.02%        |        0.02%         |     0.23%     |
|  64   |  128  |  [128]  | 0.0001  |   [[64, 128]]    | bf16  |       3.59       |       3.61        |       3.62       |        2.02        | 6.55e+04 | 8.19e+03  | 1.64e+04 |        0.04%        |        0.04%         |     0.46%     |
|  128  |  128  |  [128]  | 0.0001  |   [[128, 128]]   | bf16  |       3.69       |        3.7        |       3.71       |        2.04        | 1.31e+05 | 1.64e+04  | 3.28e+04 |        0.07%        |        0.07%         |     0.89%     |
|  256  |  128  |  [128]  | 0.0001  |   [[256, 128]]   | bf16  |       3.75       |       3.76        |       3.77       |        2.08        | 2.62e+05 | 3.28e+04  | 6.55e+04 |        0.14%        |        0.14%         |     1.75%     |
|  512  |  128  |  [128]  | 0.0001  |   [[512, 128]]   | bf16  |       3.97       |       3.99        |       4.01       |        2.16        | 5.24e+05 | 6.55e+04  | 1.31e+05 |        0.26%        |        0.26%         |     3.3%      |
| 1024  |  128  |  [128]  | 0.0001  |  [[1024, 128]]   | bf16  |       4.49       |        4.5        |       4.53       |        2.33        | 1.05e+06 | 1.31e+05  | 2.62e+05 |        0.46%        |        0.46%         |     5.84%     |
| 2048  |  128  |  [128]  | 0.0001  |  [[2048, 128]]   | bf16  |       6.18       |        6.2        |       6.23       |        2.66        | 2.10e+06 | 2.62e+05  | 5.24e+05 |        0.67%        |        0.67%         |     8.48%     |
| 4096  |  128  |  [128]  | 0.0001  |  [[4096, 128]]   | bf16  |       9.51       |       9.57        |       9.59       |        3.31        | 4.19e+06 | 5.24e+05  | 1.05e+06 |        0.86%        |        0.86%         |    11.03%     |
| 8192  |  128  |  [128]  | 0.0001  |  [[8192, 128]]   | bf16  |      15.91       |       15.93       |      15.96       |        4.62        | 8.39e+06 | 1.05e+06  | 2.10e+06 |        1.03%        |        1.03%         |    13.18%     |
| 16384 |  128  |  [128]  | 0.0001  |  [[16384, 128]]  | bf16  |      28.48       |       28.51       |      28.54       |        7.24        | 1.68e+07 | 2.10e+06  | 4.19e+06 |        1.16%        |        1.16%         |    14.73%     |
| 32768 |  128  |  [128]  | 0.0001  |  [[32768, 128]]  | bf16  |      53.73       |       53.76       |       53.8       |       12.49        | 3.36e+07 | 4.19e+06  | 8.39e+06 |        1.22%        |        1.22%         |    15.61%     |
| 65536 |  128  |  [128]  | 0.0001  |  [[65536, 128]]  | bf16  |      109.05      |      109.07       |      109.1       |       22.97        | 6.71e+07 | 8.39e+06  | 1.68e+07 |        1.21%        |        1.21%         |    15.38%     |
|   1   |  192  |  [192]  | 0.0001  |    [[1, 192]]    | bf16  |       3.58       |       3.59        |       3.63       |        2.0         | 1.54e+03 | 1.92e+02  | 3.84e+02 |        0.0%         |         0.0%         |     0.01%     |
|   2   |  192  |  [192]  | 0.0001  |    [[2, 192]]    | bf16  |       3.6        |       3.62        |       3.64       |        2.0         | 3.07e+03 | 3.84e+02  | 7.68e+02 |        0.0%         |         0.0%         |     0.02%     |
|   4   |  192  |  [192]  | 0.0001  |    [[4, 192]]    | bf16  |       3.62       |       3.64        |       3.65       |        2.0         | 6.14e+03 | 7.68e+02  | 1.54e+03 |        0.0%         |         0.0%         |     0.04%     |
|   8   |  192  |  [192]  | 0.0001  |    [[8, 192]]    | bf16  |       3.65       |       3.66        |       3.68       |        2.0         | 1.23e+04 | 1.54e+03  | 3.07e+03 |        0.01%        |        0.01%         |     0.08%     |
|  16   |  192  |  [192]  | 0.0001  |   [[16, 192]]    | bf16  |       3.64       |       3.65        |       3.69       |        2.01        | 2.46e+04 | 3.07e+03  | 6.14e+03 |        0.01%        |        0.01%         |     0.17%     |
|  32   |  192  |  [192]  | 0.0001  |   [[32, 192]]    | bf16  |       3.68       |        3.7        |       3.73       |        2.02        | 4.92e+04 | 6.14e+03  | 1.23e+04 |        0.03%        |        0.03%         |     0.33%     |
|  64   |  192  |  [192]  | 0.0001  |   [[64, 192]]    | bf16  |       3.7        |       3.74        |       3.77       |        2.03        | 9.83e+04 | 1.23e+04  | 2.46e+04 |        0.05%        |        0.05%         |     0.66%     |
|  128  |  192  |  [192]  | 0.0001  |   [[128, 192]]   | bf16  |       3.79       |       3.81        |       3.83       |        2.06        | 1.97e+05 | 2.46e+04  | 4.92e+04 |        0.1%         |         0.1%         |     1.3%      |
|  256  |  192  |  [192]  | 0.0001  |   [[256, 192]]   | bf16  |       3.88       |       3.89        |       3.9        |        2.12        | 3.93e+05 | 4.92e+04  | 9.83e+04 |        0.2%         |         0.2%         |     2.53%     |
|  512  |  192  |  [192]  | 0.0001  |   [[512, 192]]   | bf16  |       4.12       |       4.13        |       4.15       |        2.25        | 7.86e+05 | 9.83e+04  | 1.97e+05 |        0.37%        |        0.37%         |     4.77%     |
| 1024  |  192  |  [192]  | 0.0001  |  [[1024, 192]]   | bf16  |       4.74       |       4.75        |       4.78       |        2.49        | 1.57e+06 | 1.97e+05  | 3.93e+05 |        0.65%        |        0.65%         |     8.3%      |
| 2048  |  192  |  [192]  | 0.0001  |  [[2048, 192]]   | bf16  |       6.65       |       6.67        |       6.69       |        2.98        | 3.15e+06 | 3.93e+05  | 7.86e+05 |        0.93%        |        0.93%         |    11.83%     |
| 4096  |  192  |  [192]  | 0.0001  |  [[4096, 192]]   | bf16  |      10.38       |       10.41       |      10.45       |        3.97        | 6.29e+06 | 7.86e+05  | 1.57e+06 |        1.19%        |        1.19%         |    15.15%     |
| 8192  |  192  |  [192]  | 0.0001  |  [[8192, 192]]   | bf16  |      17.66       |       17.67       |       17.7       |        5.93        | 1.26e+07 | 1.57e+06  | 3.15e+06 |        1.4%         |         1.4%         |    17.81%     |
| 16384 |  192  |  [192]  | 0.0001  |  [[16384, 192]]  | bf16  |      31.76       |       31.82       |      31.85       |        9.86        | 2.52e+07 | 3.15e+06  | 6.29e+06 |        1.55%        |        1.55%         |    19.81%     |
| 32768 |  192  |  [192]  | 0.0001  |  [[32768, 192]]  | bf16  |      61.58       |       61.61       |      61.66       |       17.73        | 5.03e+07 | 6.29e+06  | 1.26e+07 |        1.6%         |         1.6%         |    20.43%     |
| 65536 |  192  |  [192]  | 0.0001  |  [[65536, 192]]  | bf16  |      129.12      |       129.2       |      129.26      |       33.46        | 1.01e+08 | 1.26e+07  | 2.52e+07 |        1.53%        |        1.53%         |    19.49%     |
|   1   | 3072  | [3072]  | 0.0001  |   [[1, 3072]]    | bf16  |       5.72       |       5.73        |       5.76       |        2.01        | 2.46e+04 | 3.07e+03  | 6.14e+03 |        0.01%        |        0.01%         |     0.11%     |
|   2   | 3072  | [3072]  | 0.0001  |   [[2, 3072]]    | bf16  |       5.73       |       5.76        |       5.79       |        2.02        | 4.92e+04 | 6.14e+03  | 1.23e+04 |        0.02%        |        0.02%         |     0.21%     |
|   4   | 3072  | [3072]  | 0.0001  |   [[4, 3072]]    | bf16  |       5.8        |       5.82        |       5.84       |        2.03        | 9.83e+04 | 1.23e+04  | 2.46e+04 |        0.03%        |        0.03%         |     0.42%     |
|   8   | 3072  | [3072]  | 0.0001  |   [[8, 3072]]    | bf16  |       5.82       |       5.83        |       5.85       |        2.06        | 1.97e+05 | 2.46e+04  | 4.92e+04 |        0.07%        |        0.07%         |     0.84%     |
|  16   | 3072  | [3072]  | 0.0001  |   [[16, 3072]]   | bf16  |       5.84       |       5.88        |       5.89       |        2.12        | 3.93e+05 | 4.92e+04  | 9.83e+04 |        0.13%        |        0.13%         |     1.68%     |
|  32   | 3072  | [3072]  | 0.0001  |   [[32, 3072]]   | bf16  |       5.88       |       5.91        |       5.93       |        2.25        | 7.86e+05 | 9.83e+04  | 1.97e+05 |        0.26%        |        0.26%         |     3.34%     |
|  64   | 3072  | [3072]  | 0.0001  |   [[64, 3072]]   | bf16  |       5.89       |       5.91        |       5.93       |        2.49        | 1.57e+06 | 1.97e+05  | 3.93e+05 |        0.52%        |        0.52%         |     6.68%     |
|  128  | 3072  | [3072]  | 0.0001  |  [[128, 3072]]   | bf16  |       6.07       |       6.08        |       6.1        |        2.98        | 3.15e+06 | 3.93e+05  | 7.86e+05 |        1.02%        |        1.02%         |    12.96%     |
|  256  | 3072  | [3072]  | 0.0001  |  [[256, 3072]]   | bf16  |       6.38       |       6.39        |       6.4        |        3.97        | 6.29e+06 | 7.86e+05  | 1.57e+06 |        1.93%        |        1.93%         |    24.65%     |
|  512  | 3072  | [3072]  | 0.0001  |  [[512, 3072]]   | bf16  |       9.22       |       9.24        |       9.27       |        5.93        | 1.26e+07 | 1.57e+06  | 3.15e+06 |        2.68%        |        2.68%         |    34.12%     |
| 1024  | 3072  | [3072]  | 0.0001  |  [[1024, 3072]]  | bf16  |      11.46       |       11.5        |      11.55       |        9.86        | 2.52e+07 | 3.15e+06  | 6.29e+06 |        4.31%        |        4.31%         |     54.9%     |
| 2048  | 3072  | [3072]  | 0.0001  |  [[2048, 3072]]  | bf16  |      18.16       |       18.26       |      18.35       |       17.73        | 5.03e+07 | 6.29e+06  | 1.26e+07 |        5.43%        |        5.43%         |    69.29%     |
| 4096  | 3072  | [3072]  | 0.0001  |  [[4096, 3072]]  | bf16  |      40.38       |       40.45       |      40.54       |       33.46        | 1.01e+08 | 1.26e+07  | 2.52e+07 |        4.89%        |        4.89%         |    62.32%     |
| 8192  | 3072  | [3072]  | 0.0001  |  [[8192, 3072]]  | bf16  |      72.94       |       73.01       |       73.1       |       64.91        | 2.01e+08 | 2.52e+07  | 5.03e+07 |        5.41%        |        5.41%         |     69.0%     |
| 16384 | 3072  | [3072]  | 0.0001  | [[16384, 3072]]  | bf16  |      135.33      |      135.47       |      135.64      |       127.83       | 4.03e+08 | 5.03e+07  | 1.01e+08 |        5.83%        |        5.83%         |    74.38%     |
| 32768 | 3072  | [3072]  | 0.0001  | [[32768, 3072]]  | bf16  |      261.9       |       262.0       |      262.09      |       253.66       | 8.05e+08 | 1.01e+08  | 2.01e+08 |        6.03%        |        6.03%         |    76.87%     |
| 65536 | 3072  | [3072]  | 0.0001  | [[65536, 3072]]  | bf16  |      514.46      |      514.56       |      514.73      |       505.32       | 1.61e+09 | 2.01e+08  | 4.03e+08 |        6.14%        |        6.14%         |    78.27%     |
|   1   | 6144  | [6144]  | 0.0001  |   [[1, 6144]]    | bf16  |       8.21       |       8.22        |       8.24       |        2.02        | 4.92e+04 | 6.14e+03  | 1.23e+04 |        0.01%        |        0.01%         |     0.15%     |
|   2   | 6144  | [6144]  | 0.0001  |   [[2, 6144]]    | bf16  |       8.26       |       8.29        |       8.33       |        2.03        | 9.83e+04 | 1.23e+04  | 2.46e+04 |        0.02%        |        0.02%         |     0.3%      |
|   4   | 6144  | [6144]  | 0.0001  |   [[4, 6144]]    | bf16  |       8.29       |       8.32        |       8.35       |        2.06        | 1.97e+05 | 2.46e+04  | 4.92e+04 |        0.05%        |        0.05%         |     0.59%     |
|   8   | 6144  | [6144]  | 0.0001  |   [[8, 6144]]    | bf16  |       8.3        |       8.31        |       8.32       |        2.12        | 3.93e+05 | 4.92e+04  | 9.83e+04 |        0.09%        |        0.09%         |     1.18%     |
|  16   | 6144  | [6144]  | 0.0001  |   [[16, 6144]]   | bf16  |       8.33       |       8.35        |       8.37       |        2.25        | 7.86e+05 | 9.83e+04  | 1.97e+05 |        0.19%        |        0.19%         |     2.36%     |
|  32   | 6144  | [6144]  | 0.0001  |   [[32, 6144]]   | bf16  |       8.43       |       8.44        |       8.45       |        2.49        | 1.57e+06 | 1.97e+05  | 3.93e+05 |        0.37%        |        0.37%         |     4.66%     |
|  64   | 6144  | [6144]  | 0.0001  |   [[64, 6144]]   | bf16  |       8.41       |       8.43        |       8.46       |        2.98        | 3.15e+06 | 3.93e+05  | 7.86e+05 |        0.73%        |        0.73%         |     9.35%     |
|  128  | 6144  | [6144]  | 0.0001  |  [[128, 6144]]   | bf16  |       8.66       |       8.68        |       8.68       |        3.97        | 6.29e+06 | 7.86e+05  | 1.57e+06 |        1.42%        |        1.42%         |    18.16%     |
|  256  | 6144  | [6144]  | 0.0001  |  [[256, 6144]]   | bf16  |       9.67       |       9.74        |       9.76       |        5.93        | 1.26e+07 | 1.57e+06  | 3.15e+06 |        2.55%        |        2.55%         |    32.53%     |
|  512  | 6144  | [6144]  | 0.0001  |  [[512, 6144]]   | bf16  |      12.81       |       12.83       |      12.86       |        9.86        | 2.52e+07 | 3.15e+06  | 6.29e+06 |        3.85%        |        3.85%         |    49.11%     |
| 1024  | 6144  | [6144]  | 0.0001  |  [[1024, 6144]]  | bf16  |      20.91       |       20.95       |      20.99       |       17.73        | 5.03e+07 | 6.29e+06  | 1.26e+07 |        4.72%        |        4.72%         |    60.18%     |
| 2048  | 6144  | [6144]  | 0.0001  |  [[2048, 6144]]  | bf16  |      44.21       |       44.32       |      44.49       |       33.46        | 1.01e+08 | 1.26e+07  | 2.52e+07 |        4.46%        |        4.46%         |    56.92%     |
| 4096  | 6144  | [6144]  | 0.0001  |  [[4096, 6144]]  | bf16  |      78.51       |       78.59       |      78.64       |       64.91        | 2.01e+08 | 2.52e+07  | 5.03e+07 |        5.03%        |        5.03%         |    64.11%     |
| 8192  | 6144  | [6144]  | 0.0001  |  [[8192, 6144]]  | bf16  |      142.05      |      142.39       |      142.53      |       127.83       | 4.03e+08 | 5.03e+07  | 1.01e+08 |        5.56%        |        5.56%         |    70.86%     |
| 16384 | 6144  | [6144]  | 0.0001  | [[16384, 6144]]  | bf16  |      272.37      |      272.55       |      272.68      |       253.66       | 8.05e+08 | 1.01e+08  | 2.01e+08 |        5.8%         |         5.8%         |    73.92%     |
| 32768 | 6144  | [6144]  | 0.0001  | [[32768, 6144]]  | bf16  |      531.1       |       531.2       |      531.38      |       505.32       | 1.61e+09 | 2.01e+08  | 4.03e+08 |        5.95%        |        5.95%         |    75.81%     |
| 65536 | 6144  | [6144]  | 0.0001  | [[65536, 6144]]  | bf16  |     1049.64      |      1049.98      |     1050.15      |      1008.63       | 3.22e+09 | 4.03e+08  | 8.05e+08 |        6.02%        |        6.02%         |    76.72%     |
|   1   | 8192  | [8192]  | 0.0001  |   [[1, 8192]]    | bf16  |       9.8        |       9.83        |       9.88       |        2.02        | 6.55e+04 | 8.19e+03  | 1.64e+04 |        0.01%        |        0.01%         |     0.17%     |
|   2   | 8192  | [8192]  | 0.0001  |   [[2, 8192]]    | bf16  |       9.9        |       9.93        |       9.95       |        2.04        | 1.31e+05 | 1.64e+04  | 3.28e+04 |        0.03%        |        0.03%         |     0.33%     |
|   4   | 8192  | [8192]  | 0.0001  |   [[4, 8192]]    | bf16  |       9.9        |       9.93        |       9.98       |        2.08        | 2.62e+05 | 3.28e+04  | 6.55e+04 |        0.05%        |        0.05%         |     0.66%     |
|   8   | 8192  | [8192]  | 0.0001  |   [[8, 8192]]    | bf16  |       9.99       |       10.01       |      10.07       |        2.16        | 5.24e+05 | 6.55e+04  | 1.31e+05 |        0.1%         |         0.1%         |     1.31%     |
|  16   | 8192  | [8192]  | 0.0001  |   [[16, 8192]]   | bf16  |       10.0       |       10.01       |      10.05       |        2.33        | 1.05e+06 | 1.31e+05  | 2.62e+05 |        0.21%        |        0.21%         |     2.62%     |
|  32   | 8192  | [8192]  | 0.0001  |   [[32, 8192]]   | bf16  |      10.09       |       10.11       |      10.19       |        2.66        | 2.10e+06 | 2.62e+05  | 5.24e+05 |        0.41%        |        0.41%         |     5.2%      |
|  64   | 8192  | [8192]  | 0.0001  |   [[64, 8192]]   | bf16  |      10.09       |       10.12       |      10.13       |        3.31        | 4.19e+06 | 5.24e+05  | 1.05e+06 |        0.82%        |        0.82%         |    10.39%     |
|  128  | 8192  | [8192]  | 0.0001  |  [[128, 8192]]   | bf16  |      10.41       |       10.43       |      10.44       |        4.62        | 8.39e+06 | 1.05e+06  | 2.10e+06 |        1.58%        |        1.58%         |    20.15%     |
|  256  | 8192  | [8192]  | 0.0001  |  [[256, 8192]]   | bf16  |      10.99       |       11.01       |      11.04       |        7.24        | 1.68e+07 | 2.10e+06  | 4.19e+06 |        2.99%        |        2.99%         |    38.16%     |
|  512  | 8192  | [8192]  | 0.0001  |  [[512, 8192]]   | bf16  |      13.63       |       13.66       |      13.71       |       12.49        | 3.36e+07 | 4.19e+06  | 8.39e+06 |        4.83%        |        4.83%         |    61.55%     |
| 1024  | 8192  | [8192]  | 0.0001  |  [[1024, 8192]]  | bf16  |      31.12       |       31.39       |      31.61       |       22.97        | 6.71e+07 | 8.39e+06  | 1.68e+07 |        4.23%        |        4.23%         |    53.91%     |
| 2048  | 8192  | [8192]  | 0.0001  |  [[2048, 8192]]  | bf16  |       61.9       |       62.03       |      62.17       |       43.94        | 1.34e+08 | 1.68e+07  | 3.36e+07 |        4.25%        |        4.25%         |    54.21%     |
| 4096  | 8192  | [8192]  | 0.0001  |  [[4096, 8192]]  | bf16  |      108.84      |      109.07       |      109.26      |       85.89        | 2.68e+08 | 3.36e+07  | 6.71e+07 |        4.84%        |        4.84%         |    61.66%     |
| 8192  | 8192  | [8192]  | 0.0001  |  [[8192, 8192]]  | bf16  |      201.28      |      201.87       |      202.3       |       169.77       | 5.37e+08 | 6.71e+07  | 1.34e+08 |        5.23%        |        5.23%         |    66.68%     |
| 16384 | 8192  | [8192]  | 0.0001  | [[16384, 8192]]  | bf16  |      386.17      |      386.84       |      387.14      |       337.54       | 1.07e+09 | 1.34e+08  | 2.68e+08 |        5.45%        |        5.45%         |    69.51%     |
| 32768 | 8192  | [8192]  | 0.0001  | [[32768, 8192]]  | bf16  |      787.81      |      790.14       |      793.18      |       673.09       | 2.15e+09 | 2.68e+08  | 5.37e+08 |        5.34%        |        5.34%         |    68.15%     |
| 65536 | 8192  | [8192]  | 0.0001  | [[65536, 8192]]  | bf16  |     1606.99      |      1609.81      |     1610.75      |      1344.18       | 4.29e+09 | 5.37e+08  | 1.07e+09 |        5.24%        |        5.24%         |    66.82%     |
|   1   | 13824 | [13824] | 0.0001  |   [[1, 13824]]   | bf16  |      14.36       |       14.38       |       14.4       |        2.03        | 1.11e+05 | 1.38e+04  | 2.76e+04 |        0.02%        |        0.02%         |     0.19%     |
|   2   | 13824 | [13824] | 0.0001  |   [[2, 13824]]   | bf16  |      14.53       |       14.55       |      14.57       |        2.07        | 2.21e+05 | 2.76e+04  | 5.53e+04 |        0.03%        |        0.03%         |     0.38%     |
|   4   | 13824 | [13824] | 0.0001  |   [[4, 13824]]   | bf16  |       14.5       |       14.55       |      14.62       |        2.14        | 4.42e+05 | 5.53e+04  | 1.11e+05 |        0.06%        |        0.06%         |     0.76%     |
|   8   | 13824 | [13824] | 0.0001  |   [[8, 13824]]   | bf16  |      14.47       |       14.5        |      14.56       |        2.28        | 8.85e+05 | 1.11e+05  | 2.21e+05 |        0.12%        |        0.12%         |     1.53%     |
|  16   | 13824 | [13824] | 0.0001  |  [[16, 13824]]   | bf16  |      14.61       |       14.64       |      14.67       |        2.55        | 1.77e+06 | 2.21e+05  | 4.42e+05 |        0.24%        |        0.24%         |     3.03%     |
|  32   | 13824 | [13824] | 0.0001  |  [[32, 13824]]   | bf16  |      14.68       |       14.7        |      14.74       |        3.11        | 3.54e+06 | 4.42e+05  | 8.85e+05 |        0.47%        |        0.47%         |     6.03%     |
|  64   | 13824 | [13824] | 0.0001  |  [[64, 13824]]   | bf16  |      14.72       |       14.75       |      14.78       |        4.21        | 7.08e+06 | 8.85e+05  | 1.77e+06 |        0.94%        |        0.94%         |    12.02%     |
|  128  | 13824 | [13824] | 0.0001  |  [[128, 13824]]  | bf16  |      15.11       |       15.16       |      15.22       |        6.42        | 1.42e+07 | 1.77e+06  | 3.54e+06 |        1.84%        |        1.84%         |    23.42%     |
|  256  | 13824 | [13824] | 0.0001  |  [[256, 13824]]  | bf16  |      21.58       |       21.74       |      21.81       |       10.85        | 2.83e+07 | 3.54e+06  | 7.08e+06 |        2.57%        |        2.57%         |     32.8%     |
|  512  | 13824 | [13824] | 0.0001  |  [[512, 13824]]  | bf16  |      36.63       |       36.87       |      37.15       |       19.69        | 5.66e+07 | 7.08e+06  | 1.42e+07 |        3.03%        |        3.03%         |    38.65%     |
| 1024  | 13824 | [13824] | 0.0001  | [[1024, 13824]]  | bf16  |      79.54       |       80.0        |      80.38       |       37.39        | 1.13e+08 | 1.42e+07  | 2.83e+07 |        2.79%        |        2.79%         |    35.59%     |
| 2048  | 13824 | [13824] | 0.0001  | [[2048, 13824]]  | bf16  |      138.74      |      139.26       |      139.69      |       72.78        | 2.26e+08 | 2.83e+07  | 5.66e+07 |        3.2%         |         3.2%         |    40.81%     |
| 4096  | 13824 | [13824] | 0.0001  | [[4096, 13824]]  | bf16  |      253.28      |      253.63       |      254.01      |       143.56       | 4.53e+08 | 5.66e+07  | 1.13e+08 |        3.51%        |        3.51%         |    44.71%     |
| 8192  | 13824 | [13824] | 0.0001  | [[8192, 13824]]  | bf16  |      471.05      |       471.5       |      471.93      |       285.12       | 9.06e+08 | 1.13e+08  | 2.26e+08 |        3.77%        |        3.77%         |    48.08%     |
| 16384 | 13824 | [13824] | 0.0001  | [[16384, 13824]] | bf16  |      891.52      |      892.39       |      892.86      |       568.23       | 1.81e+09 | 2.26e+08  | 4.53e+08 |        3.99%        |        3.99%         |    50.81%     |
| 32768 | 13824 | [13824] | 0.0001  | [[32768, 13824]] | bf16  |     1726.59      |      1727.55      |     1728.29      |      1134.46       | 3.62e+09 | 4.53e+08  | 9.06e+08 |        4.12%        |        4.12%         |    52.47%     |
| 65536 | 13824 | [13824] | 0.0001  | [[65536, 13824]] | bf16  |     3413.96      |      3415.21      |     3416.29      |      2266.92       | 7.25e+09 | 9.06e+08  | 1.81e+09 |        4.16%        |        4.16%         |    53.07%     |
|   1   | 16384 | [16384] | 0.0001  |   [[1, 16384]]   | bf16  |      16.42       |       16.43       |      16.45       |        2.04        | 1.31e+05 | 1.64e+04  | 3.28e+04 |        0.02%        |        0.02%         |     0.2%      |
|   2   | 16384 | [16384] | 0.0001  |   [[2, 16384]]   | bf16  |       16.6       |       16.63       |      16.68       |        2.08        | 2.62e+05 | 3.28e+04  | 6.55e+04 |        0.03%        |        0.03%         |     0.39%     |
|   4   | 16384 | [16384] | 0.0001  |   [[4, 16384]]   | bf16  |       16.6       |       16.61       |      16.64       |        2.16        | 5.24e+05 | 6.55e+04  | 1.31e+05 |        0.06%        |        0.06%         |     0.79%     |
|   8   | 16384 | [16384] | 0.0001  |   [[8, 16384]]   | bf16  |      16.55       |       16.56       |      16.58       |        2.33        | 1.05e+06 | 1.31e+05  | 2.62e+05 |        0.12%        |        0.12%         |     1.58%     |
|  16   | 16384 | [16384] | 0.0001  |  [[16, 16384]]   | bf16  |      16.65       |       16.67       |       16.7       |        2.66        | 2.10e+06 | 2.62e+05  | 5.24e+05 |        0.25%        |        0.25%         |     3.15%     |
|  32   | 16384 | [16384] | 0.0001  |  [[32, 16384]]   | bf16  |      16.83       |       16.84       |      16.86       |        3.31        | 4.19e+06 | 5.24e+05  | 1.05e+06 |        0.49%        |        0.49%         |     6.23%     |
|  64   | 16384 | [16384] | 0.0001  |  [[64, 16384]]   | bf16  |      16.87       |       16.89       |      16.92       |        4.62        | 8.39e+06 | 1.05e+06  | 2.10e+06 |        0.98%        |        0.98%         |    12.43%     |
|  128  | 16384 | [16384] | 0.0001  |  [[128, 16384]]  | bf16  |      17.24       |       17.27       |      17.31       |        7.24        | 1.68e+07 | 2.10e+06  | 4.19e+06 |        1.91%        |        1.91%         |    24.33%     |
|  256  | 16384 | [16384] | 0.0001  |  [[256, 16384]]  | bf16  |      18.37       |       18.4        |      18.42       |       12.49        | 3.36e+07 | 4.19e+06  | 8.39e+06 |        3.58%        |        3.58%         |    45.66%     |
|  512  | 16384 | [16384] | 0.0001  |  [[512, 16384]]  | bf16  |      53.81       |       54.07       |      54.32       |       22.97        | 6.71e+07 | 8.39e+06  | 1.68e+07 |        2.45%        |        2.45%         |    31.18%     |
| 1024  | 16384 | [16384] | 0.0001  | [[1024, 16384]]  | bf16  |      99.67       |       99.88       |      100.08      |       43.94        | 1.34e+08 | 1.68e+07  | 3.36e+07 |        2.64%        |        2.64%         |    33.67%     |
| 2048  | 16384 | [16384] | 0.0001  | [[2048, 16384]]  | bf16  |      188.11      |      188.38       |      188.58      |       85.89        | 2.68e+08 | 3.36e+07  | 6.71e+07 |        2.8%         |         2.8%         |    35.68%     |
| 4096  | 16384 | [16384] | 0.0001  | [[4096, 16384]]  | bf16  |      333.91      |      334.19       |      334.55      |       169.77       | 5.37e+08 | 6.71e+07  | 1.34e+08 |        3.15%        |        3.15%         |     40.2%     |
| 8192  | 16384 | [16384] | 0.0001  | [[8192, 16384]]  | bf16  |      626.33      |      626.98       |      627.46      |       337.54       | 1.07e+09 | 1.34e+08  | 2.68e+08 |        3.36%        |        3.36%         |    42.86%     |
| 16384 | 16384 | [16384] | 0.0001  | [[16384, 16384]] | bf16  |     1202.62      |      1203.34      |     1203.97      |       673.09       | 2.15e+09 | 2.68e+08  | 5.37e+08 |        3.5%         |         3.5%         |    44.64%     |
| 32768 | 16384 | [16384] | 0.0001  | [[32768, 16384]] | bf16  |     2312.34      |      2314.12      |     2315.25      |      1344.18       | 4.29e+09 | 5.37e+08  | 1.07e+09 |        3.64%        |        3.64%         |    46.44%     |
| 65536 | 16384 | [16384] | 0.0001  | [[65536, 16384]] | bf16  |     4557.54      |      4562.41      |     4564.47      |      2686.35       | 8.59e+09 | 1.07e+09  | 2.15e+09 |        3.7%         |         3.7%         |    47.12%     |
|   1   | 18432 | [18432] | 0.0001  |   [[1, 18432]]   | bf16  |      18.07       |       18.09       |      18.13       |        2.05        | 1.47e+05 | 1.84e+04  | 3.69e+04 |        0.02%        |        0.02%         |     0.2%      |
|   2   | 18432 | [18432] | 0.0001  |   [[2, 18432]]   | bf16  |      18.27       |       18.28       |      18.31       |        2.09        | 2.95e+05 | 3.69e+04  | 7.37e+04 |        0.03%        |        0.03%         |     0.4%      |
|   4   | 18432 | [18432] | 0.0001  |   [[4, 18432]]   | bf16  |      18.27       |       18.29       |       18.3       |        2.18        | 5.90e+05 | 7.37e+04  | 1.47e+05 |        0.06%        |        0.06%         |     0.81%     |
|   8   | 18432 | [18432] | 0.0001  |   [[8, 18432]]   | bf16  |      18.21       |       18.23       |      18.26       |        2.37        | 1.18e+06 | 1.47e+05  | 2.95e+05 |        0.13%        |        0.13%         |     1.62%     |
|  16   | 18432 | [18432] | 0.0001  |  [[16, 18432]]   | bf16  |      18.29       |       18.32       |      18.34       |        2.74        | 2.36e+06 | 2.95e+05  | 5.90e+05 |        0.25%        |        0.25%         |     3.22%     |
|  32   | 18432 | [18432] | 0.0001  |  [[32, 18432]]   | bf16  |      18.43       |       18.47       |      18.49       |        3.47        | 4.72e+06 | 5.90e+05  | 1.18e+06 |        0.5%         |         0.5%         |     6.4%      |
|  64   | 18432 | [18432] | 0.0001  |  [[64, 18432]]   | bf16  |      18.44       |       18.47       |      18.49       |        4.95        | 9.44e+06 | 1.18e+06  | 2.36e+06 |        1.0%         |         1.0%         |    12.79%     |
|  128  | 18432 | [18432] | 0.0001  |  [[128, 18432]]  | bf16  |      18.97       |       19.03       |      19.11       |        7.9         | 1.89e+07 | 2.36e+06  | 4.72e+06 |        1.95%        |        1.95%         |    24.87%     |
|  256  | 18432 | [18432] | 0.0001  |  [[256, 18432]]  | bf16  |      26.37       |       26.41       |      26.47       |        13.8        | 3.77e+07 | 4.72e+06  | 9.44e+06 |        2.81%        |        2.81%         |    35.79%     |
|  512  | 18432 | [18432] | 0.0001  |  [[512, 18432]]  | bf16  |      62.91       |       63.26       |      63.55       |       25.59        | 7.55e+07 | 9.44e+06  | 1.89e+07 |        2.35%        |        2.35%         |     30.0%     |
| 1024  | 18432 | [18432] | 0.0001  | [[1024, 18432]]  | bf16  |      113.84      |      114.08       |      114.27      |       49.19        | 1.51e+08 | 1.89e+07  | 3.77e+07 |        2.6%         |         2.6%         |    33.16%     |
| 2048  | 18432 | [18432] | 0.0001  | [[2048, 18432]]  | bf16  |      219.08      |      219.35       |      219.55      |       96.37        | 3.02e+08 | 3.77e+07  | 7.55e+07 |        2.7%         |         2.7%         |    34.46%     |
| 4096  | 18432 | [18432] | 0.0001  | [[4096, 18432]]  | bf16  |      416.59      |      417.03       |      417.48      |       190.74       | 6.04e+08 | 7.55e+07  | 1.51e+08 |        2.84%        |        2.84%         |    36.25%     |
| 8192  | 18432 | [18432] | 0.0001  | [[8192, 18432]]  | bf16  |      780.92      |      781.51       |      781.87      |       379.49       | 1.21e+09 | 1.51e+08  | 3.02e+08 |        3.03%        |        3.03%         |    38.67%     |
| 16384 | 18432 | [18432] | 0.0001  | [[16384, 18432]] | bf16  |     1495.26      |      1495.84      |     1496.33      |       756.97       | 2.42e+09 | 3.02e+08  | 6.04e+08 |        3.17%        |        3.17%         |    40.39%     |
| 32768 | 18432 | [18432] | 0.0001  | [[32768, 18432]] | bf16  |     2880.92      |      2882.1       |     2883.34      |      1511.95       | 4.83e+09 | 6.04e+08  | 1.21e+09 |        3.29%        |        3.29%         |    41.93%     |
| 65536 | 18432 | [18432] | 0.0001  | [[65536, 18432]] | bf16  |     5648.65      |      5650.82      |     5652.59      |       3021.9       | 9.66e+09 | 1.21e+09  | 2.42e+09 |        3.35%        |        3.35%         |    42.77%     |
|   1   | 27648 | [27648] | 0.0001  |   [[1, 27648]]   | bf16  |      25.45       |       25.47       |      25.49       |        2.07        | 2.21e+05 | 2.76e+04  | 5.53e+04 |        0.02%        |        0.02%         |     0.22%     |
|   2   | 27648 | [27648] | 0.0001  |   [[2, 27648]]   | bf16  |      25.72       |       25.75       |      25.78       |        2.14        | 4.42e+05 | 5.53e+04  | 1.11e+05 |        0.03%        |        0.03%         |     0.43%     |
|   4   | 27648 | [27648] | 0.0001  |   [[4, 27648]]   | bf16  |      25.68       |       25.7        |      25.72       |        2.28        | 8.85e+05 | 1.11e+05  | 2.21e+05 |        0.07%        |        0.07%         |     0.86%     |
|   8   | 27648 | [27648] | 0.0001  |   [[8, 27648]]   | bf16  |      25.77       |       25.79       |       25.8       |        2.55        | 1.77e+06 | 2.21e+05  | 4.42e+05 |        0.13%        |        0.13%         |     1.72%     |
|  16   | 27648 | [27648] | 0.0001  |  [[16, 27648]]   | bf16  |      25.93       |       25.95       |       26.0       |        3.11        | 3.54e+06 | 4.42e+05  | 8.85e+05 |        0.27%        |        0.27%         |     3.41%     |
|  32   | 27648 | [27648] | 0.0001  |  [[32, 27648]]   | bf16  |      26.15       |       26.17       |      26.18       |        4.21        | 7.08e+06 | 8.85e+05  | 1.77e+06 |        0.53%        |        0.53%         |     6.77%     |
|  64   | 27648 | [27648] | 0.0001  |  [[64, 27648]]   | bf16  |      26.02       |       26.05       |      26.06       |        6.42        | 1.42e+07 | 1.77e+06  | 3.54e+06 |        1.07%        |        1.07%         |     13.6%     |
|  128  | 27648 | [27648] | 0.0001  |  [[128, 27648]]  | bf16  |      41.51       |       41.81       |      41.95       |       10.85        | 2.83e+07 | 3.54e+06  | 7.08e+06 |        1.34%        |        1.34%         |    17.05%     |
|  256  | 27648 | [27648] | 0.0001  |  [[256, 27648]]  | bf16  |       54.3       |       55.26       |      55.92       |       19.69        | 5.66e+07 | 7.08e+06  | 1.42e+07 |        2.04%        |        2.04%         |    26.07%     |
|  512  | 27648 | [27648] | 0.0001  |  [[512, 27648]]  | bf16  |      137.81      |      137.99       |      138.18      |       37.39        | 1.13e+08 | 1.42e+07  | 2.83e+07 |        1.61%        |        1.61%         |    20.54%     |
| 1024  | 27648 | [27648] | 0.0001  | [[1024, 27648]]  | bf16  |      167.86      |      167.98       |      168.1       |       72.78        | 2.26e+08 | 2.83e+07  | 5.66e+07 |        2.65%        |        2.65%         |    33.73%     |
| 2048  | 27648 | [27648] | 0.0001  | [[2048, 27648]]  | bf16  |      325.32      |      325.47       |      325.6       |       143.56       | 4.53e+08 | 5.66e+07  | 1.13e+08 |        2.73%        |        2.73%         |    34.81%     |
| 4096  | 27648 | [27648] | 0.0001  | [[4096, 27648]]  | bf16  |      636.79      |      637.22       |      637.37      |       285.12       | 9.06e+08 | 1.13e+08  | 2.26e+08 |        2.79%        |        2.79%         |    35.57%     |
| 8192  | 27648 | [27648] | 0.0001  | [[8192, 27648]]  | bf16  |     1211.57      |      1212.41      |     1213.25      |       568.23       | 1.81e+09 | 2.26e+08  | 4.53e+08 |        2.93%        |        2.93%         |    37.39%     |
| 16384 | 27648 | [27648] | 0.0001  | [[16384, 27648]] | bf16  |     2391.68      |      2391.92      |      2392.1      |      1134.46       | 3.62e+09 | 4.53e+08  | 9.06e+08 |        2.97%        |        2.97%         |    37.88%     |
| 32768 | 27648 | [27648] | 0.0001  | [[32768, 27648]] | bf16  |     4649.91      |      4650.54      |     4650.97      |      2266.92       | 7.25e+09 | 9.06e+08  | 1.81e+09 |        3.06%        |        3.06%         |    38.97%     |
| 65536 | 27648 | [27648] | 0.0001  | [[65536, 27648]] | bf16  |     9161.08      |      9165.13      |     9169.68      |      4531.85       | 1.45e+10 | 1.81e+09  | 3.62e+09 |        3.1%         |         3.1%         |    39.56%     |
|   1   | 53248 | [53248] | 0.0001  |   [[1, 53248]]   | bf16  |      45.95       |       45.98       |      46.01       |        2.13        | 4.26e+05 | 5.32e+04  | 1.06e+05 |        0.02%        |        0.02%         |     0.23%     |
|   2   | 53248 | [53248] | 0.0001  |   [[2, 53248]]   | bf16  |      46.39       |       46.41       |      46.44       |        2.27        | 8.52e+05 | 1.06e+05  | 2.13e+05 |        0.04%        |        0.04%         |     0.46%     |
|   4   | 53248 | [53248] | 0.0001  |   [[4, 53248]]   | bf16  |      46.42       |       46.44       |      46.45       |        2.53        | 1.70e+06 | 2.13e+05  | 4.26e+05 |        0.07%        |        0.07%         |     0.92%     |
|   8   | 53248 | [53248] | 0.0001  |   [[8, 53248]]   | bf16  |      48.91       |       48.94       |      48.96       |        3.06        | 3.41e+06 | 4.26e+05  | 8.52e+05 |        0.14%        |        0.14%         |     1.74%     |
|  16   | 53248 | [53248] | 0.0001  |  [[16, 53248]]   | bf16  |      48.48       |       48.51       |      48.54       |        4.13        | 6.82e+06 | 8.52e+05  | 1.70e+06 |        0.28%        |        0.28%         |     3.51%     |
|  32   | 53248 | [53248] | 0.0001  |  [[32, 53248]]   | bf16  |      51.83       |       51.84       |      51.87       |        6.26        | 1.36e+07 | 1.70e+06  | 3.41e+06 |        0.52%        |        0.52%         |     6.58%     |
|  64   | 53248 | [53248] | 0.0001  |  [[64, 53248]]   | bf16  |      59.54       |       59.59       |      59.62       |       10.52        | 2.73e+07 | 3.41e+06  | 6.82e+06 |        0.9%         |         0.9%         |    11.45%     |
|  128  | 53248 | [53248] | 0.0001  |  [[128, 53248]]  | bf16  |      104.21      |       104.3       |      104.41      |       19.04        | 5.45e+07 | 6.82e+06  | 1.36e+07 |        1.03%        |        1.03%         |    13.08%     |
|  256  | 53248 | [53248] | 0.0001  |  [[256, 53248]]  | bf16  |      236.25      |      236.95       |      237.99      |       36.08        | 1.09e+08 | 1.36e+07  | 2.73e+07 |        0.91%        |        0.91%         |    11.54%     |
|  512  | 53248 | [53248] | 0.0001  |  [[512, 53248]]  | bf16  |      270.14      |      270.33       |      270.46      |       70.16        | 2.18e+08 | 2.73e+07  | 5.45e+07 |        1.58%        |        1.58%         |    20.18%     |
| 1024  | 53248 | [53248] | 0.0001  | [[1024, 53248]]  | bf16  |      311.46      |      311.67       |      311.92      |       138.31       | 4.36e+08 | 5.45e+07  | 1.09e+08 |        2.75%        |        2.75%         |    35.01%     |
| 2048  | 53248 | [53248] | 0.0001  | [[2048, 53248]]  | bf16  |      610.82      |      611.14       |      611.31      |       274.63       | 8.72e+08 | 1.09e+08  | 2.18e+08 |        2.8%         |         2.8%         |    35.71%     |
| 4096  | 53248 | [53248] | 0.0001  | [[4096, 53248]]  | bf16  |     1208.74      |      1208.93      |     1209.17      |       547.26       | 1.74e+09 | 2.18e+08  | 4.36e+08 |        2.83%        |        2.83%         |    36.09%     |
| 8192  | 53248 | [53248] | 0.0001  | [[8192, 53248]]  | bf16  |     2385.03      |      2385.37      |     2385.64      |      1092.52       | 3.49e+09 | 4.36e+08  | 8.72e+08 |        2.87%        |        2.87%         |    36.58%     |
| 16384 | 53248 | [53248] | 0.0001  | [[16384, 53248]] | bf16  |     4576.64      |      4577.5       |     4579.78      |      2183.04       | 6.98e+09 | 8.72e+08  | 1.74e+09 |        2.99%        |        2.99%         |    38.12%     |
| 32768 | 53248 | [53248] | 0.0001  | [[32768, 53248]] | bf16  |     8923.71      |      8924.37      |     8925.81      |      4364.08       | 1.40e+10 | 1.74e+09  | 3.49e+09 |        3.07%        |        3.07%         |    39.11%     |
