Test Case: H100PCIE_aten_silu
|   M   |   N   |  B  |    input_shape     | dtype | duration_min(us) | duration_mean(us) | duration_max(us) | theory_latency(us) |  flops   |    io    | flops_efficiency | io_efficiency |
|   1   |  32   | N/A |     [[1, 32]]      | bf16  |       3.31       |       3.37        |       3.43       |        2.0         | 4.16e+02 | 6.40e+01 |       0.0%       |     0.0%      |
|   2   |  32   | N/A |     [[2, 32]]      | bf16  |       2.65       |       2.66        |       2.68       |        2.0         | 8.32e+02 | 1.28e+02 |       0.0%       |     0.0%      |
|   4   |  32   | N/A |     [[4, 32]]      | bf16  |       2.79       |       2.81        |       2.82       |        2.0         | 1.66e+03 | 2.56e+02 |       0.0%       |     0.01%     |
|   8   |  32   | N/A |     [[8, 32]]      | bf16  |       2.74       |       2.76        |       2.78       |        2.0         | 3.33e+03 | 5.12e+02 |       0.0%       |     0.02%     |
|  16   |  32   | N/A |     [[16, 32]]     | bf16  |       2.72       |       2.74        |       2.76       |        2.0         | 6.66e+03 | 1.02e+03 |       0.0%       |     0.04%     |
|  32   |  32   | N/A |     [[32, 32]]     | bf16  |       3.12       |       3.13        |       3.15       |        2.0         | 1.33e+04 | 2.05e+03 |      0.01%       |     0.07%     |
|  64   |  32   | N/A |     [[64, 32]]     | bf16  |       2.96       |        3.0        |       3.03       |        2.01        | 2.66e+04 | 4.10e+03 |      0.02%       |     0.14%     |
|  128  |  32   | N/A |    [[128, 32]]     | bf16  |       3.01       |       3.02        |       3.04       |        2.01        | 5.32e+04 | 8.19e+03 |      0.03%       |     0.27%     |
|  256  |  32   | N/A |    [[256, 32]]     | bf16  |       3.04       |       3.07        |       3.1        |        2.02        | 1.06e+05 | 1.64e+04 |      0.07%       |     0.54%     |
|  512  |  32   | N/A |    [[512, 32]]     | bf16  |       3.15       |       3.16        |       3.18       |        2.04        | 2.13e+05 | 3.28e+04 |      0.13%       |     1.04%     |
| 1024  |  32   | N/A |    [[1024, 32]]    | bf16  |       3.2        |       3.21        |       3.22       |        2.08        | 4.26e+05 | 6.55e+04 |      0.26%       |     2.05%     |
| 2048  |  32   | N/A |    [[2048, 32]]    | bf16  |       3.34       |       3.36        |       3.38       |        2.16        | 8.52e+05 | 1.31e+05 |       0.5%       |     3.92%     |
| 4096  |  32   | N/A |    [[4096, 32]]    | bf16  |       3.24       |       3.26        |       3.28       |        2.33        | 1.70e+06 | 2.62e+05 |      1.03%       |     8.09%     |
| 8192  |  32   | N/A |    [[8192, 32]]    | bf16  |       3.33       |       3.35        |       3.37       |        2.66        | 3.41e+06 | 5.24e+05 |      2.01%       |    15.74%     |
| 16384 |  32   | N/A |   [[16384, 32]]    | bf16  |       3.74       |       3.76        |       3.77       |        3.31        | 6.82e+06 | 1.05e+06 |      3.57%       |    28.04%     |
| 32768 |  32   | N/A |   [[32768, 32]]    | bf16  |       4.46       |       4.48        |       4.49       |        4.62        | 1.36e+07 | 2.10e+06 |      5.99%       |    47.02%     |
|   1   |  64   | N/A |     [[1, 64]]      | bf16  |       2.62       |       2.65        |       2.67       |        2.0         | 8.32e+02 | 1.28e+02 |       0.0%       |     0.0%      |
|   2   |  64   | N/A |     [[2, 64]]      | bf16  |       2.81       |       2.82        |       2.84       |        2.0         | 1.66e+03 | 2.56e+02 |       0.0%       |     0.01%     |
|   4   |  64   | N/A |     [[4, 64]]      | bf16  |       3.04       |       3.05        |       3.06       |        2.0         | 3.33e+03 | 5.12e+02 |       0.0%       |     0.02%     |
|   8   |  64   | N/A |     [[8, 64]]      | bf16  |       2.85       |       2.86        |       2.87       |        2.0         | 6.66e+03 | 1.02e+03 |       0.0%       |     0.04%     |
|  16   |  64   | N/A |     [[16, 64]]     | bf16  |       3.0        |       3.01        |       3.03       |        2.0         | 1.33e+04 | 2.05e+03 |      0.01%       |     0.07%     |
|  32   |  64   | N/A |     [[32, 64]]     | bf16  |       3.02       |       3.03        |       3.05       |        2.01        | 2.66e+04 | 4.10e+03 |      0.02%       |     0.14%     |
|  64   |  64   | N/A |     [[64, 64]]     | bf16  |       3.02       |       3.03        |       3.04       |        2.01        | 5.32e+04 | 8.19e+03 |      0.03%       |     0.27%     |
|  128  |  64   | N/A |    [[128, 64]]     | bf16  |       3.03       |       3.05        |       3.06       |        2.02        | 1.06e+05 | 1.64e+04 |      0.07%       |     0.54%     |
|  256  |  64   | N/A |    [[256, 64]]     | bf16  |       3.18       |       3.19        |       3.2        |        2.04        | 2.13e+05 | 3.28e+04 |      0.13%       |     1.03%     |
|  512  |  64   | N/A |    [[512, 64]]     | bf16  |       3.09       |       3.11        |       3.13       |        2.08        | 4.26e+05 | 6.55e+04 |      0.27%       |     2.12%     |
| 1024  |  64   | N/A |    [[1024, 64]]    | bf16  |       3.22       |       3.24        |       3.27       |        2.16        | 8.52e+05 | 1.31e+05 |      0.52%       |     4.07%     |
| 2048  |  64   | N/A |    [[2048, 64]]    | bf16  |       3.35       |       3.36        |       3.37       |        2.33        | 1.70e+06 | 2.62e+05 |       1.0%       |     7.83%     |
| 4096  |  64   | N/A |    [[4096, 64]]    | bf16  |       3.34       |       3.36        |       3.38       |        2.66        | 3.41e+06 | 5.24e+05 |       2.0%       |     15.7%     |
| 8192  |  64   | N/A |    [[8192, 64]]    | bf16  |       3.84       |       3.85        |       3.87       |        3.31        | 6.82e+06 | 1.05e+06 |      3.48%       |    27.31%     |
| 16384 |  64   | N/A |   [[16384, 64]]    | bf16  |       4.47       |       4.53        |       4.6        |        4.62        | 1.36e+07 | 2.10e+06 |      5.98%       |    46.92%     |
| 32768 |  64   | N/A |   [[32768, 64]]    | bf16  |       6.0        |       6.03        |       6.07       |        7.24        | 2.73e+07 | 4.19e+06 |      8.91%       |    69.91%     |
|   1   |  128  | N/A |     [[1, 128]]     | bf16  |       2.8        |       2.82        |       2.83       |        2.0         | 1.66e+03 | 2.56e+02 |       0.0%       |     0.01%     |
|   2   |  128  | N/A |     [[2, 128]]     | bf16  |       2.73       |       2.74        |       2.75       |        2.0         | 3.33e+03 | 5.12e+02 |       0.0%       |     0.02%     |
|   4   |  128  | N/A |     [[4, 128]]     | bf16  |       2.86       |       2.88        |       2.9        |        2.0         | 6.66e+03 | 1.02e+03 |       0.0%       |     0.04%     |
|   8   |  128  | N/A |     [[8, 128]]     | bf16  |       2.98       |       2.99        |       3.01       |        2.0         | 1.33e+04 | 2.05e+03 |      0.01%       |     0.07%     |
|  16   |  128  | N/A |    [[16, 128]]     | bf16  |       3.0        |       3.01        |       3.03       |        2.01        | 2.66e+04 | 4.10e+03 |      0.02%       |     0.14%     |
|  32   |  128  | N/A |    [[32, 128]]     | bf16  |       3.03       |       3.04        |       3.06       |        2.01        | 5.32e+04 | 8.19e+03 |      0.03%       |     0.27%     |
|  64   |  128  | N/A |    [[64, 128]]     | bf16  |       3.17       |       3.18        |       3.19       |        2.02        | 1.06e+05 | 1.64e+04 |      0.07%       |     0.52%     |
|  128  |  128  | N/A |    [[128, 128]]    | bf16  |       3.19       |       3.21        |       3.22       |        2.04        | 2.13e+05 | 3.28e+04 |      0.13%       |     1.03%     |
|  256  |  128  | N/A |    [[256, 128]]    | bf16  |       3.32       |       3.34        |       3.37       |        2.08        | 4.26e+05 | 6.55e+04 |      0.25%       |     1.97%     |
|  512  |  128  | N/A |    [[512, 128]]    | bf16  |       3.19       |       3.21        |       3.23       |        2.16        | 8.52e+05 | 1.31e+05 |      0.52%       |     4.11%     |
| 1024  |  128  | N/A |   [[1024, 128]]    | bf16  |       3.26       |       3.27        |       3.28       |        2.33        | 1.70e+06 | 2.62e+05 |      1.02%       |     8.04%     |
| 2048  |  128  | N/A |   [[2048, 128]]    | bf16  |       3.31       |       3.33        |       3.35       |        2.66        | 3.41e+06 | 5.24e+05 |      2.02%       |    15.84%     |
| 4096  |  128  | N/A |   [[4096, 128]]    | bf16  |       3.72       |       3.74        |       3.75       |        3.31        | 6.82e+06 | 1.05e+06 |      3.59%       |    28.19%     |
| 8192  |  128  | N/A |   [[8192, 128]]    | bf16  |       4.47       |       4.49        |       4.52       |        4.62        | 1.36e+07 | 2.10e+06 |      5.98%       |    46.92%     |
| 16384 |  128  | N/A |   [[16384, 128]]   | bf16  |       6.06       |       6.08        |       6.11       |        7.24        | 2.73e+07 | 4.19e+06 |      8.82%       |    69.21%     |
| 32768 |  128  | N/A |   [[32768, 128]]   | bf16  |       9.25       |       9.29        |       9.32       |       12.49        | 5.45e+07 | 8.39e+06 |      11.56%      |    90.69%     |
|   1   |  512  | N/A |     [[1, 512]]     | bf16  |       2.86       |       2.89        |       2.92       |        2.0         | 6.66e+03 | 1.02e+03 |       0.0%       |     0.04%     |
|   2   |  512  | N/A |     [[2, 512]]     | bf16  |       3.0        |       3.02        |       3.03       |        2.0         | 1.33e+04 | 2.05e+03 |      0.01%       |     0.07%     |
|   4   |  512  | N/A |     [[4, 512]]     | bf16  |       2.86       |       2.88        |       2.9        |        2.01        | 2.66e+04 | 4.10e+03 |      0.02%       |     0.14%     |
|   8   |  512  | N/A |     [[8, 512]]     | bf16  |       3.03       |       3.04        |       3.05       |        2.01        | 5.32e+04 | 8.19e+03 |      0.03%       |     0.27%     |
|  16   |  512  | N/A |    [[16, 512]]     | bf16  |       3.05       |       3.07        |       3.08       |        2.02        | 1.06e+05 | 1.64e+04 |      0.07%       |     0.54%     |
|  32   |  512  | N/A |    [[32, 512]]     | bf16  |       3.04       |       3.06        |       3.08       |        2.04        | 2.13e+05 | 3.28e+04 |      0.14%       |     1.08%     |
|  64   |  512  | N/A |    [[64, 512]]     | bf16  |       3.19       |       3.21        |       3.24       |        2.08        | 4.26e+05 | 6.55e+04 |      0.26%       |     2.05%     |
|  128  |  512  | N/A |    [[128, 512]]    | bf16  |       3.16       |       3.18        |       3.2        |        2.16        | 8.52e+05 | 1.31e+05 |      0.53%       |     4.15%     |
|  256  |  512  | N/A |    [[256, 512]]    | bf16  |       3.22       |       3.24        |       3.25       |        2.33        | 1.70e+06 | 2.62e+05 |      1.04%       |     8.14%     |
|  512  |  512  | N/A |    [[512, 512]]    | bf16  |       3.35       |       3.36        |       3.37       |        2.66        | 3.41e+06 | 5.24e+05 |      1.99%       |    15.65%     |
| 1024  |  512  | N/A |   [[1024, 512]]    | bf16  |       3.76       |       3.77        |       3.79       |        3.31        | 6.82e+06 | 1.05e+06 |      3.55%       |    27.89%     |
| 2048  |  512  | N/A |   [[2048, 512]]    | bf16  |       4.47       |        4.5        |       4.53       |        4.62        | 1.36e+07 | 2.10e+06 |      5.98%       |    46.92%     |
| 4096  |  512  | N/A |   [[4096, 512]]    | bf16  |       5.98       |       6.01        |       6.04       |        7.24        | 2.73e+07 | 4.19e+06 |      8.94%       |    70.14%     |
| 8192  |  512  | N/A |   [[8192, 512]]    | bf16  |       9.05       |       9.08        |       9.1        |       12.49        | 5.45e+07 | 8.39e+06 |      11.81%      |    92.69%     |
| 16384 |  512  | N/A |   [[16384, 512]]   | bf16  |       18.8       |       18.92       |      19.03       |       22.97        | 1.09e+08 | 1.68e+07 |      11.37%      |    89.24%     |
| 32768 |  512  | N/A |   [[32768, 512]]   | bf16  |      41.57       |       41.77       |      41.95       |       43.94        | 2.18e+08 | 3.36e+07 |      10.29%      |    80.72%     |
|   1   |  768  | N/A |     [[1, 768]]     | bf16  |       2.91       |       2.92        |       2.93       |        2.0         | 9.98e+03 | 1.54e+03 |      0.01%       |     0.05%     |
|   2   |  768  | N/A |     [[2, 768]]     | bf16  |       2.98       |       3.01        |       3.04       |        2.0         | 2.00e+04 | 3.07e+03 |      0.01%       |     0.1%      |
|   4   |  768  | N/A |     [[4, 768]]     | bf16  |       3.03       |       3.05        |       3.08       |        2.01        | 3.99e+04 | 6.14e+03 |      0.03%       |     0.2%      |
|   8   |  768  | N/A |     [[8, 768]]     | bf16  |       3.04       |       3.05        |       3.06       |        2.02        | 7.99e+04 | 1.23e+04 |      0.05%       |     0.4%      |
|  16   |  768  | N/A |    [[16, 768]]     | bf16  |       3.05       |       3.07        |       3.1        |        2.03        | 1.60e+05 | 2.46e+04 |       0.1%       |     0.81%     |
|  32   |  768  | N/A |    [[32, 768]]     | bf16  |       3.05       |       3.07        |       3.09       |        2.06        | 3.19e+05 | 4.92e+04 |      0.21%       |     1.61%     |
|  64   |  768  | N/A |    [[64, 768]]     | bf16  |       3.24       |       3.25        |       3.27       |        2.12        | 6.39e+05 | 9.83e+04 |      0.39%       |     3.03%     |
|  128  |  768  | N/A |    [[128, 768]]    | bf16  |       3.2        |       3.22        |       3.24       |        2.25        | 1.28e+06 | 1.97e+05 |      0.78%       |     6.14%     |
|  256  |  768  | N/A |    [[256, 768]]    | bf16  |       3.26       |       3.29        |       3.32       |        2.49        | 2.56e+06 | 3.93e+05 |      1.54%       |    12.06%     |
|  512  |  768  | N/A |    [[512, 768]]    | bf16  |       3.54       |       3.55        |       3.56       |        2.98        | 5.11e+06 | 7.86e+05 |      2.83%       |    22.22%     |
| 1024  |  768  | N/A |   [[1024, 768]]    | bf16  |       4.08       |        4.1        |       4.12       |        3.97        | 1.02e+07 | 1.57e+06 |      4.91%       |    38.55%     |
| 2048  |  768  | N/A |   [[2048, 768]]    | bf16  |       5.27       |       5.28        |       5.29       |        5.93        | 2.04e+07 | 3.15e+06 |      7.61%       |    59.69%     |
| 4096  |  768  | N/A |   [[4096, 768]]    | bf16  |       7.59       |       7.62        |       7.66       |        9.86        | 4.09e+07 | 6.29e+06 |      10.56%      |    82.89%     |
| 8192  |  768  | N/A |   [[8192, 768]]    | bf16  |      12.75       |       12.78       |       12.8       |       17.73        | 8.18e+07 | 1.26e+07 |      12.58%      |    98.69%     |
| 16384 |  768  | N/A |   [[16384, 768]]   | bf16  |      32.15       |       32.28       |       32.4       |       33.46        | 1.64e+08 | 2.52e+07 |      9.98%       |    78.28%     |
| 32768 |  768  | N/A |   [[32768, 768]]   | bf16  |      60.04       |       60.18       |      60.35       |       64.91        | 3.27e+08 | 5.03e+07 |      10.68%      |    83.83%     |
|   1   | 2048  | N/A |    [[1, 2048]]     | bf16  |       2.87       |        2.9        |       2.93       |        2.01        | 2.66e+04 | 4.10e+03 |      0.02%       |     0.14%     |
|   2   | 2048  | N/A |    [[2, 2048]]     | bf16  |       3.16       |       3.17        |       3.19       |        2.01        | 5.32e+04 | 8.19e+03 |      0.03%       |     0.26%     |
|   4   | 2048  | N/A |    [[4, 2048]]     | bf16  |       3.07       |       3.08        |       3.09       |        2.02        | 1.06e+05 | 1.64e+04 |      0.07%       |     0.53%     |
|   8   | 2048  | N/A |    [[8, 2048]]     | bf16  |       3.06       |       3.08        |       3.09       |        2.04        | 2.13e+05 | 3.28e+04 |      0.14%       |     1.07%     |
|  16   | 2048  | N/A |    [[16, 2048]]    | bf16  |       3.17       |       3.19        |       3.2        |        2.08        | 4.26e+05 | 6.55e+04 |      0.26%       |     2.07%     |
|  32   | 2048  | N/A |    [[32, 2048]]    | bf16  |       3.33       |       3.35        |       3.37       |        2.16        | 8.52e+05 | 1.31e+05 |       0.5%       |     3.94%     |
|  64   | 2048  | N/A |    [[64, 2048]]    | bf16  |       3.24       |       3.26        |       3.29       |        2.33        | 1.70e+06 | 2.62e+05 |      1.03%       |     8.09%     |
|  128  | 2048  | N/A |   [[128, 2048]]    | bf16  |       3.32       |       3.34        |       3.36       |        2.66        | 3.41e+06 | 5.24e+05 |      2.01%       |    15.79%     |
|  256  | 2048  | N/A |   [[256, 2048]]    | bf16  |       3.73       |       3.75        |       3.76       |        3.31        | 6.82e+06 | 1.05e+06 |      3.58%       |    28.11%     |
|  512  | 2048  | N/A |   [[512, 2048]]    | bf16  |       4.45       |       4.48        |       4.5        |        4.62        | 1.36e+07 | 2.10e+06 |      6.01%       |    47.13%     |
| 1024  | 2048  | N/A |   [[1024, 2048]]   | bf16  |       6.0        |       6.04        |       6.07       |        7.24        | 2.73e+07 | 4.19e+06 |      8.91%       |    69.91%     |
| 2048  | 2048  | N/A |   [[2048, 2048]]   | bf16  |       9.15       |       9.18        |       9.22       |       12.49        | 5.45e+07 | 8.39e+06 |      11.68%      |    91.68%     |
| 4096  | 2048  | N/A |   [[4096, 2048]]   | bf16  |      18.79       |       18.9        |      18.99       |       22.97        | 1.09e+08 | 1.68e+07 |      11.38%      |    89.29%     |
| 8192  | 2048  | N/A |   [[8192, 2048]]   | bf16  |      41.64       |       41.82       |      41.97       |       43.94        | 2.18e+08 | 3.36e+07 |      10.27%      |    80.58%     |
| 16384 | 2048  | N/A |  [[16384, 2048]]   | bf16  |      78.48       |       78.62       |      78.76       |       85.89        | 4.36e+08 | 6.71e+07 |      10.9%       |    85.51%     |
| 32768 | 2048  | N/A |  [[32768, 2048]]   | bf16  |      153.01      |      153.09       |      153.19      |       169.77       | 8.72e+08 | 1.34e+08 |      11.18%      |    87.72%     |
|   1   | 3072  | N/A |    [[1, 3072]]     | bf16  |       2.98       |       3.01        |       3.04       |        2.01        | 3.99e+04 | 6.14e+03 |      0.03%       |     0.21%     |
|   2   | 3072  | N/A |    [[2, 3072]]     | bf16  |       3.06       |       3.08        |       3.11       |        2.02        | 7.99e+04 | 1.23e+04 |      0.05%       |     0.4%      |
|   4   | 3072  | N/A |    [[4, 3072]]     | bf16  |       3.12       |       3.14        |       3.16       |        2.03        | 1.60e+05 | 2.46e+04 |       0.1%       |     0.79%     |
|   8   | 3072  | N/A |    [[8, 3072]]     | bf16  |       3.17       |       3.19        |       3.2        |        2.06        | 3.19e+05 | 4.92e+04 |       0.2%       |     1.55%     |
|  16   | 3072  | N/A |    [[16, 3072]]    | bf16  |       3.2        |       3.22        |       3.24       |        2.12        | 6.39e+05 | 9.83e+04 |      0.39%       |     3.07%     |
|  32   | 3072  | N/A |    [[32, 3072]]    | bf16  |       3.31       |       3.34        |       3.36       |        2.25        | 1.28e+06 | 1.97e+05 |      0.76%       |     5.94%     |
|  64   | 3072  | N/A |    [[64, 3072]]    | bf16  |       3.31       |       3.33        |       3.34       |        2.49        | 2.56e+06 | 3.93e+05 |      1.51%       |    11.88%     |
|  128  | 3072  | N/A |   [[128, 3072]]    | bf16  |       3.52       |       3.53        |       3.54       |        2.98        | 5.11e+06 | 7.86e+05 |      2.85%       |    22.34%     |
|  256  | 3072  | N/A |   [[256, 3072]]    | bf16  |       4.01       |       4.05        |       4.09       |        3.97        | 1.02e+07 | 1.57e+06 |       5.0%       |    39.22%     |
|  512  | 3072  | N/A |   [[512, 3072]]    | bf16  |       5.24       |       5.27        |       5.3        |        5.93        | 2.04e+07 | 3.15e+06 |      7.65%       |    60.03%     |
| 1024  | 3072  | N/A |   [[1024, 3072]]   | bf16  |       7.6        |       7.63        |       7.66       |        9.86        | 4.09e+07 | 6.29e+06 |      10.55%      |    82.78%     |
| 2048  | 3072  | N/A |   [[2048, 3072]]   | bf16  |      12.76       |       12.8        |      12.85       |       17.73        | 8.18e+07 | 1.26e+07 |      12.57%      |    98.61%     |
| 4096  | 3072  | N/A |   [[4096, 3072]]   | bf16  |      32.13       |       32.27       |       32.4       |       33.46        | 1.64e+08 | 2.52e+07 |      9.98%       |    78.33%     |
| 8192  | 3072  | N/A |   [[8192, 3072]]   | bf16  |      60.11       |       60.24       |      60.34       |       64.91        | 3.27e+08 | 5.03e+07 |      10.67%      |    83.73%     |
| 16384 | 3072  | N/A |  [[16384, 3072]]   | bf16  |      115.68      |      115.79       |      115.89      |       127.83       | 6.54e+08 | 1.01e+08 |      11.09%      |    87.02%     |
| 32768 | 3072  | N/A |  [[32768, 3072]]   | bf16  |      225.94      |      226.02       |      226.09      |       253.66       | 1.31e+09 | 2.01e+08 |      11.36%      |    89.11%     |
|   1   | 4096  | N/A |    [[1, 4096]]     | bf16  |       2.9        |       2.93        |       2.95       |        2.01        | 5.32e+04 | 8.19e+03 |      0.04%       |     0.28%     |
|   2   | 4096  | N/A |    [[2, 4096]]     | bf16  |       3.03       |       3.04        |       3.06       |        2.02        | 1.06e+05 | 1.64e+04 |      0.07%       |     0.54%     |
|   4   | 4096  | N/A |    [[4, 4096]]     | bf16  |       3.13       |       3.18        |       3.23       |        2.04        | 2.13e+05 | 3.28e+04 |      0.13%       |     1.05%     |
|   8   | 4096  | N/A |    [[8, 4096]]     | bf16  |       2.8        |        3.1        |       3.36       |        2.08        | 4.26e+05 | 6.55e+04 |       0.3%       |     2.34%     |
|  16   | 4096  | N/A |    [[16, 4096]]    | bf16  |       3.21       |       3.22        |       3.24       |        2.16        | 8.52e+05 | 1.31e+05 |      0.52%       |     4.08%     |
|  32   | 4096  | N/A |    [[32, 4096]]    | bf16  |       3.32       |       3.33        |       3.35       |        2.33        | 1.70e+06 | 2.62e+05 |      1.01%       |     7.9%      |
|  64   | 4096  | N/A |    [[64, 4096]]    | bf16  |       3.33       |       3.35        |       3.36       |        2.66        | 3.41e+06 | 5.24e+05 |      2.01%       |    15.74%     |
|  128  | 4096  | N/A |   [[128, 4096]]    | bf16  |       2.88       |       2.91        |       2.94       |        3.31        | 6.82e+06 | 1.05e+06 |      4.64%       |    36.41%     |
|  256  | 4096  | N/A |   [[256, 4096]]    | bf16  |       3.64       |       3.68        |       3.71       |        4.62        | 1.36e+07 | 2.10e+06 |      7.34%       |    57.61%     |
|  512  | 4096  | N/A |   [[512, 4096]]    | bf16  |       5.91       |       5.94        |       5.97       |        7.24        | 2.73e+07 | 4.19e+06 |      9.05%       |    70.97%     |
| 1024  | 4096  | N/A |   [[1024, 4096]]   | bf16  |       8.97       |        9.0        |       9.04       |       12.49        | 5.45e+07 | 8.39e+06 |      11.92%      |    93.52%     |
| 2048  | 4096  | N/A |   [[2048, 4096]]   | bf16  |       18.5       |       18.62       |      18.75       |       22.97        | 1.09e+08 | 1.68e+07 |      11.56%      |    90.69%     |
| 4096  | 4096  | N/A |   [[4096, 4096]]   | bf16  |      41.34       |       41.54       |      41.73       |       43.94        | 2.18e+08 | 3.36e+07 |      10.34%      |    81.17%     |
| 8192  | 4096  | N/A |   [[8192, 4096]]   | bf16  |       78.0       |       78.15       |      78.28       |       85.89        | 4.36e+08 | 6.71e+07 |      10.97%      |    86.04%     |
| 16384 | 4096  | N/A |  [[16384, 4096]]   | bf16  |      152.54      |       152.7       |      152.83      |       169.77       | 8.72e+08 | 1.34e+08 |      11.21%      |    87.99%     |
| 32768 | 4096  | N/A |  [[32768, 4096]]   | bf16  |      299.4       |      299.63       |      299.8       |       337.54       | 1.74e+09 | 2.68e+08 |      11.43%      |    89.66%     |
|   1   | 5120  | N/A |    [[1, 5120]]     | bf16  |       2.83       |       2.85        |       2.87       |        2.01        | 6.66e+04 | 1.02e+04 |      0.05%       |     0.36%     |
|   2   | 5120  | N/A |    [[2, 5120]]     | bf16  |       2.99       |       3.02        |       3.06       |        2.03        | 1.33e+05 | 2.05e+04 |      0.09%       |     0.68%     |
|   4   | 5120  | N/A |    [[4, 5120]]     | bf16  |       3.06       |       3.08        |       3.1        |        2.05        | 2.66e+05 | 4.10e+04 |      0.17%       |     1.34%     |
|   8   | 5120  | N/A |    [[8, 5120]]     | bf16  |       3.16       |       3.18        |       3.19       |        2.1         | 5.32e+05 | 8.19e+04 |      0.33%       |     2.59%     |
|  16   | 5120  | N/A |    [[16, 5120]]    | bf16  |       3.18       |       3.21        |       3.25       |        2.2         | 1.06e+06 | 1.64e+05 |      0.66%       |     5.15%     |
|  32   | 5120  | N/A |    [[32, 5120]]    | bf16  |       3.28       |       3.29        |       3.31       |        2.41        | 2.13e+06 | 3.28e+05 |      1.27%       |     9.99%     |
|  64   | 5120  | N/A |    [[64, 5120]]    | bf16  |       3.38       |        3.4        |       3.42       |        2.82        | 4.26e+06 | 6.55e+05 |      2.47%       |    19.39%     |
|  128  | 5120  | N/A |   [[128, 5120]]    | bf16  |       3.91       |       3.92        |       3.93       |        3.64        | 8.52e+06 | 1.31e+06 |      4.27%       |    33.52%     |
|  256  | 5120  | N/A |   [[256, 5120]]    | bf16  |       4.87       |       4.89        |       4.92       |        5.28        | 1.70e+07 | 2.62e+06 |      6.86%       |    53.83%     |
|  512  | 5120  | N/A |   [[512, 5120]]    | bf16  |       6.86       |       6.89        |       6.92       |        8.55        | 3.41e+07 | 5.24e+06 |      9.74%       |    76.43%     |
| 1024  | 5120  | N/A |   [[1024, 5120]]   | bf16  |      10.81       |       10.86       |       10.9       |       15.11        | 6.82e+07 | 1.05e+07 |      12.36%      |     97.0%     |
| 2048  | 5120  | N/A |   [[2048, 5120]]   | bf16  |      27.42       |       27.49       |      27.56       |       28.21        | 1.36e+08 | 2.10e+07 |      9.75%       |    76.48%     |
| 4096  | 5120  | N/A |   [[4096, 5120]]   | bf16  |      50.88       |       51.01       |      51.15       |       54.43        | 2.73e+08 | 4.19e+07 |      10.51%      |    82.44%     |
| 8192  | 5120  | N/A |   [[8192, 5120]]   | bf16  |      96.71       |       96.85       |      96.97       |       106.86       | 5.45e+08 | 8.39e+07 |      11.06%      |    86.74%     |
| 16384 | 5120  | N/A |  [[16384, 5120]]   | bf16  |      188.8       |      189.06       |      189.28      |       211.72       | 1.09e+09 | 1.68e+08 |      11.33%      |    88.86%     |
| 32768 | 5120  | N/A |  [[32768, 5120]]   | bf16  |      372.7       |      373.01       |      373.24      |       421.43       | 2.18e+09 | 3.36e+08 |      11.47%      |    90.03%     |
|   1   | 6144  | N/A |    [[1, 6144]]     | bf16  |       2.82       |       2.83        |       2.84       |        2.02        | 7.99e+04 | 1.23e+04 |      0.06%       |     0.44%     |
|   2   | 6144  | N/A |    [[2, 6144]]     | bf16  |       3.06       |       3.08        |       3.1        |        2.03        | 1.60e+05 | 2.46e+04 |       0.1%       |     0.8%      |
|   4   | 6144  | N/A |    [[4, 6144]]     | bf16  |       3.28       |       3.29        |       3.3        |        2.06        | 3.19e+05 | 4.92e+04 |      0.19%       |     1.5%      |
|   8   | 6144  | N/A |    [[8, 6144]]     | bf16  |       3.22       |       3.23        |       3.23       |        2.12        | 6.39e+05 | 9.83e+04 |      0.39%       |     3.05%     |
|  16   | 6144  | N/A |    [[16, 6144]]    | bf16  |       3.22       |       3.24        |       3.27       |        2.25        | 1.28e+06 | 1.97e+05 |      0.78%       |     6.11%     |
|  32   | 6144  | N/A |    [[32, 6144]]    | bf16  |       3.33       |       3.35        |       3.38       |        2.49        | 2.56e+06 | 3.93e+05 |       1.5%       |    11.81%     |
|  64   | 6144  | N/A |    [[64, 6144]]    | bf16  |       3.52       |       3.53        |       3.55       |        2.98        | 5.11e+06 | 7.86e+05 |      2.85%       |    22.34%     |
|  128  | 6144  | N/A |   [[128, 6144]]    | bf16  |       4.03       |       4.05        |       4.06       |        3.97        | 1.02e+07 | 1.57e+06 |      4.97%       |    39.03%     |
|  256  | 6144  | N/A |   [[256, 6144]]    | bf16  |       5.26       |       5.29        |       5.32       |        5.93        | 2.04e+07 | 3.15e+06 |      7.62%       |     59.8%     |
|  512  | 6144  | N/A |   [[512, 6144]]    | bf16  |       7.69       |       7.71        |       7.72       |        9.86        | 4.09e+07 | 6.29e+06 |      10.43%      |    81.81%     |
| 1024  | 6144  | N/A |   [[1024, 6144]]   | bf16  |      12.78       |       12.83       |      12.87       |       17.73        | 8.18e+07 | 1.26e+07 |      12.55%      |    98.46%     |
| 2048  | 6144  | N/A |   [[2048, 6144]]   | bf16  |      31.98       |       32.22       |      32.41       |       33.46        | 1.64e+08 | 2.52e+07 |      10.03%      |    78.69%     |
| 4096  | 6144  | N/A |   [[4096, 6144]]   | bf16  |      60.14       |       60.26       |      60.36       |       64.91        | 3.27e+08 | 5.03e+07 |      10.67%      |    83.69%     |
| 8192  | 6144  | N/A |   [[8192, 6144]]   | bf16  |      115.66      |      115.76       |      115.85      |       127.83       | 6.54e+08 | 1.01e+08 |      11.09%      |    87.03%     |
| 16384 | 6144  | N/A |  [[16384, 6144]]   | bf16  |      226.01      |       226.1       |      226.2       |       253.66       | 1.31e+09 | 2.01e+08 |      11.35%      |    89.08%     |
| 32768 | 6144  | N/A |  [[32768, 6144]]   | bf16  |      445.23      |       445.4       |      445.58      |       505.32       | 2.62e+09 | 4.03e+08 |      11.53%      |    90.44%     |
|   1   | 7168  | N/A |    [[1, 7168]]     | bf16  |       2.98       |       3.01        |       3.03       |        2.02        | 9.32e+04 | 1.43e+04 |      0.06%       |     0.48%     |
|   2   | 7168  | N/A |    [[2, 7168]]     | bf16  |       2.89       |       2.89        |       2.9        |        2.04        | 1.86e+05 | 2.87e+04 |      0.13%       |     0.99%     |
|   4   | 7168  | N/A |    [[4, 7168]]     | bf16  |       3.09       |        3.1        |       3.12       |        2.07        | 3.73e+05 | 5.73e+04 |      0.24%       |     1.86%     |
|   8   | 7168  | N/A |    [[8, 7168]]     | bf16  |       3.18       |       3.21        |       3.23       |        2.14        | 7.45e+05 | 1.15e+05 |      0.46%       |     3.61%     |
|  16   | 7168  | N/A |    [[16, 7168]]    | bf16  |       3.19       |       3.21        |       3.24       |        2.29        | 1.49e+06 | 2.29e+05 |      0.92%       |     7.19%     |
|  32   | 7168  | N/A |    [[32, 7168]]    | bf16  |       3.34       |       3.35        |       3.36       |        2.57        | 2.98e+06 | 4.59e+05 |      1.75%       |    13.74%     |
|  64   | 7168  | N/A |    [[64, 7168]]    | bf16  |       3.72       |       3.74        |       3.75       |        3.15        | 5.96e+06 | 9.18e+05 |      3.14%       |    24.66%     |
|  128  | 7168  | N/A |   [[128, 7168]]    | bf16  |       4.22       |       4.24        |       4.25       |        4.29        | 1.19e+07 | 1.84e+06 |      5.54%       |    43.48%     |
|  256  | 7168  | N/A |   [[256, 7168]]    | bf16  |       5.66       |       5.69        |       5.72       |        6.59        | 2.39e+07 | 3.67e+06 |      8.26%       |    64.84%     |
|  512  | 7168  | N/A |   [[512, 7168]]    | bf16  |       8.42       |       8.45        |       8.49       |       11.18        | 4.77e+07 | 7.34e+06 |      11.11%      |    87.17%     |
| 1024  | 7168  | N/A |   [[1024, 7168]]   | bf16  |      15.41       |       15.45       |      15.49       |       20.35        | 9.54e+07 | 1.47e+07 |      12.14%      |    95.26%     |
| 2048  | 7168  | N/A |   [[2048, 7168]]   | bf16  |      37.06       |       37.18       |      37.29       |        38.7        | 1.91e+08 | 2.94e+07 |      10.1%       |    79.22%     |
| 4096  | 7168  | N/A |   [[4096, 7168]]   | bf16  |      69.62       |       69.74       |      69.84       |        75.4        | 3.82e+08 | 5.87e+07 |      10.75%      |    84.34%     |
| 8192  | 7168  | N/A |   [[8192, 7168]]   | bf16  |      133.93      |      134.09       |      134.22      |       148.8        | 7.63e+08 | 1.17e+08 |      11.18%      |    87.69%     |
| 16384 | 7168  | N/A |  [[16384, 7168]]   | bf16  |      262.86      |      262.98       |      263.09      |       295.6        | 1.53e+09 | 2.35e+08 |      11.39%      |    89.36%     |
| 32768 | 7168  | N/A |  [[32768, 7168]]   | bf16  |      519.12      |      519.23       |      519.33      |       589.2        | 3.05e+09 | 4.70e+08 |      11.53%      |    90.49%     |
|   1   | 8192  | N/A |    [[1, 8192]]     | bf16  |       3.03       |       3.05        |       3.07       |        2.02        | 1.06e+05 | 1.64e+04 |      0.07%       |     0.54%     |
|   2   | 8192  | N/A |    [[2, 8192]]     | bf16  |       3.07       |       3.09        |       3.12       |        2.04        | 2.13e+05 | 3.28e+04 |      0.14%       |     1.07%     |
|   4   | 8192  | N/A |    [[4, 8192]]     | bf16  |       3.17       |        3.2        |       3.23       |        2.08        | 4.26e+05 | 6.55e+04 |      0.26%       |     2.07%     |
|   8   | 8192  | N/A |    [[8, 8192]]     | bf16  |       3.18       |        3.2        |       3.21       |        2.16        | 8.52e+05 | 1.31e+05 |      0.53%       |     4.12%     |
|  16   | 8192  | N/A |    [[16, 8192]]    | bf16  |       3.24       |       3.26        |       3.27       |        2.33        | 1.70e+06 | 2.62e+05 |      1.03%       |     8.09%     |
|  32   | 8192  | N/A |    [[32, 8192]]    | bf16  |       3.32       |       3.35        |       3.38       |        2.66        | 3.41e+06 | 5.24e+05 |      2.01%       |    15.79%     |
|  64   | 8192  | N/A |    [[64, 8192]]    | bf16  |       3.71       |       3.73        |       3.75       |        3.31        | 6.82e+06 | 1.05e+06 |       3.6%       |    28.26%     |
|  128  | 8192  | N/A |   [[128, 8192]]    | bf16  |       4.48       |        4.5        |       4.53       |        4.62        | 1.36e+07 | 2.10e+06 |      5.97%       |    46.81%     |
|  256  | 8192  | N/A |   [[256, 8192]]    | bf16  |       6.09       |       6.14        |       6.21       |        7.24        | 2.73e+07 | 4.19e+06 |      8.78%       |    68.87%     |
|  512  | 8192  | N/A |   [[512, 8192]]    | bf16  |       9.16       |        9.2        |       9.23       |       12.49        | 5.45e+07 | 8.39e+06 |      11.67%      |    91.58%     |
| 1024  | 8192  | N/A |   [[1024, 8192]]   | bf16  |       18.8       |       18.99       |      19.17       |       22.97        | 1.09e+08 | 1.68e+07 |      11.37%      |    89.24%     |
| 2048  | 8192  | N/A |   [[2048, 8192]]   | bf16  |       41.8       |       41.86       |      41.93       |       43.94        | 2.18e+08 | 3.36e+07 |      10.23%      |    80.27%     |
| 4096  | 8192  | N/A |   [[4096, 8192]]   | bf16  |      78.39       |       78.62       |      78.83       |       85.89        | 4.36e+08 | 6.71e+07 |      10.91%      |    85.61%     |
| 8192  | 8192  | N/A |   [[8192, 8192]]   | bf16  |      152.94      |      153.12       |      153.26      |       169.77       | 8.72e+08 | 1.34e+08 |      11.18%      |    87.76%     |
| 16384 | 8192  | N/A |  [[16384, 8192]]   | bf16  |      299.76      |      299.81       |      299.86      |       337.54       | 1.74e+09 | 2.68e+08 |      11.41%      |    89.55%     |
| 32768 | 8192  | N/A |  [[32768, 8192]]   | bf16  |      592.05      |      592.64       |      593.06      |       673.09       | 3.49e+09 | 5.37e+08 |      11.56%      |    90.68%     |
|   1   | 13824 | N/A |    [[1, 13824]]    | bf16  |       2.9        |       2.92        |       2.93       |        2.03        | 1.80e+05 | 2.76e+04 |      0.12%       |     0.95%     |
|   2   | 13824 | N/A |    [[2, 13824]]    | bf16  |       3.08       |        3.1        |       3.12       |        2.07        | 3.59e+05 | 5.53e+04 |      0.23%       |     1.8%      |
|   4   | 13824 | N/A |    [[4, 13824]]    | bf16  |       3.2        |       3.23        |       3.25       |        2.14        | 7.19e+05 | 1.11e+05 |      0.44%       |     3.46%     |
|   8   | 13824 | N/A |    [[8, 13824]]    | bf16  |       3.35       |       3.37        |       3.39       |        2.28        | 1.44e+06 | 2.21e+05 |      0.84%       |     6.6%      |
|  16   | 13824 | N/A |   [[16, 13824]]    | bf16  |       3.44       |       3.46        |       3.47       |        2.55        | 2.88e+06 | 4.42e+05 |      1.64%       |    12.86%     |
|  32   | 13824 | N/A |   [[32, 13824]]    | bf16  |       3.63       |       3.65        |       3.67       |        3.11        | 5.75e+06 | 8.85e+05 |      3.11%       |    24.37%     |
|  64   | 13824 | N/A |   [[64, 13824]]    | bf16  |       4.28       |        4.3        |       4.31       |        4.21        | 1.15e+07 | 1.77e+06 |      5.27%       |    41.34%     |
|  128  | 13824 | N/A |   [[128, 13824]]   | bf16  |       5.58       |       5.61        |       5.64       |        6.42        | 2.30e+07 | 3.54e+06 |      8.08%       |    63.42%     |
|  256  | 13824 | N/A |   [[256, 13824]]   | bf16  |       8.21       |       8.24        |       8.27       |       10.85        | 4.60e+07 | 7.08e+06 |      10.99%      |    86.21%     |
|  512  | 13824 | N/A |   [[512, 13824]]   | bf16  |      14.55       |       14.61       |      14.67       |       19.69        | 9.20e+07 | 1.42e+07 |      12.4%       |    97.29%     |
| 1024  | 13824 | N/A |  [[1024, 13824]]   | bf16  |      35.69       |       35.95       |      36.16       |       37.39        | 1.84e+08 | 2.83e+07 |      10.11%      |    79.33%     |
| 2048  | 13824 | N/A |  [[2048, 13824]]   | bf16  |      67.41       |       67.52       |      67.64       |       72.78        | 3.68e+08 | 5.66e+07 |      10.71%      |     84.0%     |
| 4096  | 13824 | N/A |  [[4096, 13824]]   | bf16  |      129.07      |      129.19       |      129.29      |       143.56       | 7.36e+08 | 1.13e+08 |      11.18%      |    87.74%     |
| 8192  | 13824 | N/A |  [[8192, 13824]]   | bf16  |      253.85      |      253.95       |      254.03      |       285.12       | 1.47e+09 | 2.26e+08 |      11.37%      |    89.22%     |
| 16384 | 13824 | N/A |  [[16384, 13824]]  | bf16  |      500.82      |       501.0       |      501.16      |       568.23       | 2.94e+09 | 4.53e+08 |      11.53%      |    90.45%     |
| 32768 | 13824 | N/A |  [[32768, 13824]]  | bf16  |     1001.01      |      1001.21      |     1001.37      |      1134.46       | 5.89e+09 | 9.06e+08 |      11.54%      |    90.51%     |
|   1   | 16384 | N/A |    [[1, 16384]]    | bf16  |       3.19       |        3.2        |       3.21       |        2.04        | 2.13e+05 | 3.28e+04 |      0.13%       |     1.03%     |
|   2   | 16384 | N/A |    [[2, 16384]]    | bf16  |       3.17       |       3.19        |       3.21       |        2.08        | 4.26e+05 | 6.55e+04 |      0.26%       |     2.07%     |
|   4   | 16384 | N/A |    [[4, 16384]]    | bf16  |       3.19       |       3.21        |       3.23       |        2.16        | 8.52e+05 | 1.31e+05 |      0.52%       |     4.11%     |
|   8   | 16384 | N/A |    [[8, 16384]]    | bf16  |       3.26       |       3.29        |       3.33       |        2.33        | 1.70e+06 | 2.62e+05 |      1.02%       |     8.04%     |
|  16   | 16384 | N/A |   [[16, 16384]]    | bf16  |       3.45       |       3.47        |       3.49       |        2.66        | 3.41e+06 | 5.24e+05 |      1.94%       |     15.2%     |
|  32   | 16384 | N/A |   [[32, 16384]]    | bf16  |       3.67       |       3.69        |       3.7        |        3.31        | 6.82e+06 | 1.05e+06 |      3.64%       |    28.57%     |
|  64   | 16384 | N/A |   [[64, 16384]]    | bf16  |       4.51       |       4.54        |       4.56       |        4.62        | 1.36e+07 | 2.10e+06 |      5.93%       |     46.5%     |
|  128  | 16384 | N/A |   [[128, 16384]]   | bf16  |       6.12       |       6.15        |       6.19       |        7.24        | 2.73e+07 | 4.19e+06 |      8.73%       |    68.53%     |
|  256  | 16384 | N/A |   [[256, 16384]]   | bf16  |       9.21       |       9.23        |       9.24       |       12.49        | 5.45e+07 | 8.39e+06 |      11.61%      |    91.08%     |
|  512  | 16384 | N/A |   [[512, 16384]]   | bf16  |      18.76       |       18.93       |      19.11       |       22.97        | 1.09e+08 | 1.68e+07 |      11.4%       |    89.43%     |
| 1024  | 16384 | N/A |  [[1024, 16384]]   | bf16  |      41.83       |       41.98       |      42.15       |       43.94        | 2.18e+08 | 3.36e+07 |      10.22%      |    80.22%     |
| 2048  | 16384 | N/A |  [[2048, 16384]]   | bf16  |      78.58       |       78.74       |      78.88       |       85.89        | 4.36e+08 | 6.71e+07 |      10.88%      |     85.4%     |
| 4096  | 16384 | N/A |  [[4096, 16384]]   | bf16  |      153.01      |      153.14       |      153.26      |       169.77       | 8.72e+08 | 1.34e+08 |      11.18%      |    87.72%     |
| 8192  | 16384 | N/A |  [[8192, 16384]]   | bf16  |      300.11      |      300.18       |      300.25      |       337.54       | 1.74e+09 | 2.68e+08 |      11.4%       |    89.45%     |
| 16384 | 16384 | N/A |  [[16384, 16384]]  | bf16  |      592.65      |      593.07       |      593.41      |       673.09       | 3.49e+09 | 5.37e+08 |      11.55%      |    90.59%     |
| 32768 | 16384 | N/A |  [[32768, 16384]]  | bf16  |     1179.52      |      1179.71      |     1179.92      |      1344.18       | 6.98e+09 | 1.07e+09 |      11.6%       |    91.03%     |
|  128  |  768  |  1  |  [[1, 128, 768]]   | bf16  |       2.71       |       2.98        |       3.16       |        2.25        | 1.28e+06 | 1.97e+05 |      0.92%       |     7.25%     |
|  128  |  768  |  2  |  [[2, 128, 768]]   | bf16  |       3.09       |        3.1        |       3.11       |        2.49        | 2.56e+06 | 3.93e+05 |      1.62%       |    12.73%     |
|  128  |  768  |  4  |  [[4, 128, 768]]   | bf16  |       3.57       |        3.6        |       3.62       |        2.98        | 5.11e+06 | 7.86e+05 |      2.81%       |    22.03%     |
|  128  |  768  |  8  |  [[8, 128, 768]]   | bf16  |       4.05       |       4.07        |       4.08       |        3.97        | 1.02e+07 | 1.57e+06 |      4.95%       |    38.84%     |
|  128  |  768  | 16  |  [[16, 128, 768]]  | bf16  |       5.27       |       5.31        |       5.35       |        5.93        | 2.04e+07 | 3.15e+06 |      7.61%       |    59.69%     |
|  128  |  768  | 32  |  [[32, 128, 768]]  | bf16  |       7.68       |        7.7        |       7.72       |        9.86        | 4.09e+07 | 6.29e+06 |      10.44%      |    81.92%     |
| 1024  |  768  |  1  |  [[1, 1024, 768]]  | bf16  |       4.09       |       4.11        |       4.13       |        3.97        | 1.02e+07 | 1.57e+06 |       4.9%       |    38.46%     |
| 1024  |  768  |  2  |  [[2, 1024, 768]]  | bf16  |       5.28       |        5.3        |       5.33       |        5.93        | 2.04e+07 | 3.15e+06 |      7.59%       |    59.58%     |
| 1024  |  768  |  4  |  [[4, 1024, 768]]  | bf16  |       7.65       |       7.68        |       7.71       |        9.86        | 4.09e+07 | 6.29e+06 |      10.48%      |    82.24%     |
| 1024  |  768  |  8  |  [[8, 1024, 768]]  | bf16  |      12.84       |       12.86       |      12.88       |       17.73        | 8.18e+07 | 1.26e+07 |      12.49%      |     98.0%     |
| 1024  |  768  | 16  | [[16, 1024, 768]]  | bf16  |      32.17       |       32.35       |      32.51       |       33.46        | 1.64e+08 | 2.52e+07 |      9.97%       |    78.23%     |
| 1024  |  768  | 32  | [[32, 1024, 768]]  | bf16  |      60.17       |       60.26       |      60.35       |       64.91        | 3.27e+08 | 5.03e+07 |      10.66%      |    83.65%     |
| 4096  |  768  |  1  |  [[1, 4096, 768]]  | bf16  |       7.7        |       7.74        |       7.8        |        9.86        | 4.09e+07 | 6.29e+06 |      10.41%      |    81.71%     |
| 4096  |  768  |  2  |  [[2, 4096, 768]]  | bf16  |      12.82       |       12.85       |      12.88       |       17.73        | 8.18e+07 | 1.26e+07 |      12.51%      |    98.15%     |
| 4096  |  768  |  4  |  [[4, 4096, 768]]  | bf16  |      32.16       |       32.41       |      32.65       |       33.46        | 1.64e+08 | 2.52e+07 |      9.97%       |    78.25%     |
| 4096  |  768  |  8  |  [[8, 4096, 768]]  | bf16  |      59.88       |       59.95       |      60.02       |       64.91        | 3.27e+08 | 5.03e+07 |      10.71%      |    84.05%     |
| 4096  |  768  | 16  | [[16, 4096, 768]]  | bf16  |      114.91      |      115.07       |      115.21      |       127.83       | 6.54e+08 | 1.01e+08 |      11.16%      |     87.6%     |
| 4096  |  768  | 32  | [[32, 4096, 768]]  | bf16  |      225.49      |      225.63       |      225.76      |       253.66       | 1.31e+09 | 2.01e+08 |      11.38%      |    89.28%     |
|  128  | 4096  |  1  |  [[1, 128, 4096]]  | bf16  |       3.71       |       3.73        |       3.75       |        3.31        | 6.82e+06 | 1.05e+06 |       3.6%       |    28.26%     |
|  128  | 4096  |  2  |  [[2, 128, 4096]]  | bf16  |       4.47       |       4.52        |       4.57       |        4.62        | 1.36e+07 | 2.10e+06 |      5.98%       |    46.92%     |
|  128  | 4096  |  4  |  [[4, 128, 4096]]  | bf16  |       6.14       |       6.16        |       6.17       |        7.24        | 2.73e+07 | 4.19e+06 |      8.71%       |    68.31%     |
|  128  | 4096  |  8  |  [[8, 128, 4096]]  | bf16  |       9.32       |       9.36        |       9.39       |       12.49        | 5.45e+07 | 8.39e+06 |      11.47%      |    90.01%     |
|  128  | 4096  | 16  | [[16, 128, 4096]]  | bf16  |      18.85       |       18.9        |      18.95       |       22.97        | 1.09e+08 | 1.68e+07 |      11.34%      |     89.0%     |
|  128  | 4096  | 32  | [[32, 128, 4096]]  | bf16  |      41.49       |       41.75       |      41.97       |       43.94        | 2.18e+08 | 3.36e+07 |      10.31%      |    80.87%     |
| 1024  | 4096  |  1  | [[1, 1024, 4096]]  | bf16  |       9.17       |       9.22        |       9.27       |       12.49        | 5.45e+07 | 8.39e+06 |      11.66%      |    91.48%     |
| 1024  | 4096  |  2  | [[2, 1024, 4096]]  | bf16  |      18.96       |       19.07       |      19.19       |       22.97        | 1.09e+08 | 1.68e+07 |      11.28%      |    88.49%     |
| 1024  | 4096  |  4  | [[4, 1024, 4096]]  | bf16  |      41.72       |       41.93       |      42.13       |       43.94        | 2.18e+08 | 3.36e+07 |      10.25%      |    80.43%     |
| 1024  | 4096  |  8  | [[8, 1024, 4096]]  | bf16  |      78.53       |       78.67       |      78.79       |       85.89        | 4.36e+08 | 6.71e+07 |      10.89%      |    85.46%     |
| 1024  | 4096  | 16  | [[16, 1024, 4096]] | bf16  |      152.98      |      153.13       |      153.26      |       169.77       | 8.72e+08 | 1.34e+08 |      11.18%      |    87.74%     |
| 1024  | 4096  | 32  | [[32, 1024, 4096]] | bf16  |      299.67      |      299.75       |      299.81      |       337.54       | 1.74e+09 | 2.68e+08 |      11.42%      |    89.58%     |
| 4096  | 4096  |  1  | [[1, 4096, 4096]]  | bf16  |      40.41       |       41.05       |      41.49       |       43.94        | 2.18e+08 | 3.36e+07 |      10.58%      |    83.03%     |
| 4096  | 4096  |  2  | [[2, 4096, 4096]]  | bf16  |      78.21       |       78.41       |      78.64       |       85.89        | 4.36e+08 | 6.71e+07 |      10.94%      |    85.81%     |
| 4096  | 4096  |  4  | [[4, 4096, 4096]]  | bf16  |      152.85      |      152.98       |      153.11      |       169.77       | 8.72e+08 | 1.34e+08 |      11.19%      |    87.81%     |
| 4096  | 4096  |  8  | [[8, 4096, 4096]]  | bf16  |      300.08      |      300.14       |      300.21      |       337.54       | 1.74e+09 | 2.68e+08 |      11.4%       |    89.45%     |
| 4096  | 4096  | 16  | [[16, 4096, 4096]] | bf16  |      593.07      |      593.21       |      593.35      |       673.09       | 3.49e+09 | 5.37e+08 |      11.54%      |    90.52%     |
| 4096  | 4096  | 32  | [[32, 4096, 4096]] | bf16  |      1179.9      |      1180.35      |     1180.84      |      1344.18       | 6.98e+09 | 1.07e+09 |      11.6%       |     91.0%     |
|  128  | 8192  |  1  |  [[1, 128, 8192]]  | bf16  |       4.09       |       4.18        |       4.24       |        4.62        | 1.36e+07 | 2.10e+06 |      6.54%       |    51.28%     |
|  128  | 8192  |  2  |  [[2, 128, 8192]]  | bf16  |       5.94       |       5.96        |       5.98       |        7.24        | 2.73e+07 | 4.19e+06 |       9.0%       |    70.61%     |
|  128  | 8192  |  4  |  [[4, 128, 8192]]  | bf16  |       9.02       |       9.06        |       9.11       |       12.49        | 5.45e+07 | 8.39e+06 |      11.85%      |     93.0%     |
|  128  | 8192  |  8  |  [[8, 128, 8192]]  | bf16  |      18.51       |       18.64       |      18.77       |       22.97        | 1.09e+08 | 1.68e+07 |      11.55%      |    90.64%     |
|  128  | 8192  | 16  | [[16, 128, 8192]]  | bf16  |      41.66       |       41.8        |      41.97       |       43.94        | 2.18e+08 | 3.36e+07 |      10.27%      |    80.54%     |
|  128  | 8192  | 32  | [[32, 128, 8192]]  | bf16  |      78.53       |       78.73       |       78.9       |       85.89        | 4.36e+08 | 6.71e+07 |      10.89%      |    85.46%     |
| 1024  | 8192  |  1  | [[1, 1024, 8192]]  | bf16  |      18.78       |       18.86       |      18.94       |       22.97        | 1.09e+08 | 1.68e+07 |      11.39%      |    89.34%     |
| 1024  | 8192  |  2  | [[2, 1024, 8192]]  | bf16  |      41.72       |       41.89       |      42.06       |       43.94        | 2.18e+08 | 3.36e+07 |      10.25%      |    80.43%     |
| 1024  | 8192  |  4  | [[4, 1024, 8192]]  | bf16  |      78.39       |       78.62       |      78.88       |       85.89        | 4.36e+08 | 6.71e+07 |      10.91%      |    85.61%     |
| 1024  | 8192  |  8  | [[8, 1024, 8192]]  | bf16  |      152.78      |      152.88       |      152.97      |       169.77       | 8.72e+08 | 1.34e+08 |      11.2%       |    87.85%     |
| 1024  | 8192  | 16  | [[16, 1024, 8192]] | bf16  |      300.05      |      300.17       |      300.27      |       337.54       | 1.74e+09 | 2.68e+08 |      11.4%       |    89.46%     |
| 1024  | 8192  | 32  | [[32, 1024, 8192]] | bf16  |      592.95      |      593.11       |      593.28      |       673.09       | 3.49e+09 | 5.37e+08 |      11.54%      |    90.54%     |
| 4096  | 8192  |  1  | [[1, 4096, 8192]]  | bf16  |      78.86       |       79.0        |      79.13       |       85.89        | 4.36e+08 | 6.71e+07 |      10.85%      |     85.1%     |
| 4096  | 8192  |  2  | [[2, 4096, 8192]]  | bf16  |      151.82      |      152.05       |      152.28      |       169.77       | 8.72e+08 | 1.34e+08 |      11.27%      |    88.41%     |
| 4096  | 8192  |  4  | [[4, 4096, 8192]]  | bf16  |      300.0       |      300.15       |      300.29      |       337.54       | 1.74e+09 | 2.68e+08 |      11.4%       |    89.48%     |
| 4096  | 8192  |  8  | [[8, 4096, 8192]]  | bf16  |      592.62      |      592.99       |      593.27      |       673.09       | 3.49e+09 | 5.37e+08 |      11.55%      |    90.59%     |
| 4096  | 8192  | 16  | [[16, 4096, 8192]] | bf16  |      1180.0      |      1180.32      |     1180.67      |      1344.18       | 6.98e+09 | 1.07e+09 |      11.6%       |     91.0%     |
| 4096  | 8192  | 32  | [[32, 4096, 8192]] | bf16  |     2353.46      |      2355.07      |      2356.6      |      2686.35       | 1.40e+10 | 2.15e+09 |      11.63%      |    91.25%     |
