Test Case: A100SXM_aten_silu
|   M   |   N   |  B  |    input_shape     | dtype | duration_min(us) | duration_mean(us) | duration_max(us) | theory_latency(us) |  flops   |    io    | flops_efficiency | io_efficiency |
|   1   |  32   | N/A |     [[1, 32]]      | bf16  |       2.36       |       2.38        |       2.41       |        2.0         | 4.16e+02 | 6.40e+01 |       0.0%       |     0.0%      |
|   2   |  32   | N/A |     [[2, 32]]      | bf16  |       2.41       |       2.46        |       2.51       |        2.0         | 8.32e+02 | 1.28e+02 |       0.0%       |     0.01%     |
|   4   |  32   | N/A |     [[4, 32]]      | bf16  |       2.46       |       2.51        |       2.56       |        2.0         | 1.66e+03 | 2.56e+02 |       0.0%       |     0.01%     |
|   8   |  32   | N/A |     [[8, 32]]      | bf16  |       2.76       |       2.81        |       2.87       |        2.0         | 3.33e+03 | 5.12e+02 |      0.01%       |     0.02%     |
|  16   |  32   | N/A |     [[16, 32]]     | bf16  |       2.76       |       2.79        |       2.82       |        2.0         | 6.66e+03 | 1.02e+03 |      0.01%       |     0.04%     |
|  32   |  32   | N/A |     [[32, 32]]     | bf16  |       2.97       |        3.0        |       3.02       |        2.0         | 1.33e+04 | 2.05e+03 |      0.02%       |     0.07%     |
|  64   |  32   | N/A |     [[64, 32]]     | bf16  |       2.82       |       2.82        |       2.82       |        2.01        | 2.66e+04 | 4.10e+03 |      0.05%       |     0.14%     |
|  128  |  32   | N/A |    [[128, 32]]     | bf16  |       2.97       |       2.97        |       2.97       |        2.01        | 5.32e+04 | 8.19e+03 |      0.09%       |     0.27%     |
|  256  |  32   | N/A |    [[256, 32]]     | bf16  |       2.97       |        3.0        |       3.02       |        2.02        | 1.06e+05 | 1.64e+04 |      0.18%       |     0.54%     |
|  512  |  32   | N/A |    [[512, 32]]     | bf16  |       2.97       |       3.02        |       3.07       |        2.04        | 2.13e+05 | 3.28e+04 |      0.37%       |     1.08%     |
| 1024  |  32   | N/A |    [[1024, 32]]    | bf16  |       3.17       |        3.2        |       3.23       |        2.08        | 4.26e+05 | 6.55e+04 |      0.69%       |     2.03%     |
| 2048  |  32   | N/A |    [[2048, 32]]    | bf16  |       3.28       |       3.31        |       3.33       |        2.16        | 8.52e+05 | 1.31e+05 |      1.33%       |     3.92%     |
| 4096  |  32   | N/A |    [[4096, 32]]    | bf16  |       3.38       |        3.4        |       3.43       |        2.32        | 1.70e+06 | 2.62e+05 |      2.59%       |     7.61%     |
| 8192  |  32   | N/A |    [[8192, 32]]    | bf16  |       3.58       |       3.62        |       3.64       |        2.64        | 3.41e+06 | 5.24e+05 |      4.88%       |    14.36%     |
| 16384 |  32   | N/A |   [[16384, 32]]    | bf16  |       4.15       |       4.17        |       4.2        |        3.29        | 6.82e+06 | 1.05e+06 |      8.42%       |    24.78%     |
| 32768 |  32   | N/A |   [[32768, 32]]    | bf16  |       6.6        |       6.66        |       6.71       |        4.57        | 1.36e+07 | 2.10e+06 |      10.59%      |    31.17%     |
|   1   |  64   | N/A |     [[1, 64]]      | bf16  |       2.92       |       2.95        |       2.97       |        2.0         | 8.32e+02 | 1.28e+02 |       0.0%       |     0.0%      |
|   2   |  64   | N/A |     [[2, 64]]      | bf16  |       3.12       |       3.15        |       3.17       |        2.0         | 1.66e+03 | 2.56e+02 |       0.0%       |     0.01%     |
|   4   |  64   | N/A |     [[4, 64]]      | bf16  |       3.28       |       3.28        |       3.28       |        2.0         | 3.33e+03 | 5.12e+02 |      0.01%       |     0.02%     |
|   8   |  64   | N/A |     [[8, 64]]      | bf16  |       3.28       |        3.3        |       3.33       |        2.0         | 6.66e+03 | 1.02e+03 |      0.01%       |     0.03%     |
|  16   |  64   | N/A |     [[16, 64]]     | bf16  |       3.38       |       3.38        |       3.38       |        2.0         | 1.33e+04 | 2.05e+03 |      0.02%       |     0.06%     |
|  32   |  64   | N/A |     [[32, 64]]     | bf16  |       3.53       |       3.59        |       3.64       |        2.01        | 2.66e+04 | 4.10e+03 |      0.04%       |     0.11%     |
|  64   |  64   | N/A |     [[64, 64]]     | bf16  |       3.53       |       3.59        |       3.64       |        2.01        | 5.32e+04 | 8.19e+03 |      0.08%       |     0.23%     |
|  128  |  64   | N/A |    [[128, 64]]     | bf16  |       3.58       |       3.61        |       3.64       |        2.02        | 1.06e+05 | 1.64e+04 |      0.15%       |     0.45%     |
|  256  |  64   | N/A |    [[256, 64]]     | bf16  |       3.64       |       3.66        |       3.69       |        2.04        | 2.13e+05 | 3.28e+04 |       0.3%       |     0.88%     |
|  512  |  64   | N/A |    [[512, 64]]     | bf16  |       3.79       |       3.83        |       3.89       |        2.08        | 4.26e+05 | 6.55e+04 |      0.58%       |     1.7%      |
| 1024  |  64   | N/A |    [[1024, 64]]    | bf16  |       3.99       |       3.99        |       3.99       |        2.16        | 8.52e+05 | 1.31e+05 |       1.1%       |     3.22%     |
| 2048  |  64   | N/A |    [[2048, 64]]    | bf16  |       4.1        |       4.13        |       4.15       |        2.32        | 1.70e+06 | 2.62e+05 |      2.13%       |     6.27%     |
| 4096  |  64   | N/A |    [[4096, 64]]    | bf16  |       4.45       |       4.48        |       4.51       |        2.64        | 3.41e+06 | 5.24e+05 |      3.93%       |    11.56%     |
| 8192  |  64   | N/A |    [[8192, 64]]    | bf16  |       5.17       |       5.19        |       5.22       |        3.29        | 6.82e+06 | 1.05e+06 |      6.76%       |    19.89%     |
| 16384 |  64   | N/A |   [[16384, 64]]    | bf16  |       6.5        |       6.55        |       6.6        |        4.57        | 1.36e+07 | 2.10e+06 |      10.75%      |    31.65%     |
| 32768 |  64   | N/A |   [[32768, 64]]    | bf16  |       9.32       |        9.4        |       9.47       |        7.14        | 2.73e+07 | 4.19e+06 |      15.0%       |    44.14%     |
|   1   |  128  | N/A |     [[1, 128]]     | bf16  |       3.17       |        3.2        |       3.23       |        2.0         | 1.66e+03 | 2.56e+02 |       0.0%       |     0.01%     |
|   2   |  128  | N/A |     [[2, 128]]     | bf16  |       3.28       |        3.3        |       3.33       |        2.0         | 3.33e+03 | 5.12e+02 |      0.01%       |     0.02%     |
|   4   |  128  | N/A |     [[4, 128]]     | bf16  |       3.48       |       3.51        |       3.53       |        2.0         | 6.66e+03 | 1.02e+03 |      0.01%       |     0.03%     |
|   8   |  128  | N/A |     [[8, 128]]     | bf16  |       3.53       |       3.58        |       3.64       |        2.0         | 1.33e+04 | 2.05e+03 |      0.02%       |     0.06%     |
|  16   |  128  | N/A |    [[16, 128]]     | bf16  |       3.43       |       3.45        |       3.48       |        2.01        | 2.66e+04 | 4.10e+03 |      0.04%       |     0.12%     |
|  32   |  128  | N/A |    [[32, 128]]     | bf16  |       3.69       |       3.74        |       3.79       |        2.01        | 5.32e+04 | 8.19e+03 |      0.07%       |     0.22%     |
|  64   |  128  | N/A |    [[64, 128]]     | bf16  |       3.58       |       3.62        |       3.64       |        2.02        | 1.06e+05 | 1.64e+04 |      0.15%       |     0.45%     |
|  128  |  128  | N/A |    [[128, 128]]    | bf16  |       3.79       |       3.81        |       3.84       |        2.04        | 2.13e+05 | 3.28e+04 |      0.29%       |     0.85%     |
|  256  |  128  | N/A |    [[256, 128]]    | bf16  |       3.74       |       3.76        |       3.79       |        2.08        | 4.26e+05 | 6.55e+04 |      0.58%       |     1.72%     |
|  512  |  128  | N/A |    [[512, 128]]    | bf16  |       3.89       |       3.94        |       3.99       |        2.16        | 8.52e+05 | 1.31e+05 |      1.12%       |     3.31%     |
| 1024  |  128  | N/A |   [[1024, 128]]    | bf16  |       4.1        |       4.13        |       4.15       |        2.32        | 1.70e+06 | 2.62e+05 |      2.13%       |     6.27%     |
| 2048  |  128  | N/A |   [[2048, 128]]    | bf16  |       4.45       |       4.51        |       4.56       |        2.64        | 3.41e+06 | 5.24e+05 |      3.93%       |    11.56%     |
| 4096  |  128  | N/A |   [[4096, 128]]    | bf16  |       5.12       |       5.18        |       5.22       |        3.29        | 6.82e+06 | 1.05e+06 |      6.83%       |    20.09%     |
| 8192  |  128  | N/A |   [[8192, 128]]    | bf16  |       6.66       |       6.68        |       6.71       |        4.57        | 1.36e+07 | 2.10e+06 |      10.5%       |    30.89%     |
| 16384 |  128  | N/A |   [[16384, 128]]   | bf16  |       9.37       |       9.42        |       9.47       |        7.14        | 2.73e+07 | 4.19e+06 |      14.92%      |    43.91%     |
| 32768 |  128  | N/A |   [[32768, 128]]   | bf16  |       15.1       |       15.16       |      15.21       |       12.29        | 5.45e+07 | 8.39e+06 |      18.52%      |    54.49%     |
|   1   |  512  | N/A |     [[1, 512]]     | bf16  |       3.02       |       3.05        |       3.07       |        2.0         | 6.66e+03 | 1.02e+03 |      0.01%       |     0.03%     |
|   2   |  512  | N/A |     [[2, 512]]     | bf16  |       3.33       |       3.38        |       3.43       |        2.0         | 1.33e+04 | 2.05e+03 |      0.02%       |     0.06%     |
|   4   |  512  | N/A |     [[4, 512]]     | bf16  |       3.58       |       3.61        |       3.64       |        2.01        | 2.66e+04 | 4.10e+03 |      0.04%       |     0.11%     |
|   8   |  512  | N/A |     [[8, 512]]     | bf16  |       3.38       |        3.4        |       3.43       |        2.01        | 5.32e+04 | 8.19e+03 |      0.08%       |     0.24%     |
|  16   |  512  | N/A |    [[16, 512]]     | bf16  |       3.64       |       3.67        |       3.69       |        2.02        | 1.06e+05 | 1.64e+04 |      0.15%       |     0.44%     |
|  32   |  512  | N/A |    [[32, 512]]     | bf16  |       3.84       |       3.87        |       3.89       |        2.04        | 2.13e+05 | 3.28e+04 |      0.28%       |     0.84%     |
|  64   |  512  | N/A |    [[64, 512]]     | bf16  |       3.74       |       3.79        |       3.84       |        2.08        | 4.26e+05 | 6.55e+04 |      0.58%       |     1.72%     |
|  128  |  512  | N/A |    [[128, 512]]    | bf16  |       3.84       |       3.89        |       3.94       |        2.16        | 8.52e+05 | 1.31e+05 |      1.14%       |     3.35%     |
|  256  |  512  | N/A |    [[256, 512]]    | bf16  |       4.1        |       4.13        |       4.15       |        2.32        | 1.70e+06 | 2.62e+05 |      2.13%       |     6.27%     |
|  512  |  512  | N/A |    [[512, 512]]    | bf16  |       4.45       |       4.48        |       4.51       |        2.64        | 3.41e+06 | 5.24e+05 |      3.93%       |    11.56%     |
| 1024  |  512  | N/A |   [[1024, 512]]    | bf16  |       5.17       |        5.2        |       5.22       |        3.29        | 6.82e+06 | 1.05e+06 |      6.76%       |    19.89%     |
| 2048  |  512  | N/A |   [[2048, 512]]    | bf16  |       6.6        |       6.63        |       6.66       |        4.57        | 1.36e+07 | 2.10e+06 |      10.59%      |    31.17%     |
| 4096  |  512  | N/A |   [[4096, 512]]    | bf16  |       9.37       |       9.42        |       9.47       |        7.14        | 2.73e+07 | 4.19e+06 |      14.92%      |    43.91%     |
| 8192  |  512  | N/A |   [[8192, 512]]    | bf16  |       15.1       |       15.18       |      15.26       |       12.29        | 5.45e+07 | 8.39e+06 |      18.52%      |    54.49%     |
| 16384 |  512  | N/A |   [[16384, 512]]   | bf16  |      30.77       |       30.84       |      30.92       |       22.57        | 1.09e+08 | 1.68e+07 |      18.17%      |    53.48%     |
| 32768 |  512  | N/A |   [[32768, 512]]   | bf16  |       57.4       |       57.44       |       57.5       |       43.14        | 2.18e+08 | 3.36e+07 |      19.49%      |    57.34%     |
|   1   |  768  | N/A |     [[1, 768]]     | bf16  |       3.38       |       3.41        |       3.43       |        2.0         | 9.98e+03 | 1.54e+03 |      0.02%       |     0.04%     |
|   2   |  768  | N/A |     [[2, 768]]     | bf16  |       3.38       |       3.41        |       3.43       |        2.0         | 2.00e+04 | 3.07e+03 |      0.03%       |     0.09%     |
|   4   |  768  | N/A |     [[4, 768]]     | bf16  |       3.38       |        3.4        |       3.43       |        2.01        | 3.99e+04 | 6.14e+03 |      0.06%       |     0.18%     |
|   8   |  768  | N/A |     [[8, 768]]     | bf16  |       3.79       |       3.82        |       3.84       |        2.02        | 7.99e+04 | 1.23e+04 |      0.11%       |     0.32%     |
|  16   |  768  | N/A |    [[16, 768]]     | bf16  |       3.79       |       3.84        |       3.89       |        2.03        | 1.60e+05 | 2.46e+04 |      0.22%       |     0.64%     |
|  32   |  768  | N/A |    [[32, 768]]     | bf16  |       3.94       |       3.99        |       4.04       |        2.06        | 3.19e+05 | 4.92e+04 |      0.42%       |     1.22%     |
|  64   |  768  | N/A |    [[64, 768]]     | bf16  |       3.94       |       3.96        |       3.99       |        2.12        | 6.39e+05 | 9.83e+04 |      0.83%       |     2.45%     |
|  128  |  768  | N/A |    [[128, 768]]    | bf16  |       4.04       |       4.07        |       4.1        |        2.24        | 1.28e+06 | 1.97e+05 |      1.62%       |     4.77%     |
|  256  |  768  | N/A |    [[256, 768]]    | bf16  |       4.15       |       4.19        |       4.25       |        2.48        | 2.56e+06 | 3.93e+05 |      3.16%       |     9.29%     |
|  512  |  768  | N/A |    [[512, 768]]    | bf16  |       4.86       |       4.89        |       4.92       |        2.96        | 5.11e+06 | 7.86e+05 |      5.39%       |    15.87%     |
| 1024  |  768  | N/A |   [[1024, 768]]    | bf16  |       5.94       |        6.0        |       6.04       |        3.93        | 1.02e+07 | 1.57e+06 |      8.83%       |    25.97%     |
| 2048  |  768  | N/A |   [[2048, 768]]    | bf16  |       8.04       |       8.09        |       8.14       |        5.86        | 2.04e+07 | 3.15e+06 |      13.04%      |    38.38%     |
| 4096  |  768  | N/A |   [[4096, 768]]    | bf16  |      12.13       |       12.21       |      12.29       |        9.71        | 4.09e+07 | 6.29e+06 |      17.29%      |    50.87%     |
| 8192  |  768  | N/A |   [[8192, 768]]    | bf16  |      22.63       |       22.72       |      22.78       |       17.43        | 8.18e+07 | 1.26e+07 |      18.53%      |    54.54%     |
| 16384 |  768  | N/A |   [[16384, 768]]   | bf16  |      44.29       |       44.34       |      44.39       |       32.86        | 1.64e+08 | 2.52e+07 |      18.94%      |    55.73%     |
| 32768 |  768  | N/A |   [[32768, 768]]   | bf16  |      83.76       |       83.82       |      83.87       |       63.71        | 3.27e+08 | 5.03e+07 |      20.03%      |    58.94%     |
|   1   | 2048  | N/A |    [[1, 2048]]     | bf16  |       3.38       |       3.43        |       3.48       |        2.01        | 2.66e+04 | 4.10e+03 |      0.04%       |     0.12%     |
|   2   | 2048  | N/A |    [[2, 2048]]     | bf16  |       3.53       |       3.56        |       3.58       |        2.01        | 5.32e+04 | 8.19e+03 |      0.08%       |     0.23%     |
|   4   | 2048  | N/A |    [[4, 2048]]     | bf16  |       3.58       |       3.61        |       3.64       |        2.02        | 1.06e+05 | 1.64e+04 |      0.15%       |     0.45%     |
|   8   | 2048  | N/A |    [[8, 2048]]     | bf16  |       3.64       |       3.69        |       3.74       |        2.04        | 2.13e+05 | 3.28e+04 |       0.3%       |     0.88%     |
|  16   | 2048  | N/A |    [[16, 2048]]    | bf16  |       3.89       |       3.92        |       3.94       |        2.08        | 4.26e+05 | 6.55e+04 |      0.56%       |     1.65%     |
|  32   | 2048  | N/A |    [[32, 2048]]    | bf16  |       3.94       |       3.99        |       4.04       |        2.16        | 8.52e+05 | 1.31e+05 |      1.11%       |     3.26%     |
|  64   | 2048  | N/A |    [[64, 2048]]    | bf16  |       4.2        |       4.23        |       4.25       |        2.32        | 1.70e+06 | 2.62e+05 |      2.08%       |     6.12%     |
|  128  | 2048  | N/A |   [[128, 2048]]    | bf16  |       4.4        |       4.42        |       4.45       |        2.64        | 3.41e+06 | 5.24e+05 |      3.97%       |    11.69%     |
|  256  | 2048  | N/A |   [[256, 2048]]    | bf16  |       5.12       |       5.16        |       5.22       |        3.29        | 6.82e+06 | 1.05e+06 |      6.83%       |    20.09%     |
|  512  | 2048  | N/A |   [[512, 2048]]    | bf16  |       6.76       |       6.79        |       6.81       |        4.57        | 1.36e+07 | 2.10e+06 |      10.34%      |    30.43%     |
| 1024  | 2048  | N/A |   [[1024, 2048]]   | bf16  |       9.32       |       9.37        |       9.42       |        7.14        | 2.73e+07 | 4.19e+06 |      15.0%       |    44.14%     |
| 2048  | 2048  | N/A |   [[2048, 2048]]   | bf16  |       15.1       |       15.13       |      15.16       |       12.29        | 5.45e+07 | 8.39e+06 |      18.52%      |    54.49%     |
| 4096  | 2048  | N/A |   [[4096, 2048]]   | bf16  |      30.72       |       30.79       |      30.87       |       22.57        | 1.09e+08 | 1.68e+07 |      18.2%       |    53.57%     |
| 8192  | 2048  | N/A |   [[8192, 2048]]   | bf16  |       57.4       |       57.47       |      57.55       |       43.14        | 2.18e+08 | 3.36e+07 |      19.49%      |    57.34%     |
| 16384 | 2048  | N/A |  [[16384, 2048]]   | bf16  |      110.08      |      110.16       |      110.23      |       84.28        | 4.36e+08 | 6.71e+07 |      20.32%      |     59.8%     |
| 32768 | 2048  | N/A |  [[32768, 2048]]   | bf16  |      216.06      |       216.2       |      216.32      |       166.56       | 8.72e+08 | 1.34e+08 |      20.71%      |    60.93%     |
|   1   | 3072  | N/A |    [[1, 3072]]     | bf16  |       3.69       |       3.72        |       3.74       |        2.01        | 3.99e+04 | 6.14e+03 |      0.06%       |     0.16%     |
|   2   | 3072  | N/A |    [[2, 3072]]     | bf16  |       3.58       |       3.61        |       3.64       |        2.02        | 7.99e+04 | 1.23e+04 |      0.11%       |     0.34%     |
|   4   | 3072  | N/A |    [[4, 3072]]     | bf16  |       3.64       |       3.69        |       3.74       |        2.03        | 1.60e+05 | 2.46e+04 |      0.23%       |     0.66%     |
|   8   | 3072  | N/A |    [[8, 3072]]     | bf16  |       3.79       |       3.82        |       3.84       |        2.06        | 3.19e+05 | 4.92e+04 |      0.43%       |     1.27%     |
|  16   | 3072  | N/A |    [[16, 3072]]    | bf16  |       3.79       |       3.82        |       3.84       |        2.12        | 6.39e+05 | 9.83e+04 |      0.86%       |     2.54%     |
|  32   | 3072  | N/A |    [[32, 3072]]    | bf16  |       4.04       |       4.07        |       4.1        |        2.24        | 1.28e+06 | 1.97e+05 |      1.62%       |     4.77%     |
|  64   | 3072  | N/A |    [[64, 3072]]    | bf16  |       4.2        |       4.22        |       4.25       |        2.48        | 2.56e+06 | 3.93e+05 |      3.12%       |     9.18%     |
|  128  | 3072  | N/A |   [[128, 3072]]    | bf16  |       4.86       |       4.89        |       4.92       |        2.96        | 5.11e+06 | 7.86e+05 |      5.39%       |    15.87%     |
|  256  | 3072  | N/A |   [[256, 3072]]    | bf16  |       5.89       |       5.93        |       5.99       |        3.93        | 1.02e+07 | 1.57e+06 |       8.9%       |    26.19%     |
|  512  | 3072  | N/A |   [[512, 3072]]    | bf16  |       7.99       |       8.04        |       8.09       |        5.86        | 2.04e+07 | 3.15e+06 |      13.12%      |    38.62%     |
| 1024  | 3072  | N/A |   [[1024, 3072]]   | bf16  |      12.08       |       12.13       |      12.19       |        9.71        | 4.09e+07 | 6.29e+06 |      17.36%      |    51.09%     |
| 2048  | 3072  | N/A |   [[2048, 3072]]   | bf16  |      22.73       |       22.78       |      22.84       |       17.43        | 8.18e+07 | 1.26e+07 |      18.45%      |     54.3%     |
| 4096  | 3072  | N/A |   [[4096, 3072]]   | bf16  |      44.34       |       44.36       |      44.39       |       32.86        | 1.64e+08 | 2.52e+07 |      18.92%      |    55.67%     |
| 8192  | 3072  | N/A |   [[8192, 3072]]   | bf16  |      83.81       |       83.86       |      83.92       |       63.71        | 3.27e+08 | 5.03e+07 |      20.02%      |    58.91%     |
| 16384 | 3072  | N/A |  [[16384, 3072]]   | bf16  |      163.07      |      163.15       |      163.23      |       125.42       | 6.54e+08 | 1.01e+08 |      20.58%      |    60.55%     |
| 32768 | 3072  | N/A |  [[32768, 3072]]   | bf16  |      321.89      |      322.02       |      322.15      |       248.84       | 1.31e+09 | 2.01e+08 |      20.85%      |    61.35%     |
|   1   | 4096  | N/A |    [[1, 4096]]     | bf16  |       3.58       |       3.62        |       3.64       |        2.01        | 5.32e+04 | 8.19e+03 |      0.08%       |     0.22%     |
|   2   | 4096  | N/A |    [[2, 4096]]     | bf16  |       3.58       |       3.61        |       3.64       |        2.02        | 1.06e+05 | 1.64e+04 |      0.15%       |     0.45%     |
|   4   | 4096  | N/A |    [[4, 4096]]     | bf16  |       3.79       |       3.82        |       3.84       |        2.04        | 2.13e+05 | 3.28e+04 |      0.29%       |     0.85%     |
|   8   | 4096  | N/A |    [[8, 4096]]     | bf16  |       3.69       |       3.74        |       3.79       |        2.08        | 4.26e+05 | 6.55e+04 |      0.59%       |     1.74%     |
|  16   | 4096  | N/A |    [[16, 4096]]    | bf16  |       4.04       |       4.08        |       4.1        |        2.16        | 8.52e+05 | 1.31e+05 |      1.08%       |     3.18%     |
|  32   | 4096  | N/A |    [[32, 4096]]    | bf16  |       4.15       |       4.17        |       4.2        |        2.32        | 1.70e+06 | 2.62e+05 |      2.11%       |     6.2%      |
|  64   | 4096  | N/A |    [[64, 4096]]    | bf16  |       4.4        |       4.45        |       4.51       |        2.64        | 3.41e+06 | 5.24e+05 |      3.97%       |    11.69%     |
|  128  | 4096  | N/A |   [[128, 4096]]    | bf16  |       5.12       |       5.15        |       5.17       |        3.29        | 6.82e+06 | 1.05e+06 |      6.83%       |    20.09%     |
|  256  | 4096  | N/A |   [[256, 4096]]    | bf16  |       6.55       |       6.58        |       6.6        |        4.57        | 1.36e+07 | 2.10e+06 |      10.67%      |    31.41%     |
|  512  | 4096  | N/A |   [[512, 4096]]    | bf16  |       9.37       |        9.4        |       9.42       |        7.14        | 2.73e+07 | 4.19e+06 |      14.92%      |    43.91%     |
| 1024  | 4096  | N/A |   [[1024, 4096]]   | bf16  |       15.1       |       15.16       |      15.21       |       12.29        | 5.45e+07 | 8.39e+06 |      18.52%      |    54.49%     |
| 2048  | 4096  | N/A |   [[2048, 4096]]   | bf16  |      30.77       |       30.82       |      30.87       |       22.57        | 1.09e+08 | 1.68e+07 |      18.17%      |    53.48%     |
| 4096  | 4096  | N/A |   [[4096, 4096]]   | bf16  |      57.34       |       57.4        |      57.45       |       43.14        | 2.18e+08 | 3.36e+07 |      19.51%      |     57.4%     |
| 8192  | 4096  | N/A |   [[8192, 4096]]   | bf16  |      110.13      |      110.28       |      110.39      |       84.28        | 4.36e+08 | 6.71e+07 |      20.31%      |    59.77%     |
| 16384 | 4096  | N/A |  [[16384, 4096]]   | bf16  |      216.22      |      216.26       |      216.32      |       166.56       | 8.72e+08 | 1.34e+08 |      20.69%      |    60.89%     |
| 32768 | 4096  | N/A |  [[32768, 4096]]   | bf16  |      427.93      |      428.06       |      428.19      |       331.13       | 1.74e+09 | 2.68e+08 |      20.91%      |    61.53%     |
|   1   | 5120  | N/A |    [[1, 5120]]     | bf16  |       3.28       |       3.31        |       3.33       |        2.01        | 6.66e+04 | 1.02e+04 |       0.1%       |     0.31%     |
|   2   | 5120  | N/A |    [[2, 5120]]     | bf16  |       3.38       |        3.4        |       3.43       |        2.03        | 1.33e+05 | 2.05e+04 |       0.2%       |     0.59%     |
|   4   | 5120  | N/A |    [[4, 5120]]     | bf16  |       3.48       |        3.5        |       3.53       |        2.05        | 2.66e+05 | 4.10e+04 |      0.39%       |     1.15%     |
|   8   | 5120  | N/A |    [[8, 5120]]     | bf16  |       3.58       |       3.63        |       3.69       |        2.1         | 5.32e+05 | 8.19e+04 |      0.76%       |     2.24%     |
|  16   | 5120  | N/A |    [[16, 5120]]    | bf16  |       3.74       |       3.74        |       3.74       |        2.2         | 1.06e+06 | 1.64e+05 |      1.46%       |     4.3%      |
|  32   | 5120  | N/A |    [[32, 5120]]    | bf16  |       3.84       |       3.86        |       3.89       |        2.4         | 2.13e+06 | 3.28e+05 |      2.84%       |     8.37%     |
|  64   | 5120  | N/A |    [[64, 5120]]    | bf16  |       4.2        |       4.23        |       4.25       |        2.8         | 4.26e+06 | 6.55e+05 |       5.2%       |    15.31%     |
|  128  | 5120  | N/A |   [[128, 5120]]    | bf16  |       5.53       |       5.56        |       5.58       |        3.61        | 8.52e+06 | 1.31e+06 |       7.9%       |    23.25%     |
|  256  | 5120  | N/A |   [[256, 5120]]    | bf16  |       7.27       |       7.34        |       7.42       |        5.21        | 1.70e+07 | 2.62e+06 |      12.02%      |    35.37%     |
|  512  | 5120  | N/A |   [[512, 5120]]    | bf16  |      10.75       |       10.8        |      10.85       |        8.43        | 3.41e+07 | 5.24e+06 |      16.26%      |    47.84%     |
| 1024  | 5120  | N/A |   [[1024, 5120]]   | bf16  |      18.79       |       18.85       |      18.89       |       14.86        | 6.82e+07 | 1.05e+07 |      18.6%       |    54.74%     |
| 2048  | 5120  | N/A |   [[2048, 5120]]   | bf16  |      37.63       |       37.65       |      37.68       |       27.71        | 1.36e+08 | 2.10e+07 |      18.58%      |    54.66%     |
| 4096  | 5120  | N/A |   [[4096, 5120]]   | bf16  |      70.66       |       70.71       |      70.76       |       53.43        | 2.73e+08 | 4.19e+07 |      19.79%      |    58.22%     |
| 8192  | 5120  | N/A |   [[8192, 5120]]   | bf16  |      136.65      |      136.68       |      136.7       |       104.85       | 5.45e+08 | 8.39e+07 |      20.46%      |    60.21%     |
| 16384 | 5120  | N/A |  [[16384, 5120]]   | bf16  |      268.75      |      268.86       |      268.95      |       207.7        | 1.09e+09 | 1.68e+08 |      20.81%      |    61.23%     |
| 32768 | 5120  | N/A |  [[32768, 5120]]   | bf16  |      533.56      |      533.81       |      534.02      |       413.41       | 2.18e+09 | 3.36e+08 |      20.96%      |    61.68%     |
|   1   | 6144  | N/A |    [[1, 6144]]     | bf16  |       3.02       |       3.04        |       3.07       |        2.02        | 7.99e+04 | 1.23e+04 |      0.14%       |     0.4%      |
|   2   | 6144  | N/A |    [[2, 6144]]     | bf16  |       3.17       |        3.2        |       3.23       |        2.03        | 1.60e+05 | 2.46e+04 |      0.26%       |     0.76%     |
|   4   | 6144  | N/A |    [[4, 6144]]     | bf16  |       3.12       |       3.17        |       3.23       |        2.06        | 3.19e+05 | 4.92e+04 |      0.53%       |     1.55%     |
|   8   | 6144  | N/A |    [[8, 6144]]     | bf16  |       3.17       |        3.2        |       3.23       |        2.12        | 6.39e+05 | 9.83e+04 |      1.03%       |     3.04%     |
|  16   | 6144  | N/A |    [[16, 6144]]    | bf16  |       3.28       |       3.31        |       3.33       |        2.24        | 1.28e+06 | 1.97e+05 |       2.0%       |     5.88%     |
|  32   | 6144  | N/A |    [[32, 6144]]    | bf16  |       3.53       |       3.55        |       3.58       |        2.48        | 2.56e+06 | 3.93e+05 |      3.71%       |    10.93%     |
|  64   | 6144  | N/A |    [[64, 6144]]    | bf16  |       3.84       |       3.87        |       3.89       |        2.96        | 5.11e+06 | 7.86e+05 |      6.83%       |    20.09%     |
|  128  | 6144  | N/A |   [[128, 6144]]    | bf16  |       5.89       |       5.92        |       5.94       |        3.93        | 1.02e+07 | 1.57e+06 |       8.9%       |    26.19%     |
|  256  | 6144  | N/A |   [[256, 6144]]    | bf16  |       7.94       |       7.98        |       8.04       |        5.86        | 2.04e+07 | 3.15e+06 |      13.21%      |    38.86%     |
|  512  | 6144  | N/A |   [[512, 6144]]    | bf16  |      12.13       |       12.19       |      12.24       |        9.71        | 4.09e+07 | 6.29e+06 |      17.29%      |    50.87%     |
| 1024  | 6144  | N/A |   [[1024, 6144]]   | bf16  |      22.68       |       22.74       |      22.78       |       17.43        | 8.18e+07 | 1.26e+07 |      18.49%      |    54.42%     |
| 2048  | 6144  | N/A |   [[2048, 6144]]   | bf16  |      44.34       |       44.39       |      44.44       |       32.86        | 1.64e+08 | 2.52e+07 |      18.92%      |    55.67%     |
| 4096  | 6144  | N/A |   [[4096, 6144]]   | bf16  |      83.81       |       83.84       |      83.87       |       63.71        | 3.27e+08 | 5.03e+07 |      20.02%      |    58.91%     |
| 8192  | 6144  | N/A |   [[8192, 6144]]   | bf16  |      163.12      |      163.14       |      163.17      |       125.42       | 6.54e+08 | 1.01e+08 |      20.57%      |    60.53%     |
| 16384 | 6144  | N/A |  [[16384, 6144]]   | bf16  |      322.0       |      322.05       |      322.1       |       248.84       | 1.31e+09 | 2.01e+08 |      20.84%      |    61.33%     |
| 32768 | 6144  | N/A |  [[32768, 6144]]   | bf16  |      639.74      |      639.91       |      640.05      |       495.69       | 2.62e+09 | 4.03e+08 |      20.98%      |    61.74%     |
|   1   | 7168  | N/A |    [[1, 7168]]     | bf16  |       3.64       |       3.66        |       3.69       |        2.02        | 9.32e+04 | 1.43e+04 |      0.13%       |     0.39%     |
|   2   | 7168  | N/A |    [[2, 7168]]     | bf16  |       3.69       |       3.76        |       3.84       |        2.04        | 1.86e+05 | 2.87e+04 |      0.26%       |     0.76%     |
|   4   | 7168  | N/A |    [[4, 7168]]     | bf16  |       3.53       |       3.55        |       3.58       |        2.07        | 3.73e+05 | 5.73e+04 |      0.54%       |     1.59%     |
|   8   | 7168  | N/A |    [[8, 7168]]     | bf16  |       3.84       |       3.89        |       3.94       |        2.14        | 7.45e+05 | 1.15e+05 |       1.0%       |     2.93%     |
|  16   | 7168  | N/A |    [[16, 7168]]    | bf16  |       3.89       |       3.91        |       3.94       |        2.28        | 1.49e+06 | 2.29e+05 |      1.97%       |     5.78%     |
|  32   | 7168  | N/A |    [[32, 7168]]    | bf16  |       4.1        |       4.13        |       4.15       |        2.56        | 2.98e+06 | 4.59e+05 |      3.73%       |    10.98%     |
|  64   | 7168  | N/A |    [[64, 7168]]    | bf16  |       4.76       |       4.82        |       4.86       |        3.12        | 5.96e+06 | 9.18e+05 |      6.43%       |    18.91%     |
|  128  | 7168  | N/A |   [[128, 7168]]    | bf16  |       6.35       |       6.37        |       6.4        |        4.25        | 1.19e+07 | 1.84e+06 |      9.63%       |    28.35%     |
|  256  | 7168  | N/A |   [[256, 7168]]    | bf16  |       8.7        |       8.73        |       8.76       |        6.5         | 2.39e+07 | 3.67e+06 |      14.06%      |    41.38%     |
|  512  | 7168  | N/A |   [[512, 7168]]    | bf16  |      13.52       |       13.57       |      13.62       |        11.0        | 4.77e+07 | 7.34e+06 |      18.1%       |    53.25%     |
| 1024  | 7168  | N/A |   [[1024, 7168]]   | bf16  |      26.83       |       26.88       |      26.93       |        20.0        | 9.54e+07 | 1.47e+07 |      18.24%      |    53.67%     |
| 2048  | 7168  | N/A |   [[2048, 7168]]   | bf16  |      50.94       |       50.99       |      51.05       |        38.0        | 1.91e+08 | 2.94e+07 |      19.21%      |    56.53%     |
| 4096  | 7168  | N/A |   [[4096, 7168]]   | bf16  |      96.97       |       97.02       |      97.08       |        74.0        | 3.82e+08 | 5.87e+07 |      20.19%      |     59.4%     |
| 8192  | 7168  | N/A |   [[8192, 7168]]   | bf16  |      189.59      |      189.65       |      189.7       |       145.99       | 7.63e+08 | 1.17e+08 |      20.65%      |    60.76%     |
| 16384 | 7168  | N/A |  [[16384, 7168]]   | bf16  |      374.89      |      375.05       |      375.19      |       289.99       | 1.53e+09 | 2.35e+08 |      20.88%      |    61.45%     |
| 32768 | 7168  | N/A |  [[32768, 7168]]   | bf16  |      745.57      |      745.82       |      746.04      |       577.97       | 3.05e+09 | 4.70e+08 |      21.0%       |     61.8%     |
|   1   | 8192  | N/A |    [[1, 8192]]     | bf16  |       3.02       |       3.04        |       3.07       |        2.02        | 1.06e+05 | 1.64e+04 |      0.18%       |     0.53%     |
|   2   | 8192  | N/A |    [[2, 8192]]     | bf16  |       3.12       |       3.15        |       3.17       |        2.04        | 2.13e+05 | 3.28e+04 |      0.35%       |     1.03%     |
|   4   | 8192  | N/A |    [[4, 8192]]     | bf16  |       3.23       |       3.25        |       3.28       |        2.08        | 4.26e+05 | 6.55e+04 |      0.68%       |     1.99%     |
|   8   | 8192  | N/A |    [[8, 8192]]     | bf16  |       3.23       |       3.28        |       3.33       |        2.16        | 8.52e+05 | 1.31e+05 |      1.35%       |     3.98%     |
|  16   | 8192  | N/A |    [[16, 8192]]    | bf16  |       3.43       |       3.43        |       3.43       |        2.32        | 1.70e+06 | 2.62e+05 |      2.55%       |     7.5%      |
|  32   | 8192  | N/A |    [[32, 8192]]    | bf16  |       3.64       |       3.64        |       3.64       |        2.64        | 3.41e+06 | 5.24e+05 |       4.8%       |    14.13%     |
|  64   | 8192  | N/A |    [[64, 8192]]    | bf16  |       5.07       |       5.12        |       5.17       |        3.29        | 6.82e+06 | 1.05e+06 |      6.89%       |    20.29%     |
|  128  | 8192  | N/A |   [[128, 8192]]    | bf16  |       6.66       |       6.68        |       6.71       |        4.57        | 1.36e+07 | 2.10e+06 |      10.5%       |    30.89%     |
|  256  | 8192  | N/A |   [[256, 8192]]    | bf16  |       9.37       |       9.42        |       9.47       |        7.14        | 2.73e+07 | 4.19e+06 |      14.92%      |    43.91%     |
|  512  | 8192  | N/A |   [[512, 8192]]    | bf16  |      15.16       |       15.21       |      15.26       |       12.29        | 5.45e+07 | 8.39e+06 |      18.44%      |    54.28%     |
| 1024  | 8192  | N/A |   [[1024, 8192]]   | bf16  |      30.77       |       30.82       |      30.87       |       22.57        | 1.09e+08 | 1.68e+07 |      18.17%      |    53.48%     |
| 2048  | 8192  | N/A |   [[2048, 8192]]   | bf16  |      57.45       |       57.47       |       57.5       |       43.14        | 2.18e+08 | 3.36e+07 |      19.47%      |    57.29%     |
| 4096  | 8192  | N/A |   [[4096, 8192]]   | bf16  |      110.18      |      110.23       |      110.28      |       84.28        | 4.36e+08 | 6.71e+07 |      20.3%       |    59.74%     |
| 8192  | 8192  | N/A |   [[8192, 8192]]   | bf16  |      216.12      |       216.2       |      216.27      |       166.56       | 8.72e+08 | 1.34e+08 |      20.7%       |    60.92%     |
| 16384 | 8192  | N/A |  [[16384, 8192]]   | bf16  |      427.88      |      428.02       |      428.19      |       331.13       | 1.74e+09 | 2.68e+08 |      20.91%      |    61.54%     |
| 32768 | 8192  | N/A |  [[32768, 8192]]   | bf16  |      846.39      |       847.3       |      848.08      |       660.25       | 3.49e+09 | 5.37e+08 |      21.14%      |    62.22%     |
|   1   | 13824 | N/A |    [[1, 13824]]    | bf16  |       3.02       |       3.04        |       3.07       |        2.03        | 1.80e+05 | 2.76e+04 |      0.31%       |     0.9%      |
|   2   | 13824 | N/A |    [[2, 13824]]    | bf16  |       3.07       |       3.13        |       3.17       |        2.07        | 3.59e+05 | 5.53e+04 |       0.6%       |     1.77%     |
|   4   | 13824 | N/A |    [[4, 13824]]    | bf16  |       3.28       |       3.31        |       3.33       |        2.14        | 7.19e+05 | 1.11e+05 |      1.12%       |     3.31%     |
|   8   | 13824 | N/A |    [[8, 13824]]    | bf16  |       3.23       |       3.25        |       3.28       |        2.27        | 1.44e+06 | 2.21e+05 |      2.28%       |     6.72%     |
|  16   | 13824 | N/A |   [[16, 13824]]    | bf16  |       3.48       |       3.51        |       3.53       |        2.54        | 2.88e+06 | 4.42e+05 |      4.24%       |    12.47%     |
|  32   | 13824 | N/A |   [[32, 13824]]    | bf16  |       3.99       |       4.02        |       4.04       |        3.08        | 5.75e+06 | 8.85e+05 |      7.39%       |    21.75%     |
|  64   | 13824 | N/A |   [[64, 13824]]    | bf16  |       6.14       |       6.17        |       6.2        |        4.17        | 1.15e+07 | 1.77e+06 |      9.61%       |    28.27%     |
|  128  | 13824 | N/A |   [[128, 13824]]   | bf16  |       8.5        |       8.57        |       8.65       |        6.34        | 2.30e+07 | 3.54e+06 |      13.88%      |    40.84%     |
|  256  | 13824 | N/A |   [[256, 13824]]   | bf16  |      13.16       |       13.18       |      13.21       |       10.68        | 4.60e+07 | 7.08e+06 |      17.93%      |    52.75%     |
|  512  | 13824 | N/A |   [[512, 13824]]   | bf16  |      25.86       |       25.89       |      25.91       |       19.36        | 9.20e+07 | 1.42e+07 |      18.25%      |    53.69%     |
| 1024  | 13824 | N/A |  [[1024, 13824]]   | bf16  |       49.2       |       49.23       |      49.25       |       36.71        | 1.84e+08 | 2.83e+07 |      19.18%      |    56.44%     |
| 2048  | 13824 | N/A |  [[2048, 13824]]   | bf16  |      93.64       |       93.7        |      93.75       |       71.43        | 3.68e+08 | 5.66e+07 |      20.16%      |    59.31%     |
| 4096  | 13824 | N/A |  [[4096, 13824]]   | bf16  |      182.94      |      182.99       |      183.04      |       140.85       | 7.36e+08 | 1.13e+08 |      20.63%      |    60.72%     |
| 8192  | 13824 | N/A |  [[8192, 13824]]   | bf16  |      360.29      |      361.27       |      361.93      |       279.7        | 1.47e+09 | 2.26e+08 |      20.95%      |    61.66%     |
| 16384 | 13824 | N/A |  [[16384, 13824]]  | bf16  |      719.1       |       719.3       |      719.51      |       557.4        | 2.94e+09 | 4.53e+08 |      21.0%       |    61.79%     |
| 32768 | 13824 | N/A |  [[32768, 13824]]  | bf16  |     1354.09      |      1392.06      |     1434.62      |       1112.8       | 5.89e+09 | 9.06e+08 |      22.3%       |    65.63%     |
|   1   | 16384 | N/A |    [[1, 16384]]    | bf16  |       3.07       |       3.12        |       3.17       |        2.04        | 2.13e+05 | 3.28e+04 |      0.36%       |     1.05%     |
|   2   | 16384 | N/A |    [[2, 16384]]    | bf16  |       3.23       |       3.25        |       3.28       |        2.08        | 4.26e+05 | 6.55e+04 |      0.68%       |     1.99%     |
|   4   | 16384 | N/A |    [[4, 16384]]    | bf16  |       3.23       |       3.28        |       3.33       |        2.16        | 8.52e+05 | 1.31e+05 |      1.35%       |     3.98%     |
|   8   | 16384 | N/A |    [[8, 16384]]    | bf16  |       3.33       |       3.38        |       3.43       |        2.32        | 1.70e+06 | 2.62e+05 |      2.62%       |     7.72%     |
|  16   | 16384 | N/A |   [[16, 16384]]    | bf16  |       3.53       |       3.55        |       3.58       |        2.64        | 3.41e+06 | 5.24e+05 |      4.95%       |    14.57%     |
|  32   | 16384 | N/A |   [[32, 16384]]    | bf16  |       4.1        |       4.15        |       4.2        |        3.29        | 6.82e+06 | 1.05e+06 |      8.53%       |    25.09%     |
|  64   | 16384 | N/A |   [[64, 16384]]    | bf16  |       6.66       |       6.69        |       6.71       |        4.57        | 1.36e+07 | 2.10e+06 |      10.5%       |    30.89%     |
|  128  | 16384 | N/A |   [[128, 16384]]   | bf16  |       9.32       |       9.34        |       9.37       |        7.14        | 2.73e+07 | 4.19e+06 |      15.0%       |    44.14%     |
|  256  | 16384 | N/A |   [[256, 16384]]   | bf16  |      15.05       |       15.1        |      15.16       |       12.29        | 5.45e+07 | 8.39e+06 |      18.58%      |    54.67%     |
|  512  | 16384 | N/A |   [[512, 16384]]   | bf16  |      30.77       |       30.82       |      30.87       |       22.57        | 1.09e+08 | 1.68e+07 |      18.17%      |    53.48%     |
| 1024  | 16384 | N/A |  [[1024, 16384]]   | bf16  |      57.34       |       57.4        |      57.45       |       43.14        | 2.18e+08 | 3.36e+07 |      19.51%      |     57.4%     |
| 2048  | 16384 | N/A |  [[2048, 16384]]   | bf16  |      110.18      |      110.26       |      110.34      |       84.28        | 4.36e+08 | 6.71e+07 |      20.3%       |    59.74%     |
| 4096  | 16384 | N/A |  [[4096, 16384]]   | bf16  |      216.06      |       216.2       |      216.32      |       166.56       | 8.72e+08 | 1.34e+08 |      20.71%      |    60.93%     |
| 8192  | 16384 | N/A |  [[8192, 16384]]   | bf16  |      427.83      |      427.99       |      428.13      |       331.13       | 1.74e+09 | 2.68e+08 |      20.91%      |    61.54%     |
| 16384 | 16384 | N/A |  [[16384, 16384]]  | bf16  |      803.89      |      832.41       |      851.97      |       660.25       | 3.49e+09 | 5.37e+08 |      22.26%      |    65.51%     |
| 32768 | 16384 | N/A |  [[32768, 16384]]  | bf16  |     1603.99      |      1653.08      |     1699.43      |      1318.51       | 6.98e+09 | 1.07e+09 |      22.31%      |    65.66%     |
|  128  |  768  |  1  |  [[1, 128, 768]]   | bf16  |       3.33       |       3.38        |       3.43       |        2.24        | 1.28e+06 | 1.97e+05 |      1.97%       |     5.79%     |
|  128  |  768  |  2  |  [[2, 128, 768]]   | bf16  |       3.48       |       3.51        |       3.53       |        2.48        | 2.56e+06 | 3.93e+05 |      3.77%       |    11.08%     |
|  128  |  768  |  4  |  [[4, 128, 768]]   | bf16  |       3.89       |       3.94        |       3.99       |        2.96        | 5.11e+06 | 7.86e+05 |      6.74%       |    19.83%     |
|  128  |  768  |  8  |  [[8, 128, 768]]   | bf16  |       4.81       |       4.83        |       4.86       |        3.93        | 1.02e+07 | 1.57e+06 |      10.9%       |    32.07%     |
|  128  |  768  | 16  |  [[16, 128, 768]]  | bf16  |       6.45       |       6.48        |       6.5        |        5.86        | 2.04e+07 | 3.15e+06 |      16.26%      |    47.84%     |
|  128  |  768  | 32  |  [[32, 128, 768]]  | bf16  |       9.57       |        9.6        |       9.63       |        9.71        | 4.09e+07 | 6.29e+06 |      21.91%      |    64.48%     |
| 1024  |  768  |  1  |  [[1, 1024, 768]]  | bf16  |       5.89       |       5.92        |       5.94       |        3.93        | 1.02e+07 | 1.57e+06 |       8.9%       |    26.19%     |
| 1024  |  768  |  2  |  [[2, 1024, 768]]  | bf16  |       7.99       |       8.04        |       8.09       |        5.86        | 2.04e+07 | 3.15e+06 |      13.12%      |    38.62%     |
| 1024  |  768  |  4  |  [[4, 1024, 768]]  | bf16  |      12.13       |       12.13       |      12.13       |        9.71        | 4.09e+07 | 6.29e+06 |      17.29%      |    50.87%     |
| 1024  |  768  |  8  |  [[8, 1024, 768]]  | bf16  |      22.73       |       22.78       |      22.84       |       17.43        | 8.18e+07 | 1.26e+07 |      18.45%      |     54.3%     |
| 1024  |  768  | 16  | [[16, 1024, 768]]  | bf16  |      44.34       |       44.39       |      44.44       |       32.86        | 1.64e+08 | 2.52e+07 |      18.92%      |    55.67%     |
| 1024  |  768  | 32  | [[32, 1024, 768]]  | bf16  |      83.81       |       83.86       |      83.92       |       63.71        | 3.27e+08 | 5.03e+07 |      20.02%      |    58.91%     |
| 4096  |  768  |  1  |  [[1, 4096, 768]]  | bf16  |      12.08       |       12.14       |      12.19       |        9.71        | 4.09e+07 | 6.29e+06 |      17.36%      |    51.09%     |
| 4096  |  768  |  2  |  [[2, 4096, 768]]  | bf16  |      22.63       |       22.69       |      22.73       |       17.43        | 8.18e+07 | 1.26e+07 |      18.53%      |    54.54%     |
| 4096  |  768  |  4  |  [[4, 4096, 768]]  | bf16  |      44.24       |       44.27       |      44.29       |       32.86        | 1.64e+08 | 2.52e+07 |      18.96%      |     55.8%     |
| 4096  |  768  |  8  |  [[8, 4096, 768]]  | bf16  |      83.76       |       83.81       |      83.87       |       63.71        | 3.27e+08 | 5.03e+07 |      20.03%      |    58.94%     |
| 4096  |  768  | 16  | [[16, 4096, 768]]  | bf16  |      163.23      |      163.27       |      163.33      |       125.42       | 6.54e+08 | 1.01e+08 |      20.56%      |    60.49%     |
| 4096  |  768  | 32  | [[32, 4096, 768]]  | bf16  |      321.95      |       322.1       |      322.25      |       248.84       | 1.31e+09 | 2.01e+08 |      20.84%      |    61.34%     |
|  128  | 4096  |  1  |  [[1, 128, 4096]]  | bf16  |       5.27       |       5.29        |       5.32       |        3.29        | 6.82e+06 | 1.05e+06 |      6.63%       |    19.52%     |
|  128  | 4096  |  2  |  [[2, 128, 4096]]  | bf16  |       6.6        |       6.63        |       6.66       |        4.57        | 1.36e+07 | 2.10e+06 |      10.59%      |    31.17%     |
|  128  | 4096  |  4  |  [[4, 128, 4096]]  | bf16  |       9.42       |       9.47        |       9.52       |        7.14        | 2.73e+07 | 4.19e+06 |      14.84%      |    43.67%     |
|  128  | 4096  |  8  |  [[8, 128, 4096]]  | bf16  |      15.21       |       15.23       |      15.26       |       12.29        | 5.45e+07 | 8.39e+06 |      18.38%      |     54.1%     |
|  128  | 4096  | 16  | [[16, 128, 4096]]  | bf16  |      30.82       |       30.87       |      30.92       |       22.57        | 1.09e+08 | 1.68e+07 |      18.15%      |    53.39%     |
|  128  | 4096  | 32  | [[32, 128, 4096]]  | bf16  |      57.45       |       57.48       |       57.5       |       43.14        | 2.18e+08 | 3.36e+07 |      19.47%      |    57.29%     |
| 1024  | 4096  |  1  | [[1, 1024, 4096]]  | bf16  |      15.05       |       15.13       |      15.21       |       12.29        | 5.45e+07 | 8.39e+06 |      18.58%      |    54.67%     |
| 1024  | 4096  |  2  | [[2, 1024, 4096]]  | bf16  |      30.77       |       30.82       |      30.87       |       22.57        | 1.09e+08 | 1.68e+07 |      18.17%      |    53.48%     |
| 1024  | 4096  |  4  | [[4, 1024, 4096]]  | bf16  |      57.45       |       57.5        |      57.55       |       43.14        | 2.18e+08 | 3.36e+07 |      19.47%      |    57.29%     |
| 1024  | 4096  |  8  | [[8, 1024, 4096]]  | bf16  |      110.23      |      110.28       |      110.34      |       84.28        | 4.36e+08 | 6.71e+07 |      20.29%      |    59.72%     |
| 1024  | 4096  | 16  | [[16, 1024, 4096]] | bf16  |      216.12      |      216.29       |      216.47      |       166.56       | 8.72e+08 | 1.34e+08 |      20.7%       |    60.92%     |
| 1024  | 4096  | 32  | [[32, 1024, 4096]] | bf16  |      427.93      |      428.07       |      428.24      |       331.13       | 1.74e+09 | 2.68e+08 |      20.91%      |    61.53%     |
| 4096  | 4096  |  1  | [[1, 4096, 4096]]  | bf16  |      58.01       |       58.03       |      58.06       |       43.14        | 2.18e+08 | 3.36e+07 |      19.28%      |    56.74%     |
| 4096  | 4096  |  2  | [[2, 4096, 4096]]  | bf16  |      110.18      |      110.26       |      110.34      |       84.28        | 4.36e+08 | 6.71e+07 |      20.3%       |    59.74%     |
| 4096  | 4096  |  4  | [[4, 4096, 4096]]  | bf16  |      215.96      |      216.04       |      216.12      |       166.56       | 8.72e+08 | 1.34e+08 |      20.72%      |    60.96%     |
| 4096  | 4096  |  8  | [[8, 4096, 4096]]  | bf16  |      427.88      |      427.99       |      428.08      |       331.13       | 1.74e+09 | 2.68e+08 |      20.91%      |    61.54%     |
| 4096  | 4096  | 16  | [[16, 4096, 4096]] | bf16  |      806.5       |      834.46       |      851.71      |       660.25       | 3.49e+09 | 5.37e+08 |      22.19%      |    65.29%     |
| 4096  | 4096  | 32  | [[32, 4096, 4096]] | bf16  |     1603.94      |      1652.79      |     1699.69      |      1318.51       | 6.98e+09 | 1.07e+09 |      22.31%      |    65.66%     |
|  128  | 8192  |  1  |  [[1, 128, 8192]]  | bf16  |       5.27       |       5.32        |       5.38       |        4.57        | 1.36e+07 | 2.10e+06 |      13.26%      |    39.03%     |
|  128  | 8192  |  2  |  [[2, 128, 8192]]  | bf16  |       7.53       |       7.55        |       7.58       |        7.14        | 2.73e+07 | 4.19e+06 |      18.57%      |    54.64%     |
|  128  | 8192  |  4  |  [[4, 128, 8192]]  | bf16  |      12.13       |       12.16       |      12.19       |       12.29        | 5.45e+07 | 8.39e+06 |      23.05%      |    67.83%     |
|  128  | 8192  |  8  |  [[8, 128, 8192]]  | bf16  |      28.16       |       28.26       |      28.36       |       22.57        | 1.09e+08 | 1.68e+07 |      19.86%      |    58.44%     |
|  128  | 8192  | 16  | [[16, 128, 8192]]  | bf16  |      57.45       |       57.47       |       57.5       |       43.14        | 2.18e+08 | 3.36e+07 |      19.47%      |    57.29%     |
|  128  | 8192  | 32  | [[32, 128, 8192]]  | bf16  |      110.13      |      110.19       |      110.23      |       84.28        | 4.36e+08 | 6.71e+07 |      20.31%      |    59.77%     |
| 1024  | 8192  |  1  | [[1, 1024, 8192]]  | bf16  |      30.72       |       30.86       |      31.03       |       22.57        | 1.09e+08 | 1.68e+07 |      18.2%       |    53.57%     |
| 1024  | 8192  |  2  | [[2, 1024, 8192]]  | bf16  |      57.45       |       57.5        |      57.55       |       43.14        | 2.18e+08 | 3.36e+07 |      19.47%      |    57.29%     |
| 1024  | 8192  |  4  | [[4, 1024, 8192]]  | bf16  |      110.13      |      110.18       |      110.23      |       84.28        | 4.36e+08 | 6.71e+07 |      20.31%      |    59.77%     |
| 1024  | 8192  |  8  | [[8, 1024, 8192]]  | bf16  |      216.06      |      216.22       |      216.37      |       166.56       | 8.72e+08 | 1.34e+08 |      20.71%      |    60.93%     |
| 1024  | 8192  | 16  | [[16, 1024, 8192]] | bf16  |      427.98      |      428.03       |      428.08      |       331.13       | 1.74e+09 | 2.68e+08 |      20.91%      |    61.52%     |
| 1024  | 8192  | 32  | [[32, 1024, 8192]] | bf16  |      803.99      |       831.3       |      851.92      |       660.25       | 3.49e+09 | 5.37e+08 |      22.26%      |     65.5%     |
| 4096  | 8192  |  1  | [[1, 4096, 8192]]  | bf16  |      106.45      |      106.67       |      106.85      |       84.28        | 4.36e+08 | 6.71e+07 |      21.01%      |    61.84%     |
| 4096  | 8192  |  2  | [[2, 4096, 8192]]  | bf16  |      215.86      |       216.0       |      216.12      |       166.56       | 8.72e+08 | 1.34e+08 |      20.73%      |    60.99%     |
| 4096  | 8192  |  4  | [[4, 4096, 8192]]  | bf16  |      427.93      |      428.02       |      428.13      |       331.13       | 1.74e+09 | 2.68e+08 |      20.91%      |    61.53%     |
| 4096  | 8192  |  8  | [[8, 4096, 8192]]  | bf16  |      851.61      |       851.7       |      851.81      |       660.25       | 3.49e+09 | 5.37e+08 |      21.01%      |    61.84%     |
| 4096  | 8192  | 16  | [[16, 4096, 8192]] | bf16  |     1603.69      |      1656.57      |     1699.69      |      1318.51       | 6.98e+09 | 1.07e+09 |      22.32%      |    65.67%     |
| 4096  | 8192  | 32  | [[32, 4096, 8192]] | bf16  |     3203.58      |      3217.18      |     3238.91      |      2635.01       | 1.40e+10 | 2.15e+09 |      22.34%      |    65.75%     |
