Test Case: A100SXM_aten_baddbmm
|  B  |  M   |  K   |  N   |                        input_shape                        | dtype | duration_min(us) | duration_mean(us) | duration_max(us) | theory_latency(us) |  flops   |    io    | flops_efficiency | io_efficiency |
|  1  |  1   |  32  |  32  |           [[1, 1, 32], [1, 1, 32], [1, 32, 32]]           | bf16  |      32.97       |       43.36       |      45.57       |        2.0         | 2.05e+03 | 1.09e+03 |       0.0%       |     0.0%      |
|  8  |  1   |  32  |  32  |           [[8, 1, 32], [8, 1, 32], [8, 32, 32]]           | bf16  |      27.14       |       27.27       |      27.44       |        2.01        | 1.64e+04 | 8.70e+03 |       0.0%       |     0.03%     |
| 128 |  1   |  32  |  32  |        [[128, 1, 32], [128, 1, 32], [128, 32, 32]]        | bf16  |      26.88       |       27.17       |      27.49       |        2.17        | 2.62e+05 | 1.39e+05 |       0.0%       |     0.51%     |
|  1  |  64  |  32  |  32  |          [[1, 64, 32], [1, 64, 32], [1, 32, 32]]          | bf16  |      28.11       |       28.22       |      28.36       |        2.01        | 1.31e+05 | 5.12e+03 |       0.0%       |     0.02%     |
|  8  |  64  |  32  |  32  |          [[8, 64, 32], [8, 64, 32], [8, 32, 32]]          | bf16  |      29.03       |       29.18       |      29.34       |        2.05        | 1.05e+06 | 4.10e+04 |      0.01%       |     0.14%     |
| 128 |  64  |  32  |  32  |       [[128, 64, 32], [128, 64, 32], [128, 32, 32]]       | bf16  |      29.34       |       29.45       |      29.64       |        2.8         | 1.68e+07 | 6.55e+05 |      0.18%       |     2.19%     |
|  1  | 1024 |  32  |  32  |        [[1, 1024, 32], [1, 1024, 32], [1, 32, 32]]        | bf16  |      28.21       |       28.47       |      28.72       |        2.08        | 2.10e+06 | 6.66e+04 |      0.02%       |     0.23%     |
|  8  | 1024 |  32  |  32  |        [[8, 1024, 32], [8, 1024, 32], [8, 32, 32]]        | bf16  |      29.13       |       29.42       |      29.75       |        2.65        | 1.68e+07 | 5.32e+05 |      0.18%       |     1.79%     |
| 128 | 1024 |  32  |  32  |     [[128, 1024, 32], [128, 1024, 32], [128, 32, 32]]     | bf16  |      40.86       |       40.92       |      40.96       |       12.45        | 2.68e+08 | 8.52e+06 |      2.11%       |    20.45%     |
|  1  |  1   | 3072 |  32  |         [[1, 1, 32], [1, 1, 3072], [1, 3072, 32]]         | bf16  |      30.21       |       30.48       |      30.92       |        2.12        | 1.97e+05 | 1.01e+05 |       0.0%       |     0.33%     |
|  8  |  1   | 3072 |  32  |         [[8, 1, 32], [8, 1, 3072], [8, 3072, 32]]         | bf16  |      26.78       |       27.02       |      27.34       |        2.99        | 1.57e+06 | 8.11e+05 |      0.02%       |     2.97%     |
| 128 |  1   | 3072 |  32  |      [[128, 1, 32], [128, 1, 3072], [128, 3072, 32]]      | bf16  |       42.6       |       42.66       |      42.75       |       17.91        | 2.52e+07 | 1.30e+07 |      0.19%       |    29.89%     |
|  1  |  64  | 3072 |  32  |        [[1, 64, 32], [1, 64, 3072], [1, 3072, 32]]        | bf16  |      33.13       |       33.27       |      33.48       |        2.36        | 1.26e+07 | 2.97e+05 |      0.12%       |     0.88%     |
|  8  |  64  | 3072 |  32  |        [[8, 64, 32], [8, 64, 3072], [8, 3072, 32]]        | bf16  |      29.13       |       29.27       |      29.39       |        4.91        | 1.01e+08 | 2.38e+06 |      1.11%       |     8.0%      |
| 128 |  64  | 3072 |  32  |     [[128, 64, 32], [128, 64, 3072], [128, 3072, 32]]     | bf16  |       77.0       |       77.28       |      77.52       |        48.6        | 1.61e+09 | 3.80e+07 |       6.7%       |    48.42%     |
|  1  | 1024 | 3072 |  32  |      [[1, 1024, 32], [1, 1024, 3072], [1, 3072, 32]]      | bf16  |      33.43       |       33.62       |      33.95       |        6.02        | 2.01e+08 | 3.28e+06 |      1.93%       |     9.61%     |
|  8  | 1024 | 3072 |  32  |      [[8, 1024, 32], [8, 1024, 3072], [8, 3072, 32]]      | bf16  |      62.21       |       62.36       |      62.46       |       34.14        | 1.61e+09 | 2.62e+07 |       8.3%       |    41.33%     |
| 128 | 1024 | 3072 |  32  |   [[128, 1024, 32], [128, 1024, 3072], [128, 3072, 32]]   | bf16  |      647.42      |      648.73       |      649.78      |       516.26       | 2.58e+10 | 4.19e+08 |      12.76%      |    63.55%     |
|  1  |  1   | 8192 |  32  |         [[1, 1, 32], [1, 1, 8192], [1, 8192, 32]]         | bf16  |      30.62       |       30.75       |      30.98       |        2.33        | 5.24e+05 | 2.70e+05 |      0.01%       |     0.87%     |
|  8  |  1   | 8192 |  32  |         [[8, 1, 32], [8, 1, 8192], [8, 8192, 32]]         | bf16  |      26.98       |       27.13       |      27.24       |        4.65        | 4.19e+06 | 2.16e+06 |      0.05%       |     7.86%     |
| 128 |  1   | 8192 |  32  |      [[128, 1, 32], [128, 1, 8192], [128, 8192, 32]]      | bf16  |      77.93       |       78.02       |      78.13       |       44.43        | 6.71e+07 | 3.46e+07 |      0.28%       |    43.56%     |
|  1  |  64  | 8192 |  32  |        [[1, 64, 32], [1, 64, 8192], [1, 8192, 32]]        | bf16  |      31.69       |       31.84       |       32.0       |        2.97        | 3.36e+07 | 7.88e+05 |      0.34%       |     2.44%     |
|  8  |  64  | 8192 |  32  |        [[8, 64, 32], [8, 64, 8192], [8, 8192, 32]]        | bf16  |      45.57       |       45.65       |      45.72       |        9.73        | 2.68e+08 | 6.31e+06 |      1.89%       |    13.58%     |
| 128 |  64  | 8192 |  32  |     [[128, 64, 32], [128, 64, 8192], [128, 8192, 32]]     | bf16  |      174.34      |      174.61       |      175.05      |       125.74       | 4.29e+09 | 1.01e+08 |       7.9%       |    56.78%     |
|  1  | 1024 | 8192 |  32  |      [[1, 1024, 32], [1, 1024, 8192], [1, 8192, 32]]      | bf16  |      33.38       |       33.57       |      33.69       |       12.65        | 5.37e+08 | 8.68e+06 |      5.16%       |    25.52%     |
|  8  | 1024 | 8192 |  32  |      [[8, 1024, 32], [8, 1024, 8192], [8, 8192, 32]]      | bf16  |      139.01      |       139.3       |      139.78      |       87.17        | 4.29e+09 | 6.95e+07 |       9.9%       |    49.02%     |
| 128 | 1024 | 8192 |  32  |   [[128, 1024, 32], [128, 1024, 8192], [128, 8192, 32]]   | bf16  |     1642.19      |      1645.22      |     1653.35      |      1364.79       | 6.87e+10 | 1.11e+09 |      13.41%      |    66.39%     |
|  1  |  1   |  32  | 2048 |         [[1, 1, 2048], [1, 1, 32], [1, 32, 2048]]         | bf16  |      27.34       |       27.42       |      27.49       |        2.08        | 1.31e+05 | 6.76e+04 |       0.0%       |     0.24%     |
|  8  |  1   |  32  | 2048 |         [[8, 1, 2048], [8, 1, 32], [8, 32, 2048]]         | bf16  |      29.03       |       29.24       |      29.44       |        2.66        | 1.05e+06 | 5.41e+05 |      0.01%       |     1.83%     |
| 128 |  1   |  32  | 2048 |      [[128, 1, 2048], [128, 1, 32], [128, 32, 2048]]      | bf16  |      26.98       |       27.03       |      27.14       |       12.61        | 1.68e+07 | 8.65e+06 |       0.2%       |    31.47%     |
|  1  |  64  |  32  | 2048 |        [[1, 64, 2048], [1, 64, 32], [1, 32, 2048]]        | bf16  |      29.34       |       29.67       |      29.95       |        2.24        | 8.39e+06 | 1.99e+05 |      0.09%       |     0.66%     |
|  8  |  64  |  32  | 2048 |        [[8, 64, 2048], [8, 64, 32], [8, 32, 2048]]        | bf16  |      29.59       |       29.87       |      30.11       |        3.95        | 6.71e+07 | 1.59e+06 |      0.73%       |     5.27%     |
| 128 |  64  |  32  | 2048 |     [[128, 64, 2048], [128, 64, 32], [128, 32, 2048]]     | bf16  |      131.12      |      131.36       |      131.53      |       33.18        | 1.07e+09 | 2.54e+07 |      2.62%       |    19.02%     |
|  1  | 1024 |  32  | 2048 |      [[1, 1024, 2048], [1, 1024, 32], [1, 32, 2048]]      | bf16  |      27.34       |       27.55       |       27.8       |        4.69        | 1.34e+08 | 2.20e+06 |      1.57%       |     7.88%     |
|  8  | 1024 |  32  | 2048 |      [[8, 1024, 2048], [8, 1024, 32], [8, 32, 2048]]      | bf16  |      142.9       |      143.14       |      143.26      |       23.53        | 1.07e+09 | 1.76e+07 |      2.41%       |    12.06%     |
| 128 | 1024 |  32  | 2048 |   [[128, 1024, 2048], [128, 1024, 32], [128, 32, 2048]]   | bf16  |     1814.73      |      1904.79      |     2026.09      |       346.55       | 1.72e+10 | 2.81e+08 |      3.03%       |    15.19%     |
|  1  |  1   | 3072 | 2048 |       [[1, 1, 2048], [1, 1, 3072], [1, 3072, 2048]]       | bf16  |      31.54       |       31.63       |      31.85       |        9.72        | 1.26e+07 | 6.30e+06 |      0.13%       |    19.58%     |
|  8  |  1   | 3072 | 2048 |       [[8, 1, 2048], [8, 1, 3072], [8, 3072, 2048]]       | bf16  |      88.12       |       88.33       |      88.47       |       63.76        | 1.01e+08 | 5.04e+07 |      0.37%       |    56.07%     |
| 128 |  1   | 3072 | 2048 |    [[128, 1, 2048], [128, 1, 3072], [128, 3072, 2048]]    | bf16  |     1101.16      |      1107.7       |     1111.45      |       990.18       | 1.61e+09 | 8.06e+08 |      0.47%       |    71.79%     |
|  1  |  64  | 3072 | 2048 |      [[1, 64, 2048], [1, 64, 3072], [1, 3072, 2048]]      | bf16  |      30.98       |       31.24       |      31.74       |       10.12        | 8.05e+08 | 6.62e+06 |      8.33%       |    20.96%     |
|  8  |  64  | 3072 | 2048 |      [[8, 64, 2048], [8, 64, 3072], [8, 3072, 2048]]      | bf16  |      105.27      |      105.55       |      105.73      |       66.93        | 6.44e+09 | 5.30e+07 |      19.62%      |    49.34%     |
| 128 |  64  | 3072 | 2048 |   [[128, 64, 2048], [128, 64, 3072], [128, 3072, 2048]]   | bf16  |     1288.35      |      1298.32      |     1303.24      |      1040.81       | 1.03e+11 | 8.47e+08 |      25.64%      |     64.5%     |
|  1  | 1024 | 3072 | 2048 |    [[1, 1024, 2048], [1, 1024, 3072], [1, 3072, 2048]]    | bf16  |      95.08       |       95.25       |      95.39       |       47.89        | 1.29e+10 | 1.15e+07 |      43.43%      |     11.9%     |
|  8  | 1024 | 3072 | 2048 |    [[8, 1024, 2048], [8, 1024, 3072], [8, 3072, 2048]]    | bf16  |      727.5       |       728.1       |      728.58      |       369.09       | 1.03e+11 | 9.23e+07 |      45.41%      |    12.44%     |
| 128 | 1024 | 3072 | 2048 | [[128, 1024, 2048], [128, 1024, 3072], [128, 3072, 2048]] | bf16  |     7328.05      |      7359.42      |     7394.66      |      5875.46       | 1.65e+12 | 1.48e+09 |      72.14%      |    19.76%     |
|  1  |  1   | 8192 | 2048 |       [[1, 1, 2048], [1, 1, 8192], [1, 8192, 2048]]       | bf16  |       34.3       |       34.56       |      34.82       |       22.58        | 3.36e+07 | 1.68e+07 |      0.31%       |    48.01%     |
|  8  |  1   | 8192 | 2048 |       [[8, 1, 2048], [8, 1, 8192], [8, 8192, 2048]]       | bf16  |      212.63      |      212.89       |      213.3       |       166.66       | 2.68e+08 | 1.34e+08 |       0.4%       |    61.95%     |
| 128 |  1   | 8192 | 2048 |    [[128, 1, 2048], [128, 1, 8192], [128, 8192, 2048]]    | bf16  |     3002.21      |      3002.67      |     3003.24      |      2636.62       | 4.29e+09 | 2.15e+09 |      0.46%       |     70.2%     |
|  1  |  64  | 8192 | 2048 |      [[1, 64, 2048], [1, 64, 8192], [1, 8192, 2048]]      | bf16  |      41.78       |       42.01       |      42.19       |       23.37        | 2.15e+09 | 1.74e+07 |      16.47%      |    40.93%     |
|  8  |  64  | 8192 | 2048 |      [[8, 64, 2048], [8, 64, 8192], [8, 8192, 2048]]      | bf16  |      239.77      |      242.53       |      244.38      |       172.99       | 1.72e+10 | 1.39e+08 |      22.97%      |    57.05%     |
| 128 |  64  | 8192 | 2048 |   [[128, 64, 2048], [128, 64, 8192], [128, 8192, 2048]]   | bf16  |      3206.5      |      3209.37      |     3214.75      |      2737.86       | 2.75e+11 | 2.23e+09 |      27.48%      |    68.26%     |
|  1  | 1024 | 8192 | 2048 |    [[1, 1024, 2048], [1, 1024, 8192], [1, 8192, 2048]]    | bf16  |      168.5       |      168.68       |      168.81      |       124.36       | 3.44e+10 | 2.73e+07 |      65.36%      |    15.87%     |
|  8  | 1024 | 8192 | 2048 |    [[8, 1024, 2048], [8, 1024, 8192], [8, 8192, 2048]]    | bf16  |     1440.31      |      1552.24      |     1719.45      |       980.91       | 2.75e+11 | 2.18e+08 |      61.17%      |    14.85%     |
| 128 | 1024 | 8192 | 2048 | [[128, 1024, 2048], [128, 1024, 8192], [128, 8192, 2048]] | bf16  |     21279.69     |     21552.19      |     21687.04     |      15664.56      | 4.40e+12 | 3.49e+09 |      66.24%      |    16.09%     |
|  1  |  1   |  32  | 8192 |         [[1, 1, 8192], [1, 1, 32], [1, 32, 8192]]         | bf16  |      27.34       |       27.54       |       27.8       |        2.33        | 5.24e+05 | 2.70e+05 |      0.01%       |     0.97%     |
|  8  |  1   |  32  | 8192 |         [[8, 1, 8192], [8, 1, 32], [8, 32, 8192]]         | bf16  |      28.93       |       29.14       |      29.29       |        4.65        | 4.19e+06 | 2.16e+06 |      0.05%       |     7.33%     |
| 128 |  1   |  32  | 8192 |      [[128, 1, 8192], [128, 1, 32], [128, 32, 8192]]      | bf16  |      84.99       |       85.07       |      85.25       |       44.43        | 6.71e+07 | 3.46e+07 |      0.25%       |    39.94%     |
|  1  |  64  |  32  | 8192 |        [[1, 64, 8192], [1, 64, 32], [1, 32, 8192]]        | bf16  |      29.29       |       29.41       |      29.64       |        2.97        | 3.36e+07 | 7.88e+05 |      0.37%       |     2.64%     |
|  8  |  64  |  32  | 8192 |        [[8, 64, 8192], [8, 64, 32], [8, 32, 8192]]        | bf16  |      29.08       |       29.29       |      29.44       |        9.73        | 2.68e+08 | 6.31e+06 |      2.96%       |    21.28%     |
| 128 |  64  |  32  | 8192 |     [[128, 64, 8192], [128, 64, 32], [128, 32, 8192]]     | bf16  |      483.74      |      488.92       |      489.88      |       125.74       | 4.29e+09 | 1.01e+08 |      2.85%       |    20.46%     |
|  1  | 1024 |  32  | 8192 |      [[1, 1024, 8192], [1, 1024, 32], [1, 32, 8192]]      | bf16  |      58.37       |       58.46       |      58.52       |       12.65        | 5.37e+08 | 8.68e+06 |      2.95%       |    14.59%     |
|  8  | 1024 |  32  | 8192 |      [[8, 1024, 8192], [8, 1024, 32], [8, 32, 8192]]      | bf16  |      461.16      |       461.3       |      461.41      |       87.17        | 4.29e+09 | 6.95e+07 |      2.99%       |    14.78%     |
| 128 | 1024 |  32  | 8192 |   [[128, 1024, 8192], [128, 1024, 32], [128, 32, 8192]]   | bf16  |     6767.87      |      6768.35      |      6768.9      |      1364.79       | 6.87e+10 | 1.11e+09 |      3.25%       |    16.11%     |
|  1  |  1   | 3072 | 8192 |       [[1, 1, 8192], [1, 1, 3072], [1, 3072, 8192]]       | bf16  |      50.69       |       50.76       |      50.84       |       32.87        | 5.03e+07 | 2.52e+07 |      0.32%       |    48.72%     |
|  8  |  1   | 3072 | 8192 |       [[8, 1, 8192], [8, 1, 3072], [8, 3072, 8192]]       | bf16  |      300.19      |      300.64       |      300.9       |       248.96       | 4.03e+08 | 2.01e+08 |      0.43%       |    65.81%     |
| 128 |  1   | 3072 | 8192 |    [[128, 1, 8192], [128, 1, 3072], [128, 3072, 8192]]    | bf16  |     4367.56      |      4368.19      |      4368.9      |      3953.28       | 6.44e+09 | 3.22e+09 |      0.47%       |    72.38%     |
|  1  |  64  | 3072 | 8192 |      [[1, 64, 8192], [1, 64, 3072], [1, 3072, 8192]]      | bf16  |      56.58       |       56.83       |      57.04       |       33.74        | 3.22e+09 | 2.59e+07 |      18.25%      |    44.88%     |
|  8  |  64  | 3072 | 8192 |      [[8, 64, 8192], [8, 64, 3072], [8, 3072, 8192]]      | bf16  |      334.64      |       335.0       |      335.31      |       255.92       | 2.58e+10 | 2.07e+08 |      24.68%      |     60.7%     |
| 128 |  64  | 3072 | 8192 |   [[128, 64, 8192], [128, 64, 3072], [128, 3072, 8192]]   | bf16  |     5181.13      |      5182.51      |     5182.87      |      4064.65       | 4.12e+11 | 3.31e+09 |      25.51%      |    62.73%     |
|  1  | 1024 | 3072 | 8192 |    [[1, 1024, 8192], [1, 1024, 3072], [1, 3072, 8192]]    | bf16  |      271.51      |      271.67       |      271.82      |       185.55       | 5.15e+10 | 3.67e+07 |      60.84%      |    13.26%     |
|  8  | 1024 | 3072 | 8192 |    [[8, 1024, 8192], [8, 1024, 3072], [8, 3072, 8192]]    | bf16  |     2058.65      |      2097.12      |     2251.62      |      1470.36       | 4.12e+11 | 2.94e+08 |      64.19%      |    13.99%     |
| 128 | 1024 | 3072 | 8192 | [[128, 1024, 8192], [128, 1024, 3072], [128, 3072, 8192]] | bf16  |     33198.8      |     33263.53      |     33308.93     |      23495.84      | 6.60e+12 | 4.70e+09 |      63.69%      |    13.88%     |
|  1  |  1   | 8192 | 8192 |       [[1, 1, 8192], [1, 1, 8192], [1, 8192, 8192]]       | bf16  |      114.74      |      115.13       |      115.56      |        84.3        | 1.34e+08 | 6.71e+07 |      0.37%       |    57.38%     |
|  8  |  1   | 8192 | 8192 |       [[8, 1, 8192], [8, 1, 8192], [8, 8192, 8192]]       | bf16  |      787.4       |      788.66       |      789.2       |       660.41       | 1.07e+09 | 5.37e+08 |      0.44%       |    66.89%     |
| 128 |  1   | 8192 | 8192 |    [[128, 1, 8192], [128, 1, 8192], [128, 8192, 8192]]    | bf16  |     12170.39     |     12173.31      |     12175.82     |      10536.61      | 1.72e+10 | 8.59e+09 |      0.45%       |    69.25%     |
|  1  |  64  | 8192 | 8192 |      [[1, 64, 8192], [1, 64, 8192], [1, 8192, 8192]]      | bf16  |      120.88      |      121.64       |      122.01      |       85.57        | 8.59e+09 | 6.82e+07 |      22.78%      |    55.31%     |
|  8  |  64  | 8192 | 8192 |      [[8, 64, 8192], [8, 64, 8192], [8, 8192, 8192]]      | bf16  |      802.41      |      804.89       |      808.19      |       670.54       | 6.87e+10 | 5.45e+08 |      27.45%      |    66.65%     |
| 128 |  64  | 8192 | 8192 |   [[128, 64, 8192], [128, 64, 8192], [128, 8192, 8192]]   | bf16  |     12879.31     |     12880.17      |     12881.56     |      10698.61      | 1.10e+12 | 8.72e+09 |      27.36%      |    66.44%     |
|  1  | 1024 | 8192 | 8192 |    [[1, 1024, 8192], [1, 1024, 8192], [1, 8192, 8192]]    | bf16  |      707.99      |       708.2       |      708.4       |       491.45       | 1.37e+11 | 8.39e+07 |      62.22%      |    11.62%     |
|  8  | 1024 | 8192 | 8192 |    [[8, 1024, 8192], [8, 1024, 8192], [8, 8192, 8192]]    | bf16  |     5602.92      |      5716.55      |     5869.72      |      3917.64       | 1.10e+12 | 6.71e+08 |      62.9%       |    11.75%     |
| 128 | 1024 | 8192 | 8192 | [[128, 1024, 8192], [128, 1024, 8192], [128, 8192, 8192]] | bf16  |    102662.15     |     103250.3      |    103881.32     |      62652.24      | 1.76e+13 | 1.07e+10 |      54.92%      |    10.26%     |
