Test Case: H20SXM_aten_baddbmm
|  B  |  M   |  K   |  N   |                        input_shape                        | dtype | duration_min(us) | duration_mean(us) | duration_max(us) | theory_latency(us) |  flops   |    io    | flops_efficiency | io_efficiency |
|  1  |  1   |  32  |  32  |           [[1, 1, 32], [1, 1, 32], [1, 32, 32]]           | bf16  |      17.38       |       17.67       |      17.93       |        2.0         | 2.05e+03 | 1.09e+03 |       0.0%       |     0.0%      |
|  8  |  1   |  32  |  32  |           [[8, 1, 32], [8, 1, 32], [8, 32, 32]]           | bf16  |      17.68       |       17.9        |      18.31       |        2.01        | 1.64e+04 | 8.70e+03 |       0.0%       |     0.02%     |
| 128 |  1   |  32  |  32  |        [[128, 1, 32], [128, 1, 32], [128, 32, 32]]        | bf16  |      17.58       |       17.86       |      18.14       |        2.09        | 2.62e+05 | 1.39e+05 |      0.01%       |     0.4%      |
|  1  |  64  |  32  |  32  |          [[1, 64, 32], [1, 64, 32], [1, 32, 32]]          | bf16  |      18.47       |       18.79       |      19.28       |        2.0         | 1.31e+05 | 5.12e+03 |       0.0%       |     0.01%     |
|  8  |  64  |  32  |  32  |          [[8, 64, 32], [8, 64, 32], [8, 32, 32]]          | bf16  |      17.79       |       18.05       |      18.31       |        2.03        | 1.05e+06 | 4.10e+04 |      0.04%       |     0.12%     |
| 128 |  64  |  32  |  32  |       [[128, 64, 32], [128, 64, 32], [128, 32, 32]]       | bf16  |      18.34       |       18.6        |      18.88       |        2.41        | 1.68e+07 | 6.55e+05 |      0.62%       |     1.79%     |
|  1  | 1024 |  32  |  32  |        [[1, 1024, 32], [1, 1024, 32], [1, 32, 32]]        | bf16  |      18.39       |       18.77       |      19.14       |        2.04        | 2.10e+06 | 6.66e+04 |      0.08%       |     0.18%     |
|  8  | 1024 |  32  |  32  |        [[8, 1024, 32], [8, 1024, 32], [8, 32, 32]]        | bf16  |      18.33       |       18.69       |       19.1       |        2.33        | 1.68e+07 | 5.32e+05 |      0.62%       |     1.45%     |
| 128 | 1024 |  32  |  32  |     [[128, 1024, 32], [128, 1024, 32], [128, 32, 32]]     | bf16  |      34.03       |       34.31       |      34.57       |        7.32        | 2.68e+08 | 8.52e+06 |      5.33%       |    12.52%     |
|  1  |  1   | 3072 |  32  |         [[1, 1, 32], [1, 1, 3072], [1, 3072, 32]]         | bf16  |      17.59       |       17.87       |      18.16       |        2.06        | 1.97e+05 | 1.01e+05 |      0.01%       |     0.29%     |
|  8  |  1   | 3072 |  32  |         [[8, 1, 32], [8, 1, 3072], [8, 3072, 32]]         | bf16  |      17.79       |       17.93       |      18.13       |        2.51        | 1.57e+06 | 8.11e+05 |      0.06%       |     2.28%     |
| 128 |  1   | 3072 |  32  |      [[128, 1, 32], [128, 1, 3072], [128, 3072, 32]]      | bf16  |      52.18       |       52.28       |      52.44       |       10.11        | 2.52e+07 | 1.30e+07 |      0.33%       |    12.44%     |
|  1  |  64  | 3072 |  32  |        [[1, 64, 32], [1, 64, 3072], [1, 3072, 32]]        | bf16  |      20.51       |       20.73       |      20.95       |        2.19        | 1.26e+07 | 2.97e+05 |      0.41%       |     0.72%     |
|  8  |  64  | 3072 |  32  |        [[8, 64, 32], [8, 64, 3072], [8, 3072, 32]]        | bf16  |       32.3       |       32.39       |      32.58       |        3.48        | 1.01e+08 | 2.38e+06 |      2.11%       |     3.68%     |
| 128 |  64  | 3072 |  32  |     [[128, 64, 32], [128, 64, 3072], [128, 3072, 32]]     | bf16  |       57.9       |       58.06       |      58.21       |       25.76        | 1.61e+09 | 3.80e+07 |      18.8%       |    32.82%     |
|  1  | 1024 | 3072 |  32  |      [[1, 1024, 32], [1, 1024, 3072], [1, 3072, 32]]      | bf16  |      20.47       |       20.75       |      21.16       |        4.05        | 2.01e+08 | 3.28e+06 |      6.65%       |     8.0%      |
|  8  | 1024 | 3072 |  32  |      [[8, 1024, 32], [8, 1024, 3072], [8, 3072, 32]]      | bf16  |      57.64       |       57.75       |       57.9       |       18.38        | 1.61e+09 | 2.62e+07 |      18.88%      |    22.74%     |
| 128 | 1024 | 3072 |  32  |   [[128, 1024, 32], [128, 1024, 3072], [128, 3072, 32]]   | bf16  |      611.41      |      611.61       |      611.76      |       264.14       | 2.58e+10 | 4.19e+08 |      28.48%      |     34.3%     |
|  1  |  1   | 8192 |  32  |         [[1, 1, 32], [1, 1, 8192], [1, 8192, 32]]         | bf16  |      17.55       |       17.83       |      18.24       |        2.17        | 5.24e+05 | 2.70e+05 |      0.02%       |     0.77%     |
|  8  |  1   | 8192 |  32  |         [[8, 1, 32], [8, 1, 8192], [8, 8192, 32]]         | bf16  |      17.42       |       17.82       |       18.2       |        3.35        | 4.19e+06 | 2.16e+06 |      0.16%       |     6.21%     |
| 128 |  1   | 8192 |  32  |      [[128, 1, 32], [128, 1, 8192], [128, 8192, 32]]      | bf16  |      123.66      |      123.75       |      123.84      |       23.63        | 6.71e+07 | 3.46e+07 |      0.37%       |    13.99%     |
|  1  |  64  | 8192 |  32  |        [[1, 64, 32], [1, 64, 8192], [1, 8192, 32]]        | bf16  |      20.52       |       20.8        |      21.17       |        2.49        | 3.36e+07 | 7.88e+05 |       1.1%       |     1.92%     |
|  8  |  64  | 8192 |  32  |        [[8, 64, 32], [8, 64, 8192], [8, 8192, 32]]        | bf16  |      69.28       |       69.41       |      69.55       |        5.94        | 2.68e+08 | 6.31e+06 |      2.62%       |     4.55%     |
| 128 |  64  | 8192 |  32  |     [[128, 64, 32], [128, 64, 8192], [128, 8192, 32]]     | bf16  |      127.9       |      127.97       |      128.09      |       65.08        | 4.29e+09 | 1.01e+08 |      22.69%      |    39.45%     |
|  1  | 1024 | 8192 |  32  |      [[1, 1024, 32], [1, 1024, 8192], [1, 8192, 32]]      | bf16  |      26.67       |       26.9        |      27.09       |        7.43        | 5.37e+08 | 8.68e+06 |      13.6%       |    16.28%     |
|  8  | 1024 | 8192 |  32  |      [[8, 1024, 32], [8, 1024, 8192], [8, 8192, 32]]      | bf16  |      127.55      |      127.64       |      127.74      |       45.42        | 4.29e+09 | 6.95e+07 |      22.75%      |    27.23%     |
| 128 | 1024 | 8192 |  32  |   [[128, 1024, 32], [128, 1024, 8192], [128, 8192, 32]]   | bf16  |     1588.44      |      1588.66      |     1588.87      |       696.68       | 6.87e+10 | 1.11e+09 |      29.23%      |    34.99%     |
|  1  |  1   |  32  | 2048 |         [[1, 1, 2048], [1, 1, 32], [1, 32, 2048]]         | bf16  |      21.83       |       22.18       |      22.46       |        2.04        | 1.31e+05 | 6.76e+04 |       0.0%       |     0.15%     |
|  8  |  1   |  32  | 2048 |         [[8, 1, 2048], [8, 1, 32], [8, 32, 2048]]         | bf16  |      18.21       |       18.42       |      18.75       |        2.34        | 1.05e+06 | 5.41e+05 |      0.04%       |     1.49%     |
| 128 |  1   |  32  | 2048 |      [[128, 1, 2048], [128, 1, 32], [128, 32, 2048]]      | bf16  |      20.15       |       20.25       |      20.35       |        7.41        | 1.68e+07 | 8.65e+06 |      0.56%       |    21.48%     |
|  1  |  64  |  32  | 2048 |        [[1, 64, 2048], [1, 64, 32], [1, 32, 2048]]        | bf16  |      18.25       |       18.49       |      18.68       |        2.12        | 8.39e+06 | 1.99e+05 |      0.31%       |     0.54%     |
|  8  |  64  |  32  | 2048 |        [[8, 64, 2048], [8, 64, 32], [8, 32, 2048]]        | bf16  |       18.2       |       18.44       |      18.66       |        2.99        | 6.71e+07 | 1.59e+06 |      2.49%       |     4.37%     |
| 128 |  64  |  32  | 2048 |     [[128, 64, 2048], [128, 64, 32], [128, 32, 2048]]     | bf16  |      104.66      |      104.86       |      104.97      |       17.89        | 1.07e+09 | 2.54e+07 |      6.93%       |    12.15%     |
|  1  | 1024 |  32  | 2048 |      [[1, 1024, 2048], [1, 1024, 32], [1, 32, 2048]]      | bf16  |       18.0       |       18.38       |       18.7       |        3.37        | 1.34e+08 | 2.20e+06 |      5.04%       |     6.1%      |
|  8  | 1024 |  32  | 2048 |      [[8, 1024, 2048], [8, 1024, 32], [8, 32, 2048]]      | bf16  |      97.45       |       97.69       |      97.84       |       12.98        | 1.07e+09 | 1.76e+07 |      7.44%       |     9.01%     |
| 128 | 1024 |  32  | 2048 |   [[128, 1024, 2048], [128, 1024, 32], [128, 32, 2048]]   | bf16  |      1398.2      |      1398.56      |     1398.98      |       177.64       | 1.72e+10 | 2.81e+08 |       8.3%       |    10.05%     |
|  1  |  1   | 3072 | 2048 |       [[1, 1, 2048], [1, 1, 3072], [1, 3072, 2048]]       | bf16  |      22.63       |       22.74       |      22.83       |        5.94        | 1.26e+07 | 6.30e+06 |      0.38%       |    13.91%     |
|  8  |  1   | 3072 | 2048 |       [[8, 1, 2048], [8, 1, 3072], [8, 3072, 2048]]       | bf16  |      96.01       |       96.13       |      96.21       |       33.48        | 1.01e+08 | 5.04e+07 |      0.71%       |    26.23%     |
| 128 |  1   | 3072 | 2048 |    [[128, 1, 2048], [128, 1, 3072], [128, 3072, 2048]]    | bf16  |     1150.97      |      1151.15      |     1151.26      |       505.73       | 1.61e+09 | 8.06e+08 |      0.95%       |    35.01%     |
|  1  |  64  | 3072 | 2048 |      [[1, 64, 2048], [1, 64, 3072], [1, 3072, 2048]]      | bf16  |      23.53       |       23.62       |       23.7       |        8.05        | 8.05e+08 | 6.62e+06 |      23.12%      |    14.07%     |
|  8  |  64  | 3072 | 2048 |      [[8, 64, 2048], [8, 64, 3072], [8, 3072, 2048]]      | bf16  |      99.75       |       99.95       |      100.1       |       50.37        | 6.44e+09 | 5.30e+07 |      43.64%      |    26.54%     |
| 128 |  64  | 3072 | 2048 |   [[128, 64, 2048], [128, 64, 3072], [128, 3072, 2048]]   | bf16  |     1180.62      |      1180.94      |     1181.14      |       775.87       | 1.03e+11 | 8.47e+08 |      58.99%      |    35.88%     |
|  1  | 1024 | 3072 | 2048 |    [[1, 1024, 2048], [1, 1024, 3072], [1, 3072, 2048]]    | bf16  |      128.11      |      128.38       |      128.64      |       98.73        | 1.29e+10 | 1.15e+07 |      67.96%      |     4.5%      |
|  8  | 1024 | 3072 | 2048 |    [[8, 1024, 2048], [8, 1024, 3072], [8, 3072, 2048]]    | bf16  |     1244.63      |      1244.81      |     1244.96      |       775.87       | 1.03e+11 | 9.23e+07 |      55.96%      |     3.71%     |
| 128 | 1024 | 3072 | 2048 | [[128, 1024, 2048], [128, 1024, 3072], [128, 3072, 2048]] | bf16  |     18713.88     |     18715.49      |     18716.39     |      12383.89      | 1.65e+12 | 1.48e+09 |      59.55%      |     3.94%     |
|  1  |  1   | 8192 | 2048 |       [[1, 1, 2048], [1, 1, 8192], [1, 8192, 2048]]       | bf16  |      40.22       |       40.34       |      40.49       |       12.49        | 3.36e+07 | 1.68e+07 |      0.56%       |    20.87%     |
|  8  |  1   | 8192 | 2048 |       [[8, 1, 2048], [8, 1, 8192], [8, 8192, 2048]]       | bf16  |      233.82      |      234.05       |      234.14      |       85.94        | 2.68e+08 | 1.34e+08 |      0.78%       |    28.72%     |
| 128 |  1   | 8192 | 2048 |    [[128, 1, 2048], [128, 1, 8192], [128, 8192, 2048]]    | bf16  |     3037.68      |      3037.96      |     3038.47      |       1345.0       | 4.29e+09 | 2.15e+09 |      0.96%       |    35.37%     |
|  1  |  64  | 8192 | 2048 |      [[1, 64, 2048], [1, 64, 8192], [1, 8192, 2048]]      | bf16  |      40.22       |       40.3        |      40.46       |       18.12        | 2.15e+09 | 1.74e+07 |      36.08%      |    21.67%     |
|  8  |  64  | 8192 | 2048 |      [[8, 64, 2048], [8, 64, 8192], [8, 8192, 2048]]      | bf16  |      242.72      |      242.98       |      243.12      |       130.98       | 1.72e+10 | 1.39e+08 |      47.82%      |    28.73%     |
| 128 |  64  | 8192 | 2048 |   [[128, 64, 2048], [128, 64, 8192], [128, 8192, 2048]]   | bf16  |     3065.78      |      3066.22      |     3066.71      |      2065.65       | 2.75e+11 | 2.23e+09 |      60.58%      |    36.39%     |
|  1  | 1024 | 8192 | 2048 |    [[1, 1024, 2048], [1, 1024, 8192], [1, 8192, 2048]]    | bf16  |      314.87      |      315.14       |      315.47      |       259.96       | 3.44e+10 | 2.73e+07 |      73.73%      |     4.33%     |
|  8  | 1024 | 8192 | 2048 |    [[8, 1024, 2048], [8, 1024, 8192], [8, 8192, 2048]]    | bf16  |     3161.96      |      3162.23      |     3162.44      |      2065.65       | 2.75e+11 | 2.18e+08 |      58.74%      |     3.45%     |
| 128 | 1024 | 8192 | 2048 | [[128, 1024, 2048], [128, 1024, 8192], [128, 8192, 2048]] | bf16  |     47721.11     |     47722.31      |     47723.02     |      33020.37      | 4.40e+12 | 3.49e+09 |      62.27%      |     3.66%     |
|  1  |  1   |  32  | 8192 |         [[1, 1, 8192], [1, 1, 32], [1, 32, 8192]]         | bf16  |      17.62       |       17.84       |      18.22       |        2.17        | 5.24e+05 | 2.70e+05 |      0.02%       |     0.77%     |
|  8  |  1   |  32  | 8192 |         [[8, 1, 8192], [8, 1, 32], [8, 32, 8192]]         | bf16  |      17.37       |       17.74       |      17.95       |        3.35        | 4.19e+06 | 2.16e+06 |      0.16%       |     6.23%     |
| 128 |  1   |  32  | 8192 |      [[128, 1, 8192], [128, 1, 32], [128, 32, 8192]]      | bf16  |      68.41       |       68.51       |      68.71       |       23.63        | 6.71e+07 | 3.46e+07 |      0.66%       |    25.29%     |
|  1  |  64  |  32  | 8192 |        [[1, 64, 8192], [1, 64, 32], [1, 32, 8192]]        | bf16  |      18.03       |       18.2        |       18.4       |        2.49        | 3.36e+07 | 7.88e+05 |      1.26%       |     2.19%     |
|  8  |  64  |  32  | 8192 |        [[8, 64, 8192], [8, 64, 32], [8, 32, 8192]]        | bf16  |      22.73       |       22.95       |      23.17       |        5.94        | 2.68e+08 | 6.31e+06 |      7.98%       |    13.88%     |
| 128 |  64  |  32  | 8192 |     [[128, 64, 8192], [128, 64, 32], [128, 32, 8192]]     | bf16  |      374.74      |      374.87       |      374.99      |       65.08        | 4.29e+09 | 1.01e+08 |      7.74%       |    13.47%     |
|  1  | 1024 |  32  | 8192 |      [[1, 1024, 8192], [1, 1024, 32], [1, 32, 8192]]      | bf16  |      42.41       |       42.52       |      42.65       |        7.43        | 5.37e+08 | 8.68e+06 |      8.55%       |    10.24%     |
|  8  | 1024 |  32  | 8192 |      [[8, 1024, 8192], [8, 1024, 32], [8, 32, 8192]]      | bf16  |      360.06      |      360.36       |      360.51      |       45.42        | 4.29e+09 | 6.95e+07 |      8.06%       |     9.65%     |
| 128 | 1024 |  32  | 8192 |   [[128, 1024, 8192], [128, 1024, 32], [128, 32, 8192]]   | bf16  |      5529.9      |      5530.82      |     5532.27      |       696.68       | 6.87e+10 | 1.11e+09 |       8.4%       |    10.05%     |
|  1  |  1   | 3072 | 8192 |       [[1, 1, 8192], [1, 1, 3072], [1, 3072, 8192]]       | bf16  |      41.03       |       41.15       |      41.44       |       17.74        | 5.03e+07 | 2.52e+07 |      0.83%       |    30.68%     |
|  8  |  1   | 3072 | 8192 |       [[8, 1, 8192], [8, 1, 3072], [8, 3072, 8192]]       | bf16  |      307.38      |      307.58       |      307.67      |       127.89       | 4.03e+08 | 2.01e+08 |      0.89%       |    32.76%     |
| 128 |  1   | 3072 | 8192 |    [[128, 1, 8192], [128, 1, 3072], [128, 3072, 8192]]    | bf16  |      4482.3      |      4482.58      |     4483.14      |      2016.17       | 6.44e+09 | 3.22e+09 |      0.97%       |    35.95%     |
|  1  |  64  | 3072 | 8192 |      [[1, 64, 8192], [1, 64, 3072], [1, 3072, 8192]]      | bf16  |      42.82       |       42.95       |      42.99       |       26.18        | 3.22e+09 | 2.59e+07 |      50.83%      |    30.23%     |
|  8  |  64  | 3072 | 8192 |      [[8, 64, 8192], [8, 64, 3072], [8, 3072, 8192]]      | bf16  |      316.73      |       316.8       |      316.9       |       195.47       | 2.58e+10 | 2.07e+08 |      54.97%      |    32.69%     |
| 128 |  64  | 3072 | 8192 |   [[128, 64, 8192], [128, 64, 3072], [128, 3072, 8192]]   | bf16  |     4604.64      |      4604.94      |     4605.32      |      3097.47       | 4.12e+11 | 3.31e+09 |      60.5%       |    35.98%     |
|  1  | 1024 | 3072 | 8192 |    [[1, 1024, 8192], [1, 1024, 3072], [1, 3072, 8192]]    | bf16  |      416.75      |      416.91       |      417.06      |       388.93       | 5.15e+10 | 3.67e+07 |      83.56%      |     4.4%      |
|  8  | 1024 | 3072 | 8192 |    [[8, 1024, 8192], [8, 1024, 3072], [8, 3072, 8192]]    | bf16  |     4768.85      |      4769.65      |     4770.12      |      3097.47       | 4.12e+11 | 2.94e+08 |      58.42%      |     3.08%     |
| 128 | 1024 | 3072 | 8192 | [[128, 1024, 8192], [128, 1024, 3072], [128, 3072, 8192]] | bf16  |     74238.35     |      74245.3      |     74255.74     |      49529.55      | 6.60e+12 | 4.70e+09 |      60.04%      |     3.16%     |
|  1  |  1   | 8192 | 8192 |       [[1, 1, 8192], [1, 1, 8192], [1, 8192, 8192]]       | bf16  |      87.44       |       87.56       |       87.7       |       43.95        | 1.34e+08 | 6.71e+07 |      1.04%       |    38.38%     |
|  8  |  1   | 8192 | 8192 |       [[8, 1, 8192], [8, 1, 8192], [8, 8192, 8192]]       | bf16  |      797.18      |      797.45       |      797.62      |       337.63       | 1.07e+09 | 5.37e+08 |      0.91%       |    33.68%     |
| 128 |  1   | 8192 | 8192 |    [[128, 1, 8192], [128, 1, 8192], [128, 8192, 8192]]    | bf16  |     11876.24     |     11876.52      |     11876.85     |      5372.02       | 1.72e+10 | 8.59e+09 |      0.98%       |    36.17%     |
|  1  |  64  | 8192 | 8192 |      [[1, 64, 8192], [1, 64, 8192], [1, 8192, 8192]]      | bf16  |      89.71       |       89.84       |      89.96       |       66.49        | 8.59e+09 | 6.82e+07 |      64.7%       |    37.99%     |
|  8  |  64  | 8192 | 8192 |      [[8, 64, 8192], [8, 64, 8192], [8, 8192, 8192]]      | bf16  |      805.62      |      805.85       |      806.04      |       517.91       | 6.87e+10 | 5.45e+08 |      57.64%      |    33.84%     |
| 128 |  64  | 8192 | 8192 |   [[128, 64, 8192], [128, 64, 8192], [128, 8192, 8192]]   | bf16  |     11997.51     |     11997.85      |     11998.24     |      8256.59       | 1.10e+12 | 8.72e+09 |      61.92%      |    36.36%     |
|  1  | 1024 | 8192 | 8192 |    [[1, 1024, 8192], [1, 1024, 8192], [1, 8192, 8192]]    | bf16  |     1060.88      |      1063.5       |     1064.13      |      1033.82       | 1.37e+11 | 8.39e+07 |      87.54%      |     3.95%     |
|  8  | 1024 | 8192 | 8192 |    [[8, 1024, 8192], [8, 1024, 8192], [8, 8192, 8192]]    | bf16  |     12152.07     |     12152.34      |     12152.78     |      8256.59       | 1.10e+12 | 6.71e+08 |      61.13%      |     2.76%     |
