Test Case: H20SXM_apex_fused_layer_norm_cuda.rms_forward
|   M   |   N   |  _val   | _val(1) |   input_shape    | dtype | duration_min(us) | duration_mean(us) | duration_max(us) | theory_latency(us) | flops_1D | flops_SFU |    io    | flops_efficiency_1D | flops_efficiency_SFU | io_efficiency |
|   1   |  32   |  [32]   | 0.0001  |    [[1, 32]]     | bf16  |       1.99       |        2.0        |       2.01       |        2.0         | 2.56e+02 | 3.20e+01  | 6.40e+01 |        0.0%         |         0.0%         |     0.0%      |
|   2   |  32   |  [32]   | 0.0001  |    [[2, 32]]     | bf16  |       2.0        |       2.03        |       2.06       |        2.0         | 5.12e+02 | 6.40e+01  | 1.28e+02 |        0.0%         |         0.0%         |     0.0%      |
|   4   |  32   |  [32]   | 0.0001  |    [[4, 32]]     | bf16  |       2.04       |       2.06        |       2.08       |        2.0         | 1.02e+03 | 1.28e+02  | 2.56e+02 |        0.0%         |         0.0%         |     0.01%     |
|   8   |  32   |  [32]   | 0.0001  |    [[8, 32]]     | bf16  |       2.05       |       2.07        |       2.1        |        2.0         | 2.05e+03 | 2.56e+02  | 5.12e+02 |        0.0%         |         0.0%         |     0.01%     |
|  16   |  32   |  [32]   | 0.0001  |    [[16, 32]]    | bf16  |       2.07       |        2.1        |       2.14       |        2.0         | 4.10e+03 | 5.12e+02  | 1.02e+03 |        0.0%         |         0.0%         |     0.02%     |
|  32   |  32   |  [32]   | 0.0001  |    [[32, 32]]    | bf16  |       2.08       |       2.09        |       2.12       |        2.0         | 8.19e+03 | 1.02e+03  | 2.05e+03 |        0.01%        |        0.01%         |     0.05%     |
|  64   |  32   |  [32]   | 0.0001  |    [[64, 32]]    | bf16  |       2.12       |       2.13        |       2.16       |        2.0         | 1.64e+04 | 2.05e+03  | 4.10e+03 |        0.02%        |        0.02%         |     0.1%      |
|  128  |  32   |  [32]   | 0.0001  |   [[128, 32]]    | bf16  |       2.33       |       2.37        |       2.39       |        2.01        | 3.28e+04 | 4.10e+03  | 8.19e+03 |        0.03%        |        0.03%         |     0.18%     |
|  256  |  32   |  [32]   | 0.0001  |   [[256, 32]]    | bf16  |       2.43       |       2.45        |       2.47       |        2.01        | 6.55e+04 | 8.19e+03  | 1.64e+04 |        0.06%        |        0.06%         |     0.34%     |
|  512  |  32   |  [32]   | 0.0001  |   [[512, 32]]    | bf16  |       2.68       |       2.69        |       2.71       |        2.02        | 1.31e+05 | 1.64e+04  | 3.28e+04 |        0.11%        |        0.11%         |     0.61%     |
| 1024  |  32   |  [32]   | 0.0001  |   [[1024, 32]]   | bf16  |       3.5        |       3.53        |       3.55       |        2.04        | 2.62e+05 | 3.28e+04  | 6.55e+04 |        0.17%        |        0.17%         |     0.94%     |
| 2048  |  32   |  [32]   | 0.0001  |   [[2048, 32]]   | bf16  |       4.65       |       4.67        |       4.69       |        2.08        | 5.24e+05 | 6.55e+04  | 1.31e+05 |        0.26%        |        0.26%         |     1.41%     |
| 4096  |  32   |  [32]   | 0.0001  |   [[4096, 32]]   | bf16  |       6.89       |       6.92        |       6.94       |        2.16        | 1.05e+06 | 1.31e+05  | 2.62e+05 |        0.35%        |        0.35%         |     1.9%      |
| 8192  |  32   |  [32]   | 0.0001  |   [[8192, 32]]   | bf16  |      11.63       |       11.66       |      11.71       |        2.33        | 2.10e+06 | 2.62e+05  | 5.24e+05 |        0.41%        |        0.41%         |     2.25%     |
| 16384 |  32   |  [32]   | 0.0001  |  [[16384, 32]]   | bf16  |      21.25       |       21.27       |      21.31       |        2.66        | 4.19e+06 | 5.24e+05  | 1.05e+06 |        0.45%        |        0.45%         |     2.47%     |
| 32768 |  32   |  [32]   | 0.0001  |  [[32768, 32]]   | bf16  |      40.44       |       40.5        |      40.54       |        3.31        | 8.39e+06 | 1.05e+06  | 2.10e+06 |        0.47%        |        0.47%         |     2.59%     |
| 65536 |  32   |  [32]   | 0.0001  |  [[65536, 32]]   | bf16  |      78.84       |       78.92       |      78.96       |        4.62        | 1.68e+07 | 2.10e+06  | 4.19e+06 |        0.48%        |        0.48%         |     2.66%     |
|   1   |  64   |  [64]   | 0.0001  |    [[1, 64]]     | bf16  |       2.18       |       2.22        |       2.28       |        2.0         | 5.12e+02 | 6.40e+01  | 1.28e+02 |        0.0%         |         0.0%         |     0.0%      |
|   2   |  64   |  [64]   | 0.0001  |    [[2, 64]]     | bf16  |       2.2        |       2.23        |       2.26       |        2.0         | 1.02e+03 | 1.28e+02  | 2.56e+02 |        0.0%         |         0.0%         |     0.01%     |
|   4   |  64   |  [64]   | 0.0001  |    [[4, 64]]     | bf16  |       2.23       |       2.25        |       2.3        |        2.0         | 2.05e+03 | 2.56e+02  | 5.12e+02 |        0.0%         |         0.0%         |     0.01%     |
|   8   |  64   |  [64]   | 0.0001  |    [[8, 64]]     | bf16  |       2.24       |       2.26        |       2.3        |        2.0         | 4.10e+03 | 5.12e+02  | 1.02e+03 |        0.0%         |         0.0%         |     0.02%     |
|  16   |  64   |  [64]   | 0.0001  |    [[16, 64]]    | bf16  |       2.26       |       2.28        |       2.31       |        2.0         | 8.19e+03 | 1.02e+03  | 2.05e+03 |        0.01%        |        0.01%         |     0.05%     |
|  32   |  64   |  [64]   | 0.0001  |    [[32, 64]]    | bf16  |       2.28       |       2.31        |       2.36       |        2.0         | 1.64e+04 | 2.05e+03  | 4.10e+03 |        0.02%        |        0.02%         |     0.09%     |
|  64   |  64   |  [64]   | 0.0001  |    [[64, 64]]    | bf16  |       2.32       |       2.33        |       2.35       |        2.01        | 3.28e+04 | 4.10e+03  | 8.19e+03 |        0.03%        |        0.03%         |     0.18%     |
|  128  |  64   |  [64]   | 0.0001  |   [[128, 64]]    | bf16  |       2.32       |       2.35        |       2.4        |        2.01        | 6.55e+04 | 8.19e+03  | 1.64e+04 |        0.06%        |        0.06%         |     0.35%     |
|  256  |  64   |  [64]   | 0.0001  |   [[256, 64]]    | bf16  |       2.45       |       2.48        |       2.51       |        2.02        | 1.31e+05 | 1.64e+04  | 3.28e+04 |        0.12%        |        0.12%         |     0.67%     |
|  512  |  64   |  [64]   | 0.0001  |   [[512, 64]]    | bf16  |       2.65       |       2.67        |       2.69       |        2.04        | 2.62e+05 | 3.28e+04  | 6.55e+04 |        0.22%        |        0.22%         |     1.24%     |
| 1024  |  64   |  [64]   | 0.0001  |   [[1024, 64]]   | bf16  |       3.49       |       3.51        |       3.55       |        2.08        | 5.24e+05 | 6.55e+04  | 1.31e+05 |        0.34%        |        0.34%         |     1.88%     |
| 2048  |  64   |  [64]   | 0.0001  |   [[2048, 64]]   | bf16  |       4.65       |       4.67        |       4.69       |        2.16        | 1.05e+06 | 1.31e+05  | 2.62e+05 |        0.51%        |        0.51%         |     2.82%     |
| 4096  |  64   |  [64]   | 0.0001  |   [[4096, 64]]   | bf16  |       6.97       |       7.01        |       7.06       |        2.33        | 2.10e+06 | 2.62e+05  | 5.24e+05 |        0.68%        |        0.68%         |     3.76%     |
| 8192  |  64   |  [64]   | 0.0001  |   [[8192, 64]]   | bf16  |      11.77       |       11.8        |      11.84       |        2.66        | 4.19e+06 | 5.24e+05  | 1.05e+06 |        0.81%        |        0.81%         |     4.45%     |
| 16384 |  64   |  [64]   | 0.0001  |  [[16384, 64]]   | bf16  |      21.55       |       21.58       |      21.61       |        3.31        | 8.39e+06 | 1.05e+06  | 2.10e+06 |        0.88%        |        0.88%         |     4.87%     |
| 32768 |  64   |  [64]   | 0.0001  |  [[32768, 64]]   | bf16  |      41.02       |       41.07       |       41.1       |        4.62        | 1.68e+07 | 2.10e+06  | 4.19e+06 |        0.93%        |        0.93%         |     5.11%     |
| 65536 |  64   |  [64]   | 0.0001  |  [[65536, 64]]   | bf16  |      80.04       |       80.11       |      80.15       |        7.24        | 3.36e+07 | 4.19e+06  | 8.39e+06 |        0.95%        |        0.95%         |     5.24%     |
|   1   |  128  |  [128]  | 0.0001  |    [[1, 128]]    | bf16  |       2.16       |       2.19        |       2.21       |        2.0         | 1.02e+03 | 1.28e+02  | 2.56e+02 |        0.0%         |         0.0%         |     0.01%     |
|   2   |  128  |  [128]  | 0.0001  |    [[2, 128]]    | bf16  |       2.19       |       2.21        |       2.23       |        2.0         | 2.05e+03 | 2.56e+02  | 5.12e+02 |        0.0%         |         0.0%         |     0.01%     |
|   4   |  128  |  [128]  | 0.0001  |    [[4, 128]]    | bf16  |       2.21       |       2.23        |       2.25       |        2.0         | 4.10e+03 | 5.12e+02  | 1.02e+03 |        0.0%         |         0.0%         |     0.02%     |
|   8   |  128  |  [128]  | 0.0001  |    [[8, 128]]    | bf16  |       2.23       |       2.25        |       2.29       |        2.0         | 8.19e+03 | 1.02e+03  | 2.05e+03 |        0.01%        |        0.01%         |     0.05%     |
|  16   |  128  |  [128]  | 0.0001  |   [[16, 128]]    | bf16  |       2.22       |       2.27        |       2.31       |        2.0         | 1.64e+04 | 2.05e+03  | 4.10e+03 |        0.02%        |        0.02%         |     0.09%     |
|  32   |  128  |  [128]  | 0.0001  |   [[32, 128]]    | bf16  |       2.26       |       2.29        |       2.3        |        2.01        | 3.28e+04 | 4.10e+03  | 8.19e+03 |        0.03%        |        0.03%         |     0.18%     |
|  64   |  128  |  [128]  | 0.0001  |   [[64, 128]]    | bf16  |       2.33       |       2.35        |       2.38       |        2.01        | 6.55e+04 | 8.19e+03  | 1.64e+04 |        0.06%        |        0.06%         |     0.35%     |
|  128  |  128  |  [128]  | 0.0001  |   [[128, 128]]   | bf16  |       2.34       |       2.36        |       2.38       |        2.02        | 1.31e+05 | 1.64e+04  | 3.28e+04 |        0.13%        |        0.13%         |     0.7%      |
|  256  |  128  |  [128]  | 0.0001  |   [[256, 128]]   | bf16  |       2.43       |       2.45        |       2.48       |        2.04        | 2.62e+05 | 3.28e+04  | 6.55e+04 |        0.25%        |        0.25%         |     1.35%     |
|  512  |  128  |  [128]  | 0.0001  |   [[512, 128]]   | bf16  |       2.66       |       2.68        |       2.71       |        2.08        | 5.24e+05 | 6.55e+04  | 1.31e+05 |        0.45%        |        0.45%         |     2.46%     |
| 1024  |  128  |  [128]  | 0.0001  |  [[1024, 128]]   | bf16  |       3.51       |       3.53        |       3.56       |        2.16        | 1.05e+06 | 1.31e+05  | 2.62e+05 |        0.68%        |        0.68%         |     3.73%     |
| 2048  |  128  |  [128]  | 0.0001  |  [[2048, 128]]   | bf16  |       4.71       |       4.74        |       4.78       |        2.33        | 2.10e+06 | 2.62e+05  | 5.24e+05 |        1.01%        |        1.01%         |     5.57%     |
| 4096  |  128  |  [128]  | 0.0001  |  [[4096, 128]]   | bf16  |       7.08       |        7.1        |       7.15       |        2.66        | 4.19e+06 | 5.24e+05  | 1.05e+06 |        1.35%        |        1.35%         |     7.41%     |
| 8192  |  128  |  [128]  | 0.0001  |  [[8192, 128]]   | bf16  |      12.04       |       12.08       |      12.11       |        3.31        | 8.39e+06 | 1.05e+06  | 2.10e+06 |        1.58%        |        1.58%         |     8.71%     |
| 16384 |  128  |  [128]  | 0.0001  |  [[16384, 128]]  | bf16  |      21.95       |       21.99       |      22.04       |        4.62        | 1.68e+07 | 2.10e+06  | 4.19e+06 |        1.74%        |        1.74%         |     9.55%     |
| 32768 |  128  |  [128]  | 0.0001  |  [[32768, 128]]  | bf16  |       41.8       |       41.83       |      41.88       |        7.24        | 3.36e+07 | 4.19e+06  | 8.39e+06 |        1.82%        |        1.82%         |    10.03%     |
| 65536 |  128  |  [128]  | 0.0001  |  [[65536, 128]]  | bf16  |      84.43       |       84.46       |      84.48       |       12.49        | 6.71e+07 | 8.39e+06  | 1.68e+07 |        1.81%        |        1.81%         |     9.94%     |
|   1   |  192  |  [192]  | 0.0001  |    [[1, 192]]    | bf16  |       2.22       |       2.26        |       2.29       |        2.0         | 1.54e+03 | 1.92e+02  | 3.84e+02 |        0.0%         |         0.0%         |     0.01%     |
|   2   |  192  |  [192]  | 0.0001  |    [[2, 192]]    | bf16  |       2.24       |       2.26        |       2.3        |        2.0         | 3.07e+03 | 3.84e+02  | 7.68e+02 |        0.0%         |         0.0%         |     0.02%     |
|   4   |  192  |  [192]  | 0.0001  |    [[4, 192]]    | bf16  |       2.26       |       2.28        |       2.3        |        2.0         | 6.14e+03 | 7.68e+02  | 1.54e+03 |        0.01%        |        0.01%         |     0.03%     |
|   8   |  192  |  [192]  | 0.0001  |    [[8, 192]]    | bf16  |       2.28       |        2.3        |       2.34       |        2.0         | 1.23e+04 | 1.54e+03  | 3.07e+03 |        0.01%        |        0.01%         |     0.07%     |
|  16   |  192  |  [192]  | 0.0001  |   [[16, 192]]    | bf16  |       2.31       |       2.34        |       2.36       |        2.0         | 2.46e+04 | 3.07e+03  | 6.14e+03 |        0.02%        |        0.02%         |     0.13%     |
|  32   |  192  |  [192]  | 0.0001  |   [[32, 192]]    | bf16  |       2.31       |       2.34        |       2.35       |        2.01        | 4.92e+04 | 6.14e+03  | 1.23e+04 |        0.05%        |        0.05%         |     0.27%     |
|  64   |  192  |  [192]  | 0.0001  |   [[64, 192]]    | bf16  |       2.36       |       2.39        |       2.45       |        2.02        | 9.83e+04 | 1.23e+04  | 2.46e+04 |        0.09%        |        0.09%         |     0.52%     |
|  128  |  192  |  [192]  | 0.0001  |   [[128, 192]]   | bf16  |       2.39       |       2.41        |       2.44       |        2.03        | 1.97e+05 | 2.46e+04  | 4.92e+04 |        0.19%        |        0.19%         |     1.03%     |
|  256  |  192  |  [192]  | 0.0001  |   [[256, 192]]   | bf16  |       2.48       |       2.52        |       2.59       |        2.06        | 3.93e+05 | 4.92e+04  | 9.83e+04 |        0.36%        |        0.36%         |     1.98%     |
|  512  |  192  |  [192]  | 0.0001  |   [[512, 192]]   | bf16  |       2.74       |       2.76        |       2.78       |        2.12        | 7.86e+05 | 9.83e+04  | 1.97e+05 |        0.65%        |        0.65%         |     3.59%     |
| 1024  |  192  |  [192]  | 0.0001  |  [[1024, 192]]   | bf16  |       3.65       |       3.69        |       3.75       |        2.25        | 1.57e+06 | 1.97e+05  | 3.93e+05 |        0.98%        |        0.98%         |     5.39%     |
| 2048  |  192  |  [192]  | 0.0001  |  [[2048, 192]]   | bf16  |       4.94       |       4.98        |       5.05       |        2.49        | 3.15e+06 | 3.93e+05  | 7.86e+05 |        1.45%        |        1.45%         |     7.96%     |
| 4096  |  192  |  [192]  | 0.0001  |  [[4096, 192]]   | bf16  |       7.51       |       7.54        |       7.58       |        2.98        | 6.29e+06 | 7.86e+05  | 1.57e+06 |        1.9%         |         1.9%         |    10.47%     |
| 8192  |  192  |  [192]  | 0.0001  |  [[8192, 192]]   | bf16  |       13.0       |       13.02       |      13.04       |        3.97        | 1.26e+07 | 1.57e+06  | 3.15e+06 |        2.2%         |         2.2%         |     12.1%     |
| 16384 |  192  |  [192]  | 0.0001  |  [[16384, 192]]  | bf16  |      23.74       |       23.79       |      23.85       |        5.93        | 2.52e+07 | 3.15e+06  | 6.29e+06 |        2.41%        |        2.41%         |    13.25%     |
| 32768 |  192  |  [192]  | 0.0001  |  [[32768, 192]]  | bf16  |       46.2       |       46.27       |       46.3       |        9.86        | 5.03e+07 | 6.29e+06  | 1.26e+07 |        2.48%        |        2.48%         |    13.62%     |
| 65536 |  192  |  [192]  | 0.0001  |  [[65536, 192]]  | bf16  |      99.89       |       99.95       |      100.01      |       17.73        | 1.01e+08 | 1.26e+07  | 2.52e+07 |        2.29%        |        2.29%         |     12.6%     |
|   1   | 3072  | [3072]  | 0.0001  |   [[1, 3072]]    | bf16  |       4.1        |       4.12        |       4.15       |        2.0         | 2.46e+04 | 3.07e+03  | 6.14e+03 |        0.01%        |        0.01%         |     0.07%     |
|   2   | 3072  | [3072]  | 0.0001  |   [[2, 3072]]    | bf16  |       4.07       |        4.1        |       4.15       |        2.01        | 4.92e+04 | 6.14e+03  | 1.23e+04 |        0.03%        |        0.03%         |     0.15%     |
|   4   | 3072  | [3072]  | 0.0001  |   [[4, 3072]]    | bf16  |       4.07       |        4.1        |       4.16       |        2.02        | 9.83e+04 | 1.23e+04  | 2.46e+04 |        0.05%        |        0.05%         |     0.3%      |
|   8   | 3072  | [3072]  | 0.0001  |   [[8, 3072]]    | bf16  |       4.12       |       4.14        |       4.16       |        2.03        | 1.97e+05 | 2.46e+04  | 4.92e+04 |        0.11%        |        0.11%         |     0.6%      |
|  16   | 3072  | [3072]  | 0.0001  |   [[16, 3072]]   | bf16  |       4.12       |       4.16        |       4.19       |        2.06        | 3.93e+05 | 4.92e+04  | 9.83e+04 |        0.22%        |        0.22%         |     1.19%     |
|  32   | 3072  | [3072]  | 0.0001  |   [[32, 3072]]   | bf16  |       4.17       |        4.2        |       4.23       |        2.12        | 7.86e+05 | 9.83e+04  | 1.97e+05 |        0.43%        |        0.43%         |     2.36%     |
|  64   | 3072  | [3072]  | 0.0001  |   [[64, 3072]]   | bf16  |       4.2        |       4.23        |       4.25       |        2.25        | 1.57e+06 | 1.97e+05  | 3.93e+05 |        0.85%        |        0.85%         |     4.68%     |
|  128  | 3072  | [3072]  | 0.0001  |  [[128, 3072]]   | bf16  |       4.3        |       4.32        |       4.34       |        2.49        | 3.15e+06 | 3.93e+05  | 7.86e+05 |        1.66%        |        1.66%         |     9.14%     |
|  256  | 3072  | [3072]  | 0.0001  |  [[256, 3072]]   | bf16  |       4.66       |       4.69        |       4.75       |        2.98        | 6.29e+06 | 7.86e+05  | 1.57e+06 |        3.07%        |        3.07%         |    16.88%     |
|  512  | 3072  | [3072]  | 0.0001  |  [[512, 3072]]   | bf16  |       6.5        |       6.53        |       6.56       |        3.97        | 1.26e+07 | 1.57e+06  | 3.15e+06 |        4.4%         |         4.4%         |     24.2%     |
| 1024  | 3072  | [3072]  | 0.0001  |  [[1024, 3072]]  | bf16  |       9.94       |       10.06       |      10.19       |        5.93        | 2.52e+07 | 3.15e+06  | 6.29e+06 |        5.75%        |        5.75%         |    31.65%     |
| 2048  | 3072  | [3072]  | 0.0001  |  [[2048, 3072]]  | bf16  |      15.67       |       15.76       |       15.8       |        9.86        | 5.03e+07 | 6.29e+06  | 1.26e+07 |        7.3%         |         7.3%         |    40.15%     |
| 4096  | 3072  | [3072]  | 0.0001  |  [[4096, 3072]]  | bf16  |      33.75       |       33.85       |      33.95       |       17.73        | 1.01e+08 | 1.26e+07  | 2.52e+07 |        6.78%        |        6.78%         |    37.28%     |
| 8192  | 3072  | [3072]  | 0.0001  |  [[8192, 3072]]  | bf16  |      62.48       |       62.59       |      62.71       |       33.46        | 2.01e+08 | 2.52e+07  | 5.03e+07 |        7.32%        |        7.32%         |    40.28%     |
| 16384 | 3072  | [3072]  | 0.0001  | [[16384, 3072]]  | bf16  |      117.76      |      117.89       |      118.01      |       64.91        | 4.03e+08 | 5.03e+07  | 1.01e+08 |        7.77%        |        7.77%         |    42.74%     |
| 32768 | 3072  | [3072]  | 0.0001  | [[32768, 3072]]  | bf16  |      228.16      |      228.31       |      228.49      |       127.83       | 8.05e+08 | 1.01e+08  | 2.01e+08 |        8.02%        |        8.02%         |    44.12%     |
| 65536 | 3072  | [3072]  | 0.0001  | [[65536, 3072]]  | bf16  |      450.82      |      451.08       |      451.47      |       253.66       | 1.61e+09 | 2.01e+08  | 4.03e+08 |        8.12%        |        8.12%         |    44.66%     |
|   1   | 6144  | [6144]  | 0.0001  |   [[1, 6144]]    | bf16  |       6.13       |       6.17        |       6.2        |        2.01        | 4.92e+04 | 6.14e+03  | 1.23e+04 |        0.02%        |        0.02%         |     0.1%      |
|   2   | 6144  | [6144]  | 0.0001  |   [[2, 6144]]    | bf16  |       6.19       |       6.21        |       6.25       |        2.02        | 9.83e+04 | 1.23e+04  | 2.46e+04 |        0.04%        |        0.04%         |     0.2%      |
|   4   | 6144  | [6144]  | 0.0001  |   [[4, 6144]]    | bf16  |       6.19       |       6.22        |       6.26       |        2.03        | 1.97e+05 | 2.46e+04  | 4.92e+04 |        0.07%        |        0.07%         |     0.4%      |
|   8   | 6144  | [6144]  | 0.0001  |   [[8, 6144]]    | bf16  |       6.25       |       6.26        |       6.28       |        2.06        | 3.93e+05 | 4.92e+04  | 9.83e+04 |        0.14%        |        0.14%         |     0.79%     |
|  16   | 6144  | [6144]  | 0.0001  |   [[16, 6144]]   | bf16  |       6.17       |       6.23        |       6.26       |        2.12        | 7.86e+05 | 9.83e+04  | 1.97e+05 |        0.29%        |        0.29%         |     1.59%     |
|  32   | 6144  | [6144]  | 0.0001  |   [[32, 6144]]   | bf16  |       6.25       |       6.28        |       6.3        |        2.25        | 1.57e+06 | 1.97e+05  | 3.93e+05 |        0.57%        |        0.57%         |     3.15%     |
|  64   | 6144  | [6144]  | 0.0001  |   [[64, 6144]]   | bf16  |       6.3        |       6.33        |       6.37       |        2.49        | 3.15e+06 | 3.93e+05  | 7.86e+05 |        1.13%        |        1.13%         |     6.24%     |
|  128  | 6144  | [6144]  | 0.0001  |  [[128, 6144]]   | bf16  |       6.45       |       6.49        |       6.52       |        2.98        | 6.29e+06 | 7.86e+05  | 1.57e+06 |        2.22%        |        2.22%         |    12.19%     |
|  256  | 6144  | [6144]  | 0.0001  |  [[256, 6144]]   | bf16  |       7.08       |        7.1        |       7.14       |        3.97        | 1.26e+07 | 1.57e+06  | 3.15e+06 |        4.04%        |        4.04%         |    22.22%     |
|  512  | 6144  | [6144]  | 0.0001  |  [[512, 6144]]   | bf16  |      13.37       |       13.44       |      13.48       |        5.93        | 2.52e+07 | 3.15e+06  | 6.29e+06 |        4.28%        |        4.28%         |    23.53%     |
| 1024  | 6144  | [6144]  | 0.0001  |  [[1024, 6144]]  | bf16  |      18.39       |       18.56       |      18.65       |        9.86        | 5.03e+07 | 6.29e+06  | 1.26e+07 |        6.22%        |        6.22%         |    34.21%     |
| 2048  | 6144  | [6144]  | 0.0001  |  [[2048, 6144]]  | bf16  |      36.68       |       36.79       |      36.88       |       17.73        | 1.01e+08 | 1.26e+07  | 2.52e+07 |        6.24%        |        6.24%         |     34.3%     |
| 4096  | 6144  | [6144]  | 0.0001  |  [[4096, 6144]]  | bf16  |       69.3       |       69.51       |      69.62       |       33.46        | 2.01e+08 | 2.52e+07  | 5.03e+07 |        6.6%         |         6.6%         |    36.31%     |
| 8192  | 6144  | [6144]  | 0.0001  |  [[8192, 6144]]  | bf16  |      128.48      |      128.66       |      128.77      |       64.91        | 4.03e+08 | 5.03e+07  | 1.01e+08 |        7.12%        |        7.12%         |    39.17%     |
| 16384 | 6144  | [6144]  | 0.0001  | [[16384, 6144]]  | bf16  |      246.62      |       246.8       |      246.95      |       127.83       | 8.05e+08 | 1.01e+08  | 2.01e+08 |        7.42%        |        7.42%         |    40.82%     |
| 32768 | 6144  | [6144]  | 0.0001  | [[32768, 6144]]  | bf16  |      483.48      |      483.59       |      483.76      |       253.66       | 1.61e+09 | 2.01e+08  | 4.03e+08 |        7.57%        |        7.57%         |    41.64%     |
| 65536 | 6144  | [6144]  | 0.0001  | [[65536, 6144]]  | bf16  |      956.22      |      957.01       |      957.56      |       505.32       | 3.22e+09 | 4.03e+08  | 8.05e+08 |        7.66%        |        7.66%         |    42.11%     |
|   1   | 8192  | [8192]  | 0.0001  |   [[1, 8192]]    | bf16  |       7.55       |       7.58        |       7.63       |        2.01        | 6.55e+04 | 8.19e+03  | 1.64e+04 |        0.02%        |        0.02%         |     0.11%     |
|   2   | 8192  | [8192]  | 0.0001  |   [[2, 8192]]    | bf16  |       7.57       |       7.59        |       7.61       |        2.02        | 1.31e+05 | 1.64e+04  | 3.28e+04 |        0.04%        |        0.04%         |     0.22%     |
|   4   | 8192  | [8192]  | 0.0001  |   [[4, 8192]]    | bf16  |       7.55       |       7.59        |       7.61       |        2.04        | 2.62e+05 | 3.28e+04  | 6.55e+04 |        0.08%        |        0.08%         |     0.43%     |
|   8   | 8192  | [8192]  | 0.0001  |   [[8, 8192]]    | bf16  |       7.64       |       7.67        |       7.73       |        2.08        | 5.24e+05 | 6.55e+04  | 1.31e+05 |        0.16%        |        0.16%         |     0.86%     |
|  16   | 8192  | [8192]  | 0.0001  |   [[16, 8192]]   | bf16  |       7.6        |       7.61        |       7.62       |        2.16        | 1.05e+06 | 1.31e+05  | 2.62e+05 |        0.31%        |        0.31%         |     1.72%     |
|  32   | 8192  | [8192]  | 0.0001  |   [[32, 8192]]   | bf16  |       7.67       |       7.71        |       7.73       |        2.33        | 2.10e+06 | 2.62e+05  | 5.24e+05 |        0.62%        |        0.62%         |     3.42%     |
|  64   | 8192  | [8192]  | 0.0001  |   [[64, 8192]]   | bf16  |       7.67       |       7.72        |       7.77       |        2.66        | 4.19e+06 | 5.24e+05  | 1.05e+06 |        1.24%        |        1.24%         |     6.84%     |
|  128  | 8192  | [8192]  | 0.0001  |  [[128, 8192]]   | bf16  |       7.88       |        7.9        |       7.91       |        3.31        | 8.39e+06 | 1.05e+06  | 2.10e+06 |        2.42%        |        2.42%         |    13.31%     |
|  256  | 8192  | [8192]  | 0.0001  |  [[256, 8192]]   | bf16  |      10.47       |       10.5        |      10.53       |        4.62        | 1.68e+07 | 2.10e+06  | 4.19e+06 |        3.64%        |        3.64%         |    20.03%     |
|  512  | 8192  | [8192]  | 0.0001  |  [[512, 8192]]   | bf16  |      18.87       |       18.89       |      18.91       |        7.24        | 3.36e+07 | 4.19e+06  | 8.39e+06 |        4.04%        |        4.04%         |    22.23%     |
| 1024  | 8192  | [8192]  | 0.0001  |  [[1024, 8192]]  | bf16  |      27.41       |       27.6        |      27.84       |       12.49        | 6.71e+07 | 8.39e+06  | 1.68e+07 |        5.56%        |        5.56%         |     30.6%     |
| 2048  | 8192  | [8192]  | 0.0001  |  [[2048, 8192]]  | bf16  |      53.92       |       54.05       |      54.24       |       22.97        | 1.34e+08 | 1.68e+07  | 3.36e+07 |        5.66%        |        5.66%         |    31.12%     |
| 4096  | 8192  | [8192]  | 0.0001  |  [[4096, 8192]]  | bf16  |      96.04       |       96.21       |      96.33       |       43.94        | 2.68e+08 | 3.36e+07  | 6.71e+07 |        6.35%        |        6.35%         |    34.94%     |
| 8192  | 8192  | [8192]  | 0.0001  |  [[8192, 8192]]  | bf16  |      179.65      |      179.77       |      179.91      |       85.89        | 5.37e+08 | 6.71e+07  | 1.34e+08 |        6.79%        |        6.79%         |    37.36%     |
| 16384 | 8192  | [8192]  | 0.0001  | [[16384, 8192]]  | bf16  |      349.51      |      349.62       |      349.73      |       169.77       | 1.07e+09 | 1.34e+08  | 2.68e+08 |        6.98%        |        6.98%         |     38.4%     |
| 32768 | 8192  | [8192]  | 0.0001  | [[32768, 8192]]  | bf16  |      688.99      |      689.22       |      689.65      |       337.54       | 2.15e+09 | 2.68e+08  | 5.37e+08 |        7.08%        |        7.08%         |    38.96%     |
| 65536 | 8192  | [8192]  | 0.0001  | [[65536, 8192]]  | bf16  |      1362.6      |      1362.91      |     1363.17      |       673.09       | 4.29e+09 | 5.37e+08  | 1.07e+09 |        7.16%        |        7.16%         |     39.4%     |
|   1   | 13824 | [13824] | 0.0001  |   [[1, 13824]]   | bf16  |      11.33       |       11.36       |      11.38       |        2.02        | 1.11e+05 | 1.38e+04  | 2.76e+04 |        0.02%        |        0.02%         |     0.12%     |
|   2   | 13824 | [13824] | 0.0001  |   [[2, 13824]]   | bf16  |      11.35       |       11.39       |      11.41       |        2.03        | 2.21e+05 | 2.76e+04  | 5.53e+04 |        0.04%        |        0.04%         |     0.24%     |
|   4   | 13824 | [13824] | 0.0001  |   [[4, 13824]]   | bf16  |      11.34       |       11.37       |      11.41       |        2.07        | 4.42e+05 | 5.53e+04  | 1.11e+05 |        0.09%        |        0.09%         |     0.49%     |
|   8   | 13824 | [13824] | 0.0001  |   [[8, 13824]]   | bf16  |      11.44       |       11.46       |      11.48       |        2.14        | 8.85e+05 | 1.11e+05  | 2.21e+05 |        0.18%        |        0.18%         |     0.97%     |
|  16   | 13824 | [13824] | 0.0001  |  [[16, 13824]]   | bf16  |      11.42       |       11.47       |      11.49       |        2.28        | 1.77e+06 | 2.21e+05  | 4.42e+05 |        0.35%        |        0.35%         |     1.94%     |
|  32   | 13824 | [13824] | 0.0001  |  [[32, 13824]]   | bf16  |      11.52       |       11.54       |      11.56       |        2.55        | 3.54e+06 | 4.42e+05  | 8.85e+05 |        0.7%         |         0.7%         |     3.84%     |
|  64   | 13824 | [13824] | 0.0001  |  [[64, 13824]]   | bf16  |      11.67       |       11.69       |      11.74       |        3.11        | 7.08e+06 | 8.85e+05  | 1.77e+06 |        1.38%        |        1.38%         |     7.58%     |
|  128  | 13824 | [13824] | 0.0001  |  [[128, 13824]]  | bf16  |      11.81       |       11.86       |      11.91       |        4.21        | 1.42e+07 | 1.77e+06  | 3.54e+06 |        2.72%        |        2.72%         |    14.98%     |
|  256  | 13824 | [13824] | 0.0001  |  [[256, 13824]]  | bf16  |      20.84       |       20.89       |      20.93       |        6.42        | 2.83e+07 | 3.54e+06  | 7.08e+06 |        3.09%        |        3.09%         |    16.98%     |
|  512  | 13824 | [13824] | 0.0001  |  [[512, 13824]]  | bf16  |      27.79       |       27.87       |      27.94       |       10.85        | 5.66e+07 | 7.08e+06  | 1.42e+07 |        4.63%        |        4.63%         |    25.47%     |
| 1024  | 13824 | [13824] | 0.0001  | [[1024, 13824]]  | bf16  |       58.6       |       59.05       |      59.52       |       19.69        | 1.13e+08 | 1.42e+07  | 2.83e+07 |        4.39%        |        4.39%         |    24.16%     |
| 2048  | 13824 | [13824] | 0.0001  | [[2048, 13824]]  | bf16  |      104.45      |      104.81       |      104.96      |       37.39        | 2.26e+08 | 2.83e+07  | 5.66e+07 |        4.93%        |        4.93%         |    27.11%     |
| 4096  | 13824 | [13824] | 0.0001  | [[4096, 13824]]  | bf16  |      184.47      |       184.7       |      184.87      |       72.78        | 4.53e+08 | 5.66e+07  | 1.13e+08 |        5.58%        |        5.58%         |     30.7%     |
| 8192  | 13824 | [13824] | 0.0001  | [[8192, 13824]]  | bf16  |      352.28      |      352.43       |      352.68      |       143.56       | 9.06e+08 | 1.13e+08  | 2.26e+08 |        5.84%        |        5.84%         |    32.15%     |
| 16384 | 13824 | [13824] | 0.0001  | [[16384, 13824]] | bf16  |      685.36      |      685.72       |      685.84      |       285.12       | 1.81e+09 | 2.26e+08  | 4.53e+08 |        6.01%        |        6.01%         |    33.05%     |
| 32768 | 13824 | [13824] | 0.0001  | [[32768, 13824]] | bf16  |     1357.71      |      1357.94      |     1358.07      |       568.23       | 3.62e+09 | 4.53e+08  | 9.06e+08 |        6.07%        |        6.07%         |    33.36%     |
| 65536 | 13824 | [13824] | 0.0001  | [[65536, 13824]] | bf16  |     2695.14      |      2695.53      |     2695.96      |      1134.46       | 7.25e+09 | 9.06e+08  | 1.81e+09 |        6.11%        |        6.11%         |    33.61%     |
|   1   | 16384 | [16384] | 0.0001  |   [[1, 16384]]   | bf16  |      13.07       |       13.09       |      13.14       |        2.02        | 1.31e+05 | 1.64e+04  | 3.28e+04 |        0.02%        |        0.02%         |     0.13%     |
|   2   | 16384 | [16384] | 0.0001  |   [[2, 16384]]   | bf16  |      13.05       |       13.13       |      13.22       |        2.04        | 2.62e+05 | 3.28e+04  | 6.55e+04 |        0.05%        |        0.05%         |     0.25%     |
|   4   | 16384 | [16384] | 0.0001  |   [[4, 16384]]   | bf16  |      13.07       |       13.11       |      13.14       |        2.08        | 5.24e+05 | 6.55e+04  | 1.31e+05 |        0.09%        |        0.09%         |     0.5%      |
|   8   | 16384 | [16384] | 0.0001  |   [[8, 16384]]   | bf16  |      13.14       |       13.17       |       13.2       |        2.16        | 1.05e+06 | 1.31e+05  | 2.62e+05 |        0.18%        |        0.18%         |     1.0%      |
|  16   | 16384 | [16384] | 0.0001  |  [[16, 16384]]   | bf16  |       13.2       |       13.22       |      13.27       |        2.33        | 2.10e+06 | 2.62e+05  | 5.24e+05 |        0.36%        |        0.36%         |     1.99%     |
|  32   | 16384 | [16384] | 0.0001  |  [[32, 16384]]   | bf16  |      13.28       |       13.31       |      13.35       |        2.66        | 4.19e+06 | 5.24e+05  | 1.05e+06 |        0.72%        |        0.72%         |     3.95%     |
|  64   | 16384 | [16384] | 0.0001  |  [[64, 16384]]   | bf16  |      13.42       |       13.46       |      13.49       |        3.31        | 8.39e+06 | 1.05e+06  | 2.10e+06 |        1.42%        |        1.42%         |     7.81%     |
|  128  | 16384 | [16384] | 0.0001  |  [[128, 16384]]  | bf16  |      13.62       |       13.65       |      13.71       |        4.62        | 1.68e+07 | 2.10e+06  | 4.19e+06 |        2.8%         |         2.8%         |     15.4%     |
|  256  | 16384 | [16384] | 0.0001  |  [[256, 16384]]  | bf16  |      30.01       |       30.1        |      30.16       |        7.24        | 3.36e+07 | 4.19e+06  | 8.39e+06 |        2.54%        |        2.54%         |    13.98%     |
|  512  | 16384 | [16384] | 0.0001  |  [[512, 16384]]  | bf16  |      36.37       |       36.55       |      36.82       |       12.49        | 6.71e+07 | 8.39e+06  | 1.68e+07 |        4.19%        |        4.19%         |    23.06%     |
| 1024  | 16384 | [16384] | 0.0001  | [[1024, 16384]]  | bf16  |      78.88       |       79.35       |      79.84       |       22.97        | 1.34e+08 | 1.68e+07  | 3.36e+07 |        3.87%        |        3.87%         |    21.27%     |
| 2048  | 16384 | [16384] | 0.0001  | [[2048, 16384]]  | bf16  |      139.32      |      139.51       |      139.74      |       43.94        | 2.68e+08 | 3.36e+07  | 6.71e+07 |        4.38%        |        4.38%         |    24.08%     |
| 4096  | 16384 | [16384] | 0.0001  | [[4096, 16384]]  | bf16  |      247.76      |       248.0       |      248.1       |       85.89        | 5.37e+08 | 6.71e+07  | 1.34e+08 |        4.92%        |        4.92%         |    27.09%     |
| 8192  | 16384 | [16384] | 0.0001  | [[8192, 16384]]  | bf16  |      468.7       |      469.18       |      469.64      |       169.77       | 1.07e+09 | 1.34e+08  | 2.68e+08 |        5.21%        |        5.21%         |    28.64%     |
| 16384 | 16384 | [16384] | 0.0001  | [[16384, 16384]] | bf16  |      915.09      |      915.38       |      915.72      |       337.54       | 2.15e+09 | 2.68e+08  | 5.37e+08 |        5.33%        |        5.33%         |    29.33%     |
| 32768 | 16384 | [16384] | 0.0001  | [[32768, 16384]] | bf16  |     1807.58      |      1808.12      |     1808.67      |       673.09       | 4.29e+09 | 5.37e+08  | 1.07e+09 |        5.4%         |         5.4%         |     29.7%     |
| 65536 | 16384 | [16384] | 0.0001  | [[65536, 16384]] | bf16  |     3588.68      |      3589.78      |     3590.62      |      1344.18       | 8.59e+09 | 1.07e+09  | 2.15e+09 |        5.44%        |        5.44%         |    29.92%     |
|   1   | 18432 | [18432] | 0.0001  |   [[1, 18432]]   | bf16  |      14.44       |       14.48       |      14.53       |        2.02        | 1.47e+05 | 1.84e+04  | 3.69e+04 |        0.02%        |        0.02%         |     0.13%     |
|   2   | 18432 | [18432] | 0.0001  |   [[2, 18432]]   | bf16  |      14.47       |       14.5        |      14.54       |        2.05        | 2.95e+05 | 3.69e+04  | 7.37e+04 |        0.05%        |        0.05%         |     0.25%     |
|   4   | 18432 | [18432] | 0.0001  |   [[4, 18432]]   | bf16  |      14.44       |       14.46       |       14.5       |        2.09        | 5.90e+05 | 7.37e+04  | 1.47e+05 |        0.09%        |        0.09%         |     0.51%     |
|   8   | 18432 | [18432] | 0.0001  |   [[8, 18432]]   | bf16  |      14.57       |       14.59       |      14.61       |        2.18        | 1.18e+06 | 1.47e+05  | 2.95e+05 |        0.18%        |        0.18%         |     1.01%     |
|  16   | 18432 | [18432] | 0.0001  |  [[16, 18432]]   | bf16  |      14.63       |       14.67       |      14.72       |        2.37        | 2.36e+06 | 2.95e+05  | 5.90e+05 |        0.37%        |        0.37%         |     2.02%     |
|  32   | 18432 | [18432] | 0.0001  |  [[32, 18432]]   | bf16  |      14.66       |       14.7        |      14.73       |        2.74        | 4.72e+06 | 5.90e+05  | 1.18e+06 |        0.73%        |        0.73%         |     4.02%     |
|  64   | 18432 | [18432] | 0.0001  |  [[64, 18432]]   | bf16  |      14.86       |       14.89       |      14.92       |        3.47        | 9.44e+06 | 1.18e+06  | 2.36e+06 |        1.44%        |        1.44%         |     7.94%     |
|  128  | 18432 | [18432] | 0.0001  |  [[128, 18432]]  | bf16  |      16.85       |       16.88       |      16.94       |        4.95        | 1.89e+07 | 2.36e+06  | 4.72e+06 |        2.55%        |        2.55%         |     14.0%     |
|  256  | 18432 | [18432] | 0.0001  |  [[256, 18432]]  | bf16  |      30.56       |       30.63       |      30.69       |        7.9         | 3.77e+07 | 4.72e+06  | 9.44e+06 |        2.81%        |        2.81%         |    15.44%     |
|  512  | 18432 | [18432] | 0.0001  |  [[512, 18432]]  | bf16  |      42.15       |       42.26       |      42.35       |        13.8        | 7.55e+07 | 9.44e+06  | 1.89e+07 |        4.07%        |        4.07%         |    22.39%     |
| 1024  | 18432 | [18432] | 0.0001  | [[1024, 18432]]  | bf16  |      96.94       |       97.04       |      97.33       |       25.59        | 1.51e+08 | 1.89e+07  | 3.77e+07 |        3.54%        |        3.54%         |    19.47%     |
| 2048  | 18432 | [18432] | 0.0001  | [[2048, 18432]]  | bf16  |      168.23      |      168.42       |      168.63      |       49.19        | 3.02e+08 | 3.77e+07  | 7.55e+07 |        4.08%        |        4.08%         |    22.44%     |
| 4096  | 18432 | [18432] | 0.0001  | [[4096, 18432]]  | bf16  |      304.43      |      304.62       |      304.89      |       96.37        | 6.04e+08 | 7.55e+07  | 1.51e+08 |        4.51%        |        4.51%         |     24.8%     |
| 8192  | 18432 | [18432] | 0.0001  | [[8192, 18432]]  | bf16  |      577.8       |      577.93       |      578.04      |       190.74       | 1.21e+09 | 1.51e+08  | 3.02e+08 |        4.75%        |        4.75%         |    26.13%     |
| 16384 | 18432 | [18432] | 0.0001  | [[16384, 18432]] | bf16  |      1121.0      |      1121.05      |     1121.09      |       379.49       | 2.42e+09 | 3.02e+08  | 6.04e+08 |        4.9%         |         4.9%         |    26.94%     |
| 32768 | 18432 | [18432] | 0.0001  | [[32768, 18432]] | bf16  |     2203.11      |      2203.77      |     2204.21      |       756.97       | 4.83e+09 | 6.04e+08  | 1.21e+09 |        4.98%        |        4.98%         |    27.41%     |
| 65536 | 18432 | [18432] | 0.0001  | [[65536, 18432]] | bf16  |     4370.13      |      4370.67      |     4371.17      |      1511.95       | 9.66e+09 | 1.21e+09  | 2.42e+09 |        5.03%        |        5.03%         |    27.64%     |
|   1   | 27648 | [27648] | 0.0001  |   [[1, 27648]]   | bf16  |      20.71       |       20.74       |      20.78       |        2.03        | 2.21e+05 | 2.76e+04  | 5.53e+04 |        0.02%        |        0.02%         |     0.13%     |
|   2   | 27648 | [27648] | 0.0001  |   [[2, 27648]]   | bf16  |      20.69       |       20.74       |      20.79       |        2.07        | 4.42e+05 | 5.53e+04  | 1.11e+05 |        0.05%        |        0.05%         |     0.27%     |
|   4   | 27648 | [27648] | 0.0001  |   [[4, 27648]]   | bf16  |      20.56       |       20.59       |      20.64       |        2.14        | 8.85e+05 | 1.11e+05  | 2.21e+05 |        0.1%         |         0.1%         |     0.54%     |
|   8   | 27648 | [27648] | 0.0001  |   [[8, 27648]]   | bf16  |      20.75       |       20.79       |      20.86       |        2.28        | 1.77e+06 | 2.21e+05  | 4.42e+05 |        0.19%        |        0.19%         |     1.07%     |
|  16   | 27648 | [27648] | 0.0001  |  [[16, 27648]]   | bf16  |      20.85       |       20.9        |      20.97       |        2.55        | 3.54e+06 | 4.42e+05  | 8.85e+05 |        0.39%        |        0.39%         |     2.12%     |
|  32   | 27648 | [27648] | 0.0001  |  [[32, 27648]]   | bf16  |      20.97       |       20.99       |      21.02       |        3.11        | 7.08e+06 | 8.85e+05  | 1.77e+06 |        0.77%        |        0.77%         |     4.22%     |
|  64   | 27648 | [27648] | 0.0001  |  [[64, 27648]]   | bf16  |      21.17       |       21.22       |      21.25       |        4.21        | 1.42e+07 | 1.77e+06  | 3.54e+06 |        1.52%        |        1.52%         |     8.36%     |
|  128  | 27648 | [27648] | 0.0001  |  [[128, 27648]]  | bf16  |      31.79       |       31.84       |      31.89       |        6.42        | 2.83e+07 | 3.54e+06  | 7.08e+06 |        2.02%        |        2.02%         |    11.13%     |
|  256  | 27648 | [27648] | 0.0001  |  [[256, 27648]]  | bf16  |      50.19       |       50.42       |      50.59       |       10.85        | 5.66e+07 | 7.08e+06  | 1.42e+07 |        2.56%        |        2.56%         |     14.1%     |
|  512  | 27648 | [27648] | 0.0001  |  [[512, 27648]]  | bf16  |      103.69      |      104.77       |      105.53      |       19.69        | 1.13e+08 | 1.42e+07  | 2.83e+07 |        2.48%        |        2.48%         |    13.65%     |
| 1024  | 27648 | [27648] | 0.0001  | [[1024, 27648]]  | bf16  |      180.3       |      180.59       |      180.91      |       37.39        | 2.26e+08 | 2.83e+07  | 5.66e+07 |        2.85%        |        2.85%         |     15.7%     |
| 2048  | 27648 | [27648] | 0.0001  | [[2048, 27648]]  | bf16  |      303.77      |      304.09       |      304.33      |       72.78        | 4.53e+08 | 5.66e+07  | 1.13e+08 |        3.39%        |        3.39%         |    18.64%     |
| 4096  | 27648 | [27648] | 0.0001  | [[4096, 27648]]  | bf16  |      556.92      |      557.86       |      558.64      |       143.56       | 9.06e+08 | 1.13e+08  | 2.26e+08 |        3.7%         |         3.7%         |    20.33%     |
| 8192  | 27648 | [27648] | 0.0001  | [[8192, 27648]]  | bf16  |     1090.26      |      1090.44      |     1090.63      |       285.12       | 1.81e+09 | 2.26e+08  | 4.53e+08 |        3.78%        |        3.78%         |    20.77%     |
| 16384 | 27648 | [27648] | 0.0001  | [[16384, 27648]] | bf16  |     2135.66      |      2136.79      |     2137.31      |       568.23       | 3.62e+09 | 4.53e+08  | 9.06e+08 |        3.86%        |        3.86%         |    21.21%     |
| 32768 | 27648 | [27648] | 0.0001  | [[32768, 27648]] | bf16  |     4226.03      |      4226.63      |     4226.94      |      1134.46       | 7.25e+09 | 9.06e+08  | 1.81e+09 |        3.9%         |         3.9%         |    21.44%     |
| 65536 | 27648 | [27648] | 0.0001  | [[65536, 27648]] | bf16  |     8389.48      |      8390.76      |     8391.94      |      2266.92       | 1.45e+10 | 1.81e+09  | 3.62e+09 |        3.93%        |        3.93%         |     21.6%     |
|   1   | 53248 | [53248] | 0.0001  |   [[1, 53248]]   | bf16  |      37.87       |       37.92       |      37.97       |        2.07        | 4.26e+05 | 5.32e+04  | 1.06e+05 |        0.03%        |        0.03%         |     0.14%     |
|   2   | 53248 | [53248] | 0.0001  |   [[2, 53248]]   | bf16  |      37.59       |       37.63       |      37.66       |        2.13        | 8.52e+05 | 1.06e+05  | 2.13e+05 |        0.05%        |        0.05%         |     0.28%     |
|   4   | 53248 | [53248] | 0.0001  |   [[4, 53248]]   | bf16  |      37.88       |       37.91       |      37.94       |        2.27        | 1.70e+06 | 2.13e+05  | 4.26e+05 |        0.1%         |         0.1%         |     0.56%     |
|   8   | 53248 | [53248] | 0.0001  |   [[8, 53248]]   | bf16  |      41.04       |       41.09       |      41.15       |        2.53        | 3.41e+06 | 4.26e+05  | 8.52e+05 |        0.19%        |        0.19%         |     1.04%     |
|  16   | 53248 | [53248] | 0.0001  |  [[16, 53248]]   | bf16  |      40.31       |       40.36       |      40.43       |        3.06        | 6.82e+06 | 8.52e+05  | 1.70e+06 |        0.38%        |        0.38%         |     2.11%     |
|  32   | 53248 | [53248] | 0.0001  |  [[32, 53248]]   | bf16  |      43.28       |       43.34       |      43.37       |        4.13        | 1.36e+07 | 1.70e+06  | 3.41e+06 |        0.72%        |        0.72%         |     3.94%     |
|  64   | 53248 | [53248] | 0.0001  |  [[64, 53248]]   | bf16  |      43.98       |       44.02       |      44.08       |        6.26        | 2.73e+07 | 3.41e+06  | 6.82e+06 |        1.41%        |        1.41%         |     7.75%     |
|  128  | 53248 | [53248] | 0.0001  |  [[128, 53248]]  | bf16  |      92.97       |       93.21       |      93.41       |       10.52        | 5.45e+07 | 6.82e+06  | 1.36e+07 |        1.33%        |        1.33%         |     7.33%     |
|  256  | 53248 | [53248] | 0.0001  |  [[256, 53248]]  | bf16  |      177.88      |      178.07       |      178.46      |       19.04        | 1.09e+08 | 1.36e+07  | 2.73e+07 |        1.39%        |        1.39%         |     7.66%     |
|  512  | 53248 | [53248] | 0.0001  |  [[512, 53248]]  | bf16  |      226.16      |      226.24       |      226.38      |       36.08        | 2.18e+08 | 2.73e+07  | 5.45e+07 |        2.19%        |        2.19%         |    12.05%     |
| 1024  | 53248 | [53248] | 0.0001  | [[1024, 53248]]  | bf16  |      347.23      |      347.42       |      347.51      |       70.16        | 4.36e+08 | 5.45e+07  | 1.09e+08 |        2.86%        |        2.86%         |     15.7%     |
| 2048  | 53248 | [53248] | 0.0001  | [[2048, 53248]]  | bf16  |      593.04      |      593.66       |      594.11      |       138.31       | 8.72e+08 | 1.09e+08  | 2.18e+08 |        3.34%        |        3.34%         |    18.39%     |
| 4096  | 53248 | [53248] | 0.0001  | [[4096, 53248]]  | bf16  |     1141.16      |      1141.7       |     1141.89      |       274.63       | 1.74e+09 | 2.18e+08  | 4.36e+08 |        3.47%        |        3.47%         |    19.11%     |
| 8192  | 53248 | [53248] | 0.0001  | [[8192, 53248]]  | bf16  |     2104.97      |      2105.28      |     2105.65      |       547.26       | 3.49e+09 | 4.36e+08  | 8.72e+08 |        3.77%        |        3.77%         |    20.72%     |
| 16384 | 53248 | [53248] | 0.0001  | [[16384, 53248]] | bf16  |      4198.2      |      4198.73      |     4199.16      |      1092.52       | 6.98e+09 | 8.72e+08  | 1.74e+09 |        3.78%        |        3.78%         |    20.78%     |
| 32768 | 53248 | [53248] | 0.0001  | [[32768, 53248]] | bf16  |     8347.48      |      8349.13      |     8350.53      |      2183.04       | 1.40e+10 | 1.74e+09  | 3.49e+09 |        3.8%         |         3.8%         |     20.9%     |
