Test Case: H20SXM_aten_gelu
|   M   |   N   |  B  |    input_shape     | dtype | duration_min(us) | duration_mean(us) | duration_max(us) | theory_latency(us) |  flops   |    io    | flops_efficiency | io_efficiency |
|   1   |  32   | N/A |     [[1, 32]]      | bf16  |       1.68       |       1.71        |       1.74       |        2.0         | 4.16e+02 | 6.40e+01 |       0.0%       |     0.0%      |
|   2   |  32   | N/A |     [[2, 32]]      | bf16  |       1.68       |       1.72        |       1.76       |        2.0         | 8.32e+02 | 1.28e+02 |       0.0%       |     0.0%      |
|   4   |  32   | N/A |     [[4, 32]]      | bf16  |       1.71       |       1.73        |       1.74       |        2.0         | 1.66e+03 | 2.56e+02 |       0.0%       |     0.01%     |
|   8   |  32   | N/A |     [[8, 32]]      | bf16  |       1.64       |       1.64        |       1.65       |        2.0         | 3.33e+03 | 5.12e+02 |       0.0%       |     0.02%     |
|  16   |  32   | N/A |     [[16, 32]]     | bf16  |       1.5        |       1.52        |       1.54       |        2.0         | 6.66e+03 | 1.02e+03 |      0.01%       |     0.03%     |
|  32   |  32   | N/A |     [[32, 32]]     | bf16  |       1.52       |       1.53        |       1.54       |        2.0         | 1.33e+04 | 2.05e+03 |      0.02%       |     0.07%     |
|  64   |  32   | N/A |     [[64, 32]]     | bf16  |       1.54       |       1.55        |       1.57       |        2.0         | 2.66e+04 | 4.10e+03 |      0.04%       |     0.13%     |
|  128  |  32   | N/A |    [[128, 32]]     | bf16  |       1.55       |       1.57        |       1.59       |        2.01        | 5.32e+04 | 8.19e+03 |      0.08%       |     0.26%     |
|  256  |  32   | N/A |    [[256, 32]]     | bf16  |       1.7        |       1.73        |       1.76       |        2.01        | 1.06e+05 | 1.64e+04 |      0.14%       |     0.48%     |
|  512  |  32   | N/A |    [[512, 32]]     | bf16  |       1.7        |       1.72        |       1.75       |        2.02        | 2.13e+05 | 3.28e+04 |      0.28%       |     0.96%     |
| 1024  |  32   | N/A |    [[1024, 32]]    | bf16  |       1.73       |       1.76        |       1.8        |        2.04        | 4.26e+05 | 6.55e+04 |      0.56%       |     1.89%     |
| 2048  |  32   | N/A |    [[2048, 32]]    | bf16  |       1.78       |       1.81        |       1.85       |        2.08        | 8.52e+05 | 1.31e+05 |      1.09%       |     3.68%     |
| 4096  |  32   | N/A |    [[4096, 32]]    | bf16  |       1.94       |       1.97        |       2.01       |        2.16        | 1.70e+06 | 2.62e+05 |       2.0%       |     6.76%     |
| 8192  |  32   | N/A |    [[8192, 32]]    | bf16  |       2.2        |       2.23        |       2.27       |        2.33        | 3.41e+06 | 5.24e+05 |      3.52%       |    11.92%     |
| 16384 |  32   | N/A |   [[16384, 32]]    | bf16  |       2.8        |       2.83        |       2.85       |        2.66        | 6.82e+06 | 1.05e+06 |      5.53%       |    18.72%     |
| 32768 |  32   | N/A |   [[32768, 32]]    | bf16  |       3.89       |       3.94        |       3.99       |        3.31        | 1.36e+07 | 2.10e+06 |      7.96%       |    26.96%     |
|   1   |  64   | N/A |     [[1, 64]]      | bf16  |       1.7        |       1.71        |       1.73       |        2.0         | 8.32e+02 | 1.28e+02 |       0.0%       |     0.0%      |
|   2   |  64   | N/A |     [[2, 64]]      | bf16  |       1.68       |       1.72        |       1.76       |        2.0         | 1.66e+03 | 2.56e+02 |       0.0%       |     0.01%     |
|   4   |  64   | N/A |     [[4, 64]]      | bf16  |       1.77       |        1.8        |       1.84       |        2.0         | 3.33e+03 | 5.12e+02 |       0.0%       |     0.01%     |
|   8   |  64   | N/A |     [[8, 64]]      | bf16  |       1.64       |       1.67        |       1.7        |        2.0         | 6.66e+03 | 1.02e+03 |      0.01%       |     0.03%     |
|  16   |  64   | N/A |     [[16, 64]]     | bf16  |       1.66       |       1.69        |       1.71       |        2.0         | 1.33e+04 | 2.05e+03 |      0.02%       |     0.06%     |
|  32   |  64   | N/A |     [[32, 64]]     | bf16  |       1.65       |       1.69        |       1.73       |        2.0         | 2.66e+04 | 4.10e+03 |      0.04%       |     0.12%     |
|  64   |  64   | N/A |     [[64, 64]]     | bf16  |       1.87       |       1.89        |       1.92       |        2.01        | 5.32e+04 | 8.19e+03 |      0.06%       |     0.22%     |
|  128  |  64   | N/A |    [[128, 64]]     | bf16  |       1.88       |        1.9        |       1.92       |        2.01        | 1.06e+05 | 1.64e+04 |      0.13%       |     0.44%     |
|  256  |  64   | N/A |    [[256, 64]]     | bf16  |       1.89       |       1.91        |       1.93       |        2.02        | 2.13e+05 | 3.28e+04 |      0.26%       |     0.87%     |
|  512  |  64   | N/A |    [[512, 64]]     | bf16  |       1.93       |       1.96        |       1.99       |        2.04        | 4.26e+05 | 6.55e+04 |       0.5%       |     1.7%      |
| 1024  |  64   | N/A |    [[1024, 64]]    | bf16  |       1.95       |       1.99        |       2.03       |        2.08        | 8.52e+05 | 1.31e+05 |      0.99%       |     3.36%     |
| 2048  |  64   | N/A |    [[2048, 64]]    | bf16  |       2.15       |       2.17        |       2.2        |        2.16        | 1.70e+06 | 2.62e+05 |       1.8%       |     6.1%      |
| 4096  |  64   | N/A |    [[4096, 64]]    | bf16  |       2.18       |       2.21        |       2.24       |        2.33        | 3.41e+06 | 5.24e+05 |      3.55%       |    12.02%     |
| 8192  |  64   | N/A |    [[8192, 64]]    | bf16  |       2.8        |       2.83        |       2.87       |        2.66        | 6.82e+06 | 1.05e+06 |      5.53%       |    18.72%     |
| 16384 |  64   | N/A |   [[16384, 64]]    | bf16  |       3.91       |       3.94        |       3.97       |        3.31        | 1.36e+07 | 2.10e+06 |      7.92%       |    26.82%     |
| 32768 |  64   | N/A |   [[32768, 64]]    | bf16  |       6.24       |       6.27        |       6.29       |        4.62        | 2.73e+07 | 4.19e+06 |      9.93%       |    33.61%     |
|   1   |  128  | N/A |     [[1, 128]]     | bf16  |       1.68       |       1.71        |       1.75       |        2.0         | 1.66e+03 | 2.56e+02 |       0.0%       |     0.01%     |
|   2   |  128  | N/A |     [[2, 128]]     | bf16  |       1.78       |       1.81        |       1.85       |        2.0         | 3.33e+03 | 5.12e+02 |       0.0%       |     0.01%     |
|   4   |  128  | N/A |     [[4, 128]]     | bf16  |       1.65       |       1.68        |       1.72       |        2.0         | 6.66e+03 | 1.02e+03 |      0.01%       |     0.03%     |
|   8   |  128  | N/A |     [[8, 128]]     | bf16  |       1.85       |       1.87        |       1.89       |        2.0         | 1.33e+04 | 2.05e+03 |      0.02%       |     0.06%     |
|  16   |  128  | N/A |    [[16, 128]]     | bf16  |       1.81       |       1.83        |       1.86       |        2.0         | 2.66e+04 | 4.10e+03 |      0.03%       |     0.11%     |
|  32   |  128  | N/A |    [[32, 128]]     | bf16  |       1.86       |        1.9        |       1.94       |        2.01        | 5.32e+04 | 8.19e+03 |      0.07%       |     0.22%     |
|  64   |  128  | N/A |    [[64, 128]]     | bf16  |       1.89       |       1.94        |       2.01       |        2.01        | 1.06e+05 | 1.64e+04 |      0.13%       |     0.43%     |
|  128  |  128  | N/A |    [[128, 128]]    | bf16  |       1.88       |        1.9        |       1.93       |        2.02        | 2.13e+05 | 3.28e+04 |      0.26%       |     0.87%     |
|  256  |  128  | N/A |    [[256, 128]]    | bf16  |       1.63       |       1.63        |       1.64       |        2.04        | 4.26e+05 | 6.55e+04 |      0.59%       |     2.01%     |
|  512  |  128  | N/A |    [[512, 128]]    | bf16  |       1.79       |       1.82        |       1.87       |        2.08        | 8.52e+05 | 1.31e+05 |      1.08%       |     3.66%     |
| 1024  |  128  | N/A |   [[1024, 128]]    | bf16  |       1.93       |       1.96        |       1.98       |        2.16        | 1.70e+06 | 2.62e+05 |      2.01%       |     6.79%     |
| 2048  |  128  | N/A |   [[2048, 128]]    | bf16  |       2.2        |       2.23        |       2.27       |        2.33        | 3.41e+06 | 5.24e+05 |      3.52%       |    11.92%     |
| 4096  |  128  | N/A |   [[4096, 128]]    | bf16  |       2.78       |       2.82        |       2.87       |        2.66        | 6.82e+06 | 1.05e+06 |      5.57%       |    18.86%     |
| 8192  |  128  | N/A |   [[8192, 128]]    | bf16  |       3.88       |       3.91        |       3.95       |        3.31        | 1.36e+07 | 2.10e+06 |      7.98%       |    27.03%     |
| 16384 |  128  | N/A |   [[16384, 128]]   | bf16  |       6.25       |       6.28        |       6.31       |        4.62        | 2.73e+07 | 4.19e+06 |      9.91%       |    33.55%     |
| 32768 |  128  | N/A |   [[32768, 128]]   | bf16  |      10.97       |       11.01       |      11.05       |        7.24        | 5.45e+07 | 8.39e+06 |      11.3%       |    38.23%     |
|   1   |  512  | N/A |     [[1, 512]]     | bf16  |       1.73       |       1.76        |       1.79       |        2.0         | 6.66e+03 | 1.02e+03 |      0.01%       |     0.03%     |
|   2   |  512  | N/A |     [[2, 512]]     | bf16  |       1.76       |       1.79        |       1.84       |        2.0         | 1.33e+04 | 2.05e+03 |      0.02%       |     0.06%     |
|   4   |  512  | N/A |     [[4, 512]]     | bf16  |       1.83       |       1.86        |       1.9        |        2.0         | 2.66e+04 | 4.10e+03 |      0.03%       |     0.11%     |
|   8   |  512  | N/A |     [[8, 512]]     | bf16  |       1.87       |       1.89        |       1.91       |        2.01        | 5.32e+04 | 8.19e+03 |      0.06%       |     0.22%     |
|  16   |  512  | N/A |    [[16, 512]]     | bf16  |       1.88       |        1.9        |       1.92       |        2.01        | 1.06e+05 | 1.64e+04 |      0.13%       |     0.44%     |
|  32   |  512  | N/A |    [[32, 512]]     | bf16  |       1.91       |       1.92        |       1.93       |        2.02        | 2.13e+05 | 3.28e+04 |      0.25%       |     0.86%     |
|  64   |  512  | N/A |    [[64, 512]]     | bf16  |       1.92       |       1.94        |       1.97       |        2.04        | 4.26e+05 | 6.55e+04 |       0.5%       |     1.71%     |
|  128  |  512  | N/A |    [[128, 512]]    | bf16  |       2.0        |       2.02        |       2.05       |        2.08        | 8.52e+05 | 1.31e+05 |      0.97%       |     3.28%     |
|  256  |  512  | N/A |    [[256, 512]]    | bf16  |       2.09       |       2.13        |       2.16       |        2.16        | 1.70e+06 | 2.62e+05 |      1.85%       |     6.27%     |
|  512  |  512  | N/A |    [[512, 512]]    | bf16  |       2.36       |       2.39        |       2.42       |        2.33        | 3.41e+06 | 5.24e+05 |      3.28%       |    11.11%     |
| 1024  |  512  | N/A |   [[1024, 512]]    | bf16  |       2.97       |        3.0        |       3.03       |        2.66        | 6.82e+06 | 1.05e+06 |      5.22%       |    17.65%     |
| 2048  |  512  | N/A |   [[2048, 512]]    | bf16  |       4.08       |       4.11        |       4.15       |        3.31        | 1.36e+07 | 2.10e+06 |      7.59%       |     25.7%     |
| 4096  |  512  | N/A |   [[4096, 512]]    | bf16  |       6.4        |       6.44        |       6.47       |        4.62        | 2.73e+07 | 4.19e+06 |      9.68%       |    32.77%     |
| 8192  |  512  | N/A |   [[8192, 512]]    | bf16  |      11.15       |       11.21       |      11.27       |        7.24        | 5.45e+07 | 8.39e+06 |      11.11%      |    37.62%     |
| 16384 |  512  | N/A |   [[16384, 512]]   | bf16  |      20.58       |       20.59       |      20.61       |       12.49        | 1.09e+08 | 1.68e+07 |      12.04%      |    40.76%     |
| 32768 |  512  | N/A |   [[32768, 512]]   | bf16  |      44.92       |       44.99       |      45.06       |       22.97        | 2.18e+08 | 3.36e+07 |      11.03%      |    37.35%     |
|   1   |  768  | N/A |     [[1, 768]]     | bf16  |       1.68       |       1.71        |       1.75       |        2.0         | 9.98e+03 | 1.54e+03 |      0.01%       |     0.05%     |
|   2   |  768  | N/A |     [[2, 768]]     | bf16  |       1.64       |       1.68        |       1.71       |        2.0         | 2.00e+04 | 3.07e+03 |      0.03%       |     0.09%     |
|   4   |  768  | N/A |     [[4, 768]]     | bf16  |       1.67       |       1.69        |       1.7        |        2.0         | 3.99e+04 | 6.14e+03 |      0.05%       |     0.18%     |
|   8   |  768  | N/A |     [[8, 768]]     | bf16  |       1.68       |        1.7        |       1.73       |        2.01        | 7.99e+04 | 1.23e+04 |      0.11%       |     0.37%     |
|  16   |  768  | N/A |    [[16, 768]]     | bf16  |       1.71       |       1.74        |       1.77       |        2.02        | 1.60e+05 | 2.46e+04 |      0.21%       |     0.72%     |
|  32   |  768  | N/A |    [[32, 768]]     | bf16  |       1.72       |       1.76        |       1.8        |        2.03        | 3.19e+05 | 4.92e+04 |      0.42%       |     1.43%     |
|  64   |  768  | N/A |    [[64, 768]]     | bf16  |       1.97       |        2.0        |       2.03       |        2.06        | 6.39e+05 | 9.83e+04 |      0.74%       |     2.5%      |
|  128  |  768  | N/A |    [[128, 768]]    | bf16  |       2.06       |       2.08        |       2.1        |        2.12        | 1.28e+06 | 1.97e+05 |      1.41%       |     4.77%     |
|  256  |  768  | N/A |    [[256, 768]]    | bf16  |       2.21       |       2.27        |       2.33       |        2.25        | 2.56e+06 | 3.93e+05 |      2.63%       |     8.9%      |
|  512  |  768  | N/A |    [[512, 768]]    | bf16  |       2.63       |       2.65        |       2.67       |        2.49        | 5.11e+06 | 7.86e+05 |      4.42%       |    14.95%     |
| 1024  |  768  | N/A |   [[1024, 768]]    | bf16  |       3.55       |       3.58        |       3.61       |        2.98        | 1.02e+07 | 1.57e+06 |      6.55%       |    22.15%     |
| 2048  |  768  | N/A |   [[2048, 768]]    | bf16  |       5.25       |       5.27        |       5.29       |        3.97        | 2.04e+07 | 3.15e+06 |      8.85%       |    29.96%     |
| 4096  |  768  | N/A |   [[4096, 768]]    | bf16  |       8.76       |        8.8        |       8.84       |        5.93        | 4.09e+07 | 6.29e+06 |      10.61%      |    35.91%     |
| 8192  |  768  | N/A |   [[8192, 768]]    | bf16  |      16.09       |       16.13       |      16.15       |        9.86        | 8.18e+07 | 1.26e+07 |      11.55%      |     39.1%     |
| 16384 |  768  | N/A |   [[16384, 768]]   | bf16  |       33.6       |       33.63       |      33.65       |       17.73        | 1.64e+08 | 2.52e+07 |      11.06%      |    37.45%     |
| 32768 |  768  | N/A |   [[32768, 768]]   | bf16  |      66.76       |       66.83       |      66.88       |       33.46        | 3.27e+08 | 5.03e+07 |      11.14%      |     37.7%     |
|   1   | 2048  | N/A |    [[1, 2048]]     | bf16  |       1.84       |       1.86        |       1.88       |        2.0         | 2.66e+04 | 4.10e+03 |      0.03%       |     0.11%     |
|   2   | 2048  | N/A |    [[2, 2048]]     | bf16  |       1.87       |        1.9        |       1.92       |        2.01        | 5.32e+04 | 8.19e+03 |      0.06%       |     0.22%     |
|   4   | 2048  | N/A |    [[4, 2048]]     | bf16  |       1.89       |       1.91        |       1.92       |        2.01        | 1.06e+05 | 1.64e+04 |      0.13%       |     0.43%     |
|   8   | 2048  | N/A |    [[8, 2048]]     | bf16  |       1.9        |       1.93        |       1.96       |        2.02        | 2.13e+05 | 3.28e+04 |      0.25%       |     0.86%     |
|  16   | 2048  | N/A |    [[16, 2048]]    | bf16  |       1.92       |       1.94        |       1.97       |        2.04        | 4.26e+05 | 6.55e+04 |       0.5%       |     1.71%     |
|  32   | 2048  | N/A |    [[32, 2048]]    | bf16  |       1.89       |       1.99        |       2.09       |        2.08        | 8.52e+05 | 1.31e+05 |      1.02%       |     3.47%     |
|  64   | 2048  | N/A |    [[64, 2048]]    | bf16  |       2.13       |       2.16        |       2.19       |        2.16        | 1.70e+06 | 2.62e+05 |      1.82%       |     6.15%     |
|  128  | 2048  | N/A |   [[128, 2048]]    | bf16  |       2.38       |       2.41        |       2.43       |        2.33        | 3.41e+06 | 5.24e+05 |      3.25%       |    11.01%     |
|  256  | 2048  | N/A |   [[256, 2048]]    | bf16  |       3.01       |       3.04        |       3.08       |        2.66        | 6.82e+06 | 1.05e+06 |      5.15%       |    17.42%     |
|  512  | 2048  | N/A |   [[512, 2048]]    | bf16  |       4.08       |       4.11        |       4.14       |        3.31        | 1.36e+07 | 2.10e+06 |      7.59%       |     25.7%     |
| 1024  | 2048  | N/A |   [[1024, 2048]]   | bf16  |       6.43       |       6.47        |       6.51       |        4.62        | 2.73e+07 | 4.19e+06 |      9.64%       |    32.62%     |
| 2048  | 2048  | N/A |   [[2048, 2048]]   | bf16  |      11.11       |       11.17       |      11.22       |        7.24        | 5.45e+07 | 8.39e+06 |      11.15%      |    37.75%     |
| 4096  | 2048  | N/A |   [[4096, 2048]]   | bf16  |       21.0       |       21.04       |      21.08       |       12.49        | 1.09e+08 | 1.68e+07 |      11.8%       |    39.95%     |
| 8192  | 2048  | N/A |   [[8192, 2048]]   | bf16  |      44.99       |       45.04       |      45.08       |       22.97        | 2.18e+08 | 3.36e+07 |      11.02%      |    37.29%     |
| 16384 | 2048  | N/A |  [[16384, 2048]]   | bf16  |      87.79       |       87.83       |      87.87       |       43.94        | 4.36e+08 | 6.71e+07 |      11.29%      |    38.22%     |
| 32768 | 2048  | N/A |  [[32768, 2048]]   | bf16  |      173.43      |      173.53       |      173.63      |       85.89        | 8.72e+08 | 1.34e+08 |      11.43%      |     38.7%     |
|   1   | 3072  | N/A |    [[1, 3072]]     | bf16  |       1.68       |        1.7        |       1.73       |        2.0         | 3.99e+04 | 6.14e+03 |      0.05%       |     0.18%     |
|   2   | 3072  | N/A |    [[2, 3072]]     | bf16  |       1.67       |        1.7        |       1.73       |        2.01        | 7.99e+04 | 1.23e+04 |      0.11%       |     0.37%     |
|   4   | 3072  | N/A |    [[4, 3072]]     | bf16  |       1.69       |       1.72        |       1.75       |        2.02        | 1.60e+05 | 2.46e+04 |      0.21%       |     0.73%     |
|   8   | 3072  | N/A |    [[8, 3072]]     | bf16  |       1.74       |       1.76        |       1.79       |        2.03        | 3.19e+05 | 4.92e+04 |      0.42%       |     1.41%     |
|  16   | 3072  | N/A |    [[16, 3072]]    | bf16  |       1.98       |        2.0        |       2.02       |        2.06        | 6.39e+05 | 9.83e+04 |      0.73%       |     2.48%     |
|  32   | 3072  | N/A |    [[32, 3072]]    | bf16  |       2.04       |       2.07        |       2.1        |        2.12        | 1.28e+06 | 1.97e+05 |      1.42%       |     4.82%     |
|  64   | 3072  | N/A |    [[64, 3072]]    | bf16  |       2.25       |       2.28        |       2.33       |        2.25        | 2.56e+06 | 3.93e+05 |      2.58%       |     8.74%     |
|  128  | 3072  | N/A |   [[128, 3072]]    | bf16  |       2.63       |       2.66        |       2.69       |        2.49        | 5.11e+06 | 7.86e+05 |      4.42%       |    14.95%     |
|  256  | 3072  | N/A |   [[256, 3072]]    | bf16  |       3.57       |        3.6        |       3.64       |        2.98        | 1.02e+07 | 1.57e+06 |      6.51%       |    22.03%     |
|  512  | 3072  | N/A |   [[512, 3072]]    | bf16  |       5.26       |        5.3        |       5.34       |        3.97        | 2.04e+07 | 3.15e+06 |      8.83%       |     29.9%     |
| 1024  | 3072  | N/A |   [[1024, 3072]]   | bf16  |       8.77       |       8.79        |       8.82       |        5.93        | 4.09e+07 | 6.29e+06 |      10.6%       |    35.87%     |
| 2048  | 3072  | N/A |   [[2048, 3072]]   | bf16  |      16.09       |       16.13       |      16.16       |        9.86        | 8.18e+07 | 1.26e+07 |      11.55%      |     39.1%     |
| 4096  | 3072  | N/A |   [[4096, 3072]]   | bf16  |      33.58       |       33.62       |      33.65       |       17.73        | 1.64e+08 | 2.52e+07 |      11.07%      |    37.47%     |
| 8192  | 3072  | N/A |   [[8192, 3072]]   | bf16  |      66.81       |       66.85       |      66.88       |       33.46        | 3.27e+08 | 5.03e+07 |      11.13%      |    37.67%     |
| 16384 | 3072  | N/A |  [[16384, 3072]]   | bf16  |      130.98      |      131.05       |      131.11      |       64.91        | 6.54e+08 | 1.01e+08 |      11.35%      |    38.43%     |
| 32768 | 3072  | N/A |  [[32768, 3072]]   | bf16  |      259.63      |       259.7       |      259.76      |       127.83       | 1.31e+09 | 2.01e+08 |      11.46%      |    38.77%     |
|   1   | 4096  | N/A |    [[1, 4096]]     | bf16  |       1.87       |       1.89        |       1.91       |        2.01        | 5.32e+04 | 8.19e+03 |      0.06%       |     0.22%     |
|   2   | 4096  | N/A |    [[2, 4096]]     | bf16  |       1.91       |       1.92        |       1.94       |        2.01        | 1.06e+05 | 1.64e+04 |      0.13%       |     0.43%     |
|   4   | 4096  | N/A |    [[4, 4096]]     | bf16  |       1.9        |       1.94        |       2.0        |        2.02        | 2.13e+05 | 3.28e+04 |      0.25%       |     0.86%     |
|   8   | 4096  | N/A |    [[8, 4096]]     | bf16  |       1.62       |       1.63        |       1.64       |        2.04        | 4.26e+05 | 6.55e+04 |       0.6%       |     2.02%     |
|  16   | 4096  | N/A |    [[16, 4096]]    | bf16  |       1.65       |       1.67        |       1.68       |        2.08        | 8.52e+05 | 1.31e+05 |      1.17%       |     3.97%     |
|  32   | 4096  | N/A |    [[32, 4096]]    | bf16  |       1.82       |       1.83        |       1.84       |        2.16        | 1.70e+06 | 2.62e+05 |      2.13%       |     7.2%      |
|  64   | 4096  | N/A |    [[64, 4096]]    | bf16  |       2.06       |       2.07        |       2.08       |        2.33        | 3.41e+06 | 5.24e+05 |      3.76%       |    12.73%     |
|  128  | 4096  | N/A |   [[128, 4096]]    | bf16  |       2.82       |       2.85        |       2.89       |        2.66        | 6.82e+06 | 1.05e+06 |      5.49%       |    18.59%     |
|  256  | 4096  | N/A |   [[256, 4096]]    | bf16  |       3.93       |       3.94        |       3.96       |        3.31        | 1.36e+07 | 2.10e+06 |      7.88%       |    26.68%     |
|  512  | 4096  | N/A |   [[512, 4096]]    | bf16  |       6.24       |       6.28        |       6.32       |        4.62        | 2.73e+07 | 4.19e+06 |      9.93%       |    33.61%     |
| 1024  | 4096  | N/A |   [[1024, 4096]]   | bf16  |       11.0       |       11.02       |      11.05       |        7.24        | 5.45e+07 | 8.39e+06 |      11.27%      |    38.13%     |
| 2048  | 4096  | N/A |   [[2048, 4096]]   | bf16  |      20.66       |       20.68       |      20.72       |       12.49        | 1.09e+08 | 1.68e+07 |      12.0%       |     40.6%     |
| 4096  | 4096  | N/A |   [[4096, 4096]]   | bf16  |      44.96       |       45.01       |      45.06       |       22.97        | 2.18e+08 | 3.36e+07 |      11.03%      |    37.32%     |
| 8192  | 4096  | N/A |   [[8192, 4096]]   | bf16  |      87.83       |       87.97       |      88.09       |       43.94        | 4.36e+08 | 6.71e+07 |      11.29%      |     38.2%     |
| 16384 | 4096  | N/A |  [[16384, 4096]]   | bf16  |      173.85      |      173.91       |      173.97      |       85.89        | 8.72e+08 | 1.34e+08 |      11.41%      |     38.6%     |
| 32768 | 4096  | N/A |  [[32768, 4096]]   | bf16  |      345.26      |       345.4       |      345.49      |       169.77       | 1.74e+09 | 2.68e+08 |      11.49%      |    38.87%     |
|   1   | 5120  | N/A |    [[1, 5120]]     | bf16  |       1.87       |       1.91        |       1.97       |        2.01        | 6.66e+04 | 1.02e+04 |      0.08%       |     0.27%     |
|   2   | 5120  | N/A |    [[2, 5120]]     | bf16  |       1.86       |        1.9        |       1.93       |        2.01        | 1.33e+05 | 2.05e+04 |      0.16%       |     0.55%     |
|   4   | 5120  | N/A |    [[4, 5120]]     | bf16  |       1.9        |       1.95        |       2.01       |        2.03        | 2.66e+05 | 4.10e+04 |      0.32%       |     1.08%     |
|   8   | 5120  | N/A |    [[8, 5120]]     | bf16  |       1.91       |       1.95        |       2.0        |        2.05        | 5.32e+05 | 8.19e+04 |      0.63%       |     2.14%     |
|  16   | 5120  | N/A |    [[16, 5120]]    | bf16  |       2.02       |       2.05        |       2.08       |        2.1         | 1.06e+06 | 1.64e+05 |       1.2%       |     4.06%     |
|  32   | 5120  | N/A |    [[32, 5120]]    | bf16  |       2.2        |       2.22        |       2.25       |        2.2         | 2.13e+06 | 3.28e+05 |       2.2%       |     7.45%     |
|  64   | 5120  | N/A |    [[64, 5120]]    | bf16  |       2.47       |       2.53        |       2.57       |        2.41        | 4.26e+06 | 6.55e+05 |      3.92%       |    13.27%     |
|  128  | 5120  | N/A |   [[128, 5120]]    | bf16  |       3.27       |       3.32        |       3.38       |        2.82        | 8.52e+06 | 1.31e+06 |      5.92%       |    20.04%     |
|  256  | 5120  | N/A |   [[256, 5120]]    | bf16  |       4.77       |        4.8        |       4.84       |        3.64        | 1.70e+07 | 2.62e+06 |      8.12%       |    27.48%     |
|  512  | 5120  | N/A |   [[512, 5120]]    | bf16  |       7.58       |       7.64        |       7.7        |        5.28        | 3.41e+07 | 5.24e+06 |      10.22%      |    34.58%     |
| 1024  | 5120  | N/A |   [[1024, 5120]]   | bf16  |      13.64       |       13.66       |      13.69       |        8.55        | 6.82e+07 | 1.05e+07 |      11.36%      |    38.44%     |
| 2048  | 5120  | N/A |   [[2048, 5120]]   | bf16  |      26.26       |       26.31       |      26.37       |       15.11        | 1.36e+08 | 2.10e+07 |      11.8%       |    39.93%     |
| 4096  | 5120  | N/A |   [[4096, 5120]]   | bf16  |      56.04       |       56.11       |      56.19       |       28.21        | 2.73e+08 | 4.19e+07 |      11.06%      |    37.42%     |
| 8192  | 5120  | N/A |   [[8192, 5120]]   | bf16  |      109.61      |      109.67       |      109.74      |       54.43        | 5.45e+08 | 8.39e+07 |      11.31%      |    38.27%     |
| 16384 | 5120  | N/A |  [[16384, 5120]]   | bf16  |      216.77      |      216.84       |      216.92      |       106.86       | 1.09e+09 | 1.68e+08 |      11.43%      |     38.7%     |
| 32768 | 5120  | N/A |  [[32768, 5120]]   | bf16  |      430.95      |      431.05       |      431.15      |       211.72       | 2.18e+09 | 3.36e+08 |      11.5%       |    38.93%     |
|   1   | 6144  | N/A |    [[1, 6144]]     | bf16  |       1.9        |       1.93        |       1.96       |        2.01        | 7.99e+04 | 1.23e+04 |       0.1%       |     0.32%     |
|   2   | 6144  | N/A |    [[2, 6144]]     | bf16  |       1.9        |       1.92        |       1.95       |        2.02        | 1.60e+05 | 2.46e+04 |      0.19%       |     0.65%     |
|   4   | 6144  | N/A |    [[4, 6144]]     | bf16  |       1.92       |       1.93        |       1.95       |        2.03        | 3.19e+05 | 4.92e+04 |      0.38%       |     1.28%     |
|   8   | 6144  | N/A |    [[8, 6144]]     | bf16  |       1.96       |       1.99        |       2.02       |        2.06        | 6.39e+05 | 9.83e+04 |      0.74%       |     2.51%     |
|  16   | 6144  | N/A |    [[16, 6144]]    | bf16  |       2.05       |       2.08        |       2.12       |        2.12        | 1.28e+06 | 1.97e+05 |      1.42%       |     4.8%      |
|  32   | 6144  | N/A |    [[32, 6144]]    | bf16  |       2.22       |       2.25        |       2.28       |        2.25        | 2.56e+06 | 3.93e+05 |      2.62%       |     8.86%     |
|  64   | 6144  | N/A |    [[64, 6144]]    | bf16  |       2.65       |       2.67        |       2.68       |        2.49        | 5.11e+06 | 7.86e+05 |      4.38%       |    14.84%     |
|  128  | 6144  | N/A |   [[128, 6144]]    | bf16  |       3.5        |       3.59        |       3.68       |        2.98        | 1.02e+07 | 1.57e+06 |      6.64%       |    22.47%     |
|  256  | 6144  | N/A |   [[256, 6144]]    | bf16  |       5.25       |       5.29        |       5.34       |        3.97        | 2.04e+07 | 3.15e+06 |      8.85%       |    29.96%     |
|  512  | 6144  | N/A |   [[512, 6144]]    | bf16  |       8.77       |       8.79        |       8.81       |        5.93        | 4.09e+07 | 6.29e+06 |      10.6%       |    35.87%     |
| 1024  | 6144  | N/A |   [[1024, 6144]]   | bf16  |      16.12       |       16.16       |      16.19       |        9.86        | 8.18e+07 | 1.26e+07 |      11.53%      |    39.03%     |
| 2048  | 6144  | N/A |   [[2048, 6144]]   | bf16  |      33.56       |       33.63       |       33.7       |       17.73        | 1.64e+08 | 2.52e+07 |      11.08%      |    37.49%     |
| 4096  | 6144  | N/A |   [[4096, 6144]]   | bf16  |      66.77       |       66.82       |      66.87       |       33.46        | 3.27e+08 | 5.03e+07 |      11.14%      |    37.69%     |
| 8192  | 6144  | N/A |   [[8192, 6144]]   | bf16  |      250.9       |      251.02       |      251.12      |       64.91        | 6.54e+08 | 1.01e+08 |      5.93%       |    20.06%     |
| 16384 | 6144  | N/A |  [[16384, 6144]]   | bf16  |      259.27      |      259.32       |      259.37      |       127.83       | 1.31e+09 | 2.01e+08 |      11.47%      |    38.83%     |
| 32768 | 6144  | N/A |  [[32768, 6144]]   | bf16  |      516.45      |      517.02       |      517.71      |       253.66       | 2.62e+09 | 4.03e+08 |      11.52%      |    38.98%     |
|   1   | 7168  | N/A |    [[1, 7168]]     | bf16  |       1.7        |       1.72        |       1.75       |        2.01        | 9.32e+04 | 1.43e+04 |      0.12%       |     0.42%     |
|   2   | 7168  | N/A |    [[2, 7168]]     | bf16  |       1.68       |       1.72        |       1.76       |        2.02        | 1.86e+05 | 2.87e+04 |      0.25%       |     0.85%     |
|   4   | 7168  | N/A |    [[4, 7168]]     | bf16  |       1.73       |       1.75        |       1.77       |        2.04        | 3.73e+05 | 5.73e+04 |      0.49%       |     1.66%     |
|   8   | 7168  | N/A |    [[8, 7168]]     | bf16  |       1.78       |       1.81        |       1.84       |        2.07        | 7.45e+05 | 1.15e+05 |      0.95%       |     3.22%     |
|  16   | 7168  | N/A |    [[16, 7168]]    | bf16  |       1.69       |       1.73        |       1.77       |        2.14        | 1.49e+06 | 2.29e+05 |      2.01%       |     6.79%     |
|  32   | 7168  | N/A |    [[32, 7168]]    | bf16  |       2.09       |       2.12        |       2.16       |        2.29        | 2.98e+06 | 4.59e+05 |      3.24%       |    10.97%     |
|  64   | 7168  | N/A |    [[64, 7168]]    | bf16  |       2.58       |       2.61        |       2.64       |        2.57        | 5.96e+06 | 9.18e+05 |      5.25%       |    17.78%     |
|  128  | 7168  | N/A |   [[128, 7168]]    | bf16  |       3.62       |       3.66        |       3.69       |        3.15        | 1.19e+07 | 1.84e+06 |      7.49%       |    25.35%     |
|  256  | 7168  | N/A |   [[256, 7168]]    | bf16  |       5.84       |       5.87        |       5.9        |        4.29        | 2.39e+07 | 3.67e+06 |      9.28%       |    31.42%     |
|  512  | 7168  | N/A |   [[512, 7168]]    | bf16  |       9.73       |       9.77        |       9.81       |        6.59        | 4.77e+07 | 7.34e+06 |      11.14%      |    37.72%     |
| 1024  | 7168  | N/A |   [[1024, 7168]]   | bf16  |      18.18       |       18.21       |      18.25       |       11.18        | 9.54e+07 | 1.47e+07 |      11.93%      |    40.37%     |
| 2048  | 7168  | N/A |   [[2048, 7168]]   | bf16  |      39.55       |       39.61       |      39.67       |       20.35        | 1.91e+08 | 2.94e+07 |      10.97%      |    37.12%     |
| 4096  | 7168  | N/A |   [[4096, 7168]]   | bf16  |      77.47       |       77.53       |      77.59       |        38.7        | 3.82e+08 | 5.87e+07 |      11.2%       |     37.9%     |
| 8192  | 7168  | N/A |   [[8192, 7168]]   | bf16  |      152.45      |       152.5       |      152.56      |        75.4        | 7.63e+08 | 1.17e+08 |      11.38%      |    38.52%     |
| 16384 | 7168  | N/A |  [[16384, 7168]]   | bf16  |      302.15      |      302.23       |      302.32      |       148.8        | 1.53e+09 | 2.35e+08 |      11.48%      |    38.87%     |
| 32768 | 7168  | N/A |  [[32768, 7168]]   | bf16  |      602.06      |      602.17       |      602.29      |       295.6        | 3.05e+09 | 4.70e+08 |      11.53%      |    39.01%     |
|   1   | 8192  | N/A |    [[1, 8192]]     | bf16  |       1.7        |       1.72        |       1.74       |        2.01        | 1.06e+05 | 1.64e+04 |      0.14%       |     0.48%     |
|   2   | 8192  | N/A |    [[2, 8192]]     | bf16  |       1.71       |       1.73        |       1.75       |        2.02        | 2.13e+05 | 3.28e+04 |      0.28%       |     0.96%     |
|   4   | 8192  | N/A |    [[4, 8192]]     | bf16  |       1.72       |       1.76        |       1.8        |        2.04        | 4.26e+05 | 6.55e+04 |      0.56%       |     1.91%     |
|   8   | 8192  | N/A |    [[8, 8192]]     | bf16  |       1.78       |        1.8        |       1.83       |        2.08        | 8.52e+05 | 1.31e+05 |      1.09%       |     3.68%     |
|  16   | 8192  | N/A |    [[16, 8192]]    | bf16  |       1.97       |       1.98        |       2.0        |        2.16        | 1.70e+06 | 2.62e+05 |      1.97%       |     6.65%     |
|  32   | 8192  | N/A |    [[32, 8192]]    | bf16  |       2.36       |       2.39        |       2.42       |        2.33        | 3.41e+06 | 5.24e+05 |      3.28%       |    11.11%     |
|  64   | 8192  | N/A |    [[64, 8192]]    | bf16  |       2.97       |        3.0        |       3.03       |        2.66        | 6.82e+06 | 1.05e+06 |      5.22%       |    17.65%     |
|  128  | 8192  | N/A |   [[128, 8192]]    | bf16  |       4.1        |       4.12        |       4.15       |        3.31        | 1.36e+07 | 2.10e+06 |      7.56%       |    25.58%     |
|  256  | 8192  | N/A |   [[256, 8192]]    | bf16  |       6.15       |       6.16        |       6.17       |        4.62        | 2.73e+07 | 4.19e+06 |      10.08%      |     34.1%     |
|  512  | 8192  | N/A |   [[512, 8192]]    | bf16  |      10.96       |       11.01       |      11.05       |        7.24        | 5.45e+07 | 8.39e+06 |      11.31%      |    38.27%     |
| 1024  | 8192  | N/A |   [[1024, 8192]]   | bf16  |       20.7       |       20.75       |       20.8       |       12.49        | 1.09e+08 | 1.68e+07 |      11.97%      |    40.52%     |
| 2048  | 8192  | N/A |   [[2048, 8192]]   | bf16  |      44.96       |       45.01       |      45.05       |       22.97        | 2.18e+08 | 3.36e+07 |      11.03%      |    37.32%     |
| 4096  | 8192  | N/A |   [[4096, 8192]]   | bf16  |      87.82       |       87.87       |      87.91       |       43.94        | 4.36e+08 | 6.71e+07 |      11.29%      |    38.21%     |
| 8192  | 8192  | N/A |   [[8192, 8192]]   | bf16  |      173.53      |      173.55       |      173.58      |       85.89        | 8.72e+08 | 1.34e+08 |      11.43%      |    38.67%     |
| 16384 | 8192  | N/A |  [[16384, 8192]]   | bf16  |      345.69      |       345.8       |      345.9       |       169.77       | 1.74e+09 | 2.68e+08 |      11.47%      |    38.83%     |
| 32768 | 8192  | N/A |  [[32768, 8192]]   | bf16  |      687.81      |      687.89       |      687.97      |       337.54       | 3.49e+09 | 5.37e+08 |      11.53%      |    39.03%     |
|   1   | 13824 | N/A |    [[1, 13824]]    | bf16  |       1.7        |       1.72        |       1.75       |        2.02        | 1.80e+05 | 2.76e+04 |      0.24%       |     0.81%     |
|   2   | 13824 | N/A |    [[2, 13824]]    | bf16  |       1.72       |       1.74        |       1.77       |        2.03        | 3.59e+05 | 5.53e+04 |      0.47%       |     1.61%     |
|   4   | 13824 | N/A |    [[4, 13824]]    | bf16  |       1.77       |        1.8        |       1.83       |        2.07        | 7.19e+05 | 1.11e+05 |      0.92%       |     3.12%     |
|   8   | 13824 | N/A |    [[8, 13824]]    | bf16  |       1.86       |       1.89        |       1.92       |        2.14        | 1.44e+06 | 2.21e+05 |      1.76%       |     5.95%     |
|  16   | 13824 | N/A |   [[16, 13824]]    | bf16  |       2.11       |       2.14        |       2.17       |        2.28        | 2.88e+06 | 4.42e+05 |       3.1%       |    10.48%     |
|  32   | 13824 | N/A |   [[32, 13824]]    | bf16  |       2.53       |       2.55        |       2.57       |        2.55        | 5.75e+06 | 8.85e+05 |      5.17%       |    17.48%     |
|  64   | 13824 | N/A |   [[64, 13824]]    | bf16  |       3.76       |       3.78        |       3.8        |        3.11        | 1.15e+07 | 1.77e+06 |      6.95%       |    23.53%     |
|  128  | 13824 | N/A |   [[128, 13824]]   | bf16  |       5.81       |       5.83        |       5.85       |        4.21        | 2.30e+07 | 3.54e+06 |       9.0%       |    30.46%     |
|  256  | 13824 | N/A |   [[256, 13824]]   | bf16  |       9.76       |       9.79        |       9.83       |        6.42        | 4.60e+07 | 7.08e+06 |      10.71%      |    36.26%     |
|  512  | 13824 | N/A |   [[512, 13824]]   | bf16  |      17.91       |       17.94       |      17.99       |       10.85        | 9.20e+07 | 1.42e+07 |      11.68%      |    39.52%     |
| 1024  | 13824 | N/A |  [[1024, 13824]]   | bf16  |      38.33       |       38.39       |      38.44       |       19.69        | 1.84e+08 | 2.83e+07 |      10.91%      |    36.93%     |
| 2048  | 13824 | N/A |  [[2048, 13824]]   | bf16  |      74.77       |       74.84       |      74.91       |       37.39        | 3.68e+08 | 5.66e+07 |      11.19%      |    37.86%     |
| 4096  | 13824 | N/A |  [[4096, 13824]]   | bf16  |      147.12      |      147.29       |      147.5       |       72.78        | 7.36e+08 | 1.13e+08 |      11.37%      |    38.49%     |
| 8192  | 13824 | N/A |  [[8192, 13824]]   | bf16  |      291.69      |      291.77       |      291.84      |       143.56       | 1.47e+09 | 2.26e+08 |      11.47%      |    38.82%     |
| 16384 | 13824 | N/A |  [[16384, 13824]]  | bf16  |      580.74      |      580.81       |      580.9       |       285.12       | 2.94e+09 | 4.53e+08 |      11.52%      |     39.0%     |
| 32768 | 13824 | N/A |  [[32768, 13824]]  | bf16  |     1157.59      |      1158.2       |     1158.87      |       568.23       | 5.89e+09 | 9.06e+08 |      11.56%      |    39.13%     |
|   1   | 16384 | N/A |    [[1, 16384]]    | bf16  |       1.7        |       1.73        |       1.76       |        2.02        | 2.13e+05 | 3.28e+04 |      0.28%       |     0.96%     |
|   2   | 16384 | N/A |    [[2, 16384]]    | bf16  |       1.73       |       1.77        |       1.82       |        2.04        | 4.26e+05 | 6.55e+04 |      0.56%       |     1.89%     |
|   4   | 16384 | N/A |    [[4, 16384]]    | bf16  |       1.77       |        1.8        |       1.82       |        2.08        | 8.52e+05 | 1.31e+05 |      1.09%       |     3.7%      |
|   8   | 16384 | N/A |    [[8, 16384]]    | bf16  |       1.94       |       1.96        |       1.98       |        2.16        | 1.70e+06 | 2.62e+05 |       2.0%       |     6.76%     |
|  16   | 16384 | N/A |   [[16, 16384]]    | bf16  |       2.17       |        2.2        |       2.23       |        2.33        | 3.41e+06 | 5.24e+05 |      3.57%       |    12.08%     |
|  32   | 16384 | N/A |   [[32, 16384]]    | bf16  |       2.73       |       2.75        |       2.78       |        2.66        | 6.82e+06 | 1.05e+06 |      5.67%       |     19.2%     |
|  64   | 16384 | N/A |   [[64, 16384]]    | bf16  |       4.08       |       4.11        |       4.15       |        3.31        | 1.36e+07 | 2.10e+06 |      7.59%       |     25.7%     |
|  128  | 16384 | N/A |   [[128, 16384]]   | bf16  |       6.42       |       6.46        |       6.5        |        4.62        | 2.73e+07 | 4.19e+06 |      9.65%       |    32.67%     |
|  256  | 16384 | N/A |   [[256, 16384]]   | bf16  |      11.17       |       11.21       |      11.26       |        7.24        | 5.45e+07 | 8.39e+06 |      11.09%      |    37.55%     |
|  512  | 16384 | N/A |   [[512, 16384]]   | bf16  |      20.99       |       21.04       |      21.09       |       12.49        | 1.09e+08 | 1.68e+07 |      11.81%      |    39.96%     |
| 1024  | 16384 | N/A |  [[1024, 16384]]   | bf16  |      45.26       |       45.34       |      45.42       |       22.97        | 2.18e+08 | 3.36e+07 |      10.95%      |    37.07%     |
| 2048  | 16384 | N/A |  [[2048, 16384]]   | bf16  |      88.18       |       88.27       |      88.38       |       43.94        | 4.36e+08 | 6.71e+07 |      11.24%      |    38.05%     |
| 4096  | 16384 | N/A |  [[4096, 16384]]   | bf16  |      173.86      |      173.99       |      174.13      |       85.89        | 8.72e+08 | 1.34e+08 |      11.4%       |     38.6%     |
| 8192  | 16384 | N/A |  [[8192, 16384]]   | bf16  |      344.81      |      344.96       |      345.07      |       169.77       | 1.74e+09 | 2.68e+08 |      11.5%       |    38.93%     |
| 16384 | 16384 | N/A |  [[16384, 16384]]  | bf16  |      687.04      |      687.53       |      688.01      |       337.54       | 3.49e+09 | 5.37e+08 |      11.54%      |    39.07%     |
| 32768 | 16384 | N/A |  [[32768, 16384]]  | bf16  |     1371.54      |      1372.42      |     1373.33      |       673.09       | 6.98e+09 | 1.07e+09 |      11.57%      |    39.14%     |
|  128  |  768  |  1  |  [[1, 128, 768]]   | bf16  |       1.88       |        1.9        |       1.93       |        2.12        | 1.28e+06 | 1.97e+05 |      1.54%       |     5.23%     |
|  128  |  768  |  2  |  [[2, 128, 768]]   | bf16  |       2.05       |       2.07        |       2.1        |        2.25        | 2.56e+06 | 3.93e+05 |      2.83%       |     9.59%     |
|  128  |  768  |  4  |  [[4, 128, 768]]   | bf16  |       2.43       |       2.46        |       2.49       |        2.49        | 5.11e+06 | 7.86e+05 |      4.78%       |    16.18%     |
|  128  |  768  |  8  |  [[8, 128, 768]]   | bf16  |       3.37       |       3.41        |       3.46       |        2.98        | 1.02e+07 | 1.57e+06 |      6.89%       |    23.34%     |
|  128  |  768  | 16  |  [[16, 128, 768]]  | bf16  |       5.07       |        5.1        |       5.12       |        3.97        | 2.04e+07 | 3.15e+06 |      9.17%       |    31.02%     |
|  128  |  768  | 32  |  [[32, 128, 768]]  | bf16  |       8.58       |       8.63        |       8.69       |        5.93        | 4.09e+07 | 6.29e+06 |      10.83%      |    36.66%     |
| 1024  |  768  |  1  |  [[1, 1024, 768]]  | bf16  |       3.56       |       3.58        |       3.6        |        2.98        | 1.02e+07 | 1.57e+06 |      6.53%       |    22.09%     |
| 1024  |  768  |  2  |  [[2, 1024, 768]]  | bf16  |       5.25       |       5.29        |       5.32       |        3.97        | 2.04e+07 | 3.15e+06 |      8.85%       |    29.96%     |
| 1024  |  768  |  4  |  [[4, 1024, 768]]  | bf16  |       8.7        |       8.79        |       8.88       |        5.93        | 4.09e+07 | 6.29e+06 |      10.68%      |    36.16%     |
| 1024  |  768  |  8  |  [[8, 1024, 768]]  | bf16  |      16.16       |       16.2        |      16.24       |        9.86        | 8.18e+07 | 1.26e+07 |      11.5%       |    38.93%     |
| 1024  |  768  | 16  | [[16, 1024, 768]]  | bf16  |      33.24       |       33.28       |      33.32       |       17.73        | 1.64e+08 | 2.52e+07 |      11.18%      |    37.85%     |
| 1024  |  768  | 32  | [[32, 1024, 768]]  | bf16  |      66.42       |       66.47       |      66.53       |       33.46        | 3.27e+08 | 5.03e+07 |      11.19%      |    37.89%     |
| 4096  |  768  |  1  |  [[1, 4096, 768]]  | bf16  |       8.55       |        8.6        |       8.64       |        5.93        | 4.09e+07 | 6.29e+06 |      10.87%      |    36.79%     |
| 4096  |  768  |  2  |  [[2, 4096, 768]]  | bf16  |      15.77       |       15.83       |      15.88       |        9.86        | 8.18e+07 | 1.26e+07 |      11.79%      |     39.9%     |
| 4096  |  768  |  4  |  [[4, 4096, 768]]  | bf16  |      33.32       |       33.39       |      33.47       |       17.73        | 1.64e+08 | 2.52e+07 |      11.16%      |    37.76%     |
| 4096  |  768  |  8  |  [[8, 4096, 768]]  | bf16  |      66.36       |       66.42       |      66.47       |       33.46        | 3.27e+08 | 5.03e+07 |      11.2%       |    37.92%     |
| 4096  |  768  | 16  | [[16, 4096, 768]]  | bf16  |      130.67      |       130.7       |      130.73      |       64.91        | 6.54e+08 | 1.01e+08 |      11.38%      |    38.52%     |
| 4096  |  768  | 32  | [[32, 4096, 768]]  | bf16  |      259.21      |      259.28       |      259.36      |       127.83       | 1.31e+09 | 2.01e+08 |      11.47%      |    38.83%     |
|  128  | 4096  |  1  |  [[1, 128, 4096]]  | bf16  |       2.73       |       2.76        |       2.8        |        2.66        | 6.82e+06 | 1.05e+06 |      5.67%       |     19.2%     |
|  128  | 4096  |  2  |  [[2, 128, 4096]]  | bf16  |       3.9        |       3.93        |       3.96       |        3.31        | 1.36e+07 | 2.10e+06 |      7.94%       |    26.89%     |
|  128  | 4096  |  4  |  [[4, 128, 4096]]  | bf16  |       6.22       |       6.26        |       6.3        |        4.62        | 2.73e+07 | 4.19e+06 |      9.96%       |    33.72%     |
|  128  | 4096  |  8  |  [[8, 128, 4096]]  | bf16  |      10.94       |       11.0        |      11.06       |        7.24        | 5.45e+07 | 8.39e+06 |      11.33%      |    38.34%     |
|  128  | 4096  | 16  | [[16, 128, 4096]]  | bf16  |      20.65       |       20.68       |      20.71       |       12.49        | 1.09e+08 | 1.68e+07 |      12.0%       |    40.62%     |
|  128  | 4096  | 32  | [[32, 128, 4096]]  | bf16  |      44.94       |       44.99       |      45.04       |       22.97        | 2.18e+08 | 3.36e+07 |      11.03%      |    37.33%     |
| 1024  | 4096  |  1  | [[1, 1024, 4096]]  | bf16  |      10.96       |       11.01       |      11.06       |        7.24        | 5.45e+07 | 8.39e+06 |      11.31%      |    38.27%     |
| 1024  | 4096  |  2  | [[2, 1024, 4096]]  | bf16  |      20.59       |       20.63       |      20.68       |       12.49        | 1.09e+08 | 1.68e+07 |      12.04%      |    40.74%     |
| 1024  | 4096  |  4  | [[4, 1024, 4096]]  | bf16  |      44.88       |       44.99       |      45.07       |       22.97        | 2.18e+08 | 3.36e+07 |      11.04%      |    37.38%     |
| 1024  | 4096  |  8  | [[8, 1024, 4096]]  | bf16  |      87.87       |       87.94       |      88.02       |       43.94        | 4.36e+08 | 6.71e+07 |      11.28%      |    38.19%     |
| 1024  | 4096  | 16  | [[16, 1024, 4096]] | bf16  |      173.9       |      173.93       |      173.97      |       85.89        | 8.72e+08 | 1.34e+08 |      11.4%       |    38.59%     |
| 1024  | 4096  | 32  | [[32, 1024, 4096]] | bf16  |      344.77      |      344.95       |      345.08      |       169.77       | 1.74e+09 | 2.68e+08 |      11.5%       |    38.93%     |
| 4096  | 4096  |  1  | [[1, 4096, 4096]]  | bf16  |      44.96       |       45.01       |      45.06       |       22.97        | 2.18e+08 | 3.36e+07 |      11.03%      |    37.32%     |
| 4096  | 4096  |  2  | [[2, 4096, 4096]]  | bf16  |      87.82       |       87.87       |      87.91       |       43.94        | 4.36e+08 | 6.71e+07 |      11.29%      |    38.21%     |
| 4096  | 4096  |  4  | [[4, 4096, 4096]]  | bf16  |      173.49      |      173.56       |      173.64      |       85.89        | 8.72e+08 | 1.34e+08 |      11.43%      |    38.68%     |
| 4096  | 4096  |  8  | [[8, 4096, 4096]]  | bf16  |      344.91      |      344.99       |      345.07      |       169.77       | 1.74e+09 | 2.68e+08 |      11.5%       |    38.91%     |
| 4096  | 4096  | 16  | [[16, 4096, 4096]] | bf16  |      687.2       |      688.45       |      689.44      |       337.54       | 3.49e+09 | 5.37e+08 |      11.54%      |    39.06%     |
| 4096  | 4096  | 32  | [[32, 4096, 4096]] | bf16  |     1371.58      |      1372.6       |     1373.33      |       673.09       | 6.98e+09 | 1.07e+09 |      11.56%      |    39.14%     |
|  128  | 8192  |  1  |  [[1, 128, 8192]]  | bf16  |       3.91       |       3.94        |       3.97       |        3.31        | 1.36e+07 | 2.10e+06 |      7.92%       |    26.82%     |
|  128  | 8192  |  2  |  [[2, 128, 8192]]  | bf16  |       6.22       |       6.25        |       6.27       |        4.62        | 2.73e+07 | 4.19e+06 |      9.96%       |    33.72%     |
|  128  | 8192  |  4  |  [[4, 128, 8192]]  | bf16  |      10.97       |       11.01       |      11.06       |        7.24        | 5.45e+07 | 8.39e+06 |      11.3%       |    38.23%     |
|  128  | 8192  |  8  |  [[8, 128, 8192]]  | bf16  |      20.66       |       20.69       |      20.72       |       12.49        | 1.09e+08 | 1.68e+07 |      12.0%       |     40.6%     |
|  128  | 8192  | 16  | [[16, 128, 8192]]  | bf16  |      44.94       |       45.0        |      45.06       |       22.97        | 2.18e+08 | 3.36e+07 |      11.03%      |    37.33%     |
|  128  | 8192  | 32  | [[32, 128, 8192]]  | bf16  |      87.77       |       87.85       |      87.93       |       43.94        | 4.36e+08 | 6.71e+07 |      11.3%       |    38.23%     |
| 1024  | 8192  |  1  | [[1, 1024, 8192]]  | bf16  |      20.96       |       21.0        |      21.03       |       12.49        | 1.09e+08 | 1.68e+07 |      11.82%      |    40.02%     |
| 1024  | 8192  |  2  | [[2, 1024, 8192]]  | bf16  |      45.31       |       45.37       |      45.43       |       22.97        | 2.18e+08 | 3.36e+07 |      10.94%      |    37.03%     |
| 1024  | 8192  |  4  | [[4, 1024, 8192]]  | bf16  |      88.19       |       88.27       |      88.36       |       43.94        | 4.36e+08 | 6.71e+07 |      11.24%      |    38.05%     |
| 1024  | 8192  |  8  | [[8, 1024, 8192]]  | bf16  |      173.52      |      173.66       |      173.83      |       85.89        | 8.72e+08 | 1.34e+08 |      11.43%      |    38.68%     |
| 1024  | 8192  | 16  | [[16, 1024, 8192]] | bf16  |      344.9       |      345.02       |      345.12      |       169.77       | 1.74e+09 | 2.68e+08 |      11.5%       |    38.91%     |
| 1024  | 8192  | 32  | [[32, 1024, 8192]] | bf16  |      687.95      |      688.79       |      689.53      |       337.54       | 3.49e+09 | 5.37e+08 |      11.53%      |    39.02%     |
| 4096  | 8192  |  1  | [[1, 4096, 8192]]  | bf16  |      87.81       |       87.84       |      87.88       |       43.94        | 4.36e+08 | 6.71e+07 |      11.29%      |    38.21%     |
| 4096  | 8192  |  2  | [[2, 4096, 8192]]  | bf16  |      173.46      |      173.54       |      173.62      |       85.89        | 8.72e+08 | 1.34e+08 |      11.43%      |    38.69%     |
| 4096  | 8192  |  4  | [[4, 4096, 8192]]  | bf16  |      344.93      |      344.99       |      345.04      |       169.77       | 1.74e+09 | 2.68e+08 |      11.5%       |    38.91%     |
| 4096  | 8192  |  8  | [[8, 4096, 8192]]  | bf16  |      687.91      |      687.95       |      688.0       |       337.54       | 3.49e+09 | 5.37e+08 |      11.53%      |    39.02%     |
| 4096  | 8192  | 16  | [[16, 4096, 8192]] | bf16  |     1371.54      |      1372.43      |     1373.29      |       673.09       | 6.98e+09 | 1.07e+09 |      11.57%      |    39.14%     |
| 4096  | 8192  | 32  | [[32, 4096, 8192]] | bf16  |     2740.85      |      2977.38      |     3360.93      |      1344.18       | 1.40e+10 | 2.15e+09 |      11.57%      |    39.18%     |
