Test Case: H20SXM_apex_fused_layer_norm_cuda.forward
|   M   |   N   |  _val   | _val(1) |   input_shape    | dtype | duration_min(us) | duration_mean(us) | duration_max(us) | theory_latency(us) | flops_1D | flops_SFU |    io    | flops_efficiency_1D | flops_efficiency_SFU | io_efficiency |
|   1   |  32   |  [32]   | 0.0001  |    [[1, 32]]     | bf16  |       2.54       |       2.56        |       2.59       |        2.0         | 2.56e+02 | 3.20e+01  | 6.40e+01 |        0.0%         |         0.0%         |     0.0%      |
|   2   |  32   |  [32]   | 0.0001  |    [[2, 32]]     | bf16  |       2.56       |       2.59        |       2.61       |        2.0         | 5.12e+02 | 6.40e+01  | 1.28e+02 |        0.0%         |         0.0%         |     0.0%      |
|   4   |  32   |  [32]   | 0.0001  |    [[4, 32]]     | bf16  |       2.61       |       2.64        |       2.66       |        2.0         | 1.02e+03 | 1.28e+02  | 2.56e+02 |        0.0%         |         0.0%         |     0.0%      |
|   8   |  32   |  [32]   | 0.0001  |    [[8, 32]]     | bf16  |       2.62       |       2.64        |       2.68       |        2.0         | 2.05e+03 | 2.56e+02  | 5.12e+02 |        0.0%         |         0.0%         |     0.01%     |
|  16   |  32   |  [32]   | 0.0001  |    [[16, 32]]    | bf16  |       2.63       |       2.67        |       2.72       |        2.0         | 4.10e+03 | 5.12e+02  | 1.02e+03 |        0.0%         |         0.0%         |     0.02%     |
|  32   |  32   |  [32]   | 0.0001  |    [[32, 32]]    | bf16  |       2.66       |       2.69        |       2.73       |        2.0         | 8.19e+03 | 1.02e+03  | 2.05e+03 |        0.01%        |        0.01%         |     0.04%     |
|  64   |  32   |  [32]   | 0.0001  |    [[64, 32]]    | bf16  |       2.73       |       2.77        |       2.79       |        2.0         | 1.64e+04 | 2.05e+03  | 4.10e+03 |        0.01%        |        0.01%         |     0.08%     |
|  128  |  32   |  [32]   | 0.0001  |   [[128, 32]]    | bf16  |       2.96       |       2.99        |       3.04       |        2.01        | 3.28e+04 | 4.10e+03  | 8.19e+03 |        0.03%        |        0.03%         |     0.14%     |
|  256  |  32   |  [32]   | 0.0001  |   [[256, 32]]    | bf16  |       3.06       |       3.08        |       3.11       |        2.01        | 6.55e+04 | 8.19e+03  | 1.64e+04 |        0.05%        |        0.05%         |     0.27%     |
|  512  |  32   |  [32]   | 0.0001  |   [[512, 32]]    | bf16  |       3.25       |       3.29        |       3.31       |        2.02        | 1.31e+05 | 1.64e+04  | 3.28e+04 |        0.09%        |        0.09%         |     0.5%      |
| 1024  |  32   |  [32]   | 0.0001  |   [[1024, 32]]   | bf16  |       4.77       |        4.8        |       4.82       |        2.04        | 2.62e+05 | 3.28e+04  | 6.55e+04 |        0.12%        |        0.12%         |     0.69%     |
| 2048  |  32   |  [32]   | 0.0001  |   [[2048, 32]]   | bf16  |       6.73       |       6.75        |       6.77       |        2.08        | 5.24e+05 | 6.55e+04  | 1.31e+05 |        0.18%        |        0.18%         |     0.97%     |
| 4096  |  32   |  [32]   | 0.0001  |   [[4096, 32]]   | bf16  |      11.33       |       11.36       |       11.4       |        2.16        | 1.05e+06 | 1.31e+05  | 2.62e+05 |        0.21%        |        0.21%         |     1.16%     |
| 8192  |  32   |  [32]   | 0.0001  |   [[8192, 32]]   | bf16  |      19.89       |       19.93       |      19.98       |        2.33        | 2.10e+06 | 2.62e+05  | 5.24e+05 |        0.24%        |        0.24%         |     1.32%     |
| 16384 |  32   |  [32]   | 0.0001  |  [[16384, 32]]   | bf16  |      37.14       |       37.19       |      37.25       |        2.66        | 4.19e+06 | 5.24e+05  | 1.05e+06 |        0.26%        |        0.26%         |     1.41%     |
| 32768 |  32   |  [32]   | 0.0001  |  [[32768, 32]]   | bf16  |      71.83       |       71.87       |       71.9       |        3.31        | 8.39e+06 | 1.05e+06  | 2.10e+06 |        0.27%        |        0.27%         |     1.46%     |
| 65536 |  32   |  [32]   | 0.0001  |  [[65536, 32]]   | bf16  |      141.2       |      141.26       |      141.3       |        4.62        | 1.68e+07 | 2.10e+06  | 4.19e+06 |        0.27%        |        0.27%         |     1.49%     |
|   1   |  64   |  [64]   | 0.0001  |    [[1, 64]]     | bf16  |       2.75       |       2.79        |       2.83       |        2.0         | 5.12e+02 | 6.40e+01  | 1.28e+02 |        0.0%         |         0.0%         |     0.0%      |
|   2   |  64   |  [64]   | 0.0001  |    [[2, 64]]     | bf16  |       2.78       |       2.81        |       2.84       |        2.0         | 1.02e+03 | 1.28e+02  | 2.56e+02 |        0.0%         |         0.0%         |     0.0%      |
|   4   |  64   |  [64]   | 0.0001  |    [[4, 64]]     | bf16  |       2.79       |       2.82        |       2.87       |        2.0         | 2.05e+03 | 2.56e+02  | 5.12e+02 |        0.0%         |         0.0%         |     0.01%     |
|   8   |  64   |  [64]   | 0.0001  |    [[8, 64]]     | bf16  |       2.78       |       2.83        |       2.9        |        2.0         | 4.10e+03 | 5.12e+02  | 1.02e+03 |        0.0%         |         0.0%         |     0.02%     |
|  16   |  64   |  [64]   | 0.0001  |    [[16, 64]]    | bf16  |       2.85       |       2.86        |       2.89       |        2.0         | 8.19e+03 | 1.02e+03  | 2.05e+03 |        0.01%        |        0.01%         |     0.04%     |
|  32   |  64   |  [64]   | 0.0001  |    [[32, 64]]    | bf16  |       2.85       |       2.88        |       2.91       |        2.0         | 1.64e+04 | 2.05e+03  | 4.10e+03 |        0.01%        |        0.01%         |     0.07%     |
|  64   |  64   |  [64]   | 0.0001  |    [[64, 64]]    | bf16  |       2.93       |       2.95        |       2.97       |        2.01        | 3.28e+04 | 4.10e+03  | 8.19e+03 |        0.03%        |        0.03%         |     0.14%     |
|  128  |  64   |  [64]   | 0.0001  |   [[128, 64]]    | bf16  |       2.94       |       2.97        |       3.01       |        2.01        | 6.55e+04 | 8.19e+03  | 1.64e+04 |        0.05%        |        0.05%         |     0.28%     |
|  256  |  64   |  [64]   | 0.0001  |   [[256, 64]]    | bf16  |       3.06       |       3.09        |       3.12       |        2.02        | 1.31e+05 | 1.64e+04  | 3.28e+04 |        0.1%         |         0.1%         |     0.54%     |
|  512  |  64   |  [64]   | 0.0001  |   [[512, 64]]    | bf16  |       3.33       |       3.35        |       3.38       |        2.04        | 2.62e+05 | 3.28e+04  | 6.55e+04 |        0.18%        |        0.18%         |     0.98%     |
| 1024  |  64   |  [64]   | 0.0001  |   [[1024, 64]]   | bf16  |       4.83       |       4.84        |       4.85       |        2.08        | 5.24e+05 | 6.55e+04  | 1.31e+05 |        0.25%        |        0.25%         |     1.36%     |
| 2048  |  64   |  [64]   | 0.0001  |   [[2048, 64]]   | bf16  |       6.78       |        6.8        |       6.82       |        2.16        | 1.05e+06 | 1.31e+05  | 2.62e+05 |        0.35%        |        0.35%         |     1.93%     |
| 4096  |  64   |  [64]   | 0.0001  |   [[4096, 64]]   | bf16  |      11.42       |       11.44       |      11.47       |        2.33        | 2.10e+06 | 2.62e+05  | 5.24e+05 |        0.42%        |        0.42%         |     2.3%      |
| 8192  |  64   |  [64]   | 0.0001  |   [[8192, 64]]   | bf16  |      20.08       |       20.13       |      20.16       |        2.66        | 4.19e+06 | 5.24e+05  | 1.05e+06 |        0.47%        |        0.47%         |     2.61%     |
| 16384 |  64   |  [64]   | 0.0001  |  [[16384, 64]]   | bf16  |      37.58       |       37.61       |      37.63       |        3.31        | 8.39e+06 | 1.05e+06  | 2.10e+06 |        0.51%        |        0.51%         |     2.79%     |
| 32768 |  64   |  [64]   | 0.0001  |  [[32768, 64]]   | bf16  |       72.6       |       72.66       |      72.73       |        4.62        | 1.68e+07 | 2.10e+06  | 4.19e+06 |        0.53%        |        0.53%         |     2.89%     |
| 65536 |  64   |  [64]   | 0.0001  |  [[65536, 64]]   | bf16  |      142.7       |      142.76       |      142.83      |        7.24        | 3.36e+07 | 4.19e+06  | 8.39e+06 |        0.53%        |        0.53%         |     2.94%     |
|   1   |  128  |  [128]  | 0.0001  |    [[1, 128]]    | bf16  |       2.6        |       2.62        |       2.66       |        2.0         | 1.02e+03 | 1.28e+02  | 2.56e+02 |        0.0%         |         0.0%         |     0.0%      |
|   2   |  128  |  [128]  | 0.0001  |    [[2, 128]]    | bf16  |       2.62       |       2.64        |       2.66       |        2.0         | 2.05e+03 | 2.56e+02  | 5.12e+02 |        0.0%         |         0.0%         |     0.01%     |
|   4   |  128  |  [128]  | 0.0001  |    [[4, 128]]    | bf16  |       2.64       |       2.66        |       2.71       |        2.0         | 4.10e+03 | 5.12e+02  | 1.02e+03 |        0.0%         |         0.0%         |     0.02%     |
|   8   |  128  |  [128]  | 0.0001  |    [[8, 128]]    | bf16  |       2.66       |       2.67        |       2.69       |        2.0         | 8.19e+03 | 1.02e+03  | 2.05e+03 |        0.01%        |        0.01%         |     0.04%     |
|  16   |  128  |  [128]  | 0.0001  |   [[16, 128]]    | bf16  |       2.65       |       2.67        |       2.73       |        2.0         | 1.64e+04 | 2.05e+03  | 4.10e+03 |        0.01%        |        0.01%         |     0.08%     |
|  32   |  128  |  [128]  | 0.0001  |   [[32, 128]]    | bf16  |       2.7        |       2.73        |       2.75       |        2.01        | 3.28e+04 | 4.10e+03  | 8.19e+03 |        0.03%        |        0.03%         |     0.15%     |
|  64   |  128  |  [128]  | 0.0001  |   [[64, 128]]    | bf16  |       2.77       |        2.8        |       2.82       |        2.01        | 6.55e+04 | 8.19e+03  | 1.64e+04 |        0.05%        |        0.05%         |     0.3%      |
|  128  |  128  |  [128]  | 0.0001  |   [[128, 128]]   | bf16  |       2.8        |       2.82        |       2.85       |        2.02        | 1.31e+05 | 1.64e+04  | 3.28e+04 |        0.11%        |        0.11%         |     0.59%     |
|  256  |  128  |  [128]  | 0.0001  |   [[256, 128]]   | bf16  |       2.9        |       2.92        |       2.96       |        2.04        | 2.62e+05 | 3.28e+04  | 6.55e+04 |        0.21%        |        0.21%         |     1.13%     |
|  512  |  128  |  [128]  | 0.0001  |   [[512, 128]]   | bf16  |       3.13       |       3.15        |       3.18       |        2.08        | 5.24e+05 | 6.55e+04  | 1.31e+05 |        0.38%        |        0.38%         |     2.09%     |
| 1024  |  128  |  [128]  | 0.0001  |  [[1024, 128]]   | bf16  |       4.51       |       4.53        |       4.54       |        2.16        | 1.05e+06 | 1.31e+05  | 2.62e+05 |        0.53%        |        0.53%         |     2.91%     |
| 2048  |  128  |  [128]  | 0.0001  |  [[2048, 128]]   | bf16  |       6.44       |       6.46        |       6.49       |        2.33        | 2.10e+06 | 2.62e+05  | 5.24e+05 |        0.74%        |        0.74%         |     4.07%     |
| 4096  |  128  |  [128]  | 0.0001  |  [[4096, 128]]   | bf16  |      10.71       |       10.76       |      10.81       |        2.66        | 4.19e+06 | 5.24e+05  | 1.05e+06 |        0.89%        |        0.89%         |     4.9%      |
| 8192  |  128  |  [128]  | 0.0001  |  [[8192, 128]]   | bf16  |      18.92       |       18.95       |      18.97       |        3.31        | 8.39e+06 | 1.05e+06  | 2.10e+06 |        1.01%        |        1.01%         |     5.54%     |
| 16384 |  128  |  [128]  | 0.0001  |  [[16384, 128]]  | bf16  |      35.39       |       35.46       |      35.51       |        4.62        | 1.68e+07 | 2.10e+06  | 4.19e+06 |        1.08%        |        1.08%         |     5.93%     |
| 32768 |  128  |  [128]  | 0.0001  |  [[32768, 128]]  | bf16  |      68.67       |       68.72       |      68.78       |        7.24        | 3.36e+07 | 4.19e+06  | 8.39e+06 |        1.11%        |        1.11%         |     6.11%     |
| 65536 |  128  |  [128]  | 0.0001  |  [[65536, 128]]  | bf16  |      138.41      |      138.47       |      138.51      |       12.49        | 6.71e+07 | 8.39e+06  | 1.68e+07 |        1.1%         |         1.1%         |     6.06%     |
|   1   |  192  |  [192]  | 0.0001  |    [[1, 192]]    | bf16  |       2.8        |       2.82        |       2.84       |        2.0         | 1.54e+03 | 1.92e+02  | 3.84e+02 |        0.0%         |         0.0%         |     0.01%     |
|   2   |  192  |  [192]  | 0.0001  |    [[2, 192]]    | bf16  |       2.81       |       2.84        |       2.9        |        2.0         | 3.07e+03 | 3.84e+02  | 7.68e+02 |        0.0%         |         0.0%         |     0.01%     |
|   4   |  192  |  [192]  | 0.0001  |    [[4, 192]]    | bf16  |       2.81       |       2.84        |       2.88       |        2.0         | 6.14e+03 | 7.68e+02  | 1.54e+03 |        0.0%         |         0.0%         |     0.03%     |
|   8   |  192  |  [192]  | 0.0001  |    [[8, 192]]    | bf16  |       2.86       |       2.88        |       2.9        |        2.0         | 1.23e+04 | 1.54e+03  | 3.07e+03 |        0.01%        |        0.01%         |     0.05%     |
|  16   |  192  |  [192]  | 0.0001  |   [[16, 192]]    | bf16  |       2.9        |       2.91        |       2.92       |        2.0         | 2.46e+04 | 3.07e+03  | 6.14e+03 |        0.02%        |        0.02%         |     0.11%     |
|  32   |  192  |  [192]  | 0.0001  |   [[32, 192]]    | bf16  |       2.89       |       2.93        |       2.96       |        2.01        | 4.92e+04 | 6.14e+03  | 1.23e+04 |        0.04%        |        0.04%         |     0.21%     |
|  64   |  192  |  [192]  | 0.0001  |   [[64, 192]]    | bf16  |       2.99       |        3.0        |       3.02       |        2.02        | 9.83e+04 | 1.23e+04  | 2.46e+04 |        0.07%        |        0.07%         |     0.41%     |
|  128  |  192  |  [192]  | 0.0001  |   [[128, 192]]   | bf16  |       2.97       |       3.02        |       3.05       |        2.03        | 1.97e+05 | 2.46e+04  | 4.92e+04 |        0.15%        |        0.15%         |     0.83%     |
|  256  |  192  |  [192]  | 0.0001  |   [[256, 192]]   | bf16  |       3.11       |       3.13        |       3.19       |        2.06        | 3.93e+05 | 4.92e+04  | 9.83e+04 |        0.29%        |        0.29%         |     1.58%     |
|  512  |  192  |  [192]  | 0.0001  |   [[512, 192]]   | bf16  |       3.38       |       3.41        |       3.47       |        2.12        | 7.86e+05 | 9.83e+04  | 1.97e+05 |        0.53%        |        0.53%         |     2.91%     |
| 1024  |  192  |  [192]  | 0.0001  |  [[1024, 192]]   | bf16  |       4.97       |       4.99        |       5.03       |        2.25        | 1.57e+06 | 1.97e+05  | 3.93e+05 |        0.72%        |        0.72%         |     3.96%     |
| 2048  |  192  |  [192]  | 0.0001  |  [[2048, 192]]   | bf16  |       7.26       |       7.28        |       7.3        |        2.49        | 3.15e+06 | 3.93e+05  | 7.86e+05 |        0.98%        |        0.98%         |     5.42%     |
| 4096  |  192  |  [192]  | 0.0001  |  [[4096, 192]]   | bf16  |      12.28       |       12.31       |      12.36       |        2.98        | 6.29e+06 | 7.86e+05  | 1.57e+06 |        1.16%        |        1.16%         |     6.4%      |
| 8192  |  192  |  [192]  | 0.0001  |  [[8192, 192]]   | bf16  |      21.85       |       21.89       |      21.96       |        3.97        | 1.26e+07 | 1.57e+06  | 3.15e+06 |        1.31%        |        1.31%         |     7.2%      |
| 16384 |  192  |  [192]  | 0.0001  |  [[16384, 192]]  | bf16  |      41.06       |       41.09       |      41.15       |        5.93        | 2.52e+07 | 3.15e+06  | 6.29e+06 |        1.39%        |        1.39%         |     7.66%     |
| 32768 |  192  |  [192]  | 0.0001  |  [[32768, 192]]  | bf16  |      80.82       |       80.86       |      80.91       |        9.86        | 5.03e+07 | 6.29e+06  | 1.26e+07 |        1.42%        |        1.42%         |     7.78%     |
| 65536 |  192  |  [192]  | 0.0001  |  [[65536, 192]]  | bf16  |      169.51      |      169.56       |      169.65      |       17.73        | 1.01e+08 | 1.26e+07  | 2.52e+07 |        1.35%        |        1.35%         |     7.42%     |
|   1   | 3072  | [3072]  | 0.0001  |   [[1, 3072]]    | bf16  |       4.7        |       4.72        |       4.75       |        2.0         | 2.46e+04 | 3.07e+03  | 6.14e+03 |        0.01%        |        0.01%         |     0.07%     |
|   2   | 3072  | [3072]  | 0.0001  |   [[2, 3072]]    | bf16  |       4.69       |       4.72        |       4.75       |        2.01        | 4.92e+04 | 6.14e+03  | 1.23e+04 |        0.02%        |        0.02%         |     0.13%     |
|   4   | 3072  | [3072]  | 0.0001  |   [[4, 3072]]    | bf16  |       4.69       |       4.72        |       4.75       |        2.02        | 9.83e+04 | 1.23e+04  | 2.46e+04 |        0.05%        |        0.05%         |     0.26%     |
|   8   | 3072  | [3072]  | 0.0001  |   [[8, 3072]]    | bf16  |       4.73       |       4.77        |       4.81       |        2.03        | 1.97e+05 | 2.46e+04  | 4.92e+04 |        0.09%        |        0.09%         |     0.52%     |
|  16   | 3072  | [3072]  | 0.0001  |   [[16, 3072]]   | bf16  |       4.76       |       4.79        |       4.83       |        2.06        | 3.93e+05 | 4.92e+04  | 9.83e+04 |        0.19%        |        0.19%         |     1.03%     |
|  32   | 3072  | [3072]  | 0.0001  |   [[32, 3072]]   | bf16  |       4.81       |       4.83        |       4.86       |        2.12        | 7.86e+05 | 9.83e+04  | 1.97e+05 |        0.37%        |        0.37%         |     2.04%     |
|  64   | 3072  | [3072]  | 0.0001  |   [[64, 3072]]   | bf16  |       4.88       |       4.89        |       4.92       |        2.25        | 1.57e+06 | 1.97e+05  | 3.93e+05 |        0.73%        |        0.73%         |     4.03%     |
|  128  | 3072  | [3072]  | 0.0001  |  [[128, 3072]]   | bf16  |       5.0        |       5.03        |       5.08       |        2.49        | 3.15e+06 | 3.93e+05  | 7.86e+05 |        1.43%        |        1.43%         |     7.86%     |
|  256  | 3072  | [3072]  | 0.0001  |  [[256, 3072]]   | bf16  |       5.6        |       5.66        |       5.7        |        2.98        | 6.29e+06 | 7.86e+05  | 1.57e+06 |        2.55%        |        2.55%         |    14.04%     |
|  512  | 3072  | [3072]  | 0.0001  |  [[512, 3072]]   | bf16  |       7.56       |        7.6        |       7.63       |        3.97        | 1.26e+07 | 1.57e+06  | 3.15e+06 |        3.78%        |        3.78%         |    20.81%     |
| 1024  | 3072  | [3072]  | 0.0001  |  [[1024, 3072]]  | bf16  |      11.54       |       11.61       |       11.7       |        5.93        | 2.52e+07 | 3.15e+06  | 6.29e+06 |        4.96%        |        4.96%         |    27.26%     |
| 2048  | 3072  | [3072]  | 0.0001  |  [[2048, 3072]]  | bf16  |      19.72       |       19.85       |      19.91       |        9.86        | 5.03e+07 | 6.29e+06  | 1.26e+07 |        5.8%         |         5.8%         |     31.9%     |
| 4096  | 3072  | [3072]  | 0.0001  |  [[4096, 3072]]  | bf16  |      41.75       |       41.87       |      41.93       |       17.73        | 1.01e+08 | 1.26e+07  | 2.52e+07 |        5.48%        |        5.48%         |    30.14%     |
| 8192  | 3072  | [3072]  | 0.0001  |  [[8192, 3072]]  | bf16  |      78.68       |       78.78       |      78.86       |       33.46        | 2.01e+08 | 2.52e+07  | 5.03e+07 |        5.82%        |        5.82%         |    31.99%     |
| 16384 | 3072  | [3072]  | 0.0001  | [[16384, 3072]]  | bf16  |      150.05      |      150.13       |      150.24      |       64.91        | 4.03e+08 | 5.03e+07  | 1.01e+08 |        6.1%         |         6.1%         |    33.54%     |
| 32768 | 3072  | [3072]  | 0.0001  | [[32768, 3072]]  | bf16  |      297.46      |      297.58       |      297.72      |       127.83       | 8.05e+08 | 1.01e+08  | 2.01e+08 |        6.15%        |        6.15%         |    33.84%     |
| 65536 | 3072  | [3072]  | 0.0001  | [[65536, 3072]]  | bf16  |      582.81      |      582.93       |      583.01      |       253.66       | 1.61e+09 | 2.01e+08  | 4.03e+08 |        6.28%        |        6.28%         |    34.54%     |
|   1   | 6144  | [6144]  | 0.0001  |   [[1, 6144]]    | bf16  |       6.91       |       6.93        |       6.97       |        2.01        | 4.92e+04 | 6.14e+03  | 1.23e+04 |        0.02%        |        0.02%         |     0.09%     |
|   2   | 6144  | [6144]  | 0.0001  |   [[2, 6144]]    | bf16  |       6.95       |       6.98        |       7.01       |        2.02        | 9.83e+04 | 1.23e+04  | 2.46e+04 |        0.03%        |        0.03%         |     0.18%     |
|   4   | 6144  | [6144]  | 0.0001  |   [[4, 6144]]    | bf16  |       6.96       |       6.98        |       7.02       |        2.03        | 1.97e+05 | 2.46e+04  | 4.92e+04 |        0.06%        |        0.06%         |     0.35%     |
|   8   | 6144  | [6144]  | 0.0001  |   [[8, 6144]]    | bf16  |       7.02       |       7.04        |       7.07       |        2.06        | 3.93e+05 | 4.92e+04  | 9.83e+04 |        0.13%        |        0.13%         |     0.7%      |
|  16   | 6144  | [6144]  | 0.0001  |   [[16, 6144]]   | bf16  |       7.0        |       7.02        |       7.03       |        2.12        | 7.86e+05 | 9.83e+04  | 1.97e+05 |        0.26%        |        0.26%         |     1.4%      |
|  32   | 6144  | [6144]  | 0.0001  |   [[32, 6144]]   | bf16  |       7.02       |       7.06        |       7.09       |        2.25        | 1.57e+06 | 1.97e+05  | 3.93e+05 |        0.51%        |        0.51%         |     2.8%      |
|  64   | 6144  | [6144]  | 0.0001  |   [[64, 6144]]   | bf16  |       7.1        |       7.12        |       7.15       |        2.49        | 3.15e+06 | 3.93e+05  | 7.86e+05 |        1.01%        |        1.01%         |     5.54%     |
|  128  | 6144  | [6144]  | 0.0001  |  [[128, 6144]]   | bf16  |       7.32       |       7.34        |       7.38       |        2.98        | 6.29e+06 | 7.86e+05  | 1.57e+06 |        1.95%        |        1.95%         |    10.74%     |
|  256  | 6144  | [6144]  | 0.0001  |  [[256, 6144]]   | bf16  |       8.34       |       8.36        |       8.38       |        3.97        | 1.26e+07 | 1.57e+06  | 3.15e+06 |        3.43%        |        3.43%         |    18.86%     |
|  512  | 6144  | [6144]  | 0.0001  |  [[512, 6144]]   | bf16  |      15.29       |       15.35       |       15.4       |        5.93        | 2.52e+07 | 3.15e+06  | 6.29e+06 |        3.74%        |        3.74%         |    20.57%     |
| 1024  | 6144  | [6144]  | 0.0001  |  [[1024, 6144]]  | bf16  |      21.57       |       21.68       |      21.78       |        9.86        | 5.03e+07 | 6.29e+06  | 1.26e+07 |        5.3%         |         5.3%         |    29.17%     |
| 2048  | 6144  | [6144]  | 0.0001  |  [[2048, 6144]]  | bf16  |      43.97       |       44.11       |      44.31       |       17.73        | 1.01e+08 | 1.26e+07  | 2.52e+07 |        5.2%         |         5.2%         |    28.62%     |
| 4096  | 6144  | [6144]  | 0.0001  |  [[4096, 6144]]  | bf16  |      82.31       |       82.5        |      82.61       |       33.46        | 2.01e+08 | 2.52e+07  | 5.03e+07 |        5.56%        |        5.56%         |    30.57%     |
| 8192  | 6144  | [6144]  | 0.0001  |  [[8192, 6144]]  | bf16  |      153.57      |      153.77       |      153.89      |       64.91        | 4.03e+08 | 5.03e+07  | 1.01e+08 |        5.96%        |        5.96%         |    32.77%     |
| 16384 | 6144  | [6144]  | 0.0001  | [[16384, 6144]]  | bf16  |      300.29      |      300.44       |      300.5       |       127.83       | 8.05e+08 | 1.01e+08  | 2.01e+08 |        6.09%        |        6.09%         |    33.52%     |
| 32768 | 6144  | [6144]  | 0.0001  | [[32768, 6144]]  | bf16  |      587.08      |      587.41       |      587.77      |       253.66       | 1.61e+09 | 2.01e+08  | 4.03e+08 |        6.24%        |        6.24%         |    34.29%     |
| 65536 | 6144  | [6144]  | 0.0001  | [[65536, 6144]]  | bf16  |     1167.71      |      1167.98      |     1168.31      |       505.32       | 3.22e+09 | 4.03e+08  | 8.05e+08 |        6.27%        |        6.27%         |    34.48%     |
|   1   | 8192  | [8192]  | 0.0001  |   [[1, 8192]]    | bf16  |       8.42       |       8.45        |       8.47       |        2.01        | 6.55e+04 | 8.19e+03  | 1.64e+04 |        0.02%        |        0.02%         |     0.1%      |
|   2   | 8192  | [8192]  | 0.0001  |   [[2, 8192]]    | bf16  |       8.43       |       8.46        |       8.49       |        2.02        | 1.31e+05 | 1.64e+04  | 3.28e+04 |        0.04%        |        0.04%         |     0.19%     |
|   4   | 8192  | [8192]  | 0.0001  |   [[4, 8192]]    | bf16  |       8.41       |       8.46        |       8.5        |        2.04        | 2.62e+05 | 3.28e+04  | 6.55e+04 |        0.07%        |        0.07%         |     0.39%     |
|   8   | 8192  | [8192]  | 0.0001  |   [[8, 8192]]    | bf16  |       8.53       |       8.55        |       8.57       |        2.08        | 5.24e+05 | 6.55e+04  | 1.31e+05 |        0.14%        |        0.14%         |     0.77%     |
|  16   | 8192  | [8192]  | 0.0001  |   [[16, 8192]]   | bf16  |       8.49       |       8.51        |       8.54       |        2.16        | 1.05e+06 | 1.31e+05  | 2.62e+05 |        0.28%        |        0.28%         |     1.54%     |
|  32   | 8192  | [8192]  | 0.0001  |   [[32, 8192]]   | bf16  |       8.56       |       8.61        |       8.68       |        2.33        | 2.10e+06 | 2.62e+05  | 5.24e+05 |        0.56%        |        0.56%         |     3.06%     |
|  64   | 8192  | [8192]  | 0.0001  |   [[64, 8192]]   | bf16  |       8.59       |       8.61        |       8.63       |        2.66        | 4.19e+06 | 5.24e+05  | 1.05e+06 |        1.11%        |        1.11%         |     6.1%      |
|  128  | 8192  | [8192]  | 0.0001  |  [[128, 8192]]   | bf16  |       8.88       |       8.92        |       8.96       |        3.31        | 8.39e+06 | 1.05e+06  | 2.10e+06 |        2.15%        |        2.15%         |    11.81%     |
|  256  | 8192  | [8192]  | 0.0001  |  [[256, 8192]]   | bf16  |      11.78       |       11.81       |      11.86       |        4.62        | 1.68e+07 | 2.10e+06  | 4.19e+06 |        3.24%        |        3.24%         |     17.8%     |
|  512  | 8192  | [8192]  | 0.0001  |  [[512, 8192]]   | bf16  |      20.57       |       20.65       |       20.7       |        7.24        | 3.36e+07 | 4.19e+06  | 8.39e+06 |        3.71%        |        3.71%         |    20.39%     |
| 1024  | 8192  | [8192]  | 0.0001  |  [[1024, 8192]]  | bf16  |      31.52       |       31.68       |      31.79       |       12.49        | 6.71e+07 | 8.39e+06  | 1.68e+07 |        4.84%        |        4.84%         |    26.61%     |
| 2048  | 8192  | [8192]  | 0.0001  |  [[2048, 8192]]  | bf16  |      62.56       |       62.72       |      62.83       |       22.97        | 1.34e+08 | 1.68e+07  | 3.36e+07 |        4.88%        |        4.88%         |    26.82%     |
| 4096  | 8192  | [8192]  | 0.0001  |  [[4096, 8192]]  | bf16  |      113.46      |      113.59       |      113.68      |       43.94        | 2.68e+08 | 3.36e+07  | 6.71e+07 |        5.38%        |        5.38%         |    29.57%     |
| 8192  | 8192  | [8192]  | 0.0001  |  [[8192, 8192]]  | bf16  |      214.46      |      214.59       |      214.65      |       85.89        | 5.37e+08 | 6.71e+07  | 1.34e+08 |        5.69%        |        5.69%         |    31.29%     |
| 16384 | 8192  | [8192]  | 0.0001  | [[16384, 8192]]  | bf16  |      417.16      |      417.28       |      417.37      |       169.77       | 1.07e+09 | 1.34e+08  | 2.68e+08 |        5.85%        |        5.85%         |    32.17%     |
| 32768 | 8192  | [8192]  | 0.0001  | [[32768, 8192]]  | bf16  |      823.1       |       823.3       |      823.52      |       337.54       | 2.15e+09 | 2.68e+08  | 5.37e+08 |        5.93%        |        5.93%         |    32.61%     |
| 65536 | 8192  | [8192]  | 0.0001  | [[65536, 8192]]  | bf16  |     1631.46      |      1632.2       |     1633.14      |       673.09       | 4.29e+09 | 5.37e+08  | 1.07e+09 |        5.98%        |        5.98%         |    32.91%     |
|   1   | 13824 | [13824] | 0.0001  |   [[1, 13824]]   | bf16  |       12.5       |       12.53       |       12.6       |        2.02        | 1.11e+05 | 1.38e+04  | 2.76e+04 |        0.02%        |        0.02%         |     0.11%     |
|   2   | 13824 | [13824] | 0.0001  |   [[2, 13824]]   | bf16  |      12.52       |       12.56       |      12.59       |        2.03        | 2.21e+05 | 2.76e+04  | 5.53e+04 |        0.04%        |        0.04%         |     0.22%     |
|   4   | 13824 | [13824] | 0.0001  |   [[4, 13824]]   | bf16  |      12.49       |       12.54       |      12.58       |        2.07        | 4.42e+05 | 5.53e+04  | 1.11e+05 |        0.08%        |        0.08%         |     0.44%     |
|   8   | 13824 | [13824] | 0.0001  |   [[8, 13824]]   | bf16  |      12.63       |       12.66       |      12.73       |        2.14        | 8.85e+05 | 1.11e+05  | 2.21e+05 |        0.16%        |        0.16%         |     0.88%     |
|  16   | 13824 | [13824] | 0.0001  |  [[16, 13824]]   | bf16  |      12.62       |       12.64       |      12.66       |        2.28        | 1.77e+06 | 2.21e+05  | 4.42e+05 |        0.32%        |        0.32%         |     1.75%     |
|  32   | 13824 | [13824] | 0.0001  |  [[32, 13824]]   | bf16  |      12.66       |       12.7        |      12.74       |        2.55        | 3.54e+06 | 4.42e+05  | 8.85e+05 |        0.64%        |        0.64%         |     3.49%     |
|  64   | 13824 | [13824] | 0.0001  |  [[64, 13824]]   | bf16  |      12.82       |       12.84       |      12.87       |        3.11        | 7.08e+06 | 8.85e+05  | 1.77e+06 |        1.25%        |        1.25%         |     6.9%      |
|  128  | 13824 | [13824] | 0.0001  |  [[128, 13824]]  | bf16  |      13.16       |       13.18       |      13.21       |        4.21        | 1.42e+07 | 1.77e+06  | 3.54e+06 |        2.44%        |        2.44%         |    13.45%     |
|  256  | 13824 | [13824] | 0.0001  |  [[256, 13824]]  | bf16  |      22.12       |       22.25       |      22.32       |        6.42        | 2.83e+07 | 3.54e+06  | 7.08e+06 |        2.91%        |        2.91%         |     16.0%     |
|  512  | 13824 | [13824] | 0.0001  |  [[512, 13824]]  | bf16  |       30.7       |       30.76       |      30.81       |       10.85        | 5.66e+07 | 7.08e+06  | 1.42e+07 |        4.19%        |        4.19%         |    23.06%     |
| 1024  | 13824 | [13824] | 0.0001  | [[1024, 13824]]  | bf16  |      65.52       |       65.72       |      65.92       |       19.69        | 1.13e+08 | 1.42e+07  | 2.83e+07 |        3.93%        |        3.93%         |    21.61%     |
| 2048  | 13824 | [13824] | 0.0001  | [[2048, 13824]]  | bf16  |      109.54      |      109.71       |      109.83      |       37.39        | 2.26e+08 | 2.83e+07  | 5.66e+07 |        4.7%         |         4.7%         |    25.85%     |
| 4096  | 13824 | [13824] | 0.0001  | [[4096, 13824]]  | bf16  |      207.06      |      207.21       |      207.37      |       72.78        | 4.53e+08 | 5.66e+07  | 1.13e+08 |        4.97%        |        4.97%         |    27.35%     |
| 8192  | 13824 | [13824] | 0.0001  | [[8192, 13824]]  | bf16  |      394.39      |      394.47       |      394.62      |       143.56       | 9.06e+08 | 1.13e+08  | 2.26e+08 |        5.22%        |        5.22%         |    28.71%     |
| 16384 | 13824 | [13824] | 0.0001  | [[16384, 13824]] | bf16  |      774.7       |      774.82       |      774.89      |       285.12       | 1.81e+09 | 2.26e+08  | 4.53e+08 |        5.32%        |        5.32%         |    29.24%     |
| 32768 | 13824 | [13824] | 0.0001  | [[32768, 13824]] | bf16  |      1536.7      |      1536.95      |     1537.24      |       568.23       | 3.62e+09 | 4.53e+08  | 9.06e+08 |        5.36%        |        5.36%         |    29.48%     |
| 65536 | 13824 | [13824] | 0.0001  | [[65536, 13824]] | bf16  |     3058.13      |      3058.74      |     3058.96      |      1134.46       | 7.25e+09 | 9.06e+08  | 1.81e+09 |        5.39%        |        5.39%         |    29.62%     |
|   1   | 16384 | [16384] | 0.0001  |   [[1, 16384]]   | bf16  |      14.39       |       14.42       |      14.47       |        2.02        | 1.31e+05 | 1.64e+04  | 3.28e+04 |        0.02%        |        0.02%         |     0.11%     |
|   2   | 16384 | [16384] | 0.0001  |   [[2, 16384]]   | bf16  |      14.38       |       14.4        |      14.42       |        2.04        | 2.62e+05 | 3.28e+04  | 6.55e+04 |        0.04%        |        0.04%         |     0.23%     |
|   4   | 16384 | [16384] | 0.0001  |   [[4, 16384]]   | bf16  |      14.35       |       14.38       |      14.42       |        2.08        | 5.24e+05 | 6.55e+04  | 1.31e+05 |        0.08%        |        0.08%         |     0.46%     |
|   8   | 16384 | [16384] | 0.0001  |   [[8, 16384]]   | bf16  |      14.44       |       14.46       |      14.53       |        2.16        | 1.05e+06 | 1.31e+05  | 2.62e+05 |        0.17%        |        0.17%         |     0.91%     |
|  16   | 16384 | [16384] | 0.0001  |  [[16, 16384]]   | bf16  |      14.48       |       14.52       |      14.58       |        2.33        | 2.10e+06 | 2.62e+05  | 5.24e+05 |        0.33%        |        0.33%         |     1.81%     |
|  32   | 16384 | [16384] | 0.0001  |  [[32, 16384]]   | bf16  |      14.56       |       14.61       |      14.64       |        2.66        | 4.19e+06 | 5.24e+05  | 1.05e+06 |        0.65%        |        0.65%         |     3.6%      |
|  64   | 16384 | [16384] | 0.0001  |  [[64, 16384]]   | bf16  |      14.72       |       14.76       |      14.82       |        3.31        | 8.39e+06 | 1.05e+06  | 2.10e+06 |        1.3%         |         1.3%         |     7.12%     |
|  128  | 16384 | [16384] | 0.0001  |  [[128, 16384]]  | bf16  |       15.1       |       15.13       |       15.2       |        4.62        | 1.68e+07 | 2.10e+06  | 4.19e+06 |        2.53%        |        2.53%         |    13.89%     |
|  256  | 16384 | [16384] | 0.0001  |  [[256, 16384]]  | bf16  |      31.33       |       31.51       |      31.65       |        7.24        | 3.36e+07 | 4.19e+06  | 8.39e+06 |        2.43%        |        2.43%         |    13.39%     |
|  512  | 16384 | [16384] | 0.0001  |  [[512, 16384]]  | bf16  |      39.09       |       39.29       |      39.38       |       12.49        | 6.71e+07 | 8.39e+06  | 1.68e+07 |        3.9%         |         3.9%         |    21.46%     |
| 1024  | 16384 | [16384] | 0.0001  | [[1024, 16384]]  | bf16  |      83.83       |       84.03       |      84.11       |       22.97        | 1.34e+08 | 1.68e+07  | 3.36e+07 |        3.64%        |        3.64%         |    20.01%     |
| 2048  | 16384 | [16384] | 0.0001  | [[2048, 16384]]  | bf16  |      139.92      |      139.99       |      140.09      |       43.94        | 2.68e+08 | 3.36e+07  | 6.71e+07 |        4.36%        |        4.36%         |    23.98%     |
| 4096  | 16384 | [16384] | 0.0001  | [[4096, 16384]]  | bf16  |      262.81      |      262.95       |      263.05      |       85.89        | 5.37e+08 | 6.71e+07  | 1.34e+08 |        4.64%        |        4.64%         |    25.54%     |
| 8192  | 16384 | [16384] | 0.0001  | [[8192, 16384]]  | bf16  |      506.81      |      507.02       |      507.27      |       169.77       | 1.07e+09 | 1.34e+08  | 2.68e+08 |        4.82%        |        4.82%         |    26.48%     |
| 16384 | 16384 | [16384] | 0.0001  | [[16384, 16384]] | bf16  |      993.56      |      993.71       |      993.98      |       337.54       | 2.15e+09 | 2.68e+08  | 5.37e+08 |        4.91%        |        4.91%         |    27.02%     |
| 32768 | 16384 | [16384] | 0.0001  | [[32768, 16384]] | bf16  |     1967.68      |      1967.94      |      1968.2      |       673.09       | 4.29e+09 | 5.37e+08  | 1.07e+09 |        4.96%        |        4.96%         |    27.28%     |
| 65536 | 16384 | [16384] | 0.0001  | [[65536, 16384]] | bf16  |      3897.8      |      3899.29      |     3899.87      |      1344.18       | 8.59e+09 | 1.07e+09  | 2.15e+09 |        5.01%        |        5.01%         |    27.55%     |
|   1   | 18432 | [18432] | 0.0001  |   [[1, 18432]]   | bf16  |      15.84       |       15.85       |      15.88       |        2.02        | 1.47e+05 | 1.84e+04  | 3.69e+04 |        0.02%        |        0.02%         |     0.12%     |
|   2   | 18432 | [18432] | 0.0001  |   [[2, 18432]]   | bf16  |      15.85       |       15.89       |      15.93       |        2.05        | 2.95e+05 | 3.69e+04  | 7.37e+04 |        0.04%        |        0.04%         |     0.23%     |
|   4   | 18432 | [18432] | 0.0001  |   [[4, 18432]]   | bf16  |      15.83       |       15.87       |      15.92       |        2.09        | 5.90e+05 | 7.37e+04  | 1.47e+05 |        0.08%        |        0.08%         |     0.47%     |
|   8   | 18432 | [18432] | 0.0001  |   [[8, 18432]]   | bf16  |      15.93       |       15.97       |       16.0       |        2.18        | 1.18e+06 | 1.47e+05  | 2.95e+05 |        0.17%        |        0.17%         |     0.93%     |
|  16   | 18432 | [18432] | 0.0001  |  [[16, 18432]]   | bf16  |      16.04       |       16.05       |      16.09       |        2.37        | 2.36e+06 | 2.95e+05  | 5.90e+05 |        0.33%        |        0.33%         |     1.84%     |
|  32   | 18432 | [18432] | 0.0001  |  [[32, 18432]]   | bf16  |      16.07       |       16.1        |      16.13       |        2.74        | 4.72e+06 | 5.90e+05  | 1.18e+06 |        0.67%        |        0.67%         |     3.67%     |
|  64   | 18432 | [18432] | 0.0001  |  [[64, 18432]]   | bf16  |      16.26       |       16.31       |      16.36       |        3.47        | 9.44e+06 | 1.18e+06  | 2.36e+06 |        1.32%        |        1.32%         |     7.25%     |
|  128  | 18432 | [18432] | 0.0001  |  [[128, 18432]]  | bf16  |      18.42       |       18.46       |      18.51       |        4.95        | 1.89e+07 | 2.36e+06  | 4.72e+06 |        2.33%        |        2.33%         |    12.81%     |
|  256  | 18432 | [18432] | 0.0001  |  [[256, 18432]]  | bf16  |      32.29       |       32.36       |      32.42       |        7.9         | 3.77e+07 | 4.72e+06  | 9.44e+06 |        2.66%        |        2.66%         |    14.61%     |
|  512  | 18432 | [18432] | 0.0001  |  [[512, 18432]]  | bf16  |      44.31       |       44.72       |      45.01       |        13.8        | 7.55e+07 | 9.44e+06  | 1.89e+07 |        3.87%        |        3.87%         |     21.3%     |
| 1024  | 18432 | [18432] | 0.0001  | [[1024, 18432]]  | bf16  |      99.21       |       99.43       |      99.63       |       25.59        | 1.51e+08 | 1.89e+07  | 3.77e+07 |        3.46%        |        3.46%         |    19.02%     |
| 2048  | 18432 | [18432] | 0.0001  | [[2048, 18432]]  | bf16  |      168.95      |      169.17       |      169.32      |       49.19        | 3.02e+08 | 3.77e+07  | 7.55e+07 |        4.06%        |        4.06%         |    22.34%     |
| 4096  | 18432 | [18432] | 0.0001  | [[4096, 18432]]  | bf16  |      315.66      |       315.8       |      316.04      |       96.37        | 6.04e+08 | 7.55e+07  | 1.51e+08 |        4.35%        |        4.35%         |    23.92%     |
| 8192  | 18432 | [18432] | 0.0001  | [[8192, 18432]]  | bf16  |      609.18      |      609.34       |      609.5       |       190.74       | 1.21e+09 | 1.51e+08  | 3.02e+08 |        4.51%        |        4.51%         |    24.79%     |
| 16384 | 18432 | [18432] | 0.0001  | [[16384, 18432]] | bf16  |     1192.06      |      1192.19      |     1192.35      |       379.49       | 2.42e+09 | 3.02e+08  | 6.04e+08 |        4.61%        |        4.61%         |    25.33%     |
| 32768 | 18432 | [18432] | 0.0001  | [[32768, 18432]] | bf16  |     2363.07      |      2363.35      |      2363.7      |       756.97       | 4.83e+09 | 6.04e+08  | 1.21e+09 |        4.65%        |        4.65%         |    25.56%     |
| 65536 | 18432 | [18432] | 0.0001  | [[65536, 18432]] | bf16  |     4700.46      |      4701.02      |     4701.37      |      1511.95       | 9.66e+09 | 1.21e+09  | 2.42e+09 |        4.67%        |        4.67%         |     25.7%     |
|   1   | 27648 | [27648] | 0.0001  |   [[1, 27648]]   | bf16  |      22.53       |       22.6        |      22.64       |        2.03        | 2.21e+05 | 2.76e+04  | 5.53e+04 |        0.02%        |        0.02%         |     0.12%     |
|   2   | 27648 | [27648] | 0.0001  |   [[2, 27648]]   | bf16  |      22.53       |       22.59       |      22.65       |        2.07        | 4.42e+05 | 5.53e+04  | 1.11e+05 |        0.04%        |        0.04%         |     0.25%     |
|   4   | 27648 | [27648] | 0.0001  |   [[4, 27648]]   | bf16  |       22.4       |       22.45       |      22.49       |        2.14        | 8.85e+05 | 1.11e+05  | 2.21e+05 |        0.09%        |        0.09%         |     0.49%     |
|   8   | 27648 | [27648] | 0.0001  |   [[8, 27648]]   | bf16  |       22.6       |       22.64       |      22.74       |        2.28        | 1.77e+06 | 2.21e+05  | 4.42e+05 |        0.18%        |        0.18%         |     0.98%     |
|  16   | 27648 | [27648] | 0.0001  |  [[16, 27648]]   | bf16  |      22.73       |       22.75       |      22.78       |        2.55        | 3.54e+06 | 4.42e+05  | 8.85e+05 |        0.35%        |        0.35%         |     1.95%     |
|  32   | 27648 | [27648] | 0.0001  |  [[32, 27648]]   | bf16  |       22.8       |       22.83       |      22.86       |        3.11        | 7.08e+06 | 8.85e+05  | 1.77e+06 |        0.71%        |        0.71%         |     3.88%     |
|  64   | 27648 | [27648] | 0.0001  |  [[64, 27648]]   | bf16  |      23.05       |       23.08       |      23.11       |        4.21        | 1.42e+07 | 1.77e+06  | 3.54e+06 |        1.4%         |         1.4%         |     7.68%     |
|  128  | 27648 | [27648] | 0.0001  |  [[128, 27648]]  | bf16  |      33.77       |       33.82       |      33.89       |        6.42        | 2.83e+07 | 3.54e+06  | 7.08e+06 |        1.91%        |        1.91%         |    10.48%     |
|  256  | 27648 | [27648] | 0.0001  |  [[256, 27648]]  | bf16  |      52.09       |       52.31       |      52.38       |       10.85        | 5.66e+07 | 7.08e+06  | 1.42e+07 |        2.47%        |        2.47%         |    13.59%     |
|  512  | 27648 | [27648] | 0.0001  |  [[512, 27648]]  | bf16  |      103.53      |      104.31       |      104.98      |       19.69        | 1.13e+08 | 1.42e+07  | 2.83e+07 |        2.49%        |        2.49%         |    13.67%     |
| 1024  | 27648 | [27648] | 0.0001  | [[1024, 27648]]  | bf16  |      183.61      |      183.79       |      183.91      |       37.39        | 2.26e+08 | 2.83e+07  | 5.66e+07 |        2.8%         |         2.8%         |    15.42%     |
| 2048  | 27648 | [27648] | 0.0001  | [[2048, 27648]]  | bf16  |      335.8       |      336.21       |      337.14      |       72.78        | 4.53e+08 | 5.66e+07  | 1.13e+08 |        3.07%        |        3.07%         |    16.86%     |
| 4096  | 27648 | [27648] | 0.0001  | [[4096, 27648]]  | bf16  |      631.6       |      631.78       |      631.87      |       143.56       | 9.06e+08 | 1.13e+08  | 2.26e+08 |        3.26%        |        3.26%         |    17.93%     |
| 8192  | 27648 | [27648] | 0.0001  | [[8192, 27648]]  | bf16  |     1210.74      |      1211.62      |     1212.02      |       285.12       | 1.81e+09 | 2.26e+08  | 4.53e+08 |        3.4%         |         3.4%         |    18.71%     |
| 16384 | 27648 | [27648] | 0.0001  | [[16384, 27648]] | bf16  |     2366.54      |      2366.99      |     2367.51      |       568.23       | 3.62e+09 | 4.53e+08  | 9.06e+08 |        3.48%        |        3.48%         |    19.14%     |
| 32768 | 27648 | [27648] | 0.0001  | [[32768, 27648]] | bf16  |     4661.12      |      4662.03      |      4662.7      |      1134.46       | 7.25e+09 | 9.06e+08  | 1.81e+09 |        3.53%        |        3.53%         |    19.44%     |
| 65536 | 27648 | [27648] | 0.0001  | [[65536, 27648]] | bf16  |     9266.46      |      9268.49      |     9270.47      |      2266.92       | 1.45e+10 | 1.81e+09  | 3.62e+09 |        3.56%        |        3.56%         |    19.55%     |
|   1   | 53248 | [53248] | 0.0001  |   [[1, 53248]]   | bf16  |      40.97       |       41.02       |      41.05       |        2.07        | 4.26e+05 | 5.32e+04  | 1.06e+05 |        0.02%        |        0.02%         |     0.13%     |
|   2   | 53248 | [53248] | 0.0001  |   [[2, 53248]]   | bf16  |      40.73       |       40.77       |       40.8       |        2.13        | 8.52e+05 | 1.06e+05  | 2.13e+05 |        0.05%        |        0.05%         |     0.26%     |
|   4   | 53248 | [53248] | 0.0001  |   [[4, 53248]]   | bf16  |      40.97       |       41.05       |       41.1       |        2.27        | 1.70e+06 | 2.13e+05  | 4.26e+05 |        0.09%        |        0.09%         |     0.52%     |
|   8   | 53248 | [53248] | 0.0001  |   [[8, 53248]]   | bf16  |      44.18       |       44.21       |      44.27       |        2.53        | 3.41e+06 | 4.26e+05  | 8.52e+05 |        0.18%        |        0.18%         |     0.96%     |
|  16   | 53248 | [53248] | 0.0001  |  [[16, 53248]]   | bf16  |      43.44       |       43.47       |      43.52       |        3.06        | 6.82e+06 | 8.52e+05  | 1.70e+06 |        0.36%        |        0.36%         |     1.96%     |
|  32   | 53248 | [53248] | 0.0001  |  [[32, 53248]]   | bf16  |      46.39       |       46.44       |      46.48       |        4.13        | 1.36e+07 | 1.70e+06  | 3.41e+06 |        0.67%        |        0.67%         |     3.67%     |
|  64   | 53248 | [53248] | 0.0001  |  [[64, 53248]]   | bf16  |      47.11       |       47.17       |       47.2       |        6.26        | 2.73e+07 | 3.41e+06  | 6.82e+06 |        1.32%        |        1.32%         |     7.23%     |
|  128  | 53248 | [53248] | 0.0001  |  [[128, 53248]]  | bf16  |      96.23       |       96.45       |      96.75       |       10.52        | 5.45e+07 | 6.82e+06  | 1.36e+07 |        1.29%        |        1.29%         |     7.08%     |
|  256  | 53248 | [53248] | 0.0001  |  [[256, 53248]]  | bf16  |      179.89      |      180.29       |      180.58      |       19.04        | 1.09e+08 | 1.36e+07  | 2.73e+07 |        1.38%        |        1.38%         |     7.58%     |
|  512  | 53248 | [53248] | 0.0001  |  [[512, 53248]]  | bf16  |      229.46      |      229.72       |      229.81      |       36.08        | 2.18e+08 | 2.73e+07  | 5.45e+07 |        2.16%        |        2.16%         |    11.88%     |
| 1024  | 53248 | [53248] | 0.0001  | [[1024, 53248]]  | bf16  |      408.75      |      409.67       |      410.38      |       70.16        | 4.36e+08 | 5.45e+07  | 1.09e+08 |        2.43%        |        2.43%         |    13.34%     |
| 2048  | 53248 | [53248] | 0.0001  | [[2048, 53248]]  | bf16  |      689.51      |      689.69       |      689.8       |       138.31       | 8.72e+08 | 1.09e+08  | 2.18e+08 |        2.88%        |        2.88%         |    15.82%     |
| 4096  | 53248 | [53248] | 0.0001  | [[4096, 53248]]  | bf16  |     1297.96      |      1299.3       |     1300.47      |       274.63       | 1.74e+09 | 2.18e+08  | 4.36e+08 |        3.06%        |        3.06%         |     16.8%     |
| 8192  | 53248 | [53248] | 0.0001  | [[8192, 53248]]  | bf16  |      2534.4      |      2534.85      |     2535.23      |       547.26       | 3.49e+09 | 4.36e+08  | 8.72e+08 |        3.13%        |        3.13%         |    17.21%     |
| 16384 | 53248 | [53248] | 0.0001  | [[16384, 53248]] | bf16  |      4985.3      |      4987.04      |     4988.74      |      1092.52       | 6.98e+09 | 8.72e+08  | 1.74e+09 |        3.18%        |        3.18%         |     17.5%     |
| 32768 | 53248 | [53248] | 0.0001  | [[32768, 53248]] | bf16  |     9888.28      |      9889.06      |     9890.15      |      2183.04       | 1.40e+10 | 1.74e+09  | 3.49e+09 |        3.21%        |        3.21%         |    17.65%     |
