Test Case: H20SXM_aten_bmm
|  B  |  M   |  K   |  N   |              input_shape               | dtype | duration_min(us) | duration_mean(us) | duration_max(us) | theory_latency(us) |  flops   |    io    | flops_efficiency | io_efficiency |
|  1  |  1   |  32  |  32  |       [[1, 1, 32], [1, 32, 32]]        | bf16  |      13.57       |       13.72       |      13.99       |        2.0         | 2.05e+03 | 1.09e+03 |       0.0%       |     0.0%      |
|  8  |  1   |  32  |  32  |       [[8, 1, 32], [8, 32, 32]]        | bf16  |      13.46       |       13.66       |      13.85       |        2.01        | 1.64e+04 | 8.70e+03 |       0.0%       |     0.03%     |
| 128 |  1   |  32  |  32  |     [[128, 1, 32], [128, 32, 32]]      | bf16  |      13.34       |       13.65       |      13.96       |        2.09        | 2.62e+05 | 1.39e+05 |      0.01%       |     0.52%     |
|  1  |  64  |  32  |  32  |       [[1, 64, 32], [1, 32, 32]]       | bf16  |      14.12       |       14.38       |      14.51       |        2.0         | 1.31e+05 | 5.12e+03 |      0.01%       |     0.02%     |
|  8  |  64  |  32  |  32  |       [[8, 64, 32], [8, 32, 32]]       | bf16  |      13.85       |       14.16       |      14.55       |        2.03        | 1.05e+06 | 4.10e+04 |      0.05%       |     0.15%     |
| 128 |  64  |  32  |  32  |     [[128, 64, 32], [128, 32, 32]]     | bf16  |      13.95       |       14.15       |      14.48       |        2.41        | 1.68e+07 | 6.55e+05 |      0.81%       |     2.35%     |
|  1  | 1024 |  32  |  32  |      [[1, 1024, 32], [1, 32, 32]]      | bf16  |      14.24       |       14.36       |      14.63       |        2.04        | 2.10e+06 | 6.66e+04 |       0.1%       |     0.23%     |
|  8  | 1024 |  32  |  32  |      [[8, 1024, 32], [8, 32, 32]]      | bf16  |      14.06       |       14.23       |      14.46       |        2.33        | 1.68e+07 | 5.32e+05 |      0.81%       |     1.89%     |
| 128 | 1024 |  32  |  32  |    [[128, 1024, 32], [128, 32, 32]]    | bf16  |      22.46       |       22.67       |      22.82       |        7.32        | 2.68e+08 | 8.52e+06 |      8.08%       |    18.97%     |
|  1  |  1   | 3072 |  32  |     [[1, 1, 3072], [1, 3072, 32]]      | bf16  |      13.36       |       13.59       |      13.91       |        2.06        | 1.97e+05 | 1.01e+05 |      0.01%       |     0.38%     |
|  8  |  1   | 3072 |  32  |     [[8, 1, 3072], [8, 3072, 32]]      | bf16  |      13.33       |       13.53       |       13.7       |        2.51        | 1.57e+06 | 8.11e+05 |      0.08%       |     3.04%     |
| 128 |  1   | 3072 |  32  |   [[128, 1, 3072], [128, 3072, 32]]    | bf16  |      49.69       |       49.82       |      49.92       |       10.11        | 2.52e+07 | 1.30e+07 |      0.34%       |    13.06%     |
|  1  |  64  | 3072 |  32  |     [[1, 64, 3072], [1, 3072, 32]]     | bf16  |      16.17       |       16.31       |      16.49       |        2.19        | 1.26e+07 | 2.97e+05 |      0.53%       |     0.92%     |
|  8  |  64  | 3072 |  32  |     [[8, 64, 3072], [8, 3072, 32]]     | bf16  |      29.22       |       29.36       |       29.5       |        3.48        | 1.01e+08 | 2.38e+06 |      2.33%       |     4.07%     |
| 128 |  64  | 3072 |  32  |   [[128, 64, 3072], [128, 3072, 32]]   | bf16  |       51.3       |       51.39       |      51.56       |       25.76        | 1.61e+09 | 3.80e+07 |      21.21%      |    37.05%     |
|  1  | 1024 | 3072 |  32  |    [[1, 1024, 3072], [1, 3072, 32]]    | bf16  |      16.31       |       16.57       |       16.8       |        4.05        | 2.01e+08 | 3.28e+06 |      8.34%       |    10.05%     |
|  8  | 1024 | 3072 |  32  |    [[8, 1024, 3072], [8, 3072, 32]]    | bf16  |      50.99       |       51.1        |      51.21       |       18.38        | 1.61e+09 | 2.62e+07 |      21.34%      |    25.71%     |
| 128 | 1024 | 3072 |  32  |  [[128, 1024, 3072], [128, 3072, 32]]  | bf16  |      597.6       |      597.82       |      598.01      |       264.14       | 2.58e+10 | 4.19e+08 |      29.14%      |    35.09%     |
|  1  |  1   | 8192 |  32  |     [[1, 1, 8192], [1, 8192, 32]]      | bf16  |      13.42       |       13.64       |      13.99       |        2.17        | 5.24e+05 | 2.70e+05 |      0.03%       |     1.01%     |
|  8  |  1   | 8192 |  32  |     [[8, 1, 8192], [8, 8192, 32]]      | bf16  |      13.29       |       13.53       |      13.76       |        3.35        | 4.19e+06 | 2.16e+06 |      0.21%       |     8.14%     |
| 128 |  1   | 8192 |  32  |   [[128, 1, 8192], [128, 8192, 32]]    | bf16  |      120.73      |      120.87       |      121.09      |       23.63        | 6.71e+07 | 3.46e+07 |      0.38%       |    14.33%     |
|  1  |  64  | 8192 |  32  |     [[1, 64, 8192], [1, 8192, 32]]     | bf16  |      15.95       |       16.21       |      16.44       |        2.49        | 3.36e+07 | 7.88e+05 |      1.42%       |     2.47%     |
|  8  |  64  | 8192 |  32  |     [[8, 64, 8192], [8, 8192, 32]]     | bf16  |      66.41       |       66.5        |      66.66       |        5.94        | 2.68e+08 | 6.31e+06 |      2.73%       |     4.75%     |
| 128 |  64  | 8192 |  32  |   [[128, 64, 8192], [128, 8192, 32]]   | bf16  |      121.49      |      121.59       |      121.76      |       65.08        | 4.29e+09 | 1.01e+08 |      23.89%      |    41.54%     |
|  1  | 1024 | 8192 |  32  |    [[1, 1024, 8192], [1, 8192, 32]]    | bf16  |      24.29       |       24.37       |      24.46       |        7.43        | 5.37e+08 | 8.68e+06 |      14.93%      |    17.87%     |
|  8  | 1024 | 8192 |  32  |    [[8, 1024, 8192], [8, 8192, 32]]    | bf16  |      121.16      |      121.38       |      121.6       |       45.42        | 4.29e+09 | 6.95e+07 |      23.95%      |    28.67%     |
| 128 | 1024 | 8192 |  32  |  [[128, 1024, 8192], [128, 8192, 32]]  | bf16  |     1573.63      |      1573.91      |      1574.2      |       696.68       | 6.87e+10 | 1.11e+09 |      29.51%      |    35.32%     |
|  1  |  1   |  32  | 2048 |      [[1, 1, 32], [1, 32, 2048]]       | bf16  |      17.55       |       17.78       |      18.11       |        2.04        | 1.31e+05 | 6.76e+04 |      0.01%       |     0.19%     |
|  8  |  1   |  32  | 2048 |      [[8, 1, 32], [8, 32, 2048]]       | bf16  |      13.79       |       14.01       |      14.24       |        2.34        | 1.05e+06 | 5.41e+05 |      0.05%       |     1.96%     |
| 128 |  1   |  32  | 2048 |    [[128, 1, 32], [128, 32, 2048]]     | bf16  |      17.34       |       17.46       |      17.63       |        7.41        | 1.68e+07 | 8.65e+06 |      0.65%       |    24.96%     |
|  1  |  64  |  32  | 2048 |      [[1, 64, 32], [1, 32, 2048]]      | bf16  |      13.95       |       14.08       |      14.37       |        2.12        | 8.39e+06 | 1.99e+05 |      0.41%       |     0.71%     |
|  8  |  64  |  32  | 2048 |      [[8, 64, 32], [8, 32, 2048]]      | bf16  |       13.8       |       14.07       |      14.23       |        2.99        | 6.71e+07 | 1.59e+06 |      3.29%       |     5.76%     |
| 128 |  64  |  32  | 2048 |    [[128, 64, 32], [128, 32, 2048]]    | bf16  |      43.54       |       43.66       |      43.76       |       17.89        | 1.07e+09 | 2.54e+07 |      16.66%      |     29.2%     |
|  1  | 1024 |  32  | 2048 |     [[1, 1024, 32], [1, 32, 2048]]     | bf16  |       14.0       |       14.17       |      14.35       |        3.37        | 1.34e+08 | 2.20e+06 |      6.48%       |     7.84%     |
|  8  | 1024 |  32  | 2048 |     [[8, 1024, 32], [8, 32, 2048]]     | bf16  |      37.59       |       37.72       |      37.86       |       12.98        | 1.07e+09 | 1.76e+07 |      19.3%       |    23.36%     |
| 128 | 1024 |  32  | 2048 |   [[128, 1024, 32], [128, 32, 2048]]   | bf16  |      482.06      |       482.4       |      482.7       |       177.64       | 1.72e+10 | 2.81e+08 |      24.08%      |    29.15%     |
|  1  |  1   | 3072 | 2048 |    [[1, 1, 3072], [1, 3072, 2048]]     | bf16  |      20.25       |       20.33       |      20.48       |        5.94        | 1.26e+07 | 6.30e+06 |      0.42%       |    15.55%     |
|  8  |  1   | 3072 | 2048 |    [[8, 1, 3072], [8, 3072, 2048]]     | bf16  |       92.7       |       92.81       |      92.88       |       33.48        | 1.01e+08 | 5.04e+07 |      0.73%       |    27.17%     |
| 128 |  1   | 3072 | 2048 |  [[128, 1, 3072], [128, 3072, 2048]]   | bf16  |     1145.78      |      1145.99      |     1146.31      |       505.73       | 1.61e+09 | 8.06e+08 |      0.95%       |    35.17%     |
|  1  |  64  | 3072 | 2048 |    [[1, 64, 3072], [1, 3072, 2048]]    | bf16  |      20.96       |       21.03       |      21.09       |        8.05        | 8.05e+08 | 6.62e+06 |      25.96%      |    15.79%     |
|  8  |  64  | 3072 | 2048 |    [[8, 64, 3072], [8, 3072, 2048]]    | bf16  |      93.25       |       93.4        |      93.65       |       50.37        | 6.44e+09 | 5.30e+07 |      46.68%      |    28.39%     |
| 128 |  64  | 3072 | 2048 |  [[128, 64, 3072], [128, 3072, 2048]]  | bf16  |     1145.81      |      1146.1       |     1146.23      |       775.87       | 1.03e+11 | 8.47e+08 |      60.79%      |    36.97%     |
|  1  | 1024 | 3072 | 2048 |   [[1, 1024, 3072], [1, 3072, 2048]]   | bf16  |      121.4       |      121.56       |      121.77      |       98.73        | 1.29e+10 | 1.15e+07 |      71.71%      |     4.75%     |
|  8  | 1024 | 3072 | 2048 |   [[8, 1024, 3072], [8, 3072, 2048]]   | bf16  |     1190.39      |      1190.64      |     1190.77      |       775.87       | 1.03e+11 | 9.23e+07 |      58.51%      |     3.88%     |
| 128 | 1024 | 3072 | 2048 | [[128, 1024, 3072], [128, 3072, 2048]] | bf16  |     17896.41     |     17896.94      |     17897.44     |      12383.89      | 1.65e+12 | 1.48e+09 |      62.27%      |     4.12%     |
|  1  |  1   | 8192 | 2048 |    [[1, 1, 8192], [1, 8192, 2048]]     | bf16  |      37.91       |       37.99       |       38.1       |       12.49        | 3.36e+07 | 1.68e+07 |       0.6%       |    22.14%     |
|  8  |  1   | 8192 | 2048 |    [[8, 1, 8192], [8, 8192, 2048]]     | bf16  |      230.4       |       230.6       |      230.75      |       85.94        | 2.68e+08 | 1.34e+08 |      0.79%       |    29.14%     |
| 128 |  1   | 8192 | 2048 |  [[128, 1, 8192], [128, 8192, 2048]]   | bf16  |     3030.87      |      3031.45      |     3032.51      |       1345.0       | 4.29e+09 | 2.15e+09 |      0.96%       |    35.45%     |
|  1  |  64  | 8192 | 2048 |    [[1, 64, 8192], [1, 8192, 2048]]    | bf16  |      38.38       |       38.61       |      38.78       |       18.12        | 2.15e+09 | 1.74e+07 |      37.81%      |    22.71%     |
|  8  |  64  | 8192 | 2048 |    [[8, 64, 8192], [8, 8192, 2048]]    | bf16  |      235.53      |      235.68       |      235.86      |       130.98       | 1.72e+10 | 1.39e+08 |      49.28%      |    29.61%     |
| 128 |  64  | 8192 | 2048 |  [[128, 64, 8192], [128, 8192, 2048]]  | bf16  |     3031.09      |      3031.46      |     3032.11      |      2065.65       | 2.75e+11 | 2.23e+09 |      61.27%      |    36.81%     |
|  1  | 1024 | 8192 | 2048 |   [[1, 1024, 8192], [1, 8192, 2048]]   | bf16  |      307.67      |      307.89       |      308.07      |       259.96       | 3.44e+10 | 2.73e+07 |      75.46%      |     4.43%     |
|  8  | 1024 | 8192 | 2048 |   [[8, 1024, 8192], [8, 8192, 2048]]   | bf16  |     3110.44      |      3110.67      |     3110.88      |      2065.65       | 2.75e+11 | 2.18e+08 |      59.71%      |     3.51%     |
| 128 | 1024 | 8192 | 2048 | [[128, 1024, 8192], [128, 8192, 2048]] | bf16  |     46918.21     |     46919.15      |     46919.74     |      33020.37      | 4.40e+12 | 3.49e+09 |      63.34%      |     3.72%     |
|  1  |  1   |  32  | 8192 |      [[1, 1, 32], [1, 32, 8192]]       | bf16  |       13.4       |       13.65       |       13.9       |        2.17        | 5.24e+05 | 2.70e+05 |      0.03%       |     1.01%     |
|  8  |  1   |  32  | 8192 |      [[8, 1, 32], [8, 32, 8192]]       | bf16  |      13.32       |       13.58       |      13.85       |        3.35        | 4.19e+06 | 2.16e+06 |      0.21%       |     8.12%     |
| 128 |  1   |  32  | 8192 |    [[128, 1, 32], [128, 32, 8192]]     | bf16  |      60.48       |       60.6        |      60.72       |       23.63        | 6.71e+07 | 3.46e+07 |      0.75%       |    28.61%     |
|  1  |  64  |  32  | 8192 |      [[1, 64, 32], [1, 32, 8192]]      | bf16  |      13.82       |       14.11       |      14.29       |        2.49        | 3.36e+07 | 7.88e+05 |      1.64%       |     2.85%     |
|  8  |  64  |  32  | 8192 |      [[8, 64, 32], [8, 32, 8192]]      | bf16  |       15.2       |       15.26       |      15.36       |        5.94        | 2.68e+08 | 6.31e+06 |      11.93%      |    20.75%     |
| 128 |  64  |  32  | 8192 |    [[128, 64, 32], [128, 32, 8192]]    | bf16  |      145.15      |      145.46       |      145.74      |       65.08        | 4.29e+09 | 1.01e+08 |      19.99%      |    34.77%     |
|  1  | 1024 |  32  | 8192 |     [[1, 1024, 32], [1, 32, 8192]]     | bf16  |      21.77       |       21.9        |      21.98       |        7.43        | 5.37e+08 | 8.68e+06 |      16.66%      |    19.94%     |
|  8  | 1024 |  32  | 8192 |     [[8, 1024, 32], [8, 32, 8192]]     | bf16  |      128.47      |       128.6       |      128.75      |       45.42        | 4.29e+09 | 6.95e+07 |      22.59%      |    27.04%     |
| 128 | 1024 |  32  | 8192 |   [[128, 1024, 32], [128, 32, 8192]]   | bf16  |     1879.01      |      1879.99      |     1880.74      |       696.68       | 6.87e+10 | 1.11e+09 |      24.71%      |    29.58%     |
|  1  |  1   | 3072 | 8192 |    [[1, 1, 3072], [1, 3072, 8192]]     | bf16  |      37.88       |       37.95       |      38.01       |       17.74        | 5.03e+07 | 2.52e+07 |       0.9%       |    33.23%     |
|  8  |  1   | 3072 | 8192 |    [[8, 1, 3072], [8, 3072, 8192]]     | bf16  |      303.78      |      303.97       |      304.16      |       127.89       | 4.03e+08 | 2.01e+08 |       0.9%       |    33.15%     |
| 128 |  1   | 3072 | 8192 |  [[128, 1, 3072], [128, 3072, 8192]]   | bf16  |     4467.89      |      4468.18      |     4468.41      |      2016.17       | 6.44e+09 | 3.22e+09 |      0.97%       |    36.06%     |
|  1  |  64  | 3072 | 8192 |    [[1, 64, 3072], [1, 3072, 8192]]    | bf16  |      38.12       |       38.27       |      38.44       |       26.18        | 3.22e+09 | 2.59e+07 |      57.1%       |    33.95%     |
|  8  |  64  | 3072 | 8192 |    [[8, 64, 3072], [8, 3072, 8192]]    | bf16  |      304.18      |      304.32       |      304.48      |       195.47       | 2.58e+10 | 2.07e+08 |      57.24%      |    34.04%     |
| 128 |  64  | 3072 | 8192 |  [[128, 64, 3072], [128, 3072, 8192]]  | bf16  |     4468.52      |      4468.76      |     4469.07      |      3097.47       | 4.12e+11 | 3.31e+09 |      62.35%      |    37.08%     |
|  1  | 1024 | 3072 | 8192 |   [[1, 1024, 3072], [1, 3072, 8192]]   | bf16  |      399.83      |      399.95       |      400.12      |       388.93       | 5.15e+10 | 3.67e+07 |      87.1%       |     4.59%     |
|  8  | 1024 | 3072 | 8192 |   [[8, 1024, 3072], [8, 3072, 8192]]   | bf16  |     4568.01      |      4568.24      |     4568.59      |      3097.47       | 4.12e+11 | 2.94e+08 |      60.99%      |     3.21%     |
| 128 | 1024 | 3072 | 8192 | [[128, 1024, 3072], [128, 3072, 8192]] | bf16  |     71053.85     |      71056.4      |     71057.62     |      49529.55      | 6.60e+12 | 4.70e+09 |      62.73%      |     3.31%     |
|  1  |  1   | 8192 | 8192 |    [[1, 1, 8192], [1, 8192, 8192]]     | bf16  |       84.4       |       84.55       |      84.67       |       43.95        | 1.34e+08 | 6.71e+07 |      1.07%       |    39.77%     |
|  8  |  1   | 8192 | 8192 |    [[8, 1, 8192], [8, 8192, 8192]]     | bf16  |      793.43      |      793.52       |      793.6       |       337.63       | 1.07e+09 | 5.37e+08 |      0.91%       |    33.84%     |
| 128 |  1   | 8192 | 8192 |  [[128, 1, 8192], [128, 8192, 8192]]   | bf16  |     11861.91     |     11862.24      |     11862.72     |      5372.02       | 1.72e+10 | 8.59e+09 |      0.98%       |    36.22%     |
|  1  |  64  | 8192 | 8192 |    [[1, 64, 8192], [1, 8192, 8192]]    | bf16  |      84.73       |       84.92       |      85.18       |       66.49        | 8.59e+09 | 6.82e+07 |      68.5%       |    40.22%     |
|  8  |  64  | 8192 | 8192 |    [[8, 64, 8192], [8, 8192, 8192]]    | bf16  |      793.94      |      794.96       |      796.64      |       517.91       | 6.87e+10 | 5.45e+08 |      58.48%      |    34.34%     |
| 128 |  64  | 8192 | 8192 |  [[128, 64, 8192], [128, 8192, 8192]]  | bf16  |     11862.2      |     11862.63      |     11863.27     |      8256.59       | 1.10e+12 | 8.72e+09 |      62.63%      |    36.77%     |
|  1  | 1024 | 8192 | 8192 |   [[1, 1024, 8192], [1, 8192, 8192]]   | bf16  |     1043.92      |      1045.19      |     1047.26      |      1033.82       | 1.37e+11 | 8.39e+07 |      88.96%      |     4.02%     |
|  8  | 1024 | 8192 | 8192 |   [[8, 1024, 8192], [8, 8192, 8192]]   | bf16  |     11959.48     |     11959.79      |     11960.14     |      8256.59       | 1.10e+12 | 6.71e+08 |      62.12%      |     2.81%     |
