Test Case: B200_aten-sum
|   M   |   N   |    _tensor     | dtype | duration_mean(us) | duration_min(us) | duration_max(us) | theory_latency(us) |
|   1   |  32   |    [1, 32]     | bf16  |       99.42       |      98.96       |      99.92       |        2.0         |
|   2   |  32   |    [2, 32]     | bf16  |       99.03       |      98.45       |      100.22      |        2.0         |
|   8   |  32   |    [8, 32]     | bf16  |       97.94       |      97.08       |      98.96       |        2.0         |
|  128  |  32   |   [128, 32]    | bf16  |       98.26       |      97.75       |      98.85       |        2.0         |
| 1024  |  32   |   [1024, 32]   | bf16  |       98.36       |      97.62       |      99.25       |        2.01        |
| 4096  |  32   |   [4096, 32]   | bf16  |      101.79       |      100.96      |      102.52      |        2.04        |
| 16384 |  32   |  [16384, 32]   | bf16  |      102.14       |      101.74      |      102.52      |        2.16        |
|   1   |  128  |    [1, 128]    | bf16  |       98.63       |      97.93       |      98.98       |        2.0         |
|   2   |  128  |    [2, 128]    | bf16  |       98.49       |      97.94       |       99.3       |        2.0         |
|   8   |  128  |    [8, 128]    | bf16  |       98.65       |      97.96       |      99.53       |        2.0         |
|  128  |  128  |   [128, 128]   | bf16  |       99.05       |      98.69       |      99.32       |        2.01        |
| 1024  |  128  |  [1024, 128]   | bf16  |       102.0       |      101.53      |      102.81      |        2.04        |
| 4096  |  128  |  [4096, 128]   | bf16  |      102.03       |      100.79      |      102.7       |        2.16        |
| 16384 |  128  |  [16384, 128]  | bf16  |      102.57       |      102.01      |      103.14      |        2.66        |
|   1   | 1024  |   [1, 1024]    | bf16  |       98.69       |       97.3       |      99.24       |        2.0         |
|   2   | 1024  |   [2, 1024]    | bf16  |       98.7        |      98.22       |      99.06       |        2.0         |
|   8   | 1024  |   [8, 1024]    | bf16  |       98.92       |      98.08       |      99.69       |        2.0         |
|  128  | 1024  |  [128, 1024]   | bf16  |      102.44       |      102.07      |      102.72      |        2.04        |
| 1024  | 1024  |  [1024, 1024]  | bf16  |      102.91       |      102.02      |      103.45      |        2.33        |
| 4096  | 1024  |  [4096, 1024]  | bf16  |      102.38       |      101.66      |      102.9       |        3.31        |
| 16384 | 1024  | [16384, 1024]  | bf16  |      103.23       |      102.51      |      105.0       |        7.24        |
|   1   | 8192  |   [1, 8192]    | bf16  |       99.61       |      99.24       |      99.88       |        2.0         |
|   2   | 8192  |   [2, 8192]    | bf16  |       99.15       |      98.33       |      100.11      |        2.01        |
|   8   | 8192  |   [8, 8192]    | bf16  |       98.72       |      98.28       |      98.92       |        2.02        |
|  128  | 8192  |  [128, 8192]   | bf16  |      102.52       |      101.7       |      103.09      |        2.33        |
| 1024  | 8192  |  [1024, 8192]  | bf16  |      102.92       |      101.94      |      103.54      |        4.62        |
| 4096  | 8192  |  [4096, 8192]  | bf16  |      102.89       |      102.12      |      104.76      |       12.49        |
| 16384 | 8192  | [16384, 8192]  | bf16  |       103.8       |      102.23      |      104.59      |       43.94        |
|   1   | 16384 |   [1, 16384]   | bf16  |       98.9        |       98.2       |      99.47       |        2.01        |
|   2   | 16384 |   [2, 16384]   | bf16  |       99.02       |       98.2       |      100.19      |        2.01        |
|   8   | 16384 |   [8, 16384]   | bf16  |      102.17       |      101.44      |      102.7       |        2.04        |
|  128  | 16384 |  [128, 16384]  | bf16  |       102.5       |      101.99      |      103.23      |        2.66        |
| 1024  | 16384 | [1024, 16384]  | bf16  |       102.7       |      101.9       |      103.83      |        7.24        |
| 4096  | 16384 | [4096, 16384]  | bf16  |      103.24       |      102.46      |      104.13      |       22.97        |
| 16384 | 16384 | [16384, 16384] | bf16  |      152.98       |      152.6       |      153.54      |       85.89        |
|   1   |  32   |    [1, 32]     | fp16  |       99.51       |      99.03       |      100.33      |        2.0         |
|   2   |  32   |    [2, 32]     | fp16  |       99.52       |      98.44       |      100.25      |        2.0         |
|   8   |  32   |    [8, 32]     | fp16  |       99.37       |      98.69       |      99.85       |        2.0         |
|  128  |  32   |   [128, 32]    | fp16  |       99.24       |      98.85       |      99.95       |        2.0         |
| 1024  |  32   |   [1024, 32]   | fp16  |       99.35       |      99.22       |      99.57       |        2.01        |
| 4096  |  32   |   [4096, 32]   | fp16  |      103.23       |      102.53      |      104.19      |        2.04        |
| 16384 |  32   |  [16384, 32]   | fp16  |      103.04       |      102.34      |      104.12      |        2.16        |
|   1   |  128  |    [1, 128]    | fp16  |       99.61       |      98.76       |      100.31      |        2.0         |
|   2   |  128  |    [2, 128]    | fp16  |       99.63       |      98.69       |      100.06      |        2.0         |
|   8   |  128  |    [8, 128]    | fp16  |       98.46       |      97.96       |      99.79       |        2.0         |
|  128  |  128  |   [128, 128]   | fp16  |       98.96       |      98.24       |      100.11      |        2.01        |
| 1024  |  128  |  [1024, 128]   | fp16  |      102.83       |      101.96      |      103.48      |        2.04        |
| 4096  |  128  |  [4096, 128]   | fp16  |      102.16       |      100.99      |      103.08      |        2.16        |
| 16384 |  128  |  [16384, 128]  | fp16  |      102.85       |      101.82      |      103.56      |        2.66        |
|   1   | 1024  |   [1, 1024]    | fp16  |       99.86       |      98.78       |      100.77      |        2.0         |
|   2   | 1024  |   [2, 1024]    | fp16  |       98.86       |      97.73       |       99.8       |        2.0         |
|   8   | 1024  |   [8, 1024]    | fp16  |       99.04       |      98.41       |      99.59       |        2.0         |
|  128  | 1024  |  [128, 1024]   | fp16  |      102.45       |      101.69      |      103.44      |        2.04        |
| 1024  | 1024  |  [1024, 1024]  | fp16  |      102.71       |      102.24      |      103.27      |        2.33        |
| 4096  | 1024  |  [4096, 1024]  | fp16  |      102.79       |      102.05      |      103.18      |        3.31        |
| 16384 | 1024  | [16384, 1024]  | fp16  |      103.18       |      102.67      |      103.58      |        7.24        |
|   1   | 8192  |   [1, 8192]    | fp16  |       99.06       |       98.0       |      100.4       |        2.0         |
|   2   | 8192  |   [2, 8192]    | fp16  |       99.43       |      98.48       |      100.04      |        2.01        |
|   8   | 8192  |   [8, 8192]    | fp16  |       98.9        |      98.38       |      99.33       |        2.02        |
|  128  | 8192  |  [128, 8192]   | fp16  |      102.87       |      101.73      |      103.65      |        2.33        |
| 1024  | 8192  |  [1024, 8192]  | fp16  |      103.03       |      102.75      |      103.39      |        4.62        |
| 4096  | 8192  |  [4096, 8192]  | fp16  |      103.27       |      102.28      |      103.99      |       12.49        |
| 16384 | 8192  | [16384, 8192]  | fp16  |      103.67       |      103.08      |      105.0       |       43.94        |
|   1   | 16384 |   [1, 16384]   | fp16  |       99.61       |      99.03       |      100.09      |        2.01        |
|   2   | 16384 |   [2, 16384]   | fp16  |       98.48       |      97.08       |      99.33       |        2.01        |
|   8   | 16384 |   [8, 16384]   | fp16  |      102.33       |      101.26      |      103.22      |        2.04        |
|  128  | 16384 |  [128, 16384]  | fp16  |      102.34       |      101.3       |      103.45      |        2.66        |
| 1024  | 16384 | [1024, 16384]  | fp16  |      102.96       |      102.32      |      103.85      |        7.24        |
| 4096  | 16384 | [4096, 16384]  | fp16  |      102.88       |      102.28      |      104.41      |       22.97        |
| 16384 | 16384 | [16384, 16384] | fp16  |      152.57       |      152.16      |      152.78      |       85.89        |
