Test Case: B200_aten-mm
|   M   |   K   |   N   |    _tensor     |   _tensor_1    | dtype | duration_mean(us) | duration_min(us) | duration_max(us) |
|   1   |  32   |  32   |    [1, 32]     |    [32, 32]    | bf16  |      100.58       |      99.51       |      101.86      |
|   2   |  32   |  32   |    [2, 32]     |    [32, 32]    | bf16  |       99.59       |      99.16       |      100.4       |
|   8   |  32   |  32   |    [8, 32]     |    [32, 32]    | bf16  |       99.92       |      99.06       |      100.49      |
|  128  |  32   |  32   |   [128, 32]    |    [32, 32]    | bf16  |       99.79       |      99.14       |      100.62      |
| 1024  |  32   |  32   |   [1024, 32]   |    [32, 32]    | bf16  |       99.2        |      97.89       |      100.26      |
| 4096  |  32   |  32   |   [4096, 32]   |    [32, 32]    | bf16  |       98.33       |       97.0       |      101.13      |
| 16384 |  32   |  32   |  [16384, 32]   |    [32, 32]    | bf16  |       98.82       |      96.74       |      101.79      |
|   1   |  128  |  32   |    [1, 128]    |   [128, 32]    | bf16  |       97.47       |      96.87       |      98.24       |
|   2   |  128  |  32   |    [2, 128]    |   [128, 32]    | bf16  |       97.16       |      96.56       |      97.77       |
|   8   |  128  |  32   |    [8, 128]    |   [128, 32]    | bf16  |       96.97       |      96.29       |       97.6       |
|  128  |  128  |  32   |   [128, 128]   |   [128, 32]    | bf16  |       96.82       |      96.29       |      97.19       |
| 1024  |  128  |  32   |  [1024, 128]   |   [128, 32]    | bf16  |       97.32       |      96.54       |      98.24       |
| 4096  |  128  |  32   |  [4096, 128]   |   [128, 32]    | bf16  |       97.78       |      97.02       |      98.89       |
| 16384 |  128  |  32   |  [16384, 128]  |   [128, 32]    | bf16  |       98.32       |       97.5       |      98.77       |
|   1   | 1024  |  32   |   [1, 1024]    |   [1024, 32]   | bf16  |       97.66       |      97.12       |      98.16       |
|   2   | 1024  |  32   |   [2, 1024]    |   [1024, 32]   | bf16  |       97.07       |      96.41       |      97.58       |
|   8   | 1024  |  32   |   [8, 1024]    |   [1024, 32]   | bf16  |       97.26       |      96.51       |      97.81       |
|  128  | 1024  |  32   |  [128, 1024]   |   [1024, 32]   | bf16  |       97.45       |      96.13       |      98.22       |
| 1024  | 1024  |  32   |  [1024, 1024]  |   [1024, 32]   | bf16  |       97.51       |      96.86       |      98.38       |
| 4096  | 1024  |  32   |  [4096, 1024]  |   [1024, 32]   | bf16  |       97.92       |      97.49       |      98.48       |
| 16384 | 1024  |  32   | [16384, 1024]  |   [1024, 32]   | bf16  |       98.48       |      97.58       |      99.76       |
|   1   | 8192  |  32   |   [1, 8192]    |   [8192, 32]   | bf16  |       100.2       |      99.33       |      100.84      |
|   2   | 8192  |  32   |   [2, 8192]    |   [8192, 32]   | bf16  |       99.81       |      98.66       |      100.54      |
|   8   | 8192  |  32   |   [8, 8192]    |   [8192, 32]   | bf16  |       99.96       |      98.98       |      100.59      |
|  128  | 8192  |  32   |  [128, 8192]   |   [8192, 32]   | bf16  |      100.48       |      99.66       |      101.48      |
| 1024  | 8192  |  32   |  [1024, 8192]  |   [8192, 32]   | bf16  |      100.87       |      100.15      |      101.31      |
| 4096  | 8192  |  32   |  [4096, 8192]  |   [8192, 32]   | bf16  |      100.54       |      99.77       |      100.97      |
| 16384 | 8192  |  32   | [16384, 8192]  |   [8192, 32]   | bf16  |       97.64       |      97.19       |      98.79       |
|   1   | 16384 |  32   |   [1, 16384]   |  [16384, 32]   | bf16  |       99.97       |      99.51       |      100.43      |
|   2   | 16384 |  32   |   [2, 16384]   |  [16384, 32]   | bf16  |      100.59       |      100.11      |      101.08      |
|   8   | 16384 |  32   |   [8, 16384]   |  [16384, 32]   | bf16  |      100.43       |      99.98       |      100.81      |
|  128  | 16384 |  32   |  [128, 16384]  |  [16384, 32]   | bf16  |       99.77       |      99.01       |      100.36      |
| 1024  | 16384 |  32   | [1024, 16384]  |  [16384, 32]   | bf16  |      100.53       |       99.6       |      101.22      |
| 4096  | 16384 |  32   | [4096, 16384]  |  [16384, 32]   | bf16  |       100.9       |      100.39      |      101.38      |
| 16384 | 16384 |  32   | [16384, 16384] |  [16384, 32]   | bf16  |       99.02       |      98.33       |       99.5       |
|   1   |  32   |  128  |    [1, 32]     |   [32, 128]    | bf16  |       97.59       |      97.07       |      98.02       |
|   2   |  32   |  128  |    [2, 32]     |   [32, 128]    | bf16  |       97.49       |      97.07       |      98.15       |
|   8   |  32   |  128  |    [8, 32]     |   [32, 128]    | bf16  |       96.65       |      95.37       |       98.0       |
|  128  |  32   |  128  |   [128, 32]    |   [32, 128]    | bf16  |       96.88       |      96.36       |      97.33       |
| 1024  |  32   |  128  |   [1024, 32]   |   [32, 128]    | bf16  |       97.45       |      96.33       |      98.51       |
| 4096  |  32   |  128  |   [4096, 32]   |   [32, 128]    | bf16  |       97.61       |      96.73       |      99.86       |
| 16384 |  32   |  128  |  [16384, 32]   |   [32, 128]    | bf16  |       97.24       |      96.79       |      98.26       |
|   1   |  128  |  128  |    [1, 128]    |   [128, 128]   | bf16  |       96.76       |      95.68       |      97.44       |
|   2   |  128  |  128  |    [2, 128]    |   [128, 128]   | bf16  |       96.73       |      96.02       |       97.4       |
|   8   |  128  |  128  |    [8, 128]    |   [128, 128]   | bf16  |       97.31       |      96.57       |      97.97       |
|  128  |  128  |  128  |   [128, 128]   |   [128, 128]   | bf16  |       97.36       |      97.18       |      97.56       |
| 1024  |  128  |  128  |  [1024, 128]   |   [128, 128]   | bf16  |       97.5        |      97.05       |      97.93       |
| 4096  |  128  |  128  |  [4096, 128]   |   [128, 128]   | bf16  |       97.3        |      96.24       |      99.29       |
| 16384 |  128  |  128  |  [16384, 128]  |   [128, 128]   | bf16  |       97.6        |      97.34       |      97.97       |
|   1   | 1024  |  128  |   [1, 1024]    |  [1024, 128]   | bf16  |       96.53       |      96.06       |       97.0       |
|   2   | 1024  |  128  |   [2, 1024]    |  [1024, 128]   | bf16  |       97.87       |      96.97       |      98.56       |
|   8   | 1024  |  128  |   [8, 1024]    |  [1024, 128]   | bf16  |       97.25       |      96.73       |      97.69       |
|  128  | 1024  |  128  |  [128, 1024]   |  [1024, 128]   | bf16  |       97.52       |      96.54       |      98.56       |
| 1024  | 1024  |  128  |  [1024, 1024]  |  [1024, 128]   | bf16  |       98.28       |      96.88       |      100.29      |
| 4096  | 1024  |  128  |  [4096, 1024]  |  [1024, 128]   | bf16  |       98.88       |       97.3       |      102.04      |
| 16384 | 1024  |  128  | [16384, 1024]  |  [1024, 128]   | bf16  |       97.84       |      97.11       |      99.04       |
|   1   | 8192  |  128  |   [1, 8192]    |  [8192, 128]   | bf16  |       100.3       |      99.83       |      101.47      |
|   2   | 8192  |  128  |   [2, 8192]    |  [8192, 128]   | bf16  |       99.83       |      99.02       |      100.46      |
|   8   | 8192  |  128  |   [8, 8192]    |  [8192, 128]   | bf16  |       99.93       |      99.61       |      100.62      |
|  128  | 8192  |  128  |  [128, 8192]   |  [8192, 128]   | bf16  |      100.41       |      99.63       |      101.05      |
| 1024  | 8192  |  128  |  [1024, 8192]  |  [8192, 128]   | bf16  |      100.27       |      99.46       |      100.74      |
| 4096  | 8192  |  128  |  [4096, 8192]  |  [8192, 128]   | bf16  |       97.88       |       97.2       |      98.76       |
| 16384 | 8192  |  128  | [16384, 8192]  |  [8192, 128]   | bf16  |       97.7        |      97.25       |      98.47       |
|   1   | 16384 |  128  |   [1, 16384]   |  [16384, 128]  | bf16  |      100.16       |      99.85       |      100.9       |
|   2   | 16384 |  128  |   [2, 16384]   |  [16384, 128]  | bf16  |       99.65       |      99.32       |      100.05      |
|   8   | 16384 |  128  |   [8, 16384]   |  [16384, 128]  | bf16  |      100.19       |      99.62       |      100.96      |
|  128  | 16384 |  128  |  [128, 16384]  |  [16384, 128]  | bf16  |      100.34       |      99.66       |      101.13      |
| 1024  | 16384 |  128  | [1024, 16384]  |  [16384, 128]  | bf16  |      101.53       |      100.73      |      102.52      |
| 4096  | 16384 |  128  | [4096, 16384]  |  [16384, 128]  | bf16  |       102.3       |      101.02      |      104.0       |
| 16384 | 16384 |  128  | [16384, 16384] |  [16384, 128]  | bf16  |       99.74       |      98.61       |      103.95      |
|   1   |  32   | 1024  |    [1, 32]     |   [32, 1024]   | bf16  |       97.8        |      96.25       |      99.17       |
|   2   |  32   | 1024  |    [2, 32]     |   [32, 1024]   | bf16  |       97.62       |      96.89       |      98.64       |
|   8   |  32   | 1024  |    [8, 32]     |   [32, 1024]   | bf16  |       97.15       |      96.32       |      98.18       |
|  128  |  32   | 1024  |   [128, 32]    |   [32, 1024]   | bf16  |       97.89       |      97.34       |      98.14       |
| 1024  |  32   | 1024  |   [1024, 32]   |   [32, 1024]   | bf16  |       97.93       |      97.35       |      98.79       |
| 4096  |  32   | 1024  |   [4096, 32]   |   [32, 1024]   | bf16  |       98.55       |      97.43       |       99.1       |
| 16384 |  32   | 1024  |  [16384, 32]   |   [32, 1024]   | bf16  |       98.01       |      97.16       |      98.67       |
|   1   |  128  | 1024  |    [1, 128]    |  [128, 1024]   | bf16  |       97.23       |      96.68       |      97.71       |
|   2   |  128  | 1024  |    [2, 128]    |  [128, 1024]   | bf16  |       97.46       |      97.12       |      97.76       |
|   8   |  128  | 1024  |    [8, 128]    |  [128, 1024]   | bf16  |       96.59       |      95.65       |      97.14       |
|  128  |  128  | 1024  |   [128, 128]   |  [128, 1024]   | bf16  |       97.11       |      96.59       |      97.61       |
| 1024  |  128  | 1024  |  [1024, 128]   |  [128, 1024]   | bf16  |       97.38       |      96.42       |      99.32       |
| 4096  |  128  | 1024  |  [4096, 128]   |  [128, 1024]   | bf16  |       97.67       |      97.34       |      98.63       |
| 16384 |  128  | 1024  |  [16384, 128]  |  [128, 1024]   | bf16  |       97.63       |      96.41       |      99.48       |
|   1   | 1024  | 1024  |   [1, 1024]    |  [1024, 1024]  | bf16  |       97.2        |       96.8       |      97.57       |
|   2   | 1024  | 1024  |   [2, 1024]    |  [1024, 1024]  | bf16  |       97.03       |      96.21       |      97.75       |
|   8   | 1024  | 1024  |   [8, 1024]    |  [1024, 1024]  | bf16  |       97.0        |      96.33       |      97.56       |
|  128  | 1024  | 1024  |  [128, 1024]   |  [1024, 1024]  | bf16  |       97.4        |      96.29       |      98.16       |
| 1024  | 1024  | 1024  |  [1024, 1024]  |  [1024, 1024]  | bf16  |       98.23       |      97.45       |      100.11      |
| 4096  | 1024  | 1024  |  [4096, 1024]  |  [1024, 1024]  | bf16  |       98.06       |      97.44       |       98.5       |
| 16384 | 1024  | 1024  | [16384, 1024]  |  [1024, 1024]  | bf16  |       97.83       |      97.32       |      99.03       |
|   1   | 8192  | 1024  |   [1, 8192]    |  [8192, 1024]  | bf16  |      100.34       |      98.93       |      100.99      |
|   2   | 8192  | 1024  |   [2, 8192]    |  [8192, 1024]  | bf16  |      100.57       |      99.77       |      101.28      |
|   8   | 8192  | 1024  |   [8, 8192]    |  [8192, 1024]  | bf16  |      100.26       |      99.86       |      100.52      |
|  128  | 8192  | 1024  |  [128, 8192]   |  [8192, 1024]  | bf16  |      100.33       |      99.77       |      100.85      |
| 1024  | 8192  | 1024  |  [1024, 8192]  |  [8192, 1024]  | bf16  |       97.78       |      96.93       |      99.21       |
| 4096  | 8192  | 1024  |  [4096, 8192]  |  [8192, 1024]  | bf16  |       97.63       |      97.09       |      98.26       |
| 16384 | 8192  | 1024  | [16384, 8192]  |  [8192, 1024]  | bf16  |      185.05       |      184.54      |      185.94      |
|   1   | 16384 | 1024  |   [1, 16384]   | [16384, 1024]  | bf16  |       101.3       |      100.53      |      101.82      |
|   2   | 16384 | 1024  |   [2, 16384]   | [16384, 1024]  | bf16  |      100.74       |      99.94       |      101.18      |
|   8   | 16384 | 1024  |   [8, 16384]   | [16384, 1024]  | bf16  |      100.97       |      100.29      |      101.88      |
|  128  | 16384 | 1024  |  [128, 16384]  | [16384, 1024]  | bf16  |      101.18       |      99.83       |      104.07      |
| 1024  | 16384 | 1024  | [1024, 16384]  | [16384, 1024]  | bf16  |       98.07       |      96.23       |      101.3       |
| 4096  | 16384 | 1024  | [4096, 16384]  | [16384, 1024]  | bf16  |      100.24       |       99.6       |      100.56      |
| 16384 | 16384 | 1024  | [16384, 16384] | [16384, 1024]  | bf16  |      348.09       |      347.23      |      348.56      |
|   1   |  32   | 8192  |    [1, 32]     |   [32, 8192]   | bf16  |       97.99       |      97.44       |      98.53       |
|   2   |  32   | 8192  |    [2, 32]     |   [32, 8192]   | bf16  |       97.89       |      97.52       |      98.49       |
|   8   |  32   | 8192  |    [8, 32]     |   [32, 8192]   | bf16  |       97.78       |      97.15       |      98.33       |
|  128  |  32   | 8192  |   [128, 32]    |   [32, 8192]   | bf16  |       97.99       |      96.94       |      98.44       |
| 1024  |  32   | 8192  |   [1024, 32]   |   [32, 8192]   | bf16  |       98.1        |      97.41       |      99.06       |
| 4096  |  32   | 8192  |   [4096, 32]   |   [32, 8192]   | bf16  |       97.94       |      97.27       |      99.15       |
| 16384 |  32   | 8192  |  [16384, 32]   |   [32, 8192]   | bf16  |       97.96       |       97.2       |      99.85       |
|   1   |  128  | 8192  |    [1, 128]    |  [128, 8192]   | bf16  |       97.05       |      96.38       |      97.64       |
|   2   |  128  | 8192  |    [2, 128]    |  [128, 8192]   | bf16  |       97.39       |      97.09       |      97.76       |
|   8   |  128  | 8192  |    [8, 128]    |  [128, 8192]   | bf16  |       97.8        |      97.52       |      98.03       |
|  128  |  128  | 8192  |   [128, 128]   |  [128, 8192]   | bf16  |       97.28       |      96.59       |      98.28       |
| 1024  |  128  | 8192  |  [1024, 128]   |  [128, 8192]   | bf16  |      100.15       |      97.33       |      112.64      |
| 4096  |  128  | 8192  |  [4096, 128]   |  [128, 8192]   | bf16  |      100.63       |      96.41       |      116.48      |
| 16384 |  128  | 8192  |  [16384, 128]  |  [128, 8192]   | bf16  |      101.46       |       96.6       |      115.63      |
|   1   | 1024  | 8192  |   [1, 1024]    |  [1024, 8192]  | bf16  |       97.6        |      96.66       |      98.38       |
|   2   | 1024  | 8192  |   [2, 1024]    |  [1024, 8192]  | bf16  |       97.03       |       96.4       |      97.76       |
|   8   | 1024  | 8192  |   [8, 1024]    |  [1024, 8192]  | bf16  |       97.0        |       96.1       |      97.93       |
|  128  | 1024  | 8192  |  [128, 1024]   |  [1024, 8192]  | bf16  |       97.65       |      97.21       |      98.56       |
| 1024  | 1024  | 8192  |  [1024, 1024]  |  [1024, 8192]  | bf16  |       98.02       |      97.44       |      98.63       |
| 4096  | 1024  | 8192  |  [4096, 1024]  |  [1024, 8192]  | bf16  |       97.43       |      96.48       |      98.39       |
| 16384 | 1024  | 8192  | [16384, 1024]  |  [1024, 8192]  | bf16  |      175.49       |      175.35      |      175.62      |
|   1   | 8192  | 8192  |   [1, 8192]    |  [8192, 8192]  | bf16  |       97.74       |      97.07       |      98.38       |
|   2   | 8192  | 8192  |   [2, 8192]    |  [8192, 8192]  | bf16  |       97.09       |      96.15       |      97.99       |
|   8   | 8192  | 8192  |   [8, 8192]    |  [8192, 8192]  | bf16  |       97.48       |      96.19       |      98.54       |
|  128  | 8192  | 8192  |  [128, 8192]   |  [8192, 8192]  | bf16  |       97.15       |      96.31       |      97.62       |
| 1024  | 8192  | 8192  |  [1024, 8192]  |  [8192, 8192]  | bf16  |       99.7        |       99.1       |      100.6       |
| 4096  | 8192  | 8192  |  [4096, 8192]  |  [8192, 8192]  | bf16  |      341.54       |      337.7       |      357.92      |
| 16384 | 8192  | 8192  | [16384, 8192]  |  [8192, 8192]  | bf16  |      1426.75      |     1330.43      |     1529.25      |
|   1   | 16384 | 8192  |   [1, 16384]   | [16384, 8192]  | bf16  |      100.94       |      99.16       |      104.38      |
|   2   | 16384 | 8192  |   [2, 16384]   | [16384, 8192]  | bf16  |      101.92       |      100.24      |      104.93      |
|   8   | 16384 | 8192  |   [8, 16384]   | [16384, 8192]  | bf16  |      101.87       |      100.57      |      103.51      |
|  128  | 16384 | 8192  |  [128, 16384]  | [16384, 8192]  | bf16  |       99.09       |      98.55       |      99.93       |
| 1024  | 16384 | 8192  | [1024, 16384]  | [16384, 8192]  | bf16  |       173.1       |      172.61      |      173.55      |
| 4096  | 16384 | 8192  | [4096, 16384]  | [16384, 8192]  | bf16  |      718.44       |      680.15      |      752.72      |
| 16384 | 16384 | 8192  | [16384, 16384] | [16384, 8192]  | bf16  |      2822.24      |     2590.31      |     2882.46      |
|   1   |  32   | 16384 |    [1, 32]     |  [32, 16384]   | bf16  |       97.94       |      96.84       |      98.87       |
|   2   |  32   | 16384 |    [2, 32]     |  [32, 16384]   | bf16  |       97.98       |      97.46       |      98.51       |
|   8   |  32   | 16384 |    [8, 32]     |  [32, 16384]   | bf16  |       97.84       |      97.41       |      98.12       |
|  128  |  32   | 16384 |   [128, 32]    |  [32, 16384]   | bf16  |       97.47       |      96.76       |      98.16       |
| 1024  |  32   | 16384 |   [1024, 32]   |  [32, 16384]   | bf16  |       97.69       |      96.21       |      98.98       |
| 4096  |  32   | 16384 |   [4096, 32]   |  [32, 16384]   | bf16  |       97.44       |      96.68       |      98.71       |
| 16384 |  32   | 16384 |  [16384, 32]   |  [32, 16384]   | bf16  |       99.37       |      98.87       |      100.18      |
|   1   |  128  | 16384 |    [1, 128]    |  [128, 16384]  | bf16  |       96.75       |      96.12       |      97.32       |
|   2   |  128  | 16384 |    [2, 128]    |  [128, 16384]  | bf16  |       96.85       |      95.53       |      97.57       |
|   8   |  128  | 16384 |    [8, 128]    |  [128, 16384]  | bf16  |       97.54       |      96.77       |      99.99       |
|  128  |  128  | 16384 |   [128, 128]   |  [128, 16384]  | bf16  |       96.97       |      96.11       |       97.7       |
| 1024  |  128  | 16384 |  [1024, 128]   |  [128, 16384]  | bf16  |      100.67       |      97.14       |      114.44      |
| 4096  |  128  | 16384 |  [4096, 128]   |  [128, 16384]  | bf16  |       98.09       |      96.75       |      99.68       |
| 16384 |  128  | 16384 |  [16384, 128]  |  [128, 16384]  | bf16  |      111.62       |      111.31      |      112.57      |
|   1   | 1024  | 16384 |   [1, 1024]    | [1024, 16384]  | bf16  |       97.07       |      96.26       |      98.17       |
|   2   | 1024  | 16384 |   [2, 1024]    | [1024, 16384]  | bf16  |       97.3        |      96.48       |      97.91       |
|   8   | 1024  | 16384 |   [8, 1024]    | [1024, 16384]  | bf16  |       98.61       |      97.77       |      100.17      |
|  128  | 1024  | 16384 |  [128, 1024]   | [1024, 16384]  | bf16  |       97.69       |      97.07       |      98.35       |
| 1024  | 1024  | 16384 |  [1024, 1024]  | [1024, 16384]  | bf16  |       97.86       |       97.5       |      98.55       |
| 4096  | 1024  | 16384 |  [4096, 1024]  | [1024, 16384]  | bf16  |       99.43       |      98.15       |      101.08      |
| 16384 | 1024  | 16384 | [16384, 1024]  | [1024, 16384]  | bf16  |      354.02       |      345.99      |      370.26      |
|   1   | 8192  | 16384 |   [1, 8192]    | [8192, 16384]  | bf16  |       98.5        |      97.81       |      98.89       |
|   2   | 8192  | 16384 |   [2, 8192]    | [8192, 16384]  | bf16  |       98.71       |      98.31       |      99.14       |
|   8   | 8192  | 16384 |   [8, 8192]    | [8192, 16384]  | bf16  |       98.02       |      97.26       |      98.68       |
|  128  | 8192  | 16384 |  [128, 8192]   | [8192, 16384]  | bf16  |       98.61       |      98.14       |      99.73       |
| 1024  | 8192  | 16384 |  [1024, 8192]  | [8192, 16384]  | bf16  |      182.46       |      181.89      |      183.46      |
| 4096  | 8192  | 16384 |  [4096, 8192]  | [8192, 16384]  | bf16  |      705.17       |      668.72      |      756.29      |
| 16384 | 8192  | 16384 | [16384, 8192]  | [8192, 16384]  | bf16  |      2948.88      |     2696.29      |     3030.45      |
|   1   | 16384 | 16384 |   [1, 16384]   | [16384, 16384] | bf16  |      102.21       |      100.88      |      104.45      |
|   2   | 16384 | 16384 |   [2, 16384]   | [16384, 16384] | bf16  |      101.97       |      101.49      |      102.36      |
|   8   | 16384 | 16384 |   [8, 16384]   | [16384, 16384] | bf16  |      102.65       |      101.63      |      103.57      |
|  128  | 16384 | 16384 |  [128, 16384]  | [16384, 16384] | bf16  |      100.66       |      100.08      |      101.82      |
| 1024  | 16384 | 16384 | [1024, 16384]  | [16384, 16384] | bf16  |      346.89       |      345.43      |      348.53      |
| 4096  | 16384 | 16384 | [4096, 16384]  | [16384, 16384] | bf16  |      1371.82      |     1247.67      |     1474.82      |
| 16384 | 16384 | 16384 | [16384, 16384] | [16384, 16384] | bf16  |      5757.69      |     5346.73      |     5903.28      |
|   1   |  32   |  32   |    [1, 32]     |    [32, 32]    | fp16  |       96.89       |      96.49       |      97.58       |
|   2   |  32   |  32   |    [2, 32]     |    [32, 32]    | fp16  |       97.32       |      96.74       |      97.72       |
|   8   |  32   |  32   |    [8, 32]     |    [32, 32]    | fp16  |       97.09       |      96.79       |      97.56       |
|  128  |  32   |  32   |   [128, 32]    |    [32, 32]    | fp16  |       97.39       |      96.37       |      98.45       |
| 1024  |  32   |  32   |   [1024, 32]   |    [32, 32]    | fp16  |       97.85       |      97.56       |      98.34       |
| 4096  |  32   |  32   |   [4096, 32]   |    [32, 32]    | fp16  |       97.72       |      96.76       |      98.81       |
| 16384 |  32   |  32   |  [16384, 32]   |    [32, 32]    | fp16  |       99.02       |      96.83       |      103.06      |
|   1   |  128  |  32   |    [1, 128]    |   [128, 32]    | fp16  |       97.49       |      96.67       |      98.91       |
|   2   |  128  |  32   |    [2, 128]    |   [128, 32]    | fp16  |       96.89       |      96.26       |      97.45       |
|   8   |  128  |  32   |    [8, 128]    |   [128, 32]    | fp16  |       96.69       |      95.68       |      97.43       |
|  128  |  128  |  32   |   [128, 128]   |   [128, 32]    | fp16  |       97.34       |      96.96       |      97.75       |
| 1024  |  128  |  32   |  [1024, 128]   |   [128, 32]    | fp16  |       97.45       |      96.78       |      97.82       |
| 4096  |  128  |  32   |  [4096, 128]   |   [128, 32]    | fp16  |       97.54       |      97.05       |      97.83       |
| 16384 |  128  |  32   |  [16384, 128]  |   [128, 32]    | fp16  |       97.68       |       97.1       |      98.29       |
|   1   | 1024  |  32   |   [1, 1024]    |   [1024, 32]   | fp16  |       97.44       |       97.3       |      97.57       |
|   2   | 1024  |  32   |   [2, 1024]    |   [1024, 32]   | fp16  |       96.58       |       95.9       |      97.21       |
|   8   | 1024  |  32   |   [8, 1024]    |   [1024, 32]   | fp16  |       96.93       |      96.09       |       97.3       |
|  128  | 1024  |  32   |  [128, 1024]   |   [1024, 32]   | fp16  |       97.37       |       96.1       |      97.84       |
| 1024  | 1024  |  32   |  [1024, 1024]  |   [1024, 32]   | fp16  |       97.74       |      97.41       |       98.1       |
| 4096  | 1024  |  32   |  [4096, 1024]  |   [1024, 32]   | fp16  |       97.8        |       97.3       |      98.71       |
| 16384 | 1024  |  32   | [16384, 1024]  |   [1024, 32]   | fp16  |       97.93       |      97.34       |      98.46       |
|   1   | 8192  |  32   |   [1, 8192]    |   [8192, 32]   | fp16  |      101.05       |      100.34      |      102.11      |
|   2   | 8192  |  32   |   [2, 8192]    |   [8192, 32]   | fp16  |      100.25       |      99.41       |      101.65      |
|   8   | 8192  |  32   |   [8, 8192]    |   [8192, 32]   | fp16  |      100.25       |       99.4       |      101.36      |
|  128  | 8192  |  32   |  [128, 8192]   |   [8192, 32]   | fp16  |       99.97       |      99.22       |      100.61      |
| 1024  | 8192  |  32   |  [1024, 8192]  |   [8192, 32]   | fp16  |       100.0       |      99.34       |      101.6       |
| 4096  | 8192  |  32   |  [4096, 8192]  |   [8192, 32]   | fp16  |       100.7       |      99.97       |      101.27      |
| 16384 | 8192  |  32   | [16384, 8192]  |   [8192, 32]   | fp16  |       98.38       |      97.53       |      99.84       |
|   1   | 16384 |  32   |   [1, 16384]   |  [16384, 32]   | fp16  |      100.31       |      99.01       |      100.97      |
|   2   | 16384 |  32   |   [2, 16384]   |  [16384, 32]   | fp16  |      100.69       |      100.05      |      101.04      |
|   8   | 16384 |  32   |   [8, 16384]   |  [16384, 32]   | fp16  |      100.82       |      100.4       |      101.3       |
|  128  | 16384 |  32   |  [128, 16384]  |  [16384, 32]   | fp16  |      100.92       |      99.98       |      101.31      |
| 1024  | 16384 |  32   | [1024, 16384]  |  [16384, 32]   | fp16  |      101.56       |      100.19      |      102.51      |
| 4096  | 16384 |  32   | [4096, 16384]  |  [16384, 32]   | fp16  |      101.09       |      100.66      |      101.71      |
| 16384 | 16384 |  32   | [16384, 16384] |  [16384, 32]   | fp16  |       98.92       |      98.38       |      99.33       |
|   1   |  32   |  128  |    [1, 32]     |   [32, 128]    | fp16  |       98.16       |      97.65       |      98.95       |
|   2   |  32   |  128  |    [2, 32]     |   [32, 128]    | fp16  |       97.91       |      97.61       |      98.16       |
|   8   |  32   |  128  |    [8, 32]     |   [32, 128]    | fp16  |       97.89       |      97.59       |      98.39       |
|  128  |  32   |  128  |   [128, 32]    |   [32, 128]    | fp16  |       97.55       |      97.17       |      98.08       |
| 1024  |  32   |  128  |   [1024, 32]   |   [32, 128]    | fp16  |       97.96       |      96.97       |      100.75      |
| 4096  |  32   |  128  |   [4096, 32]   |   [32, 128]    | fp16  |       97.97       |      97.08       |      100.91      |
| 16384 |  32   |  128  |  [16384, 32]   |   [32, 128]    | fp16  |       97.36       |      96.82       |      97.76       |
|   1   |  128  |  128  |    [1, 128]    |   [128, 128]   | fp16  |       96.77       |      96.28       |       97.0       |
|   2   |  128  |  128  |    [2, 128]    |   [128, 128]   | fp16  |       97.21       |      96.48       |      98.04       |
|   8   |  128  |  128  |    [8, 128]    |   [128, 128]   | fp16  |       97.14       |      95.89       |      97.91       |
|  128  |  128  |  128  |   [128, 128]   |   [128, 128]   | fp16  |       97.03       |      96.21       |      97.73       |
| 1024  |  128  |  128  |  [1024, 128]   |   [128, 128]   | fp16  |       97.47       |      97.06       |      98.11       |
| 4096  |  128  |  128  |  [4096, 128]   |   [128, 128]   | fp16  |       97.7        |      97.18       |      98.29       |
| 16384 |  128  |  128  |  [16384, 128]  |   [128, 128]   | fp16  |       97.42       |      96.71       |      97.86       |
|   1   | 1024  |  128  |   [1, 1024]    |  [1024, 128]   | fp16  |       97.2        |      96.11       |      97.79       |
|   2   | 1024  |  128  |   [2, 1024]    |  [1024, 128]   | fp16  |       97.19       |      96.73       |      97.55       |
|   8   | 1024  |  128  |   [8, 1024]    |  [1024, 128]   | fp16  |       97.82       |      97.08       |      98.79       |
|  128  | 1024  |  128  |  [128, 1024]   |  [1024, 128]   | fp16  |       97.69       |      96.93       |      98.43       |
| 1024  | 1024  |  128  |  [1024, 1024]  |  [1024, 128]   | fp16  |       98.16       |      97.66       |      98.63       |
| 4096  | 1024  |  128  |  [4096, 1024]  |  [1024, 128]   | fp16  |       99.1        |      97.88       |      103.2       |
| 16384 | 1024  |  128  | [16384, 1024]  |  [1024, 128]   | fp16  |       98.11       |      97.09       |      101.51      |
|   1   | 8192  |  128  |   [1, 8192]    |  [8192, 128]   | fp16  |      100.04       |      99.45       |      101.01      |
|   2   | 8192  |  128  |   [2, 8192]    |  [8192, 128]   | fp16  |       100.1       |      99.21       |      101.4       |
|   8   | 8192  |  128  |   [8, 8192]    |  [8192, 128]   | fp16  |      100.76       |       99.6       |      102.44      |
|  128  | 8192  |  128  |  [128, 8192]   |  [8192, 128]   | fp16  |      100.03       |      99.57       |      100.52      |
| 1024  | 8192  |  128  |  [1024, 8192]  |  [8192, 128]   | fp16  |       100.2       |      99.52       |      100.74      |
| 4096  | 8192  |  128  |  [4096, 8192]  |  [8192, 128]   | fp16  |       97.88       |      96.87       |      98.78       |
| 16384 | 8192  |  128  | [16384, 8192]  |  [8192, 128]   | fp16  |       97.54       |       96.6       |      98.51       |
|   1   | 16384 |  128  |   [1, 16384]   |  [16384, 128]  | fp16  |      100.16       |      99.82       |      100.62      |
|   2   | 16384 |  128  |   [2, 16384]   |  [16384, 128]  | fp16  |      100.14       |      99.33       |      100.67      |
|   8   | 16384 |  128  |   [8, 16384]   |  [16384, 128]  | fp16  |       99.91       |      99.03       |      101.04      |
|  128  | 16384 |  128  |  [128, 16384]  |  [16384, 128]  | fp16  |       99.69       |      99.06       |      100.05      |
| 1024  | 16384 |  128  | [1024, 16384]  |  [16384, 128]  | fp16  |      101.82       |      100.43      |      104.92      |
| 4096  | 16384 |  128  | [4096, 16384]  |  [16384, 128]  | fp16  |      101.02       |      100.61      |      101.84      |
| 16384 | 16384 |  128  | [16384, 16384] |  [16384, 128]  | fp16  |       99.6        |      99.19       |      100.16      |
|   1   |  32   | 1024  |    [1, 32]     |   [32, 1024]   | fp16  |       97.69       |      97.08       |      98.19       |
|   2   |  32   | 1024  |    [2, 32]     |   [32, 1024]   | fp16  |       97.45       |      96.99       |      98.06       |
|   8   |  32   | 1024  |    [8, 32]     |   [32, 1024]   | fp16  |       98.12       |      97.54       |      99.13       |
|  128  |  32   | 1024  |   [128, 32]    |   [32, 1024]   | fp16  |       98.07       |      96.89       |      98.66       |
| 1024  |  32   | 1024  |   [1024, 32]   |   [32, 1024]   | fp16  |       97.96       |      97.47       |      98.46       |
| 4096  |  32   | 1024  |   [4096, 32]   |   [32, 1024]   | fp16  |       97.74       |       97.1       |      98.32       |
| 16384 |  32   | 1024  |  [16384, 32]   |   [32, 1024]   | fp16  |       98.11       |      97.57       |      98.96       |
|   1   |  128  | 1024  |    [1, 128]    |  [128, 1024]   | fp16  |       97.78       |      97.01       |      98.51       |
|   2   |  128  | 1024  |    [2, 128]    |  [128, 1024]   | fp16  |       97.01       |      96.19       |      97.42       |
|   8   |  128  | 1024  |    [8, 128]    |  [128, 1024]   | fp16  |       96.94       |      96.38       |      97.78       |
|  128  |  128  | 1024  |   [128, 128]   |  [128, 1024]   | fp16  |       97.0        |      95.88       |      97.58       |
| 1024  |  128  | 1024  |  [1024, 128]   |  [128, 1024]   | fp16  |       96.83       |      96.24       |      97.51       |
| 4096  |  128  | 1024  |  [4096, 128]   |  [128, 1024]   | fp16  |       96.96       |      96.57       |      97.48       |
| 16384 |  128  | 1024  |  [16384, 128]  |  [128, 1024]   | fp16  |       97.34       |      96.54       |      98.29       |
|   1   | 1024  | 1024  |   [1, 1024]    |  [1024, 1024]  | fp16  |       97.14       |      96.32       |      97.87       |
|   2   | 1024  | 1024  |   [2, 1024]    |  [1024, 1024]  | fp16  |       96.64       |      96.08       |      97.08       |
|   8   | 1024  | 1024  |   [8, 1024]    |  [1024, 1024]  | fp16  |       97.32       |      96.98       |      97.91       |
|  128  | 1024  | 1024  |  [128, 1024]   |  [1024, 1024]  | fp16  |       97.41       |      97.03       |      97.73       |
| 1024  | 1024  | 1024  |  [1024, 1024]  |  [1024, 1024]  | fp16  |       96.9        |      96.52       |      97.27       |
| 4096  | 1024  | 1024  |  [4096, 1024]  |  [1024, 1024]  | fp16  |       97.16       |      96.58       |      97.64       |
| 16384 | 1024  | 1024  | [16384, 1024]  |  [1024, 1024]  | fp16  |       98.07       |      97.06       |      100.22      |
|   1   | 8192  | 1024  |   [1, 8192]    |  [8192, 1024]  | fp16  |      100.45       |      99.89       |      100.91      |
|   2   | 8192  | 1024  |   [2, 8192]    |  [8192, 1024]  | fp16  |      100.17       |      99.83       |      100.8       |
|   8   | 8192  | 1024  |   [8, 8192]    |  [8192, 1024]  | fp16  |      100.25       |      99.74       |      100.59      |
|  128  | 8192  | 1024  |  [128, 8192]   |  [8192, 1024]  | fp16  |      100.54       |      99.47       |      103.08      |
| 1024  | 8192  | 1024  |  [1024, 8192]  |  [8192, 1024]  | fp16  |       96.82       |       96.0       |      97.63       |
| 4096  | 8192  | 1024  |  [4096, 8192]  |  [8192, 1024]  | fp16  |       97.38       |      96.69       |      97.74       |
| 16384 | 8192  | 1024  | [16384, 8192]  |  [8192, 1024]  | fp16  |      192.14       |      190.44      |      196.53      |
|   1   | 16384 | 1024  |   [1, 16384]   | [16384, 1024]  | fp16  |      100.11       |      98.77       |      100.69      |
|   2   | 16384 | 1024  |   [2, 16384]   | [16384, 1024]  | fp16  |      100.61       |      99.72       |      101.56      |
|   8   | 16384 | 1024  |   [8, 16384]   | [16384, 1024]  | fp16  |      100.25       |      99.57       |      100.67      |
|  128  | 16384 | 1024  |  [128, 16384]  | [16384, 1024]  | fp16  |      100.69       |      99.88       |      101.22      |
| 1024  | 16384 | 1024  | [1024, 16384]  | [16384, 1024]  | fp16  |       97.71       |      96.71       |      98.17       |
| 4096  | 16384 | 1024  | [4096, 16384]  | [16384, 1024]  | fp16  |      100.92       |      100.27      |      101.71      |
| 16384 | 16384 | 1024  | [16384, 16384] | [16384, 1024]  | fp16  |      372.68       |      360.71      |      390.11      |
|   1   |  32   | 8192  |    [1, 32]     |   [32, 8192]   | fp16  |       97.34       |      96.91       |      97.97       |
|   2   |  32   | 8192  |    [2, 32]     |   [32, 8192]   | fp16  |       97.45       |      96.55       |      97.88       |
|   8   |  32   | 8192  |    [8, 32]     |   [32, 8192]   | fp16  |       97.09       |      96.42       |      97.78       |
|  128  |  32   | 8192  |   [128, 32]    |   [32, 8192]   | fp16  |       97.33       |      96.96       |      97.81       |
| 1024  |  32   | 8192  |   [1024, 32]   |   [32, 8192]   | fp16  |       99.56       |      97.03       |      108.65      |
| 4096  |  32   | 8192  |   [4096, 32]   |   [32, 8192]   | fp16  |       100.2       |      96.34       |      114.43      |
| 16384 |  32   | 8192  |  [16384, 32]   |   [32, 8192]   | fp16  |       98.53       |      96.83       |      104.28      |
|   1   |  128  | 8192  |    [1, 128]    |  [128, 8192]   | fp16  |       96.77       |      96.28       |      97.48       |
|   2   |  128  | 8192  |    [2, 128]    |  [128, 8192]   | fp16  |       96.26       |      95.69       |      96.88       |
|   8   |  128  | 8192  |    [8, 128]    |  [128, 8192]   | fp16  |       96.61       |      96.15       |      97.05       |
|  128  |  128  | 8192  |   [128, 128]   |  [128, 8192]   | fp16  |       96.87       |      96.32       |      97.43       |
| 1024  |  128  | 8192  |  [1024, 128]   |  [128, 8192]   | fp16  |       97.58       |      96.75       |      98.04       |
| 4096  |  128  | 8192  |  [4096, 128]   |  [128, 8192]   | fp16  |       97.11       |      96.39       |      97.65       |
| 16384 |  128  | 8192  |  [16384, 128]  |  [128, 8192]   | fp16  |       97.59       |      96.49       |      98.92       |
|   1   | 1024  | 8192  |   [1, 1024]    |  [1024, 8192]  | fp16  |       96.71       |      96.27       |      97.21       |
|   2   | 1024  | 8192  |   [2, 1024]    |  [1024, 8192]  | fp16  |       96.88       |       96.2       |      98.09       |
|   8   | 1024  | 8192  |   [8, 1024]    |  [1024, 8192]  | fp16  |       97.11       |      96.61       |      97.51       |
|  128  | 1024  | 8192  |  [128, 1024]   |  [1024, 8192]  | fp16  |       97.14       |      96.73       |      97.63       |
| 1024  | 1024  | 8192  |  [1024, 1024]  |  [1024, 8192]  | fp16  |       97.93       |      96.92       |      99.14       |
| 4096  | 1024  | 8192  |  [4096, 1024]  |  [1024, 8192]  | fp16  |       97.92       |      96.98       |      98.85       |
| 16384 | 1024  | 8192  | [16384, 1024]  |  [1024, 8192]  | fp16  |      183.06       |      182.87      |      183.33      |
|   1   | 8192  | 8192  |   [1, 8192]    |  [8192, 8192]  | fp16  |       97.27       |      96.07       |      98.74       |
|   2   | 8192  | 8192  |   [2, 8192]    |  [8192, 8192]  | fp16  |       96.81       |      96.15       |      97.53       |
|   8   | 8192  | 8192  |   [8, 8192]    |  [8192, 8192]  | fp16  |       97.72       |      96.94       |       98.0       |
|  128  | 8192  | 8192  |  [128, 8192]   |  [8192, 8192]  | fp16  |       98.23       |      97.33       |      99.99       |
| 1024  | 8192  | 8192  |  [1024, 8192]  |  [8192, 8192]  | fp16  |      100.49       |      99.66       |      101.8       |
| 4096  | 8192  | 8192  |  [4096, 8192]  |  [8192, 8192]  | fp16  |      353.13       |      351.78      |      354.31      |
| 16384 | 8192  | 8192  | [16384, 8192]  |  [8192, 8192]  | fp16  |      1542.9       |     1432.97      |     1593.02      |
|   1   | 16384 | 8192  |   [1, 16384]   | [16384, 8192]  | fp16  |      100.68       |       99.7       |      101.43      |
|   2   | 16384 | 8192  |   [2, 16384]   | [16384, 8192]  | fp16  |      100.33       |      99.22       |      100.79      |
|   8   | 16384 | 8192  |   [8, 16384]   | [16384, 8192]  | fp16  |      102.07       |      101.65      |      102.35      |
|  128  | 16384 | 8192  |  [128, 16384]  | [16384, 8192]  | fp16  |       97.49       |      96.78       |       99.1       |
| 1024  | 16384 | 8192  | [1024, 16384]  | [16384, 8192]  | fp16  |      179.74       |      179.5       |      179.93      |
| 4096  | 16384 | 8192  | [4096, 16384]  | [16384, 8192]  | fp16  |       713.7       |      709.11      |      736.13      |
| 16384 | 16384 | 8192  | [16384, 16384] | [16384, 8192]  | fp16  |      2889.9       |     2599.51      |     3071.39      |
|   1   |  32   | 16384 |    [1, 32]     |  [32, 16384]   | fp16  |       97.65       |      97.28       |      97.95       |
|   2   |  32   | 16384 |    [2, 32]     |  [32, 16384]   | fp16  |       97.19       |      96.01       |      97.65       |
|   8   |  32   | 16384 |    [8, 32]     |  [32, 16384]   | fp16  |       97.57       |      96.71       |      98.85       |
|  128  |  32   | 16384 |   [128, 32]    |  [32, 16384]   | fp16  |       97.1        |      96.16       |      98.04       |
| 1024  |  32   | 16384 |   [1024, 32]   |  [32, 16384]   | fp16  |       97.55       |       96.8       |      98.09       |
| 4096  |  32   | 16384 |   [4096, 32]   |  [32, 16384]   | fp16  |       98.08       |      96.36       |      102.44      |
| 16384 |  32   | 16384 |  [16384, 32]   |  [32, 16384]   | fp16  |       99.36       |       98.7       |      100.72      |
|   1   |  128  | 16384 |    [1, 128]    |  [128, 16384]  | fp16  |       96.83       |      96.12       |      97.38       |
|   2   |  128  | 16384 |    [2, 128]    |  [128, 16384]  | fp16  |       96.93       |       96.5       |      97.24       |
|   8   |  128  | 16384 |    [8, 128]    |  [128, 16384]  | fp16  |       96.96       |      96.07       |      97.58       |
|  128  |  128  | 16384 |   [128, 128]   |  [128, 16384]  | fp16  |       96.89       |      95.88       |      97.58       |
| 1024  |  128  | 16384 |  [1024, 128]   |  [128, 16384]  | fp16  |       98.02       |      97.28       |      98.71       |
| 4096  |  128  | 16384 |  [4096, 128]   |  [128, 16384]  | fp16  |       97.43       |      96.48       |       99.0       |
| 16384 |  128  | 16384 |  [16384, 128]  |  [128, 16384]  | fp16  |      111.73       |      111.35      |      112.49      |
|   1   | 1024  | 16384 |   [1, 1024]    | [1024, 16384]  | fp16  |       97.12       |      96.74       |      97.58       |
|   2   | 1024  | 16384 |   [2, 1024]    | [1024, 16384]  | fp16  |       97.7        |      96.73       |      98.71       |
|   8   | 1024  | 16384 |   [8, 1024]    | [1024, 16384]  | fp16  |       97.64       |      97.22       |      98.16       |
|  128  | 1024  | 16384 |  [128, 1024]   | [1024, 16384]  | fp16  |       97.43       |      96.64       |      98.21       |
| 1024  | 1024  | 16384 |  [1024, 1024]  | [1024, 16384]  | fp16  |       100.6       |      96.16       |      114.95      |
| 4096  | 1024  | 16384 |  [4096, 1024]  | [1024, 16384]  | fp16  |      100.02       |       98.1       |      103.29      |
| 16384 | 1024  | 16384 | [16384, 1024]  | [1024, 16384]  | fp16  |      361.96       |      360.51      |      363.2       |
|   1   | 8192  | 16384 |   [1, 8192]    | [8192, 16384]  | fp16  |       97.29       |      96.45       |      98.24       |
|   2   | 8192  | 16384 |   [2, 8192]    | [8192, 16384]  | fp16  |       97.29       |      96.64       |      97.87       |
|   8   | 8192  | 16384 |   [8, 8192]    | [8192, 16384]  | fp16  |       97.46       |      96.92       |      99.24       |
|  128  | 8192  | 16384 |  [128, 8192]   | [8192, 16384]  | fp16  |       97.8        |      97.54       |      98.14       |
| 1024  | 8192  | 16384 |  [1024, 8192]  | [8192, 16384]  | fp16  |      190.69       |      190.3       |      190.95      |
| 4096  | 8192  | 16384 |  [4096, 8192]  | [8192, 16384]  | fp16  |      742.32       |      699.48      |      796.06      |
| 16384 | 8192  | 16384 | [16384, 8192]  | [8192, 16384]  | fp16  |      3113.0       |     2846.57      |     3220.52      |
|   1   | 16384 | 16384 |   [1, 16384]   | [16384, 16384] | fp16  |      101.17       |      100.37      |      102.46      |
|   2   | 16384 | 16384 |   [2, 16384]   | [16384, 16384] | fp16  |      101.17       |      100.03      |      101.7       |
|   8   | 16384 | 16384 |   [8, 16384]   | [16384, 16384] | fp16  |      102.74       |      102.01      |      103.6       |
|  128  | 16384 | 16384 |  [128, 16384]  | [16384, 16384] | fp16  |       99.96       |      99.37       |      100.57      |
| 1024  | 16384 | 16384 | [1024, 16384]  | [16384, 16384] | fp16  |      367.11       |      363.18      |      386.6       |
| 4096  | 16384 | 16384 | [4096, 16384]  | [16384, 16384] | fp16  |      1456.58      |     1345.46      |      1500.4      |
| 16384 | 16384 | 16384 | [16384, 16384] | [16384, 16384] | fp16  |      6078.35      |     5761.77      |     6190.16      |
