Test Case: B200_aten-log
|   M   |   N   |    _tensor     | dtype | duration_mean(us) | duration_min(us) | duration_max(us) | theory_latency(us) |
|   1   |  32   |    [1, 32]     | bf16  |       90.64       |      89.61       |      91.17       |         2          |
|   2   |  32   |    [2, 32]     | bf16  |       90.65       |      89.91       |      90.99       |         2          |
|   8   |  32   |    [8, 32]     | bf16  |       90.73       |       89.8       |       91.8       |         2          |
|  128  |  32   |   [128, 32]    | bf16  |       91.04       |       90.3       |      91.64       |         2          |
| 1024  |  32   |   [1024, 32]   | bf16  |       91.01       |      89.91       |      91.76       |         2          |
| 4096  |  32   |   [4096, 32]   | bf16  |       90.61       |      89.83       |      91.63       |         2          |
| 16384 |  32   |  [16384, 32]   | bf16  |       90.66       |       89.4       |      91.91       |         2          |
|   1   |  128  |    [1, 128]    | bf16  |       90.6        |      90.18       |       91.0       |         2          |
|   2   |  128  |    [2, 128]    | bf16  |       90.94       |      89.52       |      91.84       |         2          |
|   8   |  128  |    [8, 128]    | bf16  |       91.12       |      90.66       |      92.39       |         2          |
|  128  |  128  |   [128, 128]   | bf16  |       90.73       |      89.88       |      91.91       |         2          |
| 1024  |  128  |  [1024, 128]   | bf16  |       91.51       |       90.4       |      92.08       |         2          |
| 4096  |  128  |  [4096, 128]   | bf16  |       91.09       |      90.05       |      92.35       |         2          |
| 16384 |  128  |  [16384, 128]  | bf16  |       91.37       |      90.28       |      93.82       |         2          |
|   1   | 1024  |   [1, 1024]    | bf16  |       90.62       |      89.98       |      91.39       |         2          |
|   2   | 1024  |   [2, 1024]    | bf16  |       91.44       |      90.77       |      91.96       |         2          |
|   8   | 1024  |   [8, 1024]    | bf16  |       91.3        |      90.71       |      92.39       |         2          |
|  128  | 1024  |  [128, 1024]   | bf16  |       90.77       |      90.29       |      91.57       |         2          |
| 1024  | 1024  |  [1024, 1024]  | bf16  |       91.29       |      90.53       |       91.8       |         2          |
| 4096  | 1024  |  [4096, 1024]  | bf16  |       91.84       |      91.27       |      92.26       |         2          |
| 16384 | 1024  | [16384, 1024]  | bf16  |       91.65       |      91.38       |      92.07       |         2          |
|   1   | 8192  |   [1, 8192]    | bf16  |       91.78       |       90.6       |      92.27       |         2          |
|   2   | 8192  |   [2, 8192]    | bf16  |       90.89       |      89.85       |      92.32       |         2          |
|   8   | 8192  |   [8, 8192]    | bf16  |       90.75       |      90.06       |       91.5       |         2          |
|  128  | 8192  |  [128, 8192]   | bf16  |       90.57       |      90.08       |      91.19       |         2          |
| 1024  | 8192  |  [1024, 8192]  | bf16  |       91.64       |      89.91       |      98.51       |         2          |
| 4096  | 8192  |  [4096, 8192]  | bf16  |       91.11       |      90.35       |      91.65       |         2          |
| 16384 | 8192  | [16384, 8192]  | bf16  |      153.31       |      152.89      |      153.5       |         2          |
|   1   | 16384 |   [1, 16384]   | bf16  |       90.4        |      89.66       |      91.59       |         2          |
|   2   | 16384 |   [2, 16384]   | bf16  |       91.04       |       90.0       |      91.81       |         2          |
|   8   | 16384 |   [8, 16384]   | bf16  |       91.2        |      90.45       |      91.85       |         2          |
|  128  | 16384 |  [128, 16384]  | bf16  |       91.2        |      90.12       |      93.81       |         2          |
| 1024  | 16384 | [1024, 16384]  | bf16  |       90.98       |      90.24       |      91.62       |         2          |
| 4096  | 16384 | [4096, 16384]  | bf16  |       93.11       |      91.71       |      94.58       |         2          |
| 16384 | 16384 | [16384, 16384] | bf16  |      298.48       |      298.31      |      298.89      |         2          |
|   1   |  32   |    [1, 32]     | fp16  |       91.08       |      89.91       |      91.47       |         2          |
|   2   |  32   |    [2, 32]     | fp16  |       90.59       |      89.06       |      91.55       |         2          |
|   8   |  32   |    [8, 32]     | fp16  |       90.77       |      90.27       |      91.02       |         2          |
|  128  |  32   |   [128, 32]    | fp16  |       90.87       |      90.55       |      91.26       |         2          |
| 1024  |  32   |   [1024, 32]   | fp16  |       91.19       |      90.58       |      91.82       |         2          |
| 4096  |  32   |   [4096, 32]   | fp16  |       90.94       |      89.81       |      94.49       |         2          |
| 16384 |  32   |  [16384, 32]   | fp16  |       91.24       |       90.2       |      92.13       |         2          |
|   1   |  128  |    [1, 128]    | fp16  |       91.0        |      90.62       |      91.37       |         2          |
|   2   |  128  |    [2, 128]    | fp16  |       89.95       |      89.21       |      90.73       |         2          |
|   8   |  128  |    [8, 128]    | fp16  |       90.64       |      89.91       |      91.57       |         2          |
|  128  |  128  |   [128, 128]   | fp16  |       91.26       |      90.73       |      91.76       |         2          |
| 1024  |  128  |  [1024, 128]   | fp16  |       91.04       |      90.24       |      93.53       |         2          |
| 4096  |  128  |  [4096, 128]   | fp16  |       91.16       |      90.44       |      91.81       |         2          |
| 16384 |  128  |  [16384, 128]  | fp16  |       91.25       |      90.25       |      91.89       |         2          |
|   1   | 1024  |   [1, 1024]    | fp16  |       90.16       |      89.83       |      91.06       |         2          |
|   2   | 1024  |   [2, 1024]    | fp16  |       90.38       |      89.57       |      91.18       |         2          |
|   8   | 1024  |   [8, 1024]    | fp16  |       90.14       |      89.15       |      90.68       |         2          |
|  128  | 1024  |  [128, 1024]   | fp16  |       91.1        |      90.17       |      92.65       |         2          |
| 1024  | 1024  |  [1024, 1024]  | fp16  |       90.47       |      89.72       |      91.04       |         2          |
| 4096  | 1024  |  [4096, 1024]  | fp16  |       91.28       |      90.32       |      92.08       |         2          |
| 16384 | 1024  | [16384, 1024]  | fp16  |       90.89       |      90.08       |      91.57       |         2          |
|   1   | 8192  |   [1, 8192]    | fp16  |       90.43       |      89.55       |      91.04       |         2          |
|   2   | 8192  |   [2, 8192]    | fp16  |       90.94       |      90.17       |      91.75       |         2          |
|   8   | 8192  |   [8, 8192]    | fp16  |       90.73       |      89.14       |       91.8       |         2          |
|  128  | 8192  |  [128, 8192]   | fp16  |       90.55       |      89.58       |      91.23       |         2          |
| 1024  | 8192  |  [1024, 8192]  | fp16  |       91.84       |      90.72       |      93.31       |         2          |
| 4096  | 8192  |  [4096, 8192]  | fp16  |       92.06       |      90.05       |      99.34       |         2          |
| 16384 | 8192  | [16384, 8192]  | fp16  |      145.29       |      145.19      |      145.48      |         2          |
|   1   | 16384 |   [1, 16384]   | fp16  |       90.98       |      90.07       |      91.85       |         2          |
|   2   | 16384 |   [2, 16384]   | fp16  |       90.84       |      90.09       |      91.36       |         2          |
|   8   | 16384 |   [8, 16384]   | fp16  |       91.06       |      90.23       |       92.0       |         2          |
|  128  | 16384 |  [128, 16384]  | fp16  |       91.09       |      90.54       |      91.61       |         2          |
| 1024  | 16384 | [1024, 16384]  | fp16  |       92.59       |      90.51       |      95.82       |         2          |
| 4096  | 16384 | [4096, 16384]  | fp16  |       92.55       |      91.73       |       94.1       |         2          |
| 16384 | 16384 | [16384, 16384] | fp16  |      283.46       |      283.29      |      283.54      |         2          |
