Test Case: B200_aten-mean
| B |   M   |   N   |      _tensor      | dim | keepdim | dtype | duration_mean(us) | duration_min(us) | duration_max(us) | theory_latency(us) |
| 1 |   1   |  32   |    [1, 1, 32]     | -1  |  True   | bf16  |       99.37       |      98.36       |      100.45      |        2.0         |
| 1 |   2   |  32   |    [1, 2, 32]     | -1  |  True   | bf16  |       99.74       |      99.14       |      100.66      |        2.0         |
| 1 |   8   |  32   |    [1, 8, 32]     | -1  |  True   | bf16  |       99.6        |      99.24       |      99.89       |        2.0         |
| 1 |  128  |  32   |   [1, 128, 32]    | -1  |  True   | bf16  |       99.2        |      98.56       |      99.68       |        2.0         |
| 1 | 1024  |  32   |   [1, 1024, 32]   | -1  |  True   | bf16  |       99.75       |      99.23       |      101.53      |        2.01        |
| 1 | 4096  |  32   |   [1, 4096, 32]   | -1  |  True   | bf16  |       99.22       |      98.35       |      99.82       |        2.04        |
| 1 | 16384 |  32   |  [1, 16384, 32]   | -1  |  True   | bf16  |       99.39       |      98.75       |      99.96       |        2.16        |
| 1 |   1   |  128  |    [1, 1, 128]    | -1  |  True   | bf16  |       99.77       |      99.11       |      100.19      |        2.0         |
| 1 |   2   |  128  |    [1, 2, 128]    | -1  |  True   | bf16  |       99.84       |      99.07       |      100.48      |        2.0         |
| 1 |   8   |  128  |    [1, 8, 128]    | -1  |  True   | bf16  |       99.98       |       99.5       |      100.76      |        2.0         |
| 1 |  128  |  128  |   [1, 128, 128]   | -1  |  True   | bf16  |      100.05       |      98.98       |      100.64      |        2.01        |
| 1 | 1024  |  128  |  [1, 1024, 128]   | -1  |  True   | bf16  |       99.93       |      99.17       |      100.97      |        2.04        |
| 1 | 4096  |  128  |  [1, 4096, 128]   | -1  |  True   | bf16  |       100.1       |      98.53       |      101.69      |        2.16        |
| 1 | 16384 |  128  |  [1, 16384, 128]  | -1  |  True   | bf16  |       98.99       |      98.34       |      100.13      |        2.66        |
| 1 |   1   | 1024  |   [1, 1, 1024]    | -1  |  True   | bf16  |       98.8        |      98.19       |      99.17       |        2.0         |
| 1 |   2   | 1024  |   [1, 2, 1024]    | -1  |  True   | bf16  |       99.24       |      98.25       |      100.05      |        2.0         |
| 1 |   8   | 1024  |   [1, 8, 1024]    | -1  |  True   | bf16  |       99.26       |      98.71       |      99.72       |        2.0         |
| 1 |  128  | 1024  |  [1, 128, 1024]   | -1  |  True   | bf16  |       99.37       |      98.54       |      100.01      |        2.04        |
| 1 | 1024  | 1024  |  [1, 1024, 1024]  | -1  |  True   | bf16  |       99.77       |      98.63       |      100.39      |        2.33        |
| 1 | 4096  | 1024  |  [1, 4096, 1024]  | -1  |  True   | bf16  |      100.28       |       99.5       |      100.68      |        3.31        |
| 1 | 16384 | 1024  | [1, 16384, 1024]  | -1  |  True   | bf16  |      100.05       |      99.63       |      100.53      |        7.24        |
| 1 |   1   | 8192  |   [1, 1, 8192]    | -1  |  True   | bf16  |       99.78       |      99.11       |      100.33      |        2.0         |
| 1 |   2   | 8192  |   [1, 2, 8192]    | -1  |  True   | bf16  |       99.84       |      98.99       |      100.72      |        2.01        |
| 1 |   8   | 8192  |   [1, 8, 8192]    | -1  |  True   | bf16  |       99.67       |      98.71       |      100.81      |        2.02        |
| 1 |  128  | 8192  |  [1, 128, 8192]   | -1  |  True   | bf16  |       99.85       |      98.94       |      100.62      |        2.33        |
| 1 | 1024  | 8192  |  [1, 1024, 8192]  | -1  |  True   | bf16  |      100.33       |      99.44       |      100.78      |        4.62        |
| 1 | 4096  | 8192  |  [1, 4096, 8192]  | -1  |  True   | bf16  |      100.65       |      99.72       |      102.16      |       12.49        |
| 1 | 16384 | 8192  | [1, 16384, 8192]  | -1  |  True   | bf16  |      113.72       |      113.0       |      115.14      |       43.94        |
| 1 |   1   | 16384 |   [1, 1, 16384]   | -1  |  True   | bf16  |      100.76       |      100.07      |      101.63      |        2.01        |
| 1 |   2   | 16384 |   [1, 2, 16384]   | -1  |  True   | bf16  |       99.65       |      99.25       |      100.24      |        2.01        |
| 1 |   8   | 16384 |   [1, 8, 16384]   | -1  |  True   | bf16  |       99.73       |      99.31       |      100.31      |        2.04        |
| 1 |  128  | 16384 |  [1, 128, 16384]  | -1  |  True   | bf16  |       99.62       |      99.38       |      99.87       |        2.66        |
| 1 | 1024  | 16384 | [1, 1024, 16384]  | -1  |  True   | bf16  |      100.32       |      99.75       |      100.74      |        7.24        |
| 1 | 4096  | 16384 | [1, 4096, 16384]  | -1  |  True   | bf16  |      100.57       |      99.23       |      101.4       |       22.97        |
| 1 | 16384 | 16384 | [1, 16384, 16384] | -1  |  True   | bf16  |      171.74       |      171.58      |      171.92      |       85.89        |
| 1 |   1   |  32   |    [1, 1, 32]     | -1  |  True   | fp16  |       99.94       |      99.25       |      100.26      |        2.0         |
| 1 |   2   |  32   |    [1, 2, 32]     | -1  |  True   | fp16  |       99.88       |      98.88       |      100.79      |        2.0         |
| 1 |   8   |  32   |    [1, 8, 32]     | -1  |  True   | fp16  |       99.54       |       98.9       |      100.22      |        2.0         |
| 1 |  128  |  32   |   [1, 128, 32]    | -1  |  True   | fp16  |       99.96       |      99.45       |      100.42      |        2.0         |
| 1 | 1024  |  32   |   [1, 1024, 32]   | -1  |  True   | fp16  |      100.04       |      99.16       |      100.72      |        2.01        |
| 1 | 4096  |  32   |   [1, 4096, 32]   | -1  |  True   | fp16  |      100.14       |      99.63       |      100.73      |        2.04        |
| 1 | 16384 |  32   |  [1, 16384, 32]   | -1  |  True   | fp16  |      100.31       |      99.58       |      100.76      |        2.16        |
| 1 |   1   |  128  |    [1, 1, 128]    | -1  |  True   | fp16  |       100.6       |      99.32       |      102.08      |        2.0         |
| 1 |   2   |  128  |    [1, 2, 128]    | -1  |  True   | fp16  |      100.25       |      99.63       |      100.83      |        2.0         |
| 1 |   8   |  128  |    [1, 8, 128]    | -1  |  True   | fp16  |      100.61       |      99.16       |      101.72      |        2.0         |
| 1 |  128  |  128  |   [1, 128, 128]   | -1  |  True   | fp16  |      100.07       |      99.42       |      101.45      |        2.01        |
| 1 | 1024  |  128  |  [1, 1024, 128]   | -1  |  True   | fp16  |      100.06       |       99.3       |      100.71      |        2.04        |
| 1 | 4096  |  128  |  [1, 4096, 128]   | -1  |  True   | fp16  |      100.35       |       99.8       |      101.06      |        2.16        |
| 1 | 16384 |  128  |  [1, 16384, 128]  | -1  |  True   | fp16  |      100.34       |      100.0       |      100.8       |        2.66        |
| 1 |   1   | 1024  |   [1, 1, 1024]    | -1  |  True   | fp16  |       99.83       |      98.76       |      100.57      |        2.0         |
| 1 |   2   | 1024  |   [1, 2, 1024]    | -1  |  True   | fp16  |       99.95       |      99.05       |      100.39      |        2.0         |
| 1 |   8   | 1024  |   [1, 8, 1024]    | -1  |  True   | fp16  |       99.82       |      98.78       |      100.41      |        2.0         |
| 1 |  128  | 1024  |  [1, 128, 1024]   | -1  |  True   | fp16  |      100.02       |      99.12       |      100.78      |        2.04        |
| 1 | 1024  | 1024  |  [1, 1024, 1024]  | -1  |  True   | fp16  |      100.21       |      99.38       |      100.87      |        2.33        |
| 1 | 4096  | 1024  |  [1, 4096, 1024]  | -1  |  True   | fp16  |      100.48       |      99.88       |      100.97      |        3.31        |
| 1 | 16384 | 1024  | [1, 16384, 1024]  | -1  |  True   | fp16  |      100.46       |      99.98       |      101.01      |        7.24        |
| 1 |   1   | 8192  |   [1, 1, 8192]    | -1  |  True   | fp16  |       99.99       |      99.49       |      100.59      |        2.0         |
| 1 |   2   | 8192  |   [1, 2, 8192]    | -1  |  True   | fp16  |       99.5        |      98.73       |      100.02      |        2.01        |
| 1 |   8   | 8192  |   [1, 8, 8192]    | -1  |  True   | fp16  |      100.11       |       98.6       |      100.91      |        2.02        |
| 1 |  128  | 8192  |  [1, 128, 8192]   | -1  |  True   | fp16  |      100.22       |      99.36       |      101.67      |        2.33        |
| 1 | 1024  | 8192  |  [1, 1024, 8192]  | -1  |  True   | fp16  |      100.73       |      99.92       |      101.6       |        4.62        |
| 1 | 4096  | 8192  |  [1, 4096, 8192]  | -1  |  True   | fp16  |      100.62       |      99.71       |      102.7       |       12.49        |
| 1 | 16384 | 8192  | [1, 16384, 8192]  | -1  |  True   | fp16  |       113.3       |      112.62      |      114.03      |       43.94        |
| 1 |   1   | 16384 |   [1, 1, 16384]   | -1  |  True   | fp16  |      100.13       |      99.56       |      100.96      |        2.01        |
| 1 |   2   | 16384 |   [1, 2, 16384]   | -1  |  True   | fp16  |      100.22       |      99.21       |      100.73      |        2.01        |
| 1 |   8   | 16384 |   [1, 8, 16384]   | -1  |  True   | fp16  |       100.0       |      98.32       |      100.6       |        2.04        |
| 1 |  128  | 16384 |  [1, 128, 16384]  | -1  |  True   | fp16  |       99.97       |      99.35       |      100.61      |        2.66        |
| 1 | 1024  | 16384 | [1, 1024, 16384]  | -1  |  True   | fp16  |      100.19       |       99.9       |      100.54      |        7.24        |
| 1 | 4096  | 16384 | [1, 4096, 16384]  | -1  |  True   | fp16  |       99.6        |      99.12       |      100.37      |       22.97        |
| 1 | 16384 | 16384 | [1, 16384, 16384] | -1  |  True   | fp16  |      171.56       |      171.41      |      171.72      |       85.89        |
