Test Case: B200_aten-bmm
|  B  |  M  |  K   |  N  |     _tensor     |    _tensor_1    | dtype | duration_mean(us) | duration_min(us) | duration_max(us) | theory_latency(us) |
| 64  |  1  |  32  | 32  |   [64, 1, 32]   |  [64, 32, 32]   | bf16  |       102.0       |      101.24      |      103.25      |       255.95       |
| 128 |  1  |  32  | 32  |  [128, 1, 32]   |  [128, 32, 32]  | bf16  |      101.41       |      100.97      |      101.81      |       509.9        |
| 64  |  2  |  32  | 32  |   [64, 2, 32]   |  [64, 32, 32]   | bf16  |      100.75       |      99.94       |      101.47      |        18.3        |
| 128 |  2  |  32  | 32  |  [128, 2, 32]   |  [128, 32, 32]  | bf16  |      100.75       |      100.14      |      101.46      |        34.6        |
| 64  |  8  |  32  | 32  |   [64, 8, 32]   |  [64, 32, 32]   | bf16  |       99.49       |       98.8       |      100.35      |       132.42       |
| 128 |  8  |  32  | 32  |  [128, 8, 32]   |  [128, 32, 32]  | bf16  |       98.82       |      97.54       |      99.34       |       262.83       |
| 64  | 32  |  32  | 32  |  [64, 32, 32]   |  [64, 32, 32]   | bf16  |       98.69       |      98.28       |      99.24       |       523.67       |
| 128 | 32  |  32  | 32  |  [128, 32, 32]  |  [128, 32, 32]  | bf16  |       98.71       |      98.13       |      99.26       |       27.45        |
| 64  | 128 |  32  | 32  |  [64, 128, 32]  |  [64, 32, 32]   | bf16  |       98.74       |      98.14       |      99.38       |        52.9        |
| 128 | 128 |  32  | 32  | [128, 128, 32]  |  [128, 32, 32]  | bf16  |       97.78       |      97.06       |      98.46       |       205.61       |
| 64  | 256 |  32  | 32  |  [64, 256, 32]  |  [64, 32, 32]   | bf16  |       98.04       |      97.12       |       99.2       |       409.23       |
| 128 | 256 |  32  | 32  | [128, 256, 32]  |  [128, 32, 32]  | bf16  |       97.11       |      96.18       |      97.88       |       816.45       |
| 64  |  1  | 128  | 32  |  [64, 1, 128]   |  [64, 128, 32]  | bf16  |       97.04       |      96.35       |      97.76       |        52.9        |
| 128 |  1  | 128  | 32  |  [128, 1, 128]  | [128, 128, 32]  | bf16  |       96.2        |      95.32       |      98.61       |       103.81       |
| 64  |  2  | 128  | 32  |  [64, 2, 128]   |  [64, 128, 32]  | bf16  |       96.08       |      95.27       |      96.71       |       409.23       |
| 128 |  2  | 128  | 32  |  [128, 2, 128]  | [128, 128, 32]  | bf16  |       96.39       |      95.53       |       97.3       |       816.45       |
| 64  |  8  | 128  | 32  |  [64, 8, 128]   |  [64, 128, 32]  | bf16  |       96.22       |       95.4       |      97.27       |      1630.91       |
| 128 |  8  | 128  | 32  |  [128, 8, 128]  | [128, 128, 32]  | bf16  |       96.03       |      95.55       |      96.44       |       22.98        |
| 64  | 32  | 128  | 32  |  [64, 32, 128]  |  [64, 128, 32]  | bf16  |       96.55       |      95.84       |      97.07       |       43.95        |
| 128 | 32  | 128  | 32  | [128, 32, 128]  | [128, 128, 32]  | bf16  |       96.85       |       96.0       |      99.39       |       169.81       |
| 64  | 128 | 128  | 32  | [64, 128, 128]  |  [64, 128, 32]  | bf16  |       97.1        |      96.86       |      97.28       |       337.63       |
| 128 | 128 | 128  | 32  | [128, 128, 128] | [128, 128, 32]  | bf16  |       98.03       |      96.28       |      102.6       |       673.25       |
| 64  | 256 | 128  | 32  | [64, 256, 128]  |  [64, 128, 32]  | bf16  |       96.31       |       96.0       |      96.69       |       22.98        |
| 128 | 256 | 128  | 32  | [128, 256, 128] | [128, 128, 32]  | bf16  |       96.49       |      95.92       |      96.92       |       43.96        |
| 64  |  1  | 512  | 32  |  [64, 1, 512]   |  [64, 512, 32]  | bf16  |       96.43       |      96.09       |      97.09       |       169.85       |
| 128 |  1  | 512  | 32  |  [128, 1, 512]  | [128, 512, 32]  | bf16  |       97.06       |      96.44       |      97.45       |       337.71       |
| 64  |  2  | 512  | 32  |  [64, 2, 512]   |  [64, 512, 32]  | bf16  |       96.29       |      95.74       |      96.78       |       673.42       |
| 128 |  2  | 512  | 32  |  [128, 2, 512]  | [128, 512, 32]  | bf16  |       96.65       |      95.54       |      97.57       |       23.01        |
| 64  |  8  | 512  | 32  |  [64, 8, 512]   |  [64, 512, 32]  | bf16  |       96.68       |      96.23       |      97.08       |       44.02        |
| 128 |  8  | 512  | 32  |  [128, 8, 512]  | [128, 512, 32]  | bf16  |       96.77       |      96.25       |      97.08       |       170.1        |
| 64  | 32  | 512  | 32  |  [64, 32, 512]  |  [64, 512, 32]  | bf16  |       96.89       |      95.87       |      100.06      |       338.2        |
| 128 | 32  | 512  | 32  | [128, 32, 512]  | [128, 512, 32]  | bf16  |       97.18       |      96.62       |      97.66       |       674.4        |
| 64  | 128 | 512  | 32  | [64, 128, 512]  |  [64, 512, 32]  | bf16  |       97.78       |      96.87       |      100.2       |       23.14        |
| 64  |  1  | 2048 | 32  |  [64, 1, 2048]  | [64, 2048, 32]  | bf16  |       97.08       |      95.58       |      99.14       |       44.27        |
| 128 |  1  | 2048 | 32  | [128, 1, 2048]  | [128, 2048, 32] | bf16  |       97.19       |      96.89       |      97.59       |       171.08       |
| 64  |  1  |  32  | 128 |   [64, 1, 32]   |  [64, 32, 128]  | bf16  |       99.37       |      98.39       |      100.93      |       340.17       |
| 128 |  1  |  32  | 128 |  [128, 1, 32]   | [128, 32, 128]  | bf16  |       98.57       |      97.43       |      99.24       |       678.33       |
| 64  |  2  |  32  | 128 |   [64, 2, 32]   |  [64, 32, 128]  | bf16  |       98.1        |      97.62       |       98.7       |       23.63        |
| 128 |  2  |  32  | 128 |  [128, 2, 32]   | [128, 32, 128]  | bf16  |       97.49       |      96.97       |      98.25       |       45.25        |
| 64  |  8  |  32  | 128 |   [64, 8, 32]   |  [64, 32, 128]  | bf16  |       97.85       |       97.4       |      98.14       |       175.02       |
| 128 |  8  |  32  | 128 |  [128, 8, 32]   | [128, 32, 128]  | bf16  |       97.96       |      97.34       |      98.51       |       348.03       |
| 64  |  1  | 128  | 128 |  [64, 1, 128]   | [64, 128, 128]  | bf16  |       97.5        |      96.87       |       98.9       |       694.06       |
| 128 |  1  | 128  | 128 |  [128, 1, 128]  | [128, 128, 128] | bf16  |       97.4        |      96.87       |      97.82       |       35.94        |
| 64  |  2  | 128  | 128 |  [64, 2, 128]   | [64, 128, 128]  | bf16  |       97.56       |      96.88       |      98.23       |       69.87        |
| 128 |  2  | 128  | 128 |  [128, 2, 128]  | [128, 128, 128] | bf16  |       98.13       |      96.97       |      99.28       |       273.48       |
| 64  |  8  | 128  | 128 |  [64, 8, 128]   | [64, 128, 128]  | bf16  |       98.46       |      97.71       |      98.86       |       544.97       |
| 128 |  8  | 128  | 128 |  [128, 8, 128]  | [128, 128, 128] | bf16  |       97.53       |      96.46       |      101.01      |      1087.94       |
| 64  |  1  |  32  | 512 |   [64, 1, 32]   |  [64, 32, 512]  | bf16  |       99.31       |      98.01       |      99.98       |       69.87        |
| 128 |  1  |  32  | 512 |  [128, 1, 32]   | [128, 32, 512]  | bf16  |       99.01       |      98.54       |      99.38       |       137.74       |
| 64  |  2  |  32  | 512 |   [64, 2, 32]   |  [64, 32, 512]  | bf16  |       98.89       |       98.1       |      100.87      |       544.97       |
| 64  |  1  |  32  | 32  |   [64, 1, 32]   |  [64, 32, 32]   | fp16  |      101.56       |      100.96      |      102.25      |      1087.94       |
| 128 |  1  |  32  | 32  |  [128, 1, 32]   |  [128, 32, 32]  | fp16  |      101.46       |      100.6       |      102.19      |      2173.87       |
| 64  |  2  |  32  | 32  |   [64, 2, 32]   |  [64, 32, 32]   | fp16  |      101.02       |      100.28      |      101.96      |        4.95        |
| 128 |  2  |  32  | 32  |  [128, 2, 32]   |  [128, 32, 32]  | fp16  |      100.28       |      99.43       |      101.4       |        7.9         |
| 64  |  8  |  32  | 32  |   [64, 8, 32]   |  [64, 32, 32]   | fp16  |       99.84       |       99.0       |      100.51      |       25.61        |
| 128 |  8  |  32  | 32  |  [128, 8, 32]   |  [128, 32, 32]  | fp16  |       99.48       |      98.57       |      100.56      |       49.22        |
| 64  | 32  |  32  | 32  |  [64, 32, 32]   |  [64, 32, 32]   | fp16  |       99.39       |      98.12       |      100.28      |       96.43        |
| 128 | 32  |  32  | 32  |  [128, 32, 32]  |  [128, 32, 32]  | fp16  |       98.79       |      97.48       |      100.58      |        4.95        |
| 64  |  1  | 128  | 32  |  [64, 1, 128]   |  [64, 128, 32]  | fp16  |       97.78       |      97.11       |      98.38       |        7.91        |
| 128 |  1  | 128  | 32  |  [128, 1, 128]  | [128, 128, 32]  | fp16  |       98.05       |      97.27       |      99.15       |       25.62        |
| 64  |  2  | 128  | 32  |  [64, 2, 128]   |  [64, 128, 32]  | fp16  |       98.71       |       97.2       |      102.0       |       49.25        |
| 128 |  2  | 128  | 32  |  [128, 2, 128]  | [128, 128, 32]  | fp16  |       98.69       |      98.12       |      99.12       |       96.49        |
| 64  |  8  | 128  | 32  |  [64, 8, 128]   |  [64, 128, 32]  | fp16  |       98.7        |      97.57       |      99.53       |        4.96        |
| 128 |  8  | 128  | 32  |  [128, 8, 128]  | [128, 128, 32]  | fp16  |       98.1        |      97.28       |      98.79       |        7.93        |
| 64  |  1  | 512  | 32  |  [64, 1, 512]   |  [64, 512, 32]  | fp16  |       97.9        |      97.26       |      98.61       |       25.72        |
| 64  |  1  |  32  | 128 |   [64, 1, 32]   |  [64, 32, 128]  | fp16  |      100.72       |      99.71       |      101.46      |       49.43        |
