Test Case: B200_aten-native_layer_norm_backward
| B |   M   |   N   |      _tensor      |     _tensor_1     |  _val   |   _tensor_2   |   _tensor_3   | precision_1 | _tensor_4 | _tensor_5 |       _val_1       | dtype | duration_mean(us) | duration_min(us) | duration_max(us) |
| 1 |   1   |  32   |    [1, 1, 32]     |    [1, 1, 32]     |  [32]   |   [1, 1, 1]   |   [1, 1, 1]   |    fp32     |   [32]    |   [32]    | [True, True, True] | bf16  |      201.32       |      197.25      |      204.23      |
| 1 |   2   |  32   |    [1, 2, 32]     |    [1, 2, 32]     |  [32]   |   [2, 1, 1]   |   [2, 1, 1]   |    fp32     |   [32]    |   [32]    | [True, True, True] | bf16  |      199.56       |      196.4       |      201.38      |
| 1 |   8   |  32   |    [1, 8, 32]     |    [1, 8, 32]     |  [32]   |   [8, 1, 1]   |   [8, 1, 1]   |    fp32     |   [32]    |   [32]    | [True, True, True] | bf16  |      198.98       |      198.09      |      199.91      |
| 1 |  128  |  32   |   [1, 128, 32]    |   [1, 128, 32]    |  [32]   |  [128, 1, 1]  |  [128, 1, 1]  |    fp32     |   [32]    |   [32]    | [True, True, True] | bf16  |      198.65       |      197.74      |      199.63      |
| 1 | 1024  |  32   |   [1, 1024, 32]   |   [1, 1024, 32]   |  [32]   | [1024, 1, 1]  | [1024, 1, 1]  |    fp32     |   [32]    |   [32]    | [True, True, True] | bf16  |      196.54       |      192.13      |      198.68      |
| 1 | 4096  |  32   |   [1, 4096, 32]   |   [1, 4096, 32]   |  [32]   | [4096, 1, 1]  | [4096, 1, 1]  |    fp32     |   [32]    |   [32]    | [True, True, True] | bf16  |      197.24       |      193.93      |      198.83      |
| 1 | 16384 |  32   |  [1, 16384, 32]   |  [1, 16384, 32]   |  [32]   | [16384, 1, 1] | [16384, 1, 1] |    fp32     |   [32]    |   [32]    | [True, True, True] | bf16  |      199.02       |      195.42      |      200.53      |
| 1 |   1   |  128  |    [1, 1, 128]    |    [1, 1, 128]    |  [128]  |   [1, 1, 1]   |   [1, 1, 1]   |    fp32     |   [128]   |   [128]   | [True, True, True] | bf16  |      197.79       |      193.64      |      199.35      |
| 1 |   2   |  128  |    [1, 2, 128]    |    [1, 2, 128]    |  [128]  |   [2, 1, 1]   |   [2, 1, 1]   |    fp32     |   [128]   |   [128]   | [True, True, True] | bf16  |      198.01       |      192.56      |      200.02      |
| 1 |   8   |  128  |    [1, 8, 128]    |    [1, 8, 128]    |  [128]  |   [8, 1, 1]   |   [8, 1, 1]   |    fp32     |   [128]   |   [128]   | [True, True, True] | bf16  |      197.51       |      193.53      |      198.84      |
| 1 |  128  |  128  |   [1, 128, 128]   |   [1, 128, 128]   |  [128]  |  [128, 1, 1]  |  [128, 1, 1]  |    fp32     |   [128]   |   [128]   | [True, True, True] | bf16  |      198.63       |      194.16      |      200.02      |
| 1 | 1024  |  128  |  [1, 1024, 128]   |  [1, 1024, 128]   |  [128]  | [1024, 1, 1]  | [1024, 1, 1]  |    fp32     |   [128]   |   [128]   | [True, True, True] | bf16  |      197.75       |      193.88      |      199.04      |
| 1 | 4096  |  128  |  [1, 4096, 128]   |  [1, 4096, 128]   |  [128]  | [4096, 1, 1]  | [4096, 1, 1]  |    fp32     |   [128]   |   [128]   | [True, True, True] | bf16  |      198.48       |      194.71      |      200.28      |
| 1 | 16384 |  128  |  [1, 16384, 128]  |  [1, 16384, 128]  |  [128]  | [16384, 1, 1] | [16384, 1, 1] |    fp32     |   [128]   |   [128]   | [True, True, True] | bf16  |      198.94       |      196.56      |      200.56      |
| 1 |   1   | 1024  |   [1, 1, 1024]    |   [1, 1, 1024]    | [1024]  |   [1, 1, 1]   |   [1, 1, 1]   |    fp32     |  [1024]   |  [1024]   | [True, True, True] | bf16  |      198.88       |      195.05      |      200.38      |
| 1 |   2   | 1024  |   [1, 2, 1024]    |   [1, 2, 1024]    | [1024]  |   [2, 1, 1]   |   [2, 1, 1]   |    fp32     |  [1024]   |  [1024]   | [True, True, True] | bf16  |      197.36       |      192.71      |      199.05      |
| 1 |   8   | 1024  |   [1, 8, 1024]    |   [1, 8, 1024]    | [1024]  |   [8, 1, 1]   |   [8, 1, 1]   |    fp32     |  [1024]   |  [1024]   | [True, True, True] | bf16  |      198.64       |      192.95      |      199.8       |
| 1 |  128  | 1024  |  [1, 128, 1024]   |  [1, 128, 1024]   | [1024]  |  [128, 1, 1]  |  [128, 1, 1]  |    fp32     |  [1024]   |  [1024]   | [True, True, True] | bf16  |      198.98       |      194.7       |      201.32      |
| 1 | 1024  | 1024  |  [1, 1024, 1024]  |  [1, 1024, 1024]  | [1024]  | [1024, 1, 1]  | [1024, 1, 1]  |    fp32     |  [1024]   |  [1024]   | [True, True, True] | bf16  |      199.47       |      194.12      |      201.55      |
| 1 | 4096  | 1024  |  [1, 4096, 1024]  |  [1, 4096, 1024]  | [1024]  | [4096, 1, 1]  | [4096, 1, 1]  |    fp32     |  [1024]   |  [1024]   | [True, True, True] | bf16  |      200.43       |      196.94      |      202.2       |
| 1 | 16384 | 1024  | [1, 16384, 1024]  | [1, 16384, 1024]  | [1024]  | [16384, 1, 1] | [16384, 1, 1] |    fp32     |  [1024]   |  [1024]   | [True, True, True] | bf16  |      205.47       |      204.6       |      206.15      |
| 1 |   1   | 8192  |   [1, 1, 8192]    |   [1, 1, 8192]    | [8192]  |   [1, 1, 1]   |   [1, 1, 1]   |    fp32     |  [8192]   |  [8192]   | [True, True, True] | bf16  |      199.75       |      196.19      |      200.76      |
| 1 |   2   | 8192  |   [1, 2, 8192]    |   [1, 2, 8192]    | [8192]  |   [2, 1, 1]   |   [2, 1, 1]   |    fp32     |  [8192]   |  [8192]   | [True, True, True] | bf16  |      198.99       |      194.09      |      200.58      |
| 1 |   8   | 8192  |   [1, 8, 8192]    |   [1, 8, 8192]    | [8192]  |   [8, 1, 1]   |   [8, 1, 1]   |    fp32     |  [8192]   |  [8192]   | [True, True, True] | bf16  |      198.93       |      194.34      |      200.89      |
| 1 |  128  | 8192  |  [1, 128, 8192]   |  [1, 128, 8192]   | [8192]  |  [128, 1, 1]  |  [128, 1, 1]  |    fp32     |  [8192]   |  [8192]   | [True, True, True] | bf16  |      199.32       |      194.65      |      200.53      |
| 1 | 1024  | 8192  |  [1, 1024, 8192]  |  [1, 1024, 8192]  | [8192]  | [1024, 1, 1]  | [1024, 1, 1]  |    fp32     |  [8192]   |  [8192]   | [True, True, True] | bf16  |      201.08       |      199.24      |      201.73      |
| 1 | 4096  | 8192  |  [1, 4096, 8192]  |  [1, 4096, 8192]  | [8192]  | [4096, 1, 1]  | [4096, 1, 1]  |    fp32     |  [8192]   |  [8192]   | [True, True, True] | bf16  |      203.15       |      201.04      |      204.28      |
| 1 | 16384 | 8192  | [1, 16384, 8192]  | [1, 16384, 8192]  | [8192]  | [16384, 1, 1] | [16384, 1, 1] |    fp32     |  [8192]   |  [8192]   | [True, True, True] | bf16  |      386.54       |      386.22      |      387.1       |
| 1 |   1   | 16384 |   [1, 1, 16384]   |   [1, 1, 16384]   | [16384] |   [1, 1, 1]   |   [1, 1, 1]   |    fp32     |  [16384]  |  [16384]  | [True, True, True] | bf16  |      200.42       |      197.34      |      201.78      |
| 1 |   2   | 16384 |   [1, 2, 16384]   |   [1, 2, 16384]   | [16384] |   [2, 1, 1]   |   [2, 1, 1]   |    fp32     |  [16384]  |  [16384]  | [True, True, True] | bf16  |       200.7       |      196.16      |      202.15      |
| 1 |   8   | 16384 |   [1, 8, 16384]   |   [1, 8, 16384]   | [16384] |   [8, 1, 1]   |   [8, 1, 1]   |    fp32     |  [16384]  |  [16384]  | [True, True, True] | bf16  |      200.11       |      196.21      |      201.63      |
| 1 |  128  | 16384 |  [1, 128, 16384]  |  [1, 128, 16384]  | [16384] |  [128, 1, 1]  |  [128, 1, 1]  |    fp32     |  [16384]  |  [16384]  | [True, True, True] | bf16  |      200.84       |      195.51      |      202.17      |
| 1 | 1024  | 16384 | [1, 1024, 16384]  | [1, 1024, 16384]  | [16384] | [1024, 1, 1]  | [1024, 1, 1]  |    fp32     |  [16384]  |  [16384]  | [True, True, True] | bf16  |      202.56       |      199.71      |      205.43      |
| 1 | 4096  | 16384 | [1, 4096, 16384]  | [1, 4096, 16384]  | [16384] | [4096, 1, 1]  | [4096, 1, 1]  |    fp32     |  [16384]  |  [16384]  | [True, True, True] | bf16  |       224.8       |      222.46      |      226.83      |
| 1 | 16384 | 16384 | [1, 16384, 16384] | [1, 16384, 16384] | [16384] | [16384, 1, 1] | [16384, 1, 1] |    fp32     |  [16384]  |  [16384]  | [True, True, True] | bf16  |      787.21       |      786.78      |      787.81      |
| 1 |   1   |  32   |    [1, 1, 32]     |    [1, 1, 32]     |  [32]   |   [1, 1, 1]   |   [1, 1, 1]   |    fp32     |   [32]    |   [32]    | [True, True, True] | fp16  |      199.44       |      196.66      |      201.1       |
| 1 |   2   |  32   |    [1, 2, 32]     |    [1, 2, 32]     |  [32]   |   [2, 1, 1]   |   [2, 1, 1]   |    fp32     |   [32]    |   [32]    | [True, True, True] | fp16  |      200.14       |      197.39      |      201.3       |
| 1 |   8   |  32   |    [1, 8, 32]     |    [1, 8, 32]     |  [32]   |   [8, 1, 1]   |   [8, 1, 1]   |    fp32     |   [32]    |   [32]    | [True, True, True] | fp16  |      199.63       |      195.7       |      200.84      |
| 1 |  128  |  32   |   [1, 128, 32]    |   [1, 128, 32]    |  [32]   |  [128, 1, 1]  |  [128, 1, 1]  |    fp32     |   [32]    |   [32]    | [True, True, True] | fp16  |       200.0       |      195.38      |      202.04      |
| 1 | 1024  |  32   |   [1, 1024, 32]   |   [1, 1024, 32]   |  [32]   | [1024, 1, 1]  | [1024, 1, 1]  |    fp32     |   [32]    |   [32]    | [True, True, True] | fp16  |      199.59       |      196.12      |      201.2       |
| 1 | 4096  |  32   |   [1, 4096, 32]   |   [1, 4096, 32]   |  [32]   | [4096, 1, 1]  | [4096, 1, 1]  |    fp32     |   [32]    |   [32]    | [True, True, True] | fp16  |      200.15       |      195.87      |      201.57      |
| 1 | 16384 |  32   |  [1, 16384, 32]   |  [1, 16384, 32]   |  [32]   | [16384, 1, 1] | [16384, 1, 1] |    fp32     |   [32]    |   [32]    | [True, True, True] | fp16  |      200.28       |      196.19      |      201.83      |
| 1 |   1   |  128  |    [1, 1, 128]    |    [1, 1, 128]    |  [128]  |   [1, 1, 1]   |   [1, 1, 1]   |    fp32     |   [128]   |   [128]   | [True, True, True] | fp16  |      200.42       |      196.63      |      202.06      |
| 1 |   2   |  128  |    [1, 2, 128]    |    [1, 2, 128]    |  [128]  |   [2, 1, 1]   |   [2, 1, 1]   |    fp32     |   [128]   |   [128]   | [True, True, True] | fp16  |      199.96       |      195.79      |      201.54      |
| 1 |   8   |  128  |    [1, 8, 128]    |    [1, 8, 128]    |  [128]  |   [8, 1, 1]   |   [8, 1, 1]   |    fp32     |   [128]   |   [128]   | [True, True, True] | fp16  |      199.59       |      194.28      |      201.2       |
| 1 |  128  |  128  |   [1, 128, 128]   |   [1, 128, 128]   |  [128]  |  [128, 1, 1]  |  [128, 1, 1]  |    fp32     |   [128]   |   [128]   | [True, True, True] | fp16  |      201.56       |      198.08      |      202.74      |
| 1 | 1024  |  128  |  [1, 1024, 128]   |  [1, 1024, 128]   |  [128]  | [1024, 1, 1]  | [1024, 1, 1]  |    fp32     |   [128]   |   [128]   | [True, True, True] | fp16  |      200.98       |      198.59      |      202.32      |
| 1 | 4096  |  128  |  [1, 4096, 128]   |  [1, 4096, 128]   |  [128]  | [4096, 1, 1]  | [4096, 1, 1]  |    fp32     |   [128]   |   [128]   | [True, True, True] | fp16  |      200.35       |      196.49      |      201.97      |
| 1 | 16384 |  128  |  [1, 16384, 128]  |  [1, 16384, 128]  |  [128]  | [16384, 1, 1] | [16384, 1, 1] |    fp32     |   [128]   |   [128]   | [True, True, True] | fp16  |      200.81       |      196.46      |      201.91      |
| 1 |   1   | 1024  |   [1, 1, 1024]    |   [1, 1, 1024]    | [1024]  |   [1, 1, 1]   |   [1, 1, 1]   |    fp32     |  [1024]   |  [1024]   | [True, True, True] | fp16  |      200.32       |      196.83      |      201.4       |
| 1 |   2   | 1024  |   [1, 2, 1024]    |   [1, 2, 1024]    | [1024]  |   [2, 1, 1]   |   [2, 1, 1]   |    fp32     |  [1024]   |  [1024]   | [True, True, True] | fp16  |      201.14       |      197.38      |      202.57      |
| 1 |   8   | 1024  |   [1, 8, 1024]    |   [1, 8, 1024]    | [1024]  |   [8, 1, 1]   |   [8, 1, 1]   |    fp32     |  [1024]   |  [1024]   | [True, True, True] | fp16  |      200.82       |      195.53      |      202.53      |
| 1 |  128  | 1024  |  [1, 128, 1024]   |  [1, 128, 1024]   | [1024]  |  [128, 1, 1]  |  [128, 1, 1]  |    fp32     |  [1024]   |  [1024]   | [True, True, True] | fp16  |      200.35       |      195.78      |      202.4       |
| 1 | 1024  | 1024  |  [1, 1024, 1024]  |  [1, 1024, 1024]  | [1024]  | [1024, 1, 1]  | [1024, 1, 1]  |    fp32     |  [1024]   |  [1024]   | [True, True, True] | fp16  |      201.13       |      196.62      |      202.59      |
| 1 | 4096  | 1024  |  [1, 4096, 1024]  |  [1, 4096, 1024]  | [1024]  | [4096, 1, 1]  | [4096, 1, 1]  |    fp32     |  [1024]   |  [1024]   | [True, True, True] | fp16  |      201.73       |      200.02      |      203.18      |
| 1 | 16384 | 1024  | [1, 16384, 1024]  | [1, 16384, 1024]  | [1024]  | [16384, 1, 1] | [16384, 1, 1] |    fp32     |  [1024]   |  [1024]   | [True, True, True] | fp16  |      206.25       |      205.09      |      207.24      |
| 1 |   1   | 8192  |   [1, 1, 8192]    |   [1, 1, 8192]    | [8192]  |   [1, 1, 1]   |   [1, 1, 1]   |    fp32     |  [8192]   |  [8192]   | [True, True, True] | fp16  |      201.73       |      199.75      |      202.92      |
| 1 |   2   | 8192  |   [1, 2, 8192]    |   [1, 2, 8192]    | [8192]  |   [2, 1, 1]   |   [2, 1, 1]   |    fp32     |  [8192]   |  [8192]   | [True, True, True] | fp16  |      200.89       |      197.54      |      202.94      |
| 1 |   8   | 8192  |   [1, 8, 8192]    |   [1, 8, 8192]    | [8192]  |   [8, 1, 1]   |   [8, 1, 1]   |    fp32     |  [8192]   |  [8192]   | [True, True, True] | fp16  |      202.68       |      200.03      |      204.75      |
| 1 |  128  | 8192  |  [1, 128, 8192]   |  [1, 128, 8192]   | [8192]  |  [128, 1, 1]  |  [128, 1, 1]  |    fp32     |  [8192]   |  [8192]   | [True, True, True] | fp16  |      201.59       |      197.37      |      203.53      |
| 1 | 1024  | 8192  |  [1, 1024, 8192]  |  [1, 1024, 8192]  | [8192]  | [1024, 1, 1]  | [1024, 1, 1]  |    fp32     |  [8192]   |  [8192]   | [True, True, True] | fp16  |      202.66       |      201.18      |      203.39      |
| 1 | 4096  | 8192  |  [1, 4096, 8192]  |  [1, 4096, 8192]  | [8192]  | [4096, 1, 1]  | [4096, 1, 1]  |    fp32     |  [8192]   |  [8192]   | [True, True, True] | fp16  |      204.85       |      203.56      |      205.78      |
| 1 | 16384 | 8192  | [1, 16384, 8192]  | [1, 16384, 8192]  | [8192]  | [16384, 1, 1] | [16384, 1, 1] |    fp32     |  [8192]   |  [8192]   | [True, True, True] | fp16  |      385.79       |      385.18      |      386.12      |
| 1 |   1   | 16384 |   [1, 1, 16384]   |   [1, 1, 16384]   | [16384] |   [1, 1, 1]   |   [1, 1, 1]   |    fp32     |  [16384]  |  [16384]  | [True, True, True] | fp16  |      200.72       |      196.49      |      202.41      |
| 1 |   2   | 16384 |   [1, 2, 16384]   |   [1, 2, 16384]   | [16384] |   [2, 1, 1]   |   [2, 1, 1]   |    fp32     |  [16384]  |  [16384]  | [True, True, True] | fp16  |      201.38       |      197.82      |      203.24      |
| 1 |   8   | 16384 |   [1, 8, 16384]   |   [1, 8, 16384]   | [16384] |   [8, 1, 1]   |   [8, 1, 1]   |    fp32     |  [16384]  |  [16384]  | [True, True, True] | fp16  |       201.5       |      196.66      |      203.43      |
| 1 |  128  | 16384 |  [1, 128, 16384]  |  [1, 128, 16384]  | [16384] |  [128, 1, 1]  |  [128, 1, 1]  |    fp32     |  [16384]  |  [16384]  | [True, True, True] | fp16  |      201.49       |      195.34      |      203.39      |
| 1 | 1024  | 16384 | [1, 1024, 16384]  | [1, 1024, 16384]  | [16384] | [1024, 1, 1]  | [1024, 1, 1]  |    fp32     |  [16384]  |  [16384]  | [True, True, True] | fp16  |      203.59       |      202.12      |      204.12      |
| 1 | 4096  | 16384 | [1, 4096, 16384]  | [1, 4096, 16384]  | [16384] | [4096, 1, 1]  | [4096, 1, 1]  |    fp32     |  [16384]  |  [16384]  | [True, True, True] | fp16  |      224.74       |      223.44      |      227.0       |
| 1 | 16384 | 16384 | [1, 16384, 16384] | [1, 16384, 16384] | [16384] | [16384, 1, 1] | [16384, 1, 1] |    fp32     |  [16384]  |  [16384]  | [True, True, True] | fp16  |      787.61       |      787.3       |      788.07      |
