Test Case: B200_aten-contiguous
|   M    |   N   |     _tensor     | dtype | duration_mean(us) | duration_min(us) | duration_max(us) | theory_latency(us) |
|   1    |  32   |     [1, 32]     | bf16  |       85.65       |      85.28       |      85.91       |       22.97        |
|   2    |  32   |     [2, 32]     | bf16  |       85.29       |      84.42       |      86.05       |       43.95        |
|   8    |  32   |     [8, 32]     | bf16  |       85.53       |      84.68       |      86.21       |       85.89        |
|  128   |  32   |    [128, 32]    | bf16  |       85.31       |      84.31       |      85.97       |        3.31        |
|  1024  |  32   |   [1024, 32]    | bf16  |       85.38       |      84.83       |       85.7       |        4.62        |
|  4096  |  32   |   [4096, 32]    | bf16  |       85.83       |      85.19       |       86.4       |        7.25        |
| 16384  |  32   |   [16384, 32]   | bf16  |       85.61       |      85.07       |      86.37       |       12.49        |
| 131072 |  32   |  [131072, 32]   | bf16  |       85.89       |      85.18       |      86.55       |        4.62        |
|   1    |  128  |    [1, 128]     | bf16  |       85.54       |      84.68       |      86.12       |        7.24        |
|   2    |  128  |    [2, 128]     | bf16  |       85.15       |      84.43       |      85.84       |       12.49        |
|   8    |  128  |    [8, 128]     | bf16  |       85.3        |      84.36       |      86.02       |       22.98        |
|  128   |  128  |   [128, 128]    | bf16  |       84.69       |      83.45       |      85.59       |        7.24        |
|  1024  |  128  |   [1024, 128]   | bf16  |       84.91       |      84.51       |      85.48       |       12.49        |
|  4096  |  128  |   [4096, 128]   | bf16  |       84.76       |      83.92       |      85.62       |       22.98        |
| 16384  |  128  |  [16384, 128]   | bf16  |       84.45       |      83.64       |       85.9       |       43.95        |
| 131072 |  128  |  [131072, 128]  | bf16  |       84.5        |      83.49       |      85.07       |       12.49        |
|   1    | 1024  |    [1, 1024]    | bf16  |       84.55       |      83.69       |      85.32       |       22.97        |
|   2    | 1024  |    [2, 1024]    | bf16  |       84.37       |      83.89       |      84.95       |       43.95        |
|   8    | 1024  |    [8, 1024]    | bf16  |       85.01       |      84.43       |      85.56       |       85.89        |
|  128   | 1024  |   [128, 1024]   | bf16  |       84.7        |      83.98       |      85.33       |       22.97        |
|  1024  | 1024  |  [1024, 1024]   | bf16  |       84.42       |      83.65       |      85.31       |       43.94        |
|  4096  | 1024  |  [4096, 1024]   | bf16  |       84.76       |       83.7       |      85.35       |       85.89        |
| 16384  | 1024  |  [16384, 1024]  | bf16  |       84.65       |       84.1       |      85.02       |       169.78       |
| 131072 | 1024  | [131072, 1024]  | bf16  |       84.21       |      83.09       |      85.09       |       43.94        |
|   1    | 8192  |    [1, 8192]    | bf16  |       84.51       |      83.64       |      85.79       |       85.89        |
|   2    | 8192  |    [2, 8192]    | bf16  |       84.6        |      83.97       |      85.09       |       169.78       |
|   8    | 8192  |    [8, 8192]    | bf16  |       84.41       |      83.88       |      84.83       |       337.55       |
|  128   | 8192  |   [128, 8192]   | bf16  |       84.7        |      83.69       |      85.13       |        2.49        |
|  1024  | 8192  |  [1024, 8192]   | bf16  |       84.04       |      83.49       |      84.79       |        2.99        |
|  4096  | 8192  |  [4096, 8192]   | bf16  |       84.46       |       83.3       |      85.27       |        3.97        |
| 16384  | 8192  |  [16384, 8192]  | bf16  |       84.57       |      83.73       |      85.46       |        5.94        |
| 131072 | 8192  | [131072, 8192]  | bf16  |       84.49       |      83.25       |      85.37       |        2.98        |
|   1    | 16384 |   [1, 16384]    | bf16  |       84.7        |      83.94       |      85.66       |        3.97        |
|   2    | 16384 |   [2, 16384]    | bf16  |       84.57       |      84.02       |      85.28       |        5.94        |
|   8    | 16384 |   [8, 16384]    | bf16  |       84.64       |      83.09       |      85.25       |        9.88        |
|  128   | 16384 |  [128, 16384]   | bf16  |       84.77       |      84.37       |      85.49       |        3.97        |
|  1024  | 16384 |  [1024, 16384]  | bf16  |       84.72       |      84.02       |      85.22       |        5.94        |
|  4096  | 16384 |  [4096, 16384]  | bf16  |       84.96       |      84.34       |       85.5       |        9.87        |
| 16384  | 16384 | [16384, 16384]  | bf16  |       84.86       |      84.11       |      85.82       |       17.74        |
| 131072 | 16384 | [131072, 16384] | bf16  |       82.58       |      71.79       |      85.09       |        5.93        |
|   1    |  32   |     [1, 32]     | fp16  |       84.34       |       83.7       |      84.93       |        9.87        |
|   2    |  32   |     [2, 32]     | fp16  |       84.61       |       84.2       |      85.12       |       17.73        |
|   8    |  32   |     [8, 32]     | fp16  |       83.97       |      83.38       |      84.32       |       33.47        |
|  128   |  32   |    [128, 32]    | fp16  |       84.4        |      83.67       |       84.9       |        9.87        |
|  1024  |  32   |   [1024, 32]    | fp16  |       84.37       |      83.95       |      85.49       |       17.73        |
|  4096  |  32   |   [4096, 32]    | fp16  |       84.61       |      83.86       |      85.23       |       33.46        |
| 16384  |  32   |   [16384, 32]   | fp16  |       84.35       |      83.74       |      85.03       |       64.93        |
| 131072 |  32   |  [131072, 32]   | fp16  |       84.65       |      84.34       |       84.9       |       17.73        |
|   1    |  128  |    [1, 128]     | fp16  |       84.2        |      83.11       |      84.98       |       33.46        |
|   2    |  128  |    [2, 128]     | fp16  |       84.35       |      83.86       |      84.62       |       64.92        |
|   8    |  128  |    [8, 128]     | fp16  |       84.19       |      83.64       |      85.03       |       127.84       |
|  128   |  128  |   [128, 128]    | fp16  |       83.78       |      83.22       |      84.83       |        3.97        |
|  1024  |  128  |   [1024, 128]   | fp16  |       84.41       |      83.72       |      85.01       |        5.94        |
|  4096  |  128  |   [4096, 128]   | fp16  |       84.15       |      82.88       |       84.8       |        9.87        |
| 16384  |  128  |  [16384, 128]   | fp16  |       84.54       |       83.6       |      85.41       |       17.74        |
| 131072 |  128  |  [131072, 128]  | fp16  |       84.83       |      83.77       |      85.95       |        5.93        |
|   1    | 1024  |    [1, 1024]    | fp16  |       84.94       |      83.48       |      85.76       |        9.87        |
|   2    | 1024  |    [2, 1024]    | fp16  |       84.41       |      83.46       |      85.29       |       17.73        |
|   8    | 1024  |    [8, 1024]    | fp16  |       84.28       |      83.65       |      85.31       |       33.47        |
|  128   | 1024  |   [128, 1024]   | fp16  |       84.63       |      84.31       |      85.05       |        9.87        |
|  1024  | 1024  |  [1024, 1024]   | fp16  |       84.73       |       84.3       |      85.23       |       17.73        |
|  4096  | 1024  |  [4096, 1024]   | fp16  |       84.7        |      83.99       |      85.43       |       33.46        |
| 16384  | 1024  |  [16384, 1024]  | fp16  |       84.52       |      83.75       |       85.4       |       64.93        |
| 131072 | 1024  | [131072, 1024]  | fp16  |       84.82       |      83.85       |      85.56       |       17.73        |
|   1    | 8192  |    [1, 8192]    | fp16  |       84.46       |      83.81       |      84.86       |       33.46        |
|   2    | 8192  |    [2, 8192]    | fp16  |       84.66       |      83.87       |      85.12       |       64.92        |
|   8    | 8192  |    [8, 8192]    | fp16  |       84.48       |      83.78       |      84.98       |       127.84       |
|  128   | 8192  |   [128, 8192]   | fp16  |       85.19       |       84.2       |      85.76       |       33.46        |
|  1024  | 8192  |  [1024, 8192]   | fp16  |       85.01       |      84.49       |      85.63       |       64.92        |
|  4096  | 8192  |  [4096, 8192]   | fp16  |       85.34       |       83.8       |      86.34       |       127.83       |
| 16384  | 8192  |  [16384, 8192]  | fp16  |       85.32       |      84.13       |       86.6       |       253.67       |
| 131072 | 8192  | [131072, 8192]  | fp16  |       85.27       |      84.27       |      85.98       |       64.92        |
|   1    | 16384 |   [1, 16384]    | fp16  |       84.85       |      84.06       |      85.44       |       127.83       |
|   2    | 16384 |   [2, 16384]    | fp16  |       85.2        |      84.35       |      85.94       |       253.66       |
|   8    | 16384 |   [8, 16384]    | fp16  |       84.94       |      84.51       |      85.25       |       505.33       |
|  128   | 16384 |  [128, 16384]   | fp16  |       85.06       |      84.55       |      85.83       |        2.66        |
|  1024  | 16384 |  [1024, 16384]  | fp16  |       84.97       |      84.57       |       85.3       |        3.32        |
|  4096  | 16384 |  [4096, 16384]  | fp16  |       85.47       |      84.92       |      85.95       |        4.64        |
| 16384  | 16384 | [16384, 16384]  | fp16  |       84.76       |      84.31       |       85.3       |        7.28        |
| 131072 | 16384 | [131072, 16384] | fp16  |       83.0        |      71.99       |      85.61       |        3.32        |
