Test Case: B200_aten-baddbmm
| B  |  M   |  K   |  N   |     _tensor      |    _tensor_1     |    _tensor_2     | dtype | duration_mean(us) | duration_min(us) | duration_max(us) | theory_latency(us) |
| 1  |  1   | 3072 | 3072 |   [1, 1, 3072]   |   [1, 1, 3072]   | [1, 3072, 3072]  | bf16  |      104.12       |      103.2       |      105.26      |        N/A         |
| 2  |  1   | 3072 | 3072 |   [2, 1, 3072]   |   [2, 1, 3072]   | [2, 3072, 3072]  | bf16  |      104.37       |      103.52      |      104.89      |        N/A         |
| 8  |  1   | 3072 | 3072 |   [8, 1, 3072]   |   [8, 1, 3072]   | [8, 3072, 3072]  | bf16  |      104.22       |      103.02      |      106.59      |        N/A         |
| 16 |  1   | 3072 | 3072 |  [16, 1, 3072]   |  [16, 1, 3072]   | [16, 3072, 3072] | bf16  |      105.48       |      103.58      |      108.8       |        N/A         |
| 32 |  1   | 3072 | 3072 |  [32, 1, 3072]   |  [32, 1, 3072]   | [32, 3072, 3072] | bf16  |      105.43       |      104.26      |      107.51      |        N/A         |
| 1  |  2   | 3072 | 3072 |   [1, 2, 3072]   |   [1, 2, 3072]   | [1, 3072, 3072]  | bf16  |      104.23       |      103.73      |      104.63      |        N/A         |
| 2  |  2   | 3072 | 3072 |   [2, 2, 3072]   |   [2, 2, 3072]   | [2, 3072, 3072]  | bf16  |      103.93       |      102.99      |      104.92      |        N/A         |
| 8  |  2   | 3072 | 3072 |   [8, 2, 3072]   |   [8, 2, 3072]   | [8, 3072, 3072]  | bf16  |      104.69       |      103.65      |      105.47      |        N/A         |
| 16 |  2   | 3072 | 3072 |  [16, 2, 3072]   |  [16, 2, 3072]   | [16, 3072, 3072] | bf16  |      104.82       |      103.95      |      105.53      |        N/A         |
| 32 |  2   | 3072 | 3072 |  [32, 2, 3072]   |  [32, 2, 3072]   | [32, 3072, 3072] | bf16  |      107.48       |      106.34      |      108.15      |        N/A         |
| 1  |  8   | 3072 | 3072 |   [1, 8, 3072]   |   [1, 8, 3072]   | [1, 3072, 3072]  | bf16  |      105.08       |      104.49      |      105.64      |        N/A         |
| 2  |  8   | 3072 | 3072 |   [2, 8, 3072]   |   [2, 8, 3072]   | [2, 3072, 3072]  | bf16  |      105.33       |      104.69      |      105.91      |        N/A         |
| 8  |  8   | 3072 | 3072 |   [8, 8, 3072]   |   [8, 8, 3072]   | [8, 3072, 3072]  | bf16  |      107.44       |      105.68      |      111.95      |        N/A         |
| 16 |  8   | 3072 | 3072 |  [16, 8, 3072]   |  [16, 8, 3072]   | [16, 3072, 3072] | bf16  |      105.54       |      104.23      |      106.45      |        N/A         |
| 32 |  8   | 3072 | 3072 |  [32, 8, 3072]   |  [32, 8, 3072]   | [32, 3072, 3072] | bf16  |      106.46       |      105.52      |      108.2       |        N/A         |
| 1  |  32  | 3072 | 3072 |  [1, 32, 3072]   |  [1, 32, 3072]   | [1, 3072, 3072]  | bf16  |      104.67       |      103.84      |      105.73      |        N/A         |
| 2  |  32  | 3072 | 3072 |  [2, 32, 3072]   |  [2, 32, 3072]   | [2, 3072, 3072]  | bf16  |      105.31       |      104.21      |      106.76      |        N/A         |
| 8  |  32  | 3072 | 3072 |  [8, 32, 3072]   |  [8, 32, 3072]   | [8, 3072, 3072]  | bf16  |      104.79       |      103.83      |      105.75      |        N/A         |
| 16 |  32  | 3072 | 3072 |  [16, 32, 3072]  |  [16, 32, 3072]  | [16, 3072, 3072] | bf16  |      104.61       |      103.27      |      105.12      |        N/A         |
| 32 |  32  | 3072 | 3072 |  [32, 32, 3072]  |  [32, 32, 3072]  | [32, 3072, 3072] | bf16  |      107.25       |      105.61      |      109.2       |        N/A         |
| 1  | 128  | 3072 | 3072 |  [1, 128, 3072]  |  [1, 128, 3072]  | [1, 3072, 3072]  | bf16  |      104.57       |      103.76      |      105.45      |        N/A         |
| 2  | 128  | 3072 | 3072 |  [2, 128, 3072]  |  [2, 128, 3072]  | [2, 3072, 3072]  | bf16  |      104.61       |      103.66      |      105.26      |        N/A         |
| 8  | 128  | 3072 | 3072 |  [8, 128, 3072]  |  [8, 128, 3072]  | [8, 3072, 3072]  | bf16  |      104.52       |      103.76      |      105.43      |        N/A         |
| 16 | 128  | 3072 | 3072 | [16, 128, 3072]  | [16, 128, 3072]  | [16, 3072, 3072] | bf16  |      106.19       |      104.35      |      109.7       |        N/A         |
| 32 | 128  | 3072 | 3072 | [32, 128, 3072]  | [32, 128, 3072]  | [32, 3072, 3072] | bf16  |      121.06       |      120.9       |      121.4       |        N/A         |
| 1  | 512  | 3072 | 3072 |  [1, 512, 3072]  |  [1, 512, 3072]  | [1, 3072, 3072]  | bf16  |      104.11       |      103.4       |      104.75      |        N/A         |
| 2  | 512  | 3072 | 3072 |  [2, 512, 3072]  |  [2, 512, 3072]  | [2, 3072, 3072]  | bf16  |      104.23       |      102.82      |      105.15      |        N/A         |
| 8  | 512  | 3072 | 3072 |  [8, 512, 3072]  |  [8, 512, 3072]  | [8, 3072, 3072]  | bf16  |       106.0       |      104.16      |      109.49      |        N/A         |
| 16 | 512  | 3072 | 3072 | [16, 512, 3072]  | [16, 512, 3072]  | [16, 3072, 3072] | bf16  |      125.97       |      125.74      |      126.24      |        N/A         |
| 32 | 512  | 3072 | 3072 | [32, 512, 3072]  | [32, 512, 3072]  | [32, 3072, 3072] | bf16  |      242.64       |      242.36      |      242.87      |        N/A         |
| 1  | 1024 | 3072 | 3072 | [1, 1024, 3072]  | [1, 1024, 3072]  | [1, 3072, 3072]  | bf16  |       104.4       |      103.93      |      104.84      |        N/A         |
| 2  | 1024 | 3072 | 3072 | [2, 1024, 3072]  | [2, 1024, 3072]  | [2, 3072, 3072]  | bf16  |      103.93       |      103.05      |      104.64      |        N/A         |
| 8  | 1024 | 3072 | 3072 | [8, 1024, 3072]  | [8, 1024, 3072]  | [8, 3072, 3072]  | bf16  |      121.62       |      121.25      |      122.16      |        N/A         |
| 16 | 1024 | 3072 | 3072 | [16, 1024, 3072] | [16, 1024, 3072] | [16, 3072, 3072] | bf16  |      231.02       |      230.68      |      231.69      |        N/A         |
| 32 | 1024 | 3072 | 3072 | [32, 1024, 3072] | [32, 1024, 3072] | [32, 3072, 3072] | bf16  |       463.6       |      448.73      |      486.88      |        N/A         |
| 1  |  1   | 4096 | 3072 |   [1, 1, 3072]   |   [1, 1, 4096]   | [1, 4096, 3072]  | bf16  |      107.96       |      107.23      |      108.94      |        N/A         |
| 2  |  1   | 4096 | 3072 |   [2, 1, 3072]   |   [2, 1, 4096]   | [2, 4096, 3072]  | bf16  |      104.42       |      103.89      |      105.22      |        N/A         |
| 8  |  1   | 4096 | 3072 |   [8, 1, 3072]   |   [8, 1, 4096]   | [8, 4096, 3072]  | bf16  |      104.93       |      103.67      |      108.63      |        N/A         |
| 16 |  1   | 4096 | 3072 |  [16, 1, 3072]   |  [16, 1, 4096]   | [16, 4096, 3072] | bf16  |      104.72       |      104.01      |      105.41      |        N/A         |
| 32 |  1   | 4096 | 3072 |  [32, 1, 3072]   |  [32, 1, 4096]   | [32, 4096, 3072] | bf16  |       126.5       |      125.87      |      129.22      |        N/A         |
| 1  |  2   | 4096 | 3072 |   [1, 2, 3072]   |   [1, 2, 4096]   | [1, 4096, 3072]  | bf16  |      106.38       |      105.8       |      107.0       |        N/A         |
| 2  |  2   | 4096 | 3072 |   [2, 2, 3072]   |   [2, 2, 4096]   | [2, 4096, 3072]  | bf16  |      104.17       |      103.2       |      104.92      |        N/A         |
| 8  |  2   | 4096 | 3072 |   [8, 2, 3072]   |   [8, 2, 4096]   | [8, 4096, 3072]  | bf16  |      104.48       |      103.93      |      104.9       |        N/A         |
| 16 |  2   | 4096 | 3072 |  [16, 2, 3072]   |  [16, 2, 4096]   | [16, 4096, 3072] | bf16  |       104.8       |      103.72      |      105.66      |        N/A         |
| 32 |  2   | 4096 | 3072 |  [32, 2, 3072]   |  [32, 2, 4096]   | [32, 4096, 3072] | bf16  |      126.55       |      125.04      |      128.99      |        N/A         |
| 1  |  8   | 4096 | 3072 |   [1, 8, 3072]   |   [1, 8, 4096]   | [1, 4096, 3072]  | bf16  |      106.83       |      105.69      |      107.3       |        N/A         |
| 2  |  8   | 4096 | 3072 |   [2, 8, 3072]   |   [2, 8, 4096]   | [2, 4096, 3072]  | bf16  |      104.22       |      103.6       |      104.89      |        N/A         |
| 8  |  8   | 4096 | 3072 |   [8, 8, 3072]   |   [8, 8, 4096]   | [8, 4096, 3072]  | bf16  |      103.88       |      103.35      |      104.6       |        N/A         |
| 16 |  8   | 4096 | 3072 |  [16, 8, 3072]   |  [16, 8, 4096]   | [16, 4096, 3072] | bf16  |       105.1       |      103.56      |      109.28      |        N/A         |
| 32 |  8   | 4096 | 3072 |  [32, 8, 3072]   |  [32, 8, 4096]   | [32, 4096, 3072] | bf16  |      123.68       |      123.01      |      124.33      |        N/A         |
| 1  |  32  | 4096 | 3072 |  [1, 32, 3072]   |  [1, 32, 4096]   | [1, 4096, 3072]  | bf16  |      107.24       |      106.6       |      107.98      |        N/A         |
| 2  |  32  | 4096 | 3072 |  [2, 32, 3072]   |  [2, 32, 4096]   | [2, 4096, 3072]  | bf16  |      104.89       |      104.23      |      106.04      |        N/A         |
| 8  |  32  | 4096 | 3072 |  [8, 32, 3072]   |  [8, 32, 4096]   | [8, 4096, 3072]  | bf16  |      104.67       |      103.63      |      105.37      |        N/A         |
| 16 |  32  | 4096 | 3072 |  [16, 32, 3072]  |  [16, 32, 4096]  | [16, 4096, 3072] | bf16  |      104.51       |      103.57      |      104.91      |        N/A         |
| 32 |  32  | 4096 | 3072 |  [32, 32, 3072]  |  [32, 32, 4096]  | [32, 4096, 3072] | bf16  |      131.02       |      130.06      |      132.07      |        N/A         |
| 1  | 128  | 4096 | 3072 |  [1, 128, 3072]  |  [1, 128, 4096]  | [1, 4096, 3072]  | bf16  |      106.03       |      104.57      |      109.27      |        N/A         |
| 2  | 128  | 4096 | 3072 |  [2, 128, 3072]  |  [2, 128, 4096]  | [2, 4096, 3072]  | bf16  |      104.58       |      103.47      |      105.51      |        N/A         |
| 8  | 128  | 4096 | 3072 |  [8, 128, 3072]  |  [8, 128, 4096]  | [8, 4096, 3072]  | bf16  |       105.4       |      104.99      |      106.11      |        N/A         |
| 16 | 128  | 4096 | 3072 | [16, 128, 3072]  | [16, 128, 4096]  | [16, 4096, 3072] | bf16  |      106.04       |      104.37      |      109.7       |        N/A         |
| 32 | 128  | 4096 | 3072 | [32, 128, 3072]  | [32, 128, 4096]  | [32, 4096, 3072] | bf16  |      152.58       |      152.07      |      152.85      |        N/A         |
| 1  | 512  | 4096 | 3072 |  [1, 512, 3072]  |  [1, 512, 4096]  | [1, 4096, 3072]  | bf16  |      103.99       |      103.06      |      104.86      |        N/A         |
| 2  | 512  | 4096 | 3072 |  [2, 512, 3072]  |  [2, 512, 4096]  | [2, 4096, 3072]  | bf16  |      104.86       |      104.21      |      105.42      |        N/A         |
| 8  | 512  | 4096 | 3072 |  [8, 512, 3072]  |  [8, 512, 4096]  | [8, 4096, 3072]  | bf16  |      105.35       |      104.68      |      106.04      |        N/A         |
| 16 | 512  | 4096 | 3072 | [16, 512, 3072]  | [16, 512, 4096]  | [16, 4096, 3072] | bf16  |      160.25       |      160.11      |      160.44      |        N/A         |
| 32 | 512  | 4096 | 3072 | [32, 512, 3072]  | [32, 512, 4096]  | [32, 4096, 3072] | bf16  |      315.53       |      308.22      |      328.04      |        N/A         |
| 1  | 1024 | 4096 | 3072 | [1, 1024, 3072]  | [1, 1024, 4096]  | [1, 4096, 3072]  | bf16  |      105.32       |      104.03      |      106.95      |        N/A         |
| 2  | 1024 | 4096 | 3072 | [2, 1024, 3072]  | [2, 1024, 4096]  | [2, 4096, 3072]  | bf16  |      105.01       |      104.36      |      105.46      |        N/A         |
| 8  | 1024 | 4096 | 3072 | [8, 1024, 3072]  | [8, 1024, 4096]  | [8, 4096, 3072]  | bf16  |      153.96       |      153.67      |      154.22      |        N/A         |
| 16 | 1024 | 4096 | 3072 | [16, 1024, 3072] | [16, 1024, 4096] | [16, 4096, 3072] | bf16  |      294.84       |      290.59      |      297.3       |        N/A         |
| 32 | 1024 | 4096 | 3072 | [32, 1024, 3072] | [32, 1024, 4096] | [32, 4096, 3072] | bf16  |      575.63       |      572.59      |      589.11      |        N/A         |
| 1  |  1   | 6144 | 3072 |   [1, 1, 3072]   |   [1, 1, 6144]   | [1, 6144, 3072]  | bf16  |      107.82       |      107.01      |      108.44      |        N/A         |
| 2  |  1   | 6144 | 3072 |   [2, 1, 3072]   |   [2, 1, 6144]   | [2, 6144, 3072]  | bf16  |      104.92       |      104.24      |      105.57      |        N/A         |
| 8  |  1   | 6144 | 3072 |   [8, 1, 3072]   |   [8, 1, 6144]   | [8, 6144, 3072]  | bf16  |      105.83       |      104.76      |      106.64      |        N/A         |
| 16 |  1   | 6144 | 3072 |  [16, 1, 3072]   |  [16, 1, 6144]   | [16, 6144, 3072] | bf16  |      107.06       |      106.4       |      107.63      |        N/A         |
| 32 |  1   | 6144 | 3072 |  [32, 1, 3072]   |  [32, 1, 6144]   | [32, 6144, 3072] | bf16  |      183.95       |      183.44      |      184.28      |        N/A         |
| 1  |  2   | 6144 | 3072 |   [1, 2, 3072]   |   [1, 2, 6144]   | [1, 6144, 3072]  | bf16  |      108.66       |      108.22      |      109.26      |        N/A         |
| 2  |  2   | 6144 | 3072 |   [2, 2, 3072]   |   [2, 2, 6144]   | [2, 6144, 3072]  | bf16  |      106.18       |      105.23      |      107.23      |        N/A         |
| 8  |  2   | 6144 | 3072 |   [8, 2, 3072]   |   [8, 2, 6144]   | [8, 6144, 3072]  | bf16  |      105.41       |      104.37      |      107.09      |        N/A         |
| 16 |  2   | 6144 | 3072 |  [16, 2, 3072]   |  [16, 2, 6144]   | [16, 6144, 3072] | bf16  |       107.2       |      106.12      |      107.9       |        N/A         |
| 32 |  2   | 6144 | 3072 |  [32, 2, 3072]   |  [32, 2, 6144]   | [32, 6144, 3072] | bf16  |      183.21       |      182.83      |      183.64      |        N/A         |
| 1  |  8   | 6144 | 3072 |   [1, 8, 3072]   |   [1, 8, 6144]   | [1, 6144, 3072]  | bf16  |      108.42       |      107.98      |      109.31      |        N/A         |
| 2  |  8   | 6144 | 3072 |   [2, 8, 3072]   |   [2, 8, 6144]   | [2, 6144, 3072]  | bf16  |      104.81       |      104.24      |      105.27      |        N/A         |
| 8  |  8   | 6144 | 3072 |   [8, 8, 3072]   |   [8, 8, 6144]   | [8, 6144, 3072]  | bf16  |      104.76       |      103.93      |      105.8       |        N/A         |
| 16 |  8   | 6144 | 3072 |  [16, 8, 3072]   |  [16, 8, 6144]   | [16, 6144, 3072] | bf16  |      107.55       |      106.44      |      108.34      |        N/A         |
| 32 |  8   | 6144 | 3072 |  [32, 8, 3072]   |  [32, 8, 6144]   | [32, 6144, 3072] | bf16  |       178.7       |      178.43      |      178.9       |        N/A         |
| 1  |  32  | 6144 | 3072 |  [1, 32, 3072]   |  [1, 32, 6144]   | [1, 6144, 3072]  | bf16  |      108.08       |      107.31      |      108.82      |        N/A         |
| 2  |  32  | 6144 | 3072 |  [2, 32, 3072]   |  [2, 32, 6144]   | [2, 6144, 3072]  | bf16  |      105.89       |      103.82      |      109.61      |        N/A         |
| 8  |  32  | 6144 | 3072 |  [8, 32, 3072]   |  [8, 32, 6144]   | [8, 6144, 3072]  | bf16  |      104.82       |      103.92      |      105.55      |        N/A         |
| 16 |  32  | 6144 | 3072 |  [16, 32, 3072]  |  [16, 32, 6144]  | [16, 6144, 3072] | bf16  |      106.92       |      106.08      |      107.72      |        N/A         |
| 32 |  32  | 6144 | 3072 |  [32, 32, 3072]  |  [32, 32, 6144]  | [32, 6144, 3072] | bf16  |      188.25       |      187.33      |      189.04      |        N/A         |
| 1  | 128  | 6144 | 3072 |  [1, 128, 3072]  |  [1, 128, 6144]  | [1, 6144, 3072]  | bf16  |      105.79       |      104.11      |      109.31      |        N/A         |
| 2  | 128  | 6144 | 3072 |  [2, 128, 3072]  |  [2, 128, 6144]  | [2, 6144, 3072]  | bf16  |      104.27       |      103.62      |      104.95      |        N/A         |
| 8  | 128  | 6144 | 3072 |  [8, 128, 3072]  |  [8, 128, 6144]  | [8, 6144, 3072]  | bf16  |      104.65       |      104.33      |      105.14      |        N/A         |
| 16 | 128  | 6144 | 3072 | [16, 128, 3072]  | [16, 128, 6144]  | [16, 6144, 3072] | bf16  |       112.9       |      110.96      |      115.09      |        N/A         |
| 32 | 128  | 6144 | 3072 | [32, 128, 3072]  | [32, 128, 6144]  | [32, 6144, 3072] | bf16  |      212.98       |      212.68      |      213.23      |        N/A         |
| 1  | 512  | 6144 | 3072 |  [1, 512, 3072]  |  [1, 512, 6144]  | [1, 6144, 3072]  | bf16  |      104.87       |      104.29      |      105.39      |        N/A         |
| 2  | 512  | 6144 | 3072 |  [2, 512, 3072]  |  [2, 512, 6144]  | [2, 6144, 3072]  | bf16  |      105.04       |      103.69      |      106.44      |        N/A         |
| 8  | 512  | 6144 | 3072 |  [8, 512, 3072]  |  [8, 512, 6144]  | [8, 6144, 3072]  | bf16  |      119.02       |      116.94      |      122.26      |        N/A         |
| 16 | 512  | 6144 | 3072 | [16, 512, 3072]  | [16, 512, 6144]  | [16, 6144, 3072] | bf16  |      227.03       |      226.79      |      227.35      |        N/A         |
| 32 | 512  | 6144 | 3072 | [32, 512, 3072]  | [32, 512, 6144]  | [32, 6144, 3072] | bf16  |      443.36       |      443.0       |      443.83      |        N/A         |
| 1  | 1024 | 6144 | 3072 | [1, 1024, 3072]  | [1, 1024, 6144]  | [1, 6144, 3072]  | bf16  |      103.52       |      102.53      |      104.91      |        N/A         |
| 2  | 1024 | 6144 | 3072 | [2, 1024, 3072]  | [2, 1024, 6144]  | [2, 6144, 3072]  | bf16  |      104.79       |      104.27      |      105.28      |        N/A         |
| 8  | 1024 | 6144 | 3072 | [8, 1024, 3072]  | [8, 1024, 6144]  | [8, 6144, 3072]  | bf16  |      221.11       |      220.02      |      225.59      |        N/A         |
| 16 | 1024 | 6144 | 3072 | [16, 1024, 3072] | [16, 1024, 6144] | [16, 6144, 3072] | bf16  |      420.93       |      418.82      |      424.92      |        N/A         |
| 32 | 1024 | 6144 | 3072 | [32, 1024, 3072] | [32, 1024, 6144] | [32, 6144, 3072] | bf16  |      892.46       |      826.09      |      944.36      |        N/A         |
| 1  |  1   | 8192 | 3072 |   [1, 1, 3072]   |   [1, 1, 8192]   | [1, 8192, 3072]  | bf16  |      108.37       |      107.34      |      109.3       |        N/A         |
| 2  |  1   | 8192 | 3072 |   [2, 1, 3072]   |   [2, 1, 8192]   | [2, 8192, 3072]  | bf16  |      105.06       |      104.19      |      106.09      |        N/A         |
| 8  |  1   | 8192 | 3072 |   [8, 1, 3072]   |   [8, 1, 8192]   | [8, 8192, 3072]  | bf16  |      105.37       |      104.45      |      108.17      |        N/A         |
| 16 |  1   | 8192 | 3072 |  [16, 1, 3072]   |  [16, 1, 8192]   | [16, 8192, 3072] | bf16  |      127.04       |      126.69      |      127.26      |        N/A         |
| 32 |  1   | 8192 | 3072 |  [32, 1, 3072]   |  [32, 1, 8192]   | [32, 8192, 3072] | bf16  |      238.19       |      238.02      |      238.39      |        N/A         |
| 1  |  2   | 8192 | 3072 |   [1, 2, 3072]   |   [1, 2, 8192]   | [1, 8192, 3072]  | bf16  |      107.11       |      106.13      |      107.88      |        N/A         |
| 2  |  2   | 8192 | 3072 |   [2, 2, 3072]   |   [2, 2, 8192]   | [2, 8192, 3072]  | bf16  |       105.1       |      103.84      |      107.95      |        N/A         |
| 8  |  2   | 8192 | 3072 |   [8, 2, 3072]   |   [8, 2, 8192]   | [8, 8192, 3072]  | bf16  |      105.66       |      105.22      |      106.28      |        N/A         |
| 16 |  2   | 8192 | 3072 |  [16, 2, 3072]   |  [16, 2, 8192]   | [16, 8192, 3072] | bf16  |      122.92       |      122.3       |      123.7       |        N/A         |
| 32 |  2   | 8192 | 3072 |  [32, 2, 3072]   |  [32, 2, 8192]   | [32, 8192, 3072] | bf16  |       241.4       |      240.79      |      242.17      |        N/A         |
| 1  |  8   | 8192 | 3072 |   [1, 8, 3072]   |   [1, 8, 8192]   | [1, 8192, 3072]  | bf16  |      108.98       |      108.41      |      110.14      |        N/A         |
| 2  |  8   | 8192 | 3072 |   [2, 8, 3072]   |   [2, 8, 8192]   | [2, 8192, 3072]  | bf16  |      105.96       |      105.6       |      106.54      |        N/A         |
| 8  |  8   | 8192 | 3072 |   [8, 8, 3072]   |   [8, 8, 8192]   | [8, 8192, 3072]  | bf16  |      107.09       |      106.56      |      107.64      |        N/A         |
| 16 |  8   | 8192 | 3072 |  [16, 8, 3072]   |  [16, 8, 8192]   | [16, 8192, 3072] | bf16  |      126.28       |      125.07      |      128.69      |        N/A         |
| 32 |  8   | 8192 | 3072 |  [32, 8, 3072]   |  [32, 8, 8192]   | [32, 8192, 3072] | bf16  |      233.71       |      233.27      |      234.07      |        N/A         |
| 1  |  32  | 8192 | 3072 |  [1, 32, 3072]   |  [1, 32, 8192]   | [1, 8192, 3072]  | bf16  |      108.44       |      107.99      |      109.49      |        N/A         |
| 2  |  32  | 8192 | 3072 |  [2, 32, 3072]   |  [2, 32, 8192]   | [2, 8192, 3072]  | bf16  |      105.84       |      103.98      |      109.53      |        N/A         |
| 8  |  32  | 8192 | 3072 |  [8, 32, 3072]   |  [8, 32, 8192]   | [8, 8192, 3072]  | bf16  |      104.19       |      103.37      |      105.12      |        N/A         |
| 16 |  32  | 8192 | 3072 |  [16, 32, 3072]  |  [16, 32, 8192]  | [16, 8192, 3072] | bf16  |      129.33       |      128.56      |      131.93      |        N/A         |
| 32 |  32  | 8192 | 3072 |  [32, 32, 3072]  |  [32, 32, 8192]  | [32, 8192, 3072] | bf16  |      247.05       |      246.21      |      247.51      |        N/A         |
| 1  | 128  | 8192 | 3072 |  [1, 128, 3072]  |  [1, 128, 8192]  | [1, 8192, 3072]  | bf16  |      108.12       |      107.51      |      108.67      |        N/A         |
| 2  | 128  | 8192 | 3072 |  [2, 128, 3072]  |  [2, 128, 8192]  | [2, 8192, 3072]  | bf16  |      104.69       |      103.64      |      105.58      |        N/A         |
| 8  | 128  | 8192 | 3072 |  [8, 128, 3072]  |  [8, 128, 8192]  | [8, 8192, 3072]  | bf16  |      104.61       |      103.79      |      105.38      |        N/A         |
| 16 | 128  | 8192 | 3072 | [16, 128, 3072]  | [16, 128, 8192]  | [16, 8192, 3072] | bf16  |      141.72       |      141.11      |      144.46      |        N/A         |
| 32 | 128  | 8192 | 3072 | [32, 128, 3072]  | [32, 128, 8192]  | [32, 8192, 3072] | bf16  |      275.66       |      275.3       |      275.93      |        N/A         |
| 1  | 512  | 8192 | 3072 |  [1, 512, 3072]  |  [1, 512, 8192]  | [1, 8192, 3072]  | bf16  |      105.74       |      104.98      |      106.57      |        N/A         |
| 2  | 512  | 8192 | 3072 |  [2, 512, 3072]  |  [2, 512, 8192]  | [2, 8192, 3072]  | bf16  |      104.94       |      104.26      |      105.3       |        N/A         |
| 8  | 512  | 8192 | 3072 |  [8, 512, 3072]  |  [8, 512, 8192]  | [8, 8192, 3072]  | bf16  |      151.27       |      150.42      |      153.86      |        N/A         |
| 16 | 512  | 8192 | 3072 | [16, 512, 3072]  | [16, 512, 8192]  | [16, 8192, 3072] | bf16  |      294.29       |      291.34      |      295.61      |        N/A         |
| 32 | 512  | 8192 | 3072 | [32, 512, 3072]  | [32, 512, 8192]  | [32, 8192, 3072] | bf16  |      584.79       |      578.72      |      600.28      |        N/A         |
| 1  | 1024 | 8192 | 3072 | [1, 1024, 3072]  | [1, 1024, 8192]  | [1, 8192, 3072]  | bf16  |      104.48       |      103.35      |      105.01      |        N/A         |
| 2  | 1024 | 8192 | 3072 | [2, 1024, 3072]  | [2, 1024, 8192]  | [2, 8192, 3072]  | bf16  |      105.36       |      105.02      |      106.04      |        N/A         |
| 8  | 1024 | 8192 | 3072 | [8, 1024, 3072]  | [8, 1024, 8192]  | [8, 8192, 3072]  | bf16  |      285.57       |      283.16      |      287.45      |        N/A         |
| 16 | 1024 | 8192 | 3072 | [16, 1024, 3072] | [16, 1024, 8192] | [16, 8192, 3072] | bf16  |      565.74       |      553.39      |      581.62      |        N/A         |
| 32 | 1024 | 8192 | 3072 | [32, 1024, 3072] | [32, 1024, 8192] | [32, 8192, 3072] | bf16  |      1165.67      |     1086.47      |     1248.96      |        N/A         |
| 1  |  1   | 3072 | 4096 |   [1, 1, 4096]   |   [1, 1, 3072]   | [1, 3072, 4096]  | bf16  |      105.07       |      104.5       |      105.95      |        N/A         |
| 2  |  1   | 3072 | 4096 |   [2, 1, 4096]   |   [2, 1, 3072]   | [2, 3072, 4096]  | bf16  |      105.47       |      105.07      |      106.02      |        N/A         |
| 8  |  1   | 3072 | 4096 |   [8, 1, 4096]   |   [8, 1, 3072]   | [8, 3072, 4096]  | bf16  |      105.05       |      103.91      |      108.27      |        N/A         |
| 16 |  1   | 3072 | 4096 |  [16, 1, 4096]   |  [16, 1, 3072]   | [16, 3072, 4096] | bf16  |      105.31       |      104.95      |      105.78      |        N/A         |
| 32 |  1   | 3072 | 4096 |  [32, 1, 4096]   |  [32, 1, 3072]   | [32, 3072, 4096] | bf16  |      124.88       |      123.74      |      128.16      |        N/A         |
| 1  |  2   | 3072 | 4096 |   [1, 2, 4096]   |   [1, 2, 3072]   | [1, 3072, 4096]  | bf16  |       103.5       |      102.94      |      104.36      |        N/A         |
| 2  |  2   | 3072 | 4096 |   [2, 2, 4096]   |   [2, 2, 3072]   | [2, 3072, 4096]  | bf16  |      104.28       |      103.36      |      105.26      |        N/A         |
| 8  |  2   | 3072 | 4096 |   [8, 2, 4096]   |   [8, 2, 3072]   | [8, 3072, 4096]  | bf16  |      104.89       |      103.35      |      105.96      |        N/A         |
| 16 |  2   | 3072 | 4096 |  [16, 2, 4096]   |  [16, 2, 3072]   | [16, 3072, 4096] | bf16  |      105.93       |      105.21      |      107.65      |        N/A         |
| 32 |  2   | 3072 | 4096 |  [32, 2, 4096]   |  [32, 2, 3072]   | [32, 3072, 4096] | bf16  |      127.22       |      126.17      |      130.06      |        N/A         |
| 1  |  8   | 3072 | 4096 |   [1, 8, 4096]   |   [1, 8, 3072]   | [1, 3072, 4096]  | bf16  |      104.33       |      103.84      |      104.98      |        N/A         |
| 2  |  8   | 3072 | 4096 |   [2, 8, 4096]   |   [2, 8, 3072]   | [2, 3072, 4096]  | bf16  |      104.73       |      103.98      |      105.2       |        N/A         |
| 8  |  8   | 3072 | 4096 |   [8, 8, 4096]   |   [8, 8, 3072]   | [8, 3072, 4096]  | bf16  |      104.76       |      103.88      |      105.25      |        N/A         |
| 16 |  8   | 3072 | 4096 |  [16, 8, 4096]   |  [16, 8, 3072]   | [16, 3072, 4096] | bf16  |      105.55       |      103.75      |      109.17      |        N/A         |
| 32 |  8   | 3072 | 4096 |  [32, 8, 4096]   |  [32, 8, 3072]   | [32, 3072, 4096] | bf16  |      125.81       |      125.5       |      126.28      |        N/A         |
| 1  |  32  | 3072 | 4096 |  [1, 32, 4096]   |  [1, 32, 3072]   | [1, 3072, 4096]  | bf16  |      104.15       |      102.85      |      104.83      |        N/A         |
| 2  |  32  | 3072 | 4096 |  [2, 32, 4096]   |  [2, 32, 3072]   | [2, 3072, 4096]  | bf16  |      104.42       |      103.71      |      105.53      |        N/A         |
| 8  |  32  | 3072 | 4096 |  [8, 32, 4096]   |  [8, 32, 3072]   | [8, 3072, 4096]  | bf16  |      104.17       |      103.71      |      104.67      |        N/A         |
| 16 |  32  | 3072 | 4096 |  [16, 32, 4096]  |  [16, 32, 3072]  | [16, 3072, 4096] | bf16  |      104.84       |      103.68      |      105.68      |        N/A         |
| 32 |  32  | 3072 | 4096 |  [32, 32, 4096]  |  [32, 32, 3072]  | [32, 3072, 4096] | bf16  |      133.19       |      132.77      |      133.45      |        N/A         |
| 1  | 128  | 3072 | 4096 |  [1, 128, 4096]  |  [1, 128, 3072]  | [1, 3072, 4096]  | bf16  |      105.67       |      104.62      |      107.3       |        N/A         |
| 2  | 128  | 3072 | 4096 |  [2, 128, 4096]  |  [2, 128, 3072]  | [2, 3072, 4096]  | bf16  |      104.47       |      103.9       |      105.54      |        N/A         |
| 8  | 128  | 3072 | 4096 |  [8, 128, 4096]  |  [8, 128, 3072]  | [8, 3072, 4096]  | bf16  |      106.49       |      104.95      |      107.84      |        N/A         |
| 16 | 128  | 3072 | 4096 | [16, 128, 4096]  | [16, 128, 3072]  | [16, 3072, 4096] | bf16  |      106.43       |      104.24      |      110.67      |        N/A         |
| 32 | 128  | 3072 | 4096 | [32, 128, 4096]  | [32, 128, 3072]  | [32, 3072, 4096] | bf16  |      157.81       |      157.63      |      157.99      |        N/A         |
| 1  | 512  | 3072 | 4096 |  [1, 512, 4096]  |  [1, 512, 3072]  | [1, 3072, 4096]  | bf16  |      103.54       |      102.72      |      104.61      |        N/A         |
| 2  | 512  | 3072 | 4096 |  [2, 512, 4096]  |  [2, 512, 3072]  | [2, 3072, 4096]  | bf16  |      104.11       |      103.08      |      104.88      |        N/A         |
| 8  | 512  | 3072 | 4096 |  [8, 512, 4096]  |  [8, 512, 3072]  | [8, 3072, 4096]  | bf16  |      105.58       |      104.43      |      107.37      |        N/A         |
| 16 | 512  | 3072 | 4096 | [16, 512, 4096]  | [16, 512, 3072]  | [16, 3072, 4096] | bf16  |      160.53       |      160.25      |      160.75      |        N/A         |
| 32 | 512  | 3072 | 4096 | [32, 512, 4096]  | [32, 512, 3072]  | [32, 3072, 4096] | bf16  |      315.29       |      314.64      |      317.09      |        N/A         |
| 1  | 1024 | 3072 | 4096 | [1, 1024, 4096]  | [1, 1024, 3072]  | [1, 3072, 4096]  | bf16  |       105.3       |      104.28      |      107.01      |        N/A         |
| 2  | 1024 | 3072 | 4096 | [2, 1024, 4096]  | [2, 1024, 3072]  | [2, 3072, 4096]  | bf16  |      105.92       |      104.99      |      107.46      |        N/A         |
| 8  | 1024 | 3072 | 4096 | [8, 1024, 4096]  | [8, 1024, 3072]  | [8, 3072, 4096]  | bf16  |      152.52       |      152.17      |      153.15      |        N/A         |
| 16 | 1024 | 3072 | 4096 | [16, 1024, 4096] | [16, 1024, 3072] | [16, 3072, 4096] | bf16  |      300.24       |      299.37      |      302.65      |        N/A         |
| 32 | 1024 | 3072 | 4096 | [32, 1024, 4096] | [32, 1024, 3072] | [32, 3072, 4096] | bf16  |      600.85       |      592.17      |      630.6       |        N/A         |
| 1  |  1   | 4096 | 4096 |   [1, 1, 4096]   |   [1, 1, 4096]   | [1, 4096, 4096]  | bf16  |      106.33       |      105.44      |      107.5       |        N/A         |
| 2  |  1   | 4096 | 4096 |   [2, 1, 4096]   |   [2, 1, 4096]   | [2, 4096, 4096]  | bf16  |      104.34       |      103.86      |      104.62      |        N/A         |
| 8  |  1   | 4096 | 4096 |   [8, 1, 4096]   |   [8, 1, 4096]   | [8, 4096, 4096]  | bf16  |      104.11       |      103.07      |      104.81      |        N/A         |
| 16 |  1   | 4096 | 4096 |  [16, 1, 4096]   |  [16, 1, 4096]   | [16, 4096, 4096] | bf16  |      105.53       |      104.54      |      106.46      |        N/A         |
| 32 |  1   | 4096 | 4096 |  [32, 1, 4096]   |  [32, 1, 4096]   | [32, 4096, 4096] | bf16  |      162.51       |      162.13      |      162.74      |        N/A         |
| 1  |  2   | 4096 | 4096 |   [1, 2, 4096]   |   [1, 2, 4096]   | [1, 4096, 4096]  | bf16  |      108.13       |      106.98      |      109.3       |        N/A         |
| 2  |  2   | 4096 | 4096 |   [2, 2, 4096]   |   [2, 2, 4096]   | [2, 4096, 4096]  | bf16  |      105.75       |      104.84      |      106.9       |        N/A         |
| 8  |  2   | 4096 | 4096 |   [8, 2, 4096]   |   [8, 2, 4096]   | [8, 4096, 4096]  | bf16  |      105.12       |      104.5       |      105.9       |        N/A         |
| 16 |  2   | 4096 | 4096 |  [16, 2, 4096]   |  [16, 2, 4096]   | [16, 4096, 4096] | bf16  |      106.52       |      105.9       |      107.15      |        N/A         |
| 32 |  2   | 4096 | 4096 |  [32, 2, 4096]   |  [32, 2, 4096]   | [32, 4096, 4096] | bf16  |      163.98       |      163.59      |      164.39      |        N/A         |
| 1  |  8   | 4096 | 4096 |   [1, 8, 4096]   |   [1, 8, 4096]   | [1, 4096, 4096]  | bf16  |      107.53       |      106.93      |      108.04      |        N/A         |
| 2  |  8   | 4096 | 4096 |   [2, 8, 4096]   |   [2, 8, 4096]   | [2, 4096, 4096]  | bf16  |      104.72       |      103.88      |      105.77      |        N/A         |
| 8  |  8   | 4096 | 4096 |   [8, 8, 4096]   |   [8, 8, 4096]   | [8, 4096, 4096]  | bf16  |      104.39       |      103.28      |      105.65      |        N/A         |
| 16 |  8   | 4096 | 4096 |  [16, 8, 4096]   |  [16, 8, 4096]   | [16, 4096, 4096] | bf16  |      105.77       |      105.03      |      106.43      |        N/A         |
| 32 |  8   | 4096 | 4096 |  [32, 8, 4096]   |  [32, 8, 4096]   | [32, 4096, 4096] | bf16  |      163.75       |      162.86      |      164.11      |        N/A         |
| 1  |  32  | 4096 | 4096 |  [1, 32, 4096]   |  [1, 32, 4096]   | [1, 4096, 4096]  | bf16  |      105.27       |      104.91      |      106.0       |        N/A         |
| 2  |  32  | 4096 | 4096 |  [2, 32, 4096]   |  [2, 32, 4096]   | [2, 4096, 4096]  | bf16  |      105.95       |      104.11      |      109.2       |        N/A         |
| 8  |  32  | 4096 | 4096 |  [8, 32, 4096]   |  [8, 32, 4096]   | [8, 4096, 4096]  | bf16  |      105.42       |      104.63      |      106.04      |        N/A         |
| 16 |  32  | 4096 | 4096 |  [16, 32, 4096]  |  [16, 32, 4096]  | [16, 4096, 4096] | bf16  |      106.54       |      106.13      |      107.17      |        N/A         |
| 32 |  32  | 4096 | 4096 |  [32, 32, 4096]  |  [32, 32, 4096]  | [32, 4096, 4096] | bf16  |      172.38       |      171.98      |      172.77      |        N/A         |
| 1  | 128  | 4096 | 4096 |  [1, 128, 4096]  |  [1, 128, 4096]  | [1, 4096, 4096]  | bf16  |      105.63       |      104.53      |      109.15      |        N/A         |
| 2  | 128  | 4096 | 4096 |  [2, 128, 4096]  |  [2, 128, 4096]  | [2, 4096, 4096]  | bf16  |      104.45       |      103.82      |      104.85      |        N/A         |
| 8  | 128  | 4096 | 4096 |  [8, 128, 4096]  |  [8, 128, 4096]  | [8, 4096, 4096]  | bf16  |       106.1       |      105.72      |      106.67      |        N/A         |
| 16 | 128  | 4096 | 4096 | [16, 128, 4096]  | [16, 128, 4096]  | [16, 4096, 4096] | bf16  |      110.18       |      108.92      |      110.66      |        N/A         |
| 32 | 128  | 4096 | 4096 | [32, 128, 4096]  | [32, 128, 4096]  | [32, 4096, 4096] | bf16  |      198.82       |      198.55      |      198.96      |        N/A         |
| 1  | 512  | 4096 | 4096 |  [1, 512, 4096]  |  [1, 512, 4096]  | [1, 4096, 4096]  | bf16  |       106.0       |      105.44      |      106.61      |        N/A         |
| 2  | 512  | 4096 | 4096 |  [2, 512, 4096]  |  [2, 512, 4096]  | [2, 4096, 4096]  | bf16  |      105.24       |      104.39      |      105.93      |        N/A         |
| 8  | 512  | 4096 | 4096 |  [8, 512, 4096]  |  [8, 512, 4096]  | [8, 4096, 4096]  | bf16  |      113.17       |      111.02      |      115.34      |        N/A         |
| 16 | 512  | 4096 | 4096 | [16, 512, 4096]  | [16, 512, 4096]  | [16, 4096, 4096] | bf16  |       203.4       |      203.11      |      203.94      |        N/A         |
| 32 | 512  | 4096 | 4096 | [32, 512, 4096]  | [32, 512, 4096]  | [32, 4096, 4096] | bf16  |      404.14       |      393.58      |      425.58      |        N/A         |
| 1  | 1024 | 4096 | 4096 | [1, 1024, 4096]  | [1, 1024, 4096]  | [1, 4096, 4096]  | bf16  |      104.81       |      103.78      |      106.2       |        N/A         |
| 2  | 1024 | 4096 | 4096 | [2, 1024, 4096]  | [2, 1024, 4096]  | [2, 4096, 4096]  | bf16  |      105.14       |      104.62      |      105.98      |        N/A         |
| 8  | 1024 | 4096 | 4096 | [8, 1024, 4096]  | [8, 1024, 4096]  | [8, 4096, 4096]  | bf16  |      194.65       |      193.82      |      198.63      |        N/A         |
| 16 | 1024 | 4096 | 4096 | [16, 1024, 4096] | [16, 1024, 4096] | [16, 4096, 4096] | bf16  |      391.32       |      382.58      |      402.48      |        N/A         |
| 32 | 1024 | 4096 | 4096 | [32, 1024, 4096] | [32, 1024, 4096] | [32, 4096, 4096] | bf16  |      785.03       |      758.52      |      810.01      |        N/A         |
| 1  |  1   | 6144 | 4096 |   [1, 1, 4096]   |   [1, 1, 6144]   | [1, 6144, 4096]  | bf16  |      107.41       |      106.82      |      108.28      |        N/A         |
| 2  |  1   | 6144 | 4096 |   [2, 1, 4096]   |   [2, 1, 6144]   | [2, 6144, 4096]  | bf16  |      104.62       |      103.79      |      105.06      |        N/A         |
| 8  |  1   | 6144 | 4096 |   [8, 1, 4096]   |   [8, 1, 6144]   | [8, 6144, 4096]  | bf16  |       104.8       |      103.68      |      106.98      |        N/A         |
| 16 |  1   | 6144 | 4096 |  [16, 1, 4096]   |  [16, 1, 6144]   | [16, 6144, 4096] | bf16  |      126.29       |      125.82      |      126.51      |        N/A         |
| 32 |  1   | 6144 | 4096 |  [32, 1, 4096]   |  [32, 1, 6144]   | [32, 6144, 4096] | bf16  |      238.92       |      238.44      |      239.15      |        N/A         |
| 1  |  2   | 6144 | 4096 |   [1, 2, 4096]   |   [1, 2, 6144]   | [1, 6144, 4096]  | bf16  |      107.15       |      106.51      |      107.72      |        N/A         |
| 2  |  2   | 6144 | 4096 |   [2, 2, 4096]   |   [2, 2, 6144]   | [2, 6144, 4096]  | bf16  |      104.44       |      103.8       |      105.89      |        N/A         |
| 8  |  2   | 6144 | 4096 |   [8, 2, 4096]   |   [8, 2, 6144]   | [8, 6144, 4096]  | bf16  |      104.61       |      104.0       |      104.89      |        N/A         |
| 16 |  2   | 6144 | 4096 |  [16, 2, 4096]   |  [16, 2, 6144]   | [16, 6144, 4096] | bf16  |       130.2       |      129.85      |      130.42      |        N/A         |
| 32 |  2   | 6144 | 4096 |  [32, 2, 4096]   |  [32, 2, 6144]   | [32, 6144, 4096] | bf16  |      241.34       |      240.59      |      241.96      |        N/A         |
| 1  |  8   | 6144 | 4096 |   [1, 8, 4096]   |   [1, 8, 6144]   | [1, 6144, 4096]  | bf16  |      108.76       |      107.77      |      109.23      |        N/A         |
| 2  |  8   | 6144 | 4096 |   [2, 8, 4096]   |   [2, 8, 6144]   | [2, 6144, 4096]  | bf16  |       105.1       |      104.16      |      105.55      |        N/A         |
| 8  |  8   | 6144 | 4096 |   [8, 8, 4096]   |   [8, 8, 6144]   | [8, 6144, 4096]  | bf16  |      105.54       |      105.13      |      106.55      |        N/A         |
| 16 |  8   | 6144 | 4096 |  [16, 8, 4096]   |  [16, 8, 6144]   | [16, 6144, 4096] | bf16  |      125.72       |      124.92      |      127.71      |        N/A         |
| 32 |  8   | 6144 | 4096 |  [32, 8, 4096]   |  [32, 8, 6144]   | [32, 6144, 4096] | bf16  |      240.26       |      239.68      |      241.0       |        N/A         |
| 1  |  32  | 6144 | 4096 |  [1, 32, 4096]   |  [1, 32, 6144]   | [1, 6144, 4096]  | bf16  |      109.34       |      108.39      |      110.02      |        N/A         |
| 2  |  32  | 6144 | 4096 |  [2, 32, 4096]   |  [2, 32, 6144]   | [2, 6144, 4096]  | bf16  |      105.95       |      103.89      |      109.67      |        N/A         |
| 8  |  32  | 6144 | 4096 |  [8, 32, 4096]   |  [8, 32, 6144]   | [8, 6144, 4096]  | bf16  |      105.33       |      104.3       |      106.27      |        N/A         |
| 16 |  32  | 6144 | 4096 |  [16, 32, 4096]  |  [16, 32, 6144]  | [16, 6144, 4096] | bf16  |      128.12       |      127.38      |      130.26      |        N/A         |
| 32 |  32  | 6144 | 4096 |  [32, 32, 4096]  |  [32, 32, 6144]  | [32, 6144, 4096] | bf16  |      250.52       |      250.29      |      250.79      |        N/A         |
| 1  | 128  | 6144 | 4096 |  [1, 128, 4096]  |  [1, 128, 6144]  | [1, 6144, 4096]  | bf16  |      106.33       |      105.71      |      107.05      |        N/A         |
| 2  | 128  | 6144 | 4096 |  [2, 128, 4096]  |  [2, 128, 6144]  | [2, 6144, 4096]  | bf16  |      105.17       |      104.35      |      106.01      |        N/A         |
| 8  | 128  | 6144 | 4096 |  [8, 128, 4096]  |  [8, 128, 6144]  | [8, 6144, 4096]  | bf16  |      106.95       |      105.86      |      109.11      |        N/A         |
| 16 | 128  | 6144 | 4096 | [16, 128, 4096]  | [16, 128, 6144]  | [16, 6144, 4096] | bf16  |      146.72       |      145.71      |      149.48      |        N/A         |
| 32 | 128  | 6144 | 4096 | [32, 128, 4096]  | [32, 128, 6144]  | [32, 6144, 4096] | bf16  |      279.61       |      279.31      |      279.76      |        N/A         |
| 1  | 512  | 6144 | 4096 |  [1, 512, 4096]  |  [1, 512, 6144]  | [1, 6144, 4096]  | bf16  |      105.84       |      105.31      |      106.56      |        N/A         |
| 2  | 512  | 6144 | 4096 |  [2, 512, 4096]  |  [2, 512, 6144]  | [2, 6144, 4096]  | bf16  |      104.97       |      103.97      |      105.95      |        N/A         |
| 8  | 512  | 6144 | 4096 |  [8, 512, 4096]  |  [8, 512, 6144]  | [8, 6144, 4096]  | bf16  |      152.96       |      151.88      |      155.28      |        N/A         |
| 16 | 512  | 6144 | 4096 | [16, 512, 4096]  | [16, 512, 6144]  | [16, 6144, 4096] | bf16  |      291.93       |      291.02      |      292.95      |        N/A         |
| 32 | 512  | 6144 | 4096 | [32, 512, 4096]  | [32, 512, 6144]  | [32, 6144, 4096] | bf16  |      602.48       |      576.28      |      639.74      |        N/A         |
| 1  | 1024 | 6144 | 4096 | [1, 1024, 4096]  | [1, 1024, 6144]  | [1, 6144, 4096]  | bf16  |      105.67       |      104.95      |      106.33      |        N/A         |
| 2  | 1024 | 6144 | 4096 | [2, 1024, 4096]  | [2, 1024, 6144]  | [2, 6144, 4096]  | bf16  |      105.61       |      104.81      |      106.35      |        N/A         |
| 8  | 1024 | 6144 | 4096 | [8, 1024, 4096]  | [8, 1024, 6144]  | [8, 6144, 4096]  | bf16  |      277.72       |      277.27      |      278.03      |        N/A         |
| 16 | 1024 | 6144 | 4096 | [16, 1024, 4096] | [16, 1024, 6144] | [16, 6144, 4096] | bf16  |      575.78       |      549.58      |      605.45      |        N/A         |
| 32 | 1024 | 6144 | 4096 | [32, 1024, 4096] | [32, 1024, 6144] | [32, 6144, 4096] | bf16  |      1183.57      |     1091.27      |     1228.25      |        N/A         |
| 1  |  1   | 8192 | 4096 |   [1, 1, 4096]   |   [1, 1, 8192]   | [1, 8192, 4096]  | bf16  |      108.32       |      107.81      |      109.25      |        N/A         |
| 2  |  1   | 8192 | 4096 |   [2, 1, 4096]   |   [2, 1, 8192]   | [2, 8192, 4096]  | bf16  |      105.31       |      104.23      |      106.28      |        N/A         |
| 8  |  1   | 8192 | 4096 |   [8, 1, 4096]   |   [8, 1, 8192]   | [8, 8192, 4096]  | bf16  |      105.84       |      104.72      |      107.34      |        N/A         |
| 16 |  1   | 8192 | 4096 |  [16, 1, 4096]   |  [16, 1, 8192]   | [16, 8192, 4096] | bf16  |      170.35       |      169.35      |      170.84      |        N/A         |
| 32 |  1   | 8192 | 4096 |  [32, 1, 4096]   |  [32, 1, 8192]   | [32, 8192, 4096] | bf16  |      316.87       |      316.34      |      317.58      |        N/A         |
| 1  |  2   | 8192 | 4096 |   [1, 2, 4096]   |   [1, 2, 8192]   | [1, 8192, 4096]  | bf16  |      108.65       |      107.45      |      109.54      |        N/A         |
| 2  |  2   | 8192 | 4096 |   [2, 2, 4096]   |   [2, 2, 8192]   | [2, 8192, 4096]  | bf16  |       106.0       |      105.3       |      106.97      |        N/A         |
| 8  |  2   | 8192 | 4096 |   [8, 2, 4096]   |   [8, 2, 8192]   | [8, 8192, 4096]  | bf16  |      107.22       |      106.68      |      108.14      |        N/A         |
| 16 |  2   | 8192 | 4096 |  [16, 2, 4096]   |  [16, 2, 8192]   | [16, 8192, 4096] | bf16  |      166.77       |      165.78      |      167.49      |        N/A         |
| 32 |  2   | 8192 | 4096 |  [32, 2, 4096]   |  [32, 2, 8192]   | [32, 8192, 4096] | bf16  |      316.78       |      316.07      |      317.44      |        N/A         |
| 1  |  8   | 8192 | 4096 |   [1, 8, 4096]   |   [1, 8, 8192]   | [1, 8192, 4096]  | bf16  |      108.44       |      108.03      |      108.75      |        N/A         |
| 2  |  8   | 8192 | 4096 |   [2, 8, 4096]   |   [2, 8, 8192]   | [2, 8192, 4096]  | bf16  |      105.16       |      104.1       |      105.93      |        N/A         |
| 8  |  8   | 8192 | 4096 |   [8, 8, 4096]   |   [8, 8, 8192]   | [8, 8192, 4096]  | bf16  |      106.26       |      105.54      |      107.03      |        N/A         |
| 16 |  8   | 8192 | 4096 |  [16, 8, 4096]   |  [16, 8, 8192]   | [16, 8192, 4096] | bf16  |      162.77       |      162.0       |      164.66      |        N/A         |
| 32 |  8   | 8192 | 4096 |  [32, 8, 4096]   |  [32, 8, 8192]   | [32, 8192, 4096] | bf16  |      313.98       |      313.69      |      314.31      |        N/A         |
| 1  |  32  | 8192 | 4096 |  [1, 32, 4096]   |  [1, 32, 8192]   | [1, 8192, 4096]  | bf16  |      107.45       |      106.69      |      107.99      |        N/A         |
| 2  |  32  | 8192 | 4096 |  [2, 32, 4096]   |  [2, 32, 8192]   | [2, 8192, 4096]  | bf16  |      105.06       |      104.31      |      106.44      |        N/A         |
| 8  |  32  | 8192 | 4096 |  [8, 32, 4096]   |  [8, 32, 8192]   | [8, 8192, 4096]  | bf16  |      105.76       |      104.99      |      106.91      |        N/A         |
| 16 |  32  | 8192 | 4096 |  [16, 32, 4096]  |  [16, 32, 8192]  | [16, 8192, 4096] | bf16  |      165.78       |      165.28      |      166.13      |        N/A         |
| 32 |  32  | 8192 | 4096 |  [32, 32, 4096]  |  [32, 32, 8192]  | [32, 8192, 4096] | bf16  |      327.62       |      327.27      |      328.1       |        N/A         |
| 1  | 128  | 8192 | 4096 |  [1, 128, 4096]  |  [1, 128, 8192]  | [1, 8192, 4096]  | bf16  |      107.48       |      105.46      |      111.68      |        N/A         |
| 2  | 128  | 8192 | 4096 |  [2, 128, 4096]  |  [2, 128, 8192]  | [2, 8192, 4096]  | bf16  |      106.26       |      105.65      |      106.89      |        N/A         |
| 8  | 128  | 8192 | 4096 |  [8, 128, 4096]  |  [8, 128, 8192]  | [8, 8192, 4096]  | bf16  |      108.04       |      107.31      |      109.07      |        N/A         |
| 16 | 128  | 8192 | 4096 | [16, 128, 4096]  | [16, 128, 8192]  | [16, 8192, 4096] | bf16  |      188.14       |      187.09      |      192.64      |        N/A         |
| 32 | 128  | 8192 | 4096 | [32, 128, 4096]  | [32, 128, 8192]  | [32, 8192, 4096] | bf16  |      363.69       |      362.86      |      366.5       |        N/A         |
| 1  | 512  | 8192 | 4096 |  [1, 512, 4096]  |  [1, 512, 8192]  | [1, 8192, 4096]  | bf16  |      104.97       |      104.49      |      106.2       |        N/A         |
| 2  | 512  | 8192 | 4096 |  [2, 512, 4096]  |  [2, 512, 8192]  | [2, 8192, 4096]  | bf16  |      104.76       |      103.38      |      105.84      |        N/A         |
| 8  | 512  | 8192 | 4096 |  [8, 512, 4096]  |  [8, 512, 8192]  | [8, 8192, 4096]  | bf16  |      196.77       |      196.29      |      197.1       |        N/A         |
| 16 | 512  | 8192 | 4096 | [16, 512, 4096]  | [16, 512, 8192]  | [16, 8192, 4096] | bf16  |      379.27       |      378.85      |      379.86      |        N/A         |
| 32 | 512  | 8192 | 4096 | [32, 512, 4096]  | [32, 512, 8192]  | [32, 8192, 4096] | bf16  |      805.39       |      756.69      |      854.32      |        N/A         |
| 1  | 1024 | 8192 | 4096 | [1, 1024, 4096]  | [1, 1024, 8192]  | [1, 8192, 4096]  | bf16  |      104.17       |      102.96      |      105.55      |        N/A         |
| 2  | 1024 | 8192 | 4096 | [2, 1024, 4096]  | [2, 1024, 8192]  | [2, 8192, 4096]  | bf16  |       106.4       |      105.78      |      107.05      |        N/A         |
| 8  | 1024 | 8192 | 4096 | [8, 1024, 4096]  | [8, 1024, 8192]  | [8, 8192, 4096]  | bf16  |       363.4       |      363.06      |      363.56      |        N/A         |
| 16 | 1024 | 8192 | 4096 | [16, 1024, 4096] | [16, 1024, 8192] | [16, 8192, 4096] | bf16  |      707.33       |      703.91      |      717.84      |        N/A         |
| 32 | 1024 | 8192 | 4096 | [32, 1024, 4096] | [32, 1024, 8192] | [32, 8192, 4096] | bf16  |      1543.86      |     1441.66      |     1648.02      |        N/A         |
| 1  |  1   | 3072 | 6144 |   [1, 1, 6144]   |   [1, 1, 3072]   | [1, 3072, 6144]  | bf16  |      103.61       |      102.98      |      104.14      |        N/A         |
| 2  |  1   | 3072 | 6144 |   [2, 1, 6144]   |   [2, 1, 3072]   | [2, 3072, 6144]  | bf16  |      104.03       |      103.47      |      104.6       |        N/A         |
| 8  |  1   | 3072 | 6144 |   [8, 1, 6144]   |   [8, 1, 3072]   | [8, 3072, 6144]  | bf16  |      104.53       |      104.06      |      105.91      |        N/A         |
| 16 |  1   | 3072 | 6144 |  [16, 1, 6144]   |  [16, 1, 3072]   | [16, 3072, 6144] | bf16  |      106.67       |      106.08      |      107.53      |        N/A         |
| 32 |  1   | 3072 | 6144 |  [32, 1, 6144]   |  [32, 1, 3072]   | [32, 3072, 6144] | bf16  |       177.8       |      177.36      |      178.13      |        N/A         |
| 1  |  2   | 3072 | 6144 |   [1, 2, 6144]   |   [1, 2, 3072]   | [1, 3072, 6144]  | bf16  |      105.86       |      104.77      |      107.04      |        N/A         |
| 2  |  2   | 3072 | 6144 |   [2, 2, 6144]   |   [2, 2, 3072]   | [2, 3072, 6144]  | bf16  |      105.84       |      104.7       |      108.77      |        N/A         |
| 8  |  2   | 3072 | 6144 |   [8, 2, 6144]   |   [8, 2, 3072]   | [8, 3072, 6144]  | bf16  |      106.04       |      104.85      |      108.23      |        N/A         |
| 16 |  2   | 3072 | 6144 |  [16, 2, 6144]   |  [16, 2, 3072]   | [16, 3072, 6144] | bf16  |      107.22       |      106.38      |      107.72      |        N/A         |
| 32 |  2   | 3072 | 6144 |  [32, 2, 6144]   |  [32, 2, 3072]   | [32, 3072, 6144] | bf16  |      180.74       |      179.79      |      185.03      |        N/A         |
| 1  |  8   | 3072 | 6144 |   [1, 8, 6144]   |   [1, 8, 3072]   | [1, 3072, 6144]  | bf16  |      105.83       |      104.82      |      106.75      |        N/A         |
| 2  |  8   | 3072 | 6144 |   [2, 8, 6144]   |   [2, 8, 3072]   | [2, 3072, 6144]  | bf16  |      105.92       |      104.91      |      109.43      |        N/A         |
| 8  |  8   | 3072 | 6144 |   [8, 8, 6144]   |   [8, 8, 3072]   | [8, 3072, 6144]  | bf16  |       105.3       |      104.43      |      106.68      |        N/A         |
| 16 |  8   | 3072 | 6144 |  [16, 8, 6144]   |  [16, 8, 3072]   | [16, 3072, 6144] | bf16  |      106.01       |      105.74      |      106.31      |        N/A         |
| 32 |  8   | 3072 | 6144 |  [32, 8, 6144]   |  [32, 8, 3072]   | [32, 3072, 6144] | bf16  |      182.97       |      182.49      |      183.46      |        N/A         |
| 1  |  32  | 3072 | 6144 |  [1, 32, 6144]   |  [1, 32, 3072]   | [1, 3072, 6144]  | bf16  |      105.93       |      105.17      |      107.37      |        N/A         |
| 2  |  32  | 3072 | 6144 |  [2, 32, 6144]   |  [2, 32, 3072]   | [2, 3072, 6144]  | bf16  |      105.94       |      104.62      |      109.18      |        N/A         |
| 8  |  32  | 3072 | 6144 |  [8, 32, 6144]   |  [8, 32, 3072]   | [8, 3072, 6144]  | bf16  |      104.46       |      103.91      |      105.24      |        N/A         |
| 16 |  32  | 3072 | 6144 |  [16, 32, 6144]  |  [16, 32, 3072]  | [16, 3072, 6144] | bf16  |      107.56       |      106.88      |      108.21      |        N/A         |
| 32 |  32  | 3072 | 6144 |  [32, 32, 6144]  |  [32, 32, 3072]  | [32, 3072, 6144] | bf16  |       192.7       |      192.36      |      192.98      |        N/A         |
| 1  | 128  | 3072 | 6144 |  [1, 128, 6144]  |  [1, 128, 3072]  | [1, 3072, 6144]  | bf16  |      104.13       |      103.36      |      105.79      |        N/A         |
| 2  | 128  | 3072 | 6144 |  [2, 128, 6144]  |  [2, 128, 3072]  | [2, 3072, 6144]  | bf16  |      104.47       |      103.92      |      105.2       |        N/A         |
| 8  | 128  | 3072 | 6144 |  [8, 128, 6144]  |  [8, 128, 3072]  | [8, 3072, 6144]  | bf16  |      104.28       |      103.66      |      105.36      |        N/A         |
| 16 | 128  | 3072 | 6144 | [16, 128, 6144]  | [16, 128, 3072]  | [16, 3072, 6144] | bf16  |      120.72       |      120.11      |      122.62      |        N/A         |
| 32 | 128  | 3072 | 6144 | [32, 128, 6144]  | [32, 128, 3072]  | [32, 3072, 6144] | bf16  |      226.61       |      226.22      |      226.9       |        N/A         |
| 1  | 512  | 3072 | 6144 |  [1, 512, 6144]  |  [1, 512, 3072]  | [1, 3072, 6144]  | bf16  |      104.97       |      103.83      |      105.6       |        N/A         |
| 2  | 512  | 3072 | 6144 |  [2, 512, 6144]  |  [2, 512, 3072]  | [2, 3072, 6144]  | bf16  |      105.73       |      104.64      |      106.68      |        N/A         |
| 8  | 512  | 3072 | 6144 |  [8, 512, 6144]  |  [8, 512, 3072]  | [8, 3072, 6144]  | bf16  |      126.32       |      124.66      |      129.32      |        N/A         |
| 16 | 512  | 3072 | 6144 | [16, 512, 6144]  | [16, 512, 3072]  | [16, 3072, 6144] | bf16  |      239.64       |      238.01      |      240.26      |        N/A         |
| 32 | 512  | 3072 | 6144 | [32, 512, 6144]  | [32, 512, 3072]  | [32, 3072, 6144] | bf16  |      465.51       |      464.09      |      467.38      |        N/A         |
| 1  | 1024 | 3072 | 6144 | [1, 1024, 6144]  | [1, 1024, 3072]  | [1, 3072, 6144]  | bf16  |      104.77       |      104.3       |      105.37      |        N/A         |
| 2  | 1024 | 3072 | 6144 | [2, 1024, 6144]  | [2, 1024, 3072]  | [2, 3072, 6144]  | bf16  |      104.65       |      103.4       |      105.87      |        N/A         |
| 8  | 1024 | 3072 | 6144 | [8, 1024, 6144]  | [8, 1024, 3072]  | [8, 3072, 6144]  | bf16  |      233.29       |      228.36      |      243.7       |        N/A         |
| 16 | 1024 | 3072 | 6144 | [16, 1024, 6144] | [16, 1024, 3072] | [16, 3072, 6144] | bf16  |      455.21       |      443.98      |      460.07      |        N/A         |
| 32 | 1024 | 3072 | 6144 | [32, 1024, 6144] | [32, 1024, 3072] | [32, 3072, 6144] | bf16  |      924.21       |      881.55      |      996.59      |        N/A         |
| 1  |  1   | 4096 | 6144 |   [1, 1, 6144]   |   [1, 1, 4096]   | [1, 4096, 6144]  | bf16  |      105.47       |      104.59      |      106.12      |        N/A         |
| 2  |  1   | 4096 | 6144 |   [2, 1, 6144]   |   [2, 1, 4096]   | [2, 4096, 6144]  | bf16  |      104.58       |      103.81      |      105.37      |        N/A         |
| 8  |  1   | 4096 | 6144 |   [8, 1, 6144]   |   [8, 1, 4096]   | [8, 4096, 6144]  | bf16  |       105.5       |      104.61      |      108.33      |        N/A         |
| 16 |  1   | 4096 | 6144 |  [16, 1, 6144]   |  [16, 1, 4096]   | [16, 4096, 6144] | bf16  |      126.28       |      125.68      |      126.59      |        N/A         |
| 32 |  1   | 4096 | 6144 |  [32, 1, 6144]   |  [32, 1, 4096]   | [32, 4096, 6144] | bf16  |      234.33       |      233.97      |      234.82      |        N/A         |
| 1  |  2   | 4096 | 6144 |   [1, 2, 6144]   |   [1, 2, 4096]   | [1, 4096, 6144]  | bf16  |      105.17       |      104.73      |      105.93      |        N/A         |
| 2  |  2   | 4096 | 6144 |   [2, 2, 6144]   |   [2, 2, 4096]   | [2, 4096, 6144]  | bf16  |      105.13       |      104.07      |      106.8       |        N/A         |
| 8  |  2   | 4096 | 6144 |   [8, 2, 6144]   |   [8, 2, 4096]   | [8, 4096, 6144]  | bf16  |      105.05       |      104.0       |      105.67      |        N/A         |
| 16 |  2   | 4096 | 6144 |  [16, 2, 6144]   |  [16, 2, 4096]   | [16, 4096, 6144] | bf16  |      125.73       |      125.27      |      126.18      |        N/A         |
| 32 |  2   | 4096 | 6144 |  [32, 2, 6144]   |  [32, 2, 4096]   | [32, 4096, 6144] | bf16  |      233.98       |      233.76      |      234.27      |        N/A         |
| 1  |  8   | 4096 | 6144 |   [1, 8, 6144]   |   [1, 8, 4096]   | [1, 4096, 6144]  | bf16  |      104.58       |      103.94      |      105.46      |        N/A         |
| 2  |  8   | 4096 | 6144 |   [2, 8, 6144]   |   [2, 8, 4096]   | [2, 4096, 6144]  | bf16  |      105.18       |      104.05      |      106.36      |        N/A         |
| 8  |  8   | 4096 | 6144 |   [8, 8, 6144]   |   [8, 8, 4096]   | [8, 4096, 6144]  | bf16  |      106.69       |      106.15      |      107.28      |        N/A         |
| 16 |  8   | 4096 | 6144 |  [16, 8, 6144]   |  [16, 8, 4096]   | [16, 4096, 6144] | bf16  |      123.69       |      123.11      |      125.25      |        N/A         |
| 32 |  8   | 4096 | 6144 |  [32, 8, 6144]   |  [32, 8, 4096]   | [32, 4096, 6144] | bf16  |      238.33       |      237.68      |      238.74      |        N/A         |
| 1  |  32  | 4096 | 6144 |  [1, 32, 6144]   |  [1, 32, 4096]   | [1, 4096, 6144]  | bf16  |      105.83       |      105.01      |      106.99      |        N/A         |
| 2  |  32  | 4096 | 6144 |  [2, 32, 6144]   |  [2, 32, 4096]   | [2, 4096, 6144]  | bf16  |      105.57       |      103.95      |      109.39      |        N/A         |
| 8  |  32  | 4096 | 6144 |  [8, 32, 6144]   |  [8, 32, 4096]   | [8, 4096, 6144]  | bf16  |      104.83       |      104.18      |      105.65      |        N/A         |
| 16 |  32  | 4096 | 6144 |  [16, 32, 6144]  |  [16, 32, 4096]  | [16, 4096, 6144] | bf16  |      131.41       |      130.7       |      132.34      |        N/A         |
| 32 |  32  | 4096 | 6144 |  [32, 32, 6144]  |  [32, 32, 4096]  | [32, 4096, 6144] | bf16  |      249.68       |      249.24      |      250.29      |        N/A         |
| 1  | 128  | 4096 | 6144 |  [1, 128, 6144]  |  [1, 128, 4096]  | [1, 4096, 6144]  | bf16  |      105.04       |      103.97      |      106.33      |        N/A         |
| 2  | 128  | 4096 | 6144 |  [2, 128, 6144]  |  [2, 128, 4096]  | [2, 4096, 6144]  | bf16  |      105.01       |      104.55      |      105.74      |        N/A         |
| 8  | 128  | 4096 | 6144 |  [8, 128, 6144]  |  [8, 128, 4096]  | [8, 4096, 6144]  | bf16  |      106.19       |      104.98      |      107.4       |        N/A         |
| 16 | 128  | 4096 | 6144 | [16, 128, 6144]  | [16, 128, 4096]  | [16, 4096, 6144] | bf16  |      151.85       |      151.35      |      154.0       |        N/A         |
| 32 | 128  | 4096 | 6144 | [32, 128, 6144]  | [32, 128, 4096]  | [32, 4096, 6144] | bf16  |      286.04       |      285.0       |      286.35      |        N/A         |
| 1  | 512  | 4096 | 6144 |  [1, 512, 6144]  |  [1, 512, 4096]  | [1, 4096, 6144]  | bf16  |      104.94       |      104.47      |      105.85      |        N/A         |
| 2  | 512  | 4096 | 6144 |  [2, 512, 6144]  |  [2, 512, 4096]  | [2, 4096, 6144]  | bf16  |      104.37       |      103.42      |      105.65      |        N/A         |
| 8  | 512  | 4096 | 6144 |  [8, 512, 6144]  |  [8, 512, 4096]  | [8, 4096, 6144]  | bf16  |      158.77       |      158.21      |      160.95      |        N/A         |
| 16 | 512  | 4096 | 6144 | [16, 512, 6144]  | [16, 512, 4096]  | [16, 4096, 6144] | bf16  |      306.66       |      305.88      |      308.22      |        N/A         |
| 32 | 512  | 4096 | 6144 | [32, 512, 6144]  | [32, 512, 4096]  | [32, 4096, 6144] | bf16  |      598.46       |      595.03      |      610.91      |        N/A         |
| 1  | 1024 | 4096 | 6144 | [1, 1024, 6144]  | [1, 1024, 4096]  | [1, 4096, 6144]  | bf16  |      105.03       |      103.63      |      105.93      |        N/A         |
| 2  | 1024 | 4096 | 6144 | [2, 1024, 6144]  | [2, 1024, 4096]  | [2, 4096, 6144]  | bf16  |      105.75       |      104.78      |      106.4       |        N/A         |
| 8  | 1024 | 4096 | 6144 | [8, 1024, 6144]  | [8, 1024, 4096]  | [8, 4096, 6144]  | bf16  |      291.82       |      291.08      |      293.09      |        N/A         |
| 16 | 1024 | 4096 | 6144 | [16, 1024, 6144] | [16, 1024, 4096] | [16, 4096, 6144] | bf16  |      587.74       |      566.55      |      658.58      |        N/A         |
| 32 | 1024 | 4096 | 6144 | [32, 1024, 6144] | [32, 1024, 4096] | [32, 4096, 6144] | bf16  |      1188.9       |     1127.53      |      1261.0      |        N/A         |
| 1  |  1   | 6144 | 6144 |   [1, 1, 6144]   |   [1, 1, 6144]   | [1, 6144, 6144]  | bf16  |      108.73       |      107.67      |      109.91      |        N/A         |
| 2  |  1   | 6144 | 6144 |   [2, 1, 6144]   |   [2, 1, 6144]   | [2, 6144, 6144]  | bf16  |      105.91       |      105.26      |      106.82      |        N/A         |
| 8  |  1   | 6144 | 6144 |   [8, 1, 6144]   |   [8, 1, 6144]   | [8, 6144, 6144]  | bf16  |      106.29       |      105.08      |      107.4       |        N/A         |
| 16 |  1   | 6144 | 6144 |  [16, 1, 6144]   |  [16, 1, 6144]   | [16, 6144, 6144] | bf16  |      181.93       |      181.83      |      182.09      |        N/A         |
| 32 |  1   | 6144 | 6144 |  [32, 1, 6144]   |  [32, 1, 6144]   | [32, 6144, 6144] | bf16  |      343.85       |      343.32      |      344.42      |        N/A         |
| 1  |  2   | 6144 | 6144 |   [1, 2, 6144]   |   [1, 2, 6144]   | [1, 6144, 6144]  | bf16  |      107.48       |      106.67      |      108.36      |        N/A         |
| 2  |  2   | 6144 | 6144 |   [2, 2, 6144]   |   [2, 2, 6144]   | [2, 6144, 6144]  | bf16  |      104.94       |      104.31      |      105.33      |        N/A         |
| 8  |  2   | 6144 | 6144 |   [8, 2, 6144]   |   [8, 2, 6144]   | [8, 6144, 6144]  | bf16  |      106.45       |      105.96      |      107.52      |        N/A         |
| 16 |  2   | 6144 | 6144 |  [16, 2, 6144]   |  [16, 2, 6144]   | [16, 6144, 6144] | bf16  |      182.63       |      182.28      |      182.86      |        N/A         |
| 32 |  2   | 6144 | 6144 |  [32, 2, 6144]   |  [32, 2, 6144]   | [32, 6144, 6144] | bf16  |      347.96       |      346.88      |      348.46      |        N/A         |
| 1  |  8   | 6144 | 6144 |   [1, 8, 6144]   |   [1, 8, 6144]   | [1, 6144, 6144]  | bf16  |      107.03       |      105.97      |      107.65      |        N/A         |
| 2  |  8   | 6144 | 6144 |   [2, 8, 6144]   |   [2, 8, 6144]   | [2, 6144, 6144]  | bf16  |      104.44       |      103.94      |      105.52      |        N/A         |
| 8  |  8   | 6144 | 6144 |   [8, 8, 6144]   |   [8, 8, 6144]   | [8, 6144, 6144]  | bf16  |      106.82       |      105.79      |      108.37      |        N/A         |
| 16 |  8   | 6144 | 6144 |  [16, 8, 6144]   |  [16, 8, 6144]   | [16, 6144, 6144] | bf16  |      178.14       |      177.9       |      178.35      |        N/A         |
| 32 |  8   | 6144 | 6144 |  [32, 8, 6144]   |  [32, 8, 6144]   | [32, 6144, 6144] | bf16  |      348.91       |      348.08      |      349.69      |        N/A         |
| 1  |  32  | 6144 | 6144 |  [1, 32, 6144]   |  [1, 32, 6144]   | [1, 6144, 6144]  | bf16  |      107.67       |      107.49      |      107.82      |        N/A         |
| 2  |  32  | 6144 | 6144 |  [2, 32, 6144]   |  [2, 32, 6144]   | [2, 6144, 6144]  | bf16  |      105.59       |      104.83      |      107.28      |        N/A         |
| 8  |  32  | 6144 | 6144 |  [8, 32, 6144]   |  [8, 32, 6144]   | [8, 6144, 6144]  | bf16  |      107.69       |      107.52      |      108.31      |        N/A         |
| 16 |  32  | 6144 | 6144 |  [16, 32, 6144]  |  [16, 32, 6144]  | [16, 6144, 6144] | bf16  |      188.87       |      188.25      |      189.31      |        N/A         |
| 32 |  32  | 6144 | 6144 |  [32, 32, 6144]  |  [32, 32, 6144]  | [32, 6144, 6144] | bf16  |      362.44       |      361.1       |      363.35      |        N/A         |
| 1  | 128  | 6144 | 6144 |  [1, 128, 6144]  |  [1, 128, 6144]  | [1, 6144, 6144]  | bf16  |      105.95       |      105.3       |      106.76      |        N/A         |
| 2  | 128  | 6144 | 6144 |  [2, 128, 6144]  |  [2, 128, 6144]  | [2, 6144, 6144]  | bf16  |      105.74       |      104.92      |      107.13      |        N/A         |
| 8  | 128  | 6144 | 6144 |  [8, 128, 6144]  |  [8, 128, 6144]  | [8, 6144, 6144]  | bf16  |      111.97       |      110.57      |      113.99      |        N/A         |
| 16 | 128  | 6144 | 6144 | [16, 128, 6144]  | [16, 128, 6144]  | [16, 6144, 6144] | bf16  |      211.44       |      211.13      |      211.86      |        N/A         |
| 32 | 128  | 6144 | 6144 | [32, 128, 6144]  | [32, 128, 6144]  | [32, 6144, 6144] | bf16  |      406.01       |      405.53      |      406.31      |        N/A         |
| 1  | 512  | 6144 | 6144 |  [1, 512, 6144]  |  [1, 512, 6144]  | [1, 6144, 6144]  | bf16  |       105.1       |      104.27      |      107.4       |        N/A         |
| 2  | 512  | 6144 | 6144 |  [2, 512, 6144]  |  [2, 512, 6144]  | [2, 6144, 6144]  | bf16  |      105.11       |      103.32      |      106.21      |        N/A         |
| 8  | 512  | 6144 | 6144 |  [8, 512, 6144]  |  [8, 512, 6144]  | [8, 6144, 6144]  | bf16  |      224.58       |      224.33      |      224.77      |        N/A         |
| 16 | 512  | 6144 | 6144 | [16, 512, 6144]  | [16, 512, 6144]  | [16, 6144, 6144] | bf16  |      451.71       |      437.97      |      480.83      |        N/A         |
| 32 | 512  | 6144 | 6144 | [32, 512, 6144]  | [32, 512, 6144]  | [32, 6144, 6144] | bf16  |      873.67       |      847.12      |      973.76      |        N/A         |
| 1  | 1024 | 6144 | 6144 | [1, 1024, 6144]  | [1, 1024, 6144]  | [1, 6144, 6144]  | bf16  |      105.21       |      104.23      |      106.93      |        N/A         |
| 2  | 1024 | 6144 | 6144 | [2, 1024, 6144]  | [2, 1024, 6144]  | [2, 6144, 6144]  | bf16  |      112.37       |      111.48      |      114.45      |        N/A         |
| 8  | 1024 | 6144 | 6144 | [8, 1024, 6144]  | [8, 1024, 6144]  | [8, 6144, 6144]  | bf16  |      425.32       |      416.47      |      465.46      |        N/A         |
| 16 | 1024 | 6144 | 6144 | [16, 1024, 6144] | [16, 1024, 6144] | [16, 6144, 6144] | bf16  |      812.12       |      805.58      |      829.93      |        N/A         |
| 32 | 1024 | 6144 | 6144 | [32, 1024, 6144] | [32, 1024, 6144] | [32, 6144, 6144] | bf16  |      1765.77      |     1635.64      |     1823.13      |        N/A         |
| 1  |  1   | 8192 | 6144 |   [1, 1, 6144]   |   [1, 1, 8192]   | [1, 8192, 6144]  | bf16  |      107.83       |      106.81      |      108.63      |        N/A         |
| 2  |  1   | 8192 | 6144 |   [2, 1, 6144]   |   [2, 1, 8192]   | [2, 8192, 6144]  | bf16  |      104.39       |      103.59      |      105.08      |        N/A         |
| 8  |  1   | 8192 | 6144 |   [8, 1, 6144]   |   [8, 1, 8192]   | [8, 8192, 6144]  | bf16  |      127.23       |      126.78      |      128.02      |        N/A         |
| 16 |  1   | 8192 | 6144 |  [16, 1, 6144]   |  [16, 1, 8192]   | [16, 8192, 6144] | bf16  |      238.71       |      238.22      |      239.05      |        N/A         |
| 32 |  1   | 8192 | 6144 |  [32, 1, 6144]   |  [32, 1, 8192]   | [32, 8192, 6144] | bf16  |      459.23       |      455.99      |      460.16      |        N/A         |
| 1  |  2   | 8192 | 6144 |   [1, 2, 6144]   |   [1, 2, 8192]   | [1, 8192, 6144]  | bf16  |      108.54       |      108.05      |      108.8       |        N/A         |
| 2  |  2   | 8192 | 6144 |   [2, 2, 6144]   |   [2, 2, 8192]   | [2, 8192, 6144]  | bf16  |      106.66       |      105.98      |      107.53      |        N/A         |
| 8  |  2   | 8192 | 6144 |   [8, 2, 6144]   |   [8, 2, 8192]   | [8, 8192, 6144]  | bf16  |      122.73       |      122.07      |      123.31      |        N/A         |
| 16 |  2   | 8192 | 6144 |  [16, 2, 6144]   |  [16, 2, 8192]   | [16, 8192, 6144] | bf16  |      240.86       |      240.15      |      241.14      |        N/A         |
| 32 |  2   | 8192 | 6144 |  [32, 2, 6144]   |  [32, 2, 8192]   | [32, 8192, 6144] | bf16  |       454.7       |      451.94      |      455.89      |        N/A         |
| 1  |  8   | 8192 | 6144 |   [1, 8, 6144]   |   [1, 8, 8192]   | [1, 8192, 6144]  | bf16  |      108.07       |      107.0       |      109.5       |        N/A         |
| 2  |  8   | 8192 | 6144 |   [2, 8, 6144]   |   [2, 8, 8192]   | [2, 8192, 6144]  | bf16  |      105.46       |      103.85      |      109.1       |        N/A         |
| 8  |  8   | 8192 | 6144 |   [8, 8, 6144]   |   [8, 8, 8192]   | [8, 8192, 6144]  | bf16  |      125.53       |      124.1       |      128.67      |        N/A         |
| 16 |  8   | 8192 | 6144 |  [16, 8, 6144]   |  [16, 8, 8192]   | [16, 8192, 6144] | bf16  |      232.56       |      232.27      |      232.76      |        N/A         |
| 32 |  8   | 8192 | 6144 |  [32, 8, 6144]   |  [32, 8, 8192]   | [32, 8192, 6144] | bf16  |      459.19       |      456.96      |      460.26      |        N/A         |
| 1  |  32  | 8192 | 6144 |  [1, 32, 6144]   |  [1, 32, 8192]   | [1, 8192, 6144]  | bf16  |      108.52       |      107.51      |      108.98      |        N/A         |
| 2  |  32  | 8192 | 6144 |  [2, 32, 6144]   |  [2, 32, 8192]   | [2, 8192, 6144]  | bf16  |      111.52       |      104.63      |      136.88      |        N/A         |
| 8  |  32  | 8192 | 6144 |  [8, 32, 6144]   |  [8, 32, 8192]   | [8, 8192, 6144]  | bf16  |      127.64       |      127.14      |      127.94      |        N/A         |
| 16 |  32  | 8192 | 6144 |  [16, 32, 6144]  |  [16, 32, 8192]  | [16, 8192, 6144] | bf16  |      245.34       |      244.87      |      246.04      |        N/A         |
| 32 |  32  | 8192 | 6144 |  [32, 32, 6144]  |  [32, 32, 8192]  | [32, 8192, 6144] | bf16  |      474.77       |      474.0       |      475.6       |        N/A         |
| 1  | 128  | 8192 | 6144 |  [1, 128, 6144]  |  [1, 128, 8192]  | [1, 8192, 6144]  | bf16  |      105.47       |      104.05      |      107.3       |        N/A         |
| 2  | 128  | 8192 | 6144 |  [2, 128, 6144]  |  [2, 128, 8192]  | [2, 8192, 6144]  | bf16  |      105.34       |      104.85      |      106.08      |        N/A         |
| 8  | 128  | 8192 | 6144 |  [8, 128, 6144]  |  [8, 128, 8192]  | [8, 8192, 6144]  | bf16  |      140.87       |      140.54      |      141.23      |        N/A         |
| 16 | 128  | 8192 | 6144 | [16, 128, 6144]  | [16, 128, 8192]  | [16, 8192, 6144] | bf16  |      273.03       |      272.5       |      273.83      |        N/A         |
| 32 | 128  | 8192 | 6144 | [32, 128, 6144]  | [32, 128, 8192]  | [32, 8192, 6144] | bf16  |      525.21       |      523.98      |      525.91      |        N/A         |
| 1  | 512  | 8192 | 6144 |  [1, 512, 6144]  |  [1, 512, 8192]  | [1, 8192, 6144]  | bf16  |      106.23       |      105.76      |      106.5       |        N/A         |
| 2  | 512  | 8192 | 6144 |  [2, 512, 6144]  |  [2, 512, 8192]  | [2, 8192, 6144]  | bf16  |      106.14       |      105.44      |      106.78      |        N/A         |
| 8  | 512  | 8192 | 6144 |  [8, 512, 6144]  |  [8, 512, 8192]  | [8, 8192, 6144]  | bf16  |      292.99       |      292.08      |      293.93      |        N/A         |
| 16 | 512  | 8192 | 6144 | [16, 512, 6144]  | [16, 512, 8192]  | [16, 8192, 6144] | bf16  |      586.17       |      571.45      |      609.56      |        N/A         |
| 32 | 512  | 8192 | 6144 | [32, 512, 6144]  | [32, 512, 8192]  | [32, 8192, 6144] | bf16  |      1218.71      |     1121.28      |     1282.06      |        N/A         |
| 1  | 1024 | 8192 | 6144 | [1, 1024, 6144]  | [1, 1024, 8192]  | [1, 8192, 6144]  | bf16  |      105.32       |      104.49      |      106.59      |        N/A         |
| 2  | 1024 | 8192 | 6144 | [2, 1024, 6144]  | [2, 1024, 8192]  | [2, 8192, 6144]  | bf16  |      144.71       |      144.47      |      144.91      |        N/A         |
| 8  | 1024 | 8192 | 6144 | [8, 1024, 6144]  | [8, 1024, 8192]  | [8, 8192, 6144]  | bf16  |      581.21       |      547.59      |      619.09      |        N/A         |
| 1  |  1   | 3072 | 8192 |   [1, 1, 8192]   |   [1, 1, 3072]   | [1, 3072, 8192]  | bf16  |      105.45       |      103.82      |      106.3       |        N/A         |
| 2  |  1   | 3072 | 8192 |   [2, 1, 8192]   |   [2, 1, 3072]   | [2, 3072, 8192]  | bf16  |      105.28       |      103.98      |      105.97      |        N/A         |
| 8  |  1   | 3072 | 8192 |   [8, 1, 8192]   |   [8, 1, 3072]   | [8, 3072, 8192]  | bf16  |      106.15       |      105.61      |      106.9       |        N/A         |
| 16 |  1   | 3072 | 8192 |  [16, 1, 8192]   |  [16, 1, 3072]   | [16, 3072, 8192] | bf16  |      124.75       |      124.37      |      125.22      |        N/A         |
| 1  |  2   | 3072 | 8192 |   [1, 2, 8192]   |   [1, 2, 3072]   | [1, 3072, 8192]  | bf16  |      105.16       |      104.07      |      106.24      |        N/A         |
| 2  |  2   | 3072 | 8192 |   [2, 2, 8192]   |   [2, 2, 3072]   | [2, 3072, 8192]  | bf16  |      105.61       |      104.97      |      105.99      |        N/A         |
| 1  |  8   | 3072 | 8192 |   [1, 8, 8192]   |   [1, 8, 3072]   | [1, 3072, 8192]  | bf16  |       106.7       |      105.86      |      109.52      |        N/A         |
| 2  |  8   | 3072 | 8192 |   [2, 8, 8192]   |   [2, 8, 3072]   | [2, 3072, 8192]  | bf16  |      105.83       |      104.99      |      107.22      |        N/A         |
| 1  |  32  | 3072 | 8192 |  [1, 32, 8192]   |  [1, 32, 3072]   | [1, 3072, 8192]  | bf16  |       106.3       |      105.12      |      111.51      |        N/A         |
| 2  |  32  | 3072 | 8192 |  [2, 32, 8192]   |  [2, 32, 3072]   | [2, 3072, 8192]  | bf16  |      105.81       |      104.9       |      106.99      |        N/A         |
| 1  | 128  | 3072 | 8192 |  [1, 128, 8192]  |  [1, 128, 3072]  | [1, 3072, 8192]  | bf16  |      106.17       |      105.6       |      106.75      |        N/A         |
| 1  | 512  | 3072 | 8192 |  [1, 512, 8192]  |  [1, 512, 3072]  | [1, 3072, 8192]  | bf16  |      105.67       |      105.36      |      106.26      |        N/A         |
| 1  |  1   | 4096 | 8192 |   [1, 1, 8192]   |   [1, 1, 4096]   | [1, 4096, 8192]  | bf16  |      107.03       |      106.41      |      108.03      |        N/A         |
| 1  |  2   | 4096 | 8192 |   [1, 2, 8192]   |   [1, 2, 4096]   | [1, 4096, 8192]  | bf16  |      106.95       |      106.32      |      107.49      |        N/A         |
| 1  |  8   | 4096 | 8192 |   [1, 8, 8192]   |   [1, 8, 4096]   | [1, 4096, 8192]  | bf16  |      105.89       |      105.23      |      108.01      |        N/A         |
| 1  |  1   | 3072 | 3072 |   [1, 1, 3072]   |   [1, 1, 3072]   | [1, 3072, 3072]  | fp16  |       107.4       |      106.27      |      108.34      |       254.23       |
| 2  |  1   | 3072 | 3072 |   [2, 1, 3072]   |   [2, 1, 3072]   | [2, 3072, 3072]  | fp16  |      108.06       |      107.21      |      109.55      |       506.46       |
| 1  |  2   | 3072 | 3072 |   [1, 2, 3072]   |   [1, 2, 3072]   | [1, 3072, 3072]  | fp16  |      107.64       |      106.45      |      109.03      |       17.87        |
| 1  |  8   | 3072 | 3072 |   [1, 8, 3072]   |   [1, 8, 3072]   | [1, 3072, 3072]  | fp16  |      105.71       |      104.85      |      106.84      |       33.74        |
| 1  |  32  | 3072 | 3072 |  [1, 32, 3072]   |  [1, 32, 3072]   | [1, 3072, 3072]  | fp16  |      106.79       |      104.69      |      108.47      |       128.98       |
